************** Start Log For Day : '2020-06-06 05:29:01pm'**********
2
DB CONNECTED
PRINTED
************** END Log For Day : '2020-06-06 05:29:01pm'**********
************** Start Log For Day : '2020-06-06 05:35:26pm'**********
2
DB CONNECTED
PRINTED
************** END Log For Day : '2020-06-06 05:35:26pm'**********
************** Start Log For Day : '2020-06-06 05:36:56pm'**********
2
DB CONNECTED
PRINTED
************** END Log For Day : '2020-06-06 05:36:56pm'**********
************** Start Log For Day : '2020-06-06 05:39:15pm'**********
2
DB CONNECTED
PRINTED
************** END Log For Day : '2020-06-06 05:39:15pm'**********
************** Start Log For Day : '2020-06-06 05:40:02pm'**********
2
DB CONNECTED
PRINTED
************** END Log For Day : '2020-06-06 05:40:02pm'**********
************** Start Log For Day : '2020-06-06 05:40:44pm'**********
2
DB CONNECTED
PRINTED
************** END Log For Day : '2020-06-06 05:40:44pm'**********
************** Start Log For Day : '2020-06-06 05:43:27pm'**********
3
DB CONNECTED
PRINTED
************** END Log For Day : '2020-06-06 05:43:27pm'**********
************** Start Log For Day : '2020-06-06 05:44:00pm'**********
3
DB CONNECTED
PRINTED
************** END Log For Day : '2020-06-06 05:44:00pm'**********
************** Start Log For Day : '2020-06-06 05:44:34pm'**********
3
DB CONNECTED
PRINTED
************** END Log For Day : '2020-06-06 05:44:34pm'**********
************** Start Log For Day : '2020-06-06 05:45:54pm'**********
2
DB CONNECTED
PRINTED
************** END Log For Day : '2020-06-06 05:45:54pm'**********
************** Start Log For Day : '2020-06-06 05:45:58pm'**********
2
DB CONNECTED
PRINTED
************** END Log For Day : '2020-06-06 05:45:58pm'**********
************** Start Log For Day : '2020-06-06 09:26:50pm'**********
2
DB CONNECTED
PRINTED
************** END Log For Day : '2020-06-06 09:26:50pm'**********
************** Start Log For Day : '2020-06-06 09:27:30pm'**********
2
DB CONNECTED
PRINTED
************** END Log For Day : '2020-06-06 09:27:30pm'**********
************** Start Log For Day : '2020-06-06 09:28:25pm'**********
2
DB CONNECTED
PRINTED
************** END Log For Day : '2020-06-06 09:28:25pm'**********
************** Start Log For Day : '2020-06-06 09:48:27pm'**********
2
DB CONNECTED
PRINTED
************** END Log For Day : '2020-06-06 09:48:27pm'**********
************** Start Log For Day : '2020-06-06 09:49:58pm'**********
2
DB CONNECTED
PRINTED
************** END Log For Day : '2020-06-06 09:49:58pm'**********
************** Start Log For Day : '2020-06-06 09:59:59pm'**********
2
DB CONNECTED
PRINTED
************** END Log For Day : '2020-06-06 09:59:59pm'**********
************** Start Log For Day : '2020-06-06 10:00:30pm'**********
2
DB CONNECTED
PRINTED
************** END Log For Day : '2020-06-06 10:00:30pm'**********
************** Start Log For Day : '2020-06-06 10:01:04pm'**********
2
DB CONNECTED
PRINTED
************** END Log For Day : '2020-06-06 10:01:04pm'**********
************** Start Log For Day : '2020-06-06 10:01:16pm'**********
2
DB CONNECTED
PRINTED
************** END Log For Day : '2020-06-06 10:01:16pm'**********
************** Start Log For Day : '2020-06-06 10:01:29pm'**********
2
DB CONNECTED
PRINTED
************** END Log For Day : '2020-06-06 10:01:29pm'**********
************** Start Log For Day : '2020-06-06 10:01:49pm'**********
2
DB CONNECTED
PRINTED
************** END Log For Day : '2020-06-06 10:01:49pm'**********
************** Start Log For Day : '2020-06-06 10:03:08pm'**********
2
DB CONNECTED
PRINTED
************** END Log For Day : '2020-06-06 10:03:08pm'**********
************** Start Log For Day : '2020-06-06 10:03:21pm'**********
2
DB CONNECTED
PRINTED
************** END Log For Day : '2020-06-06 10:03:21pm'**********
************** Start Log For Day : '2020-06-06 10:16:45pm'**********
1
DB CONNECTED
PRINTED
************** END Log For Day : '2020-06-06 10:16:45pm'**********
************** Start Log For Day : '2020-06-06 10:23:56pm'**********
1
DB CONNECTED
PRINTED
************** END Log For Day : '2020-06-06 10:23:56pm'**********
************** Start Log For Day : '2020-06-06 10:24:02pm'**********
1
DB CONNECTED
PRINTED
************** END Log For Day : '2020-06-06 10:24:02pm'**********
************** Start Log For Day : '2020-06-06 10:24:09pm'**********
1
DB CONNECTED
PRINTED
************** END Log For Day : '2020-06-06 10:24:09pm'**********
************** Start Log For Day : '2020-06-06 10:24:13pm'**********
1
DB CONNECTED
PRINTED
************** END Log For Day : '2020-06-06 10:24:13pm'**********
************** Start Log For Day : '2020-06-06 10:25:08pm'**********
1
DB CONNECTED
PRINTED
************** END Log For Day : '2020-06-06 10:25:08pm'**********
************** Start Log For Day : '2020-06-06 10:46:06pm'**********
1
DB CONNECTED
PRINTED
************** END Log For Day : '2020-06-06 10:46:06pm'**********
************** Start Log For Day : '2020-06-06 10:46:30pm'**********
1
DB CONNECTED
PRINTED
************** END Log For Day : '2020-06-06 10:46:30pm'**********
************** Start Log For Day : '2020-06-06 10:46:34pm'**********
1
DB CONNECTED
PRINTED
************** END Log For Day : '2020-06-06 10:46:34pm'**********
************** Start Log For Day : '2020-06-06 10:47:25pm'**********
1
DB CONNECTED
PRINTED
************** END Log For Day : '2020-06-06 10:47:25pm'**********
************** Start Log For Day : '2020-06-06 10:48:17pm'**********
1
DB CONNECTED
PRINTED
************** END Log For Day : '2020-06-06 10:48:17pm'**********
************** Start Log For Day : '2020-06-06 10:48:46pm'**********
1
DB CONNECTED
PRINTED
************** END Log For Day : '2020-06-06 10:48:46pm'**********
************** Start Log For Day : '2020-06-06 10:50:21pm'**********
1
DB CONNECTED
PRINTED
************** END Log For Day : '2020-06-06 10:50:21pm'**********
************** Start Log For Day : '2020-06-06 10:52:12pm'**********
1
DB CONNECTED
PRINTED
************** END Log For Day : '2020-06-06 10:52:12pm'**********
************** Start Log For Day : '2020-06-06 10:57:30pm'**********
1
DB CONNECTED
PRINTED
************** END Log For Day : '2020-06-06 10:57:30pm'**********
************** Start Log For Day : '2020-06-06 10:58:10pm'**********
1
DB CONNECTED
PRINTED
************** END Log For Day : '2020-06-06 10:58:10pm'**********
************** Start Log For Day : '2020-06-06 10:58:51pm'**********
1
DB CONNECTED
PRINTED
************** END Log For Day : '2020-06-06 10:58:51pm'**********
************** Start Log For Day : '2020-06-06 10:59:40pm'**********
1
DB CONNECTED
PRINTED
************** END Log For Day : '2020-06-06 10:59:40pm'**********
************** Start Log For Day : '2020-06-06 11:01:33pm'**********
1
DB CONNECTED
PRINTED
************** END Log For Day : '2020-06-06 11:01:33pm'**********
************** Start Log For Day : '2020-06-06 11:02:10pm'**********
1
DB CONNECTED
PRINTED
************** END Log For Day : '2020-06-06 11:02:10pm'**********
************** Start Log For Day : '2020-06-06 11:04:48pm'**********
1
DB CONNECTED
PRINTED
************** END Log For Day : '2020-06-06 11:04:48pm'**********
************** Start Log For Day : '2020-06-06 11:06:38pm'**********
1
DB CONNECTED
PRINTED
************** END Log For Day : '2020-06-06 11:06:38pm'**********
************** Start Log For Day : '2020-06-06 11:19:46pm'**********
1
DB CONNECTED
PRINTED
************** END Log For Day : '2020-06-06 11:19:46pm'**********
************** Start Log For Day : '2020-06-06 11:29:44pm'**********
1
DB CONNECTED
PRINTED
************** END Log For Day : '2020-06-06 11:29:44pm'**********
************** Start Log For Day : '2020-06-06 11:35:08pm'**********
1
DB CONNECTED
PRINTED
************** END Log For Day : '2020-06-06 11:35:08pm'**********
************** Start Log For Day : '2020-06-06 11:35:20pm'**********
1
DB CONNECTED
PRINTED
************** END Log For Day : '2020-06-06 11:35:20pm'**********
************** Start Log For Day : '2020-06-06 11:37:17pm'**********
1
DB CONNECTED
PRINTED
************** END Log For Day : '2020-06-06 11:37:17pm'**********
