************** Start Log For Day : '2020-06-07 01:56:53pm'**********
DB CONNECTED
1
1
Pic '1' 
Pic '2' 
PRINTED:
************** END Log For Day : '2020-06-07 01:56:53pm'**********
************** Start Log For Day : '2020-06-07 01:57:25pm'**********
DB CONNECTED
1
1
Pic '1' 
Pic '2' 
PRINTED:
************** END Log For Day : '2020-06-07 01:57:25pm'**********
************** Start Log For Day : '2020-06-07 01:57:33pm'**********
DB CONNECTED
1
1
Pic '1' 
Pic '2' 
PRINTED:
************** END Log For Day : '2020-06-07 01:57:33pm'**********
