************** Start Log For Day : '2020-06-07 12:28:00am'**********
1
DB CONNECTED
PRINTED
************** END Log For Day : '2020-06-07 12:28:00am'**********
************** Start Log For Day : '2020-06-07 12:39:48am'**********
1
DB CONNECTED
PRINTED
************** END Log For Day : '2020-06-07 12:39:48am'**********
************** Start Log For Day : '2020-06-07 01:55:34pm'**********
1
DB CONNECTED
PRINTED
************** END Log For Day : '2020-06-07 01:55:34pm'**********
************** Start Log For Day : '2020-06-07 01:56:47pm'**********
1
DB CONNECTED
PRINTED
************** END Log For Day : '2020-06-07 01:56:47pm'**********
************** Start Log For Day : '2020-06-07 01:57:31pm'**********
1
DB CONNECTED
PRINTED
************** END Log For Day : '2020-06-07 01:57:31pm'**********
************** Start Log For Day : '2020-06-07 01:57:35pm'**********
1
DB CONNECTED
PRINTED
************** END Log For Day : '2020-06-07 01:57:35pm'**********
************** Start Log For Day : '2020-06-07 01:59:15pm'**********
1
DB CONNECTED
PRINTED
************** END Log For Day : '2020-06-07 01:59:15pm'**********
************** Start Log For Day : '2020-06-07 02:01:11pm'**********
1
DB CONNECTED
PRINTED
************** END Log For Day : '2020-06-07 02:01:11pm'**********
************** Start Log For Day : '2020-06-07 02:01:15pm'**********
1
DB CONNECTED
PRINTED
************** END Log For Day : '2020-06-07 02:01:15pm'**********
************** Start Log For Day : '2020-06-07 02:01:19pm'**********
1
DB CONNECTED
PRINTED
************** END Log For Day : '2020-06-07 02:01:19pm'**********
************** Start Log For Day : '2020-06-07 02:01:44pm'**********
1
DB CONNECTED
PRINTED
************** END Log For Day : '2020-06-07 02:01:44pm'**********
************** Start Log For Day : '2020-06-07 02:28:03pm'**********
2
DB CONNECTED
PRINTED
************** END Log For Day : '2020-06-07 02:28:03pm'**********
************** Start Log For Day : '2020-06-07 02:28:16pm'**********
1
DB CONNECTED
PRINTED
************** END Log For Day : '2020-06-07 02:28:16pm'**********
************** Start Log For Day : '2020-06-07 02:28:19pm'**********
1
DB CONNECTED
PRINTED
************** END Log For Day : '2020-06-07 02:28:19pm'**********
