************** Start Log For Day : '2020-06-06 05:29:01pm'**********
DB CONNECTED
7
2
Pic '1' 
PRINTED:
************** END Log For Day : '2020-06-06 05:29:01pm'**********
************** Start Log For Day : '2020-06-06 05:35:26pm'**********
DB CONNECTED
7
2
Pic '1' 
PRINTED:
************** END Log For Day : '2020-06-06 05:35:26pm'**********
************** Start Log For Day : '2020-06-06 05:36:56pm'**********
DB CONNECTED
7
2
Pic '1' 
PRINTED:
************** END Log For Day : '2020-06-06 05:36:56pm'**********
************** Start Log For Day : '2020-06-06 05:39:15pm'**********
DB CONNECTED
7
2
Pic '1' 
PRINTED:
************** END Log For Day : '2020-06-06 05:39:15pm'**********
************** Start Log For Day : '2020-06-06 05:40:02pm'**********
DB CONNECTED
7
2
Pic '1' 
PRINTED:
************** END Log For Day : '2020-06-06 05:40:02pm'**********
************** Start Log For Day : '2020-06-06 05:40:45pm'**********
DB CONNECTED
7
2
Pic '1' 
PRINTED:
************** END Log For Day : '2020-06-06 05:40:45pm'**********
************** Start Log For Day : '2020-06-06 05:44:01pm'**********
DB CONNECTED
1
3
Pic '1' 
PRINTED:
************** END Log For Day : '2020-06-06 05:44:01pm'**********
************** Start Log For Day : '2020-06-06 05:44:34pm'**********
DB CONNECTED
1
3
Pic '1' 
PRINTED:
************** END Log For Day : '2020-06-06 05:44:34pm'**********
************** Start Log For Day : '2020-06-06 05:45:54pm'**********
DB CONNECTED
7
2
Pic '1' 
PRINTED:
************** END Log For Day : '2020-06-06 05:45:54pm'**********
************** Start Log For Day : '2020-06-06 05:45:58pm'**********
DB CONNECTED
7
2
Pic '1' 
PRINTED:
************** END Log For Day : '2020-06-06 05:45:58pm'**********
************** Start Log For Day : '2020-06-06 09:26:50pm'**********
DB CONNECTED
7
2
Pic '1' 
PRINTED:
************** END Log For Day : '2020-06-06 09:26:50pm'**********
************** Start Log For Day : '2020-06-06 09:27:30pm'**********
DB CONNECTED
7
2
Pic '1' 
PRINTED:
************** END Log For Day : '2020-06-06 09:27:30pm'**********
************** Start Log For Day : '2020-06-06 09:28:25pm'**********
DB CONNECTED
7
2
Pic '1' 
PRINTED:
************** END Log For Day : '2020-06-06 09:28:25pm'**********
************** Start Log For Day : '2020-06-06 09:48:27pm'**********
DB CONNECTED
7
2
Pic '1' 
PRINTED:
************** END Log For Day : '2020-06-06 09:48:27pm'**********
************** Start Log For Day : '2020-06-06 09:48:30pm'**********
DB CONNECTED
7

PRINTED:
************** END Log For Day : '2020-06-06 09:48:30pm'**********
************** Start Log For Day : '2020-06-06 09:49:59pm'**********
DB CONNECTED
7
2
Pic '1' 
PRINTED:
************** END Log For Day : '2020-06-06 09:49:59pm'**********
************** Start Log For Day : '2020-06-06 09:50:02pm'**********
DB CONNECTED
7
2
Pic '1' 
PRINTED:
************** END Log For Day : '2020-06-06 09:50:02pm'**********
************** Start Log For Day : '2020-06-06 09:50:18pm'**********
DB CONNECTED
7
2
Pic '1' 
PRINTED:
************** END Log For Day : '2020-06-06 09:50:18pm'**********
************** Start Log For Day : '2020-06-06 09:59:59pm'**********
DB CONNECTED
7
2
Pic '1' 
PRINTED:
************** END Log For Day : '2020-06-06 09:59:59pm'**********
************** Start Log For Day : '2020-06-06 10:00:01pm'**********
DB CONNECTED
8
2
Pic '1' 
PRINTED:
************** END Log For Day : '2020-06-06 10:00:01pm'**********
************** Start Log For Day : '2020-06-06 10:00:06pm'**********
DB CONNECTED
8
2
Pic '1' 
Pic '2' 
Pic '3' 
PRINTED:
************** END Log For Day : '2020-06-06 10:00:06pm'**********
************** Start Log For Day : '2020-06-06 10:00:30pm'**********
DB CONNECTED
7
2
Pic '1' 
PRINTED:
************** END Log For Day : '2020-06-06 10:00:30pm'**********
************** Start Log For Day : '2020-06-06 10:00:32pm'**********
DB CONNECTED
8
2
Pic '1' 
PRINTED:
************** END Log For Day : '2020-06-06 10:00:32pm'**********
************** Start Log For Day : '2020-06-06 10:00:37pm'**********
DB CONNECTED
8
2
Pic '1' 
Pic '2' 
Pic '3' 
PRINTED:
************** END Log For Day : '2020-06-06 10:00:37pm'**********
************** Start Log For Day : '2020-06-06 10:00:57pm'**********
DB CONNECTED
8
2
Pic '1' 
Pic '2' 
Pic '3' 
************** Start Log For Day : '2020-06-06 10:00:58pm'**********
DB CONNECTED
8
2
Pic '1' 
Pic '2' 
Pic '3' 
PRINTED:
************** END Log For Day : '2020-06-06 10:00:57pm'**********
PRINTED:
************** END Log For Day : '2020-06-06 10:00:58pm'**********
************** Start Log For Day : '2020-06-06 10:01:04pm'**********
DB CONNECTED
7
2
Pic '1' 
PRINTED:
************** END Log For Day : '2020-06-06 10:01:04pm'**********
************** Start Log For Day : '2020-06-06 10:01:05pm'**********
DB CONNECTED
8
2
Pic '1' 
PRINTED:
************** END Log For Day : '2020-06-06 10:01:05pm'**********
************** Start Log For Day : '2020-06-06 10:01:09pm'**********
DB CONNECTED
8
2
Pic '1' 
Pic '2' 
Pic '3' 
PRINTED:
************** END Log For Day : '2020-06-06 10:01:09pm'**********
************** Start Log For Day : '2020-06-06 10:01:16pm'**********
DB CONNECTED
7
2
Pic '1' 
PRINTED:
************** END Log For Day : '2020-06-06 10:01:16pm'**********
************** Start Log For Day : '2020-06-06 10:01:18pm'**********
DB CONNECTED
8
2
Pic '1' 
PRINTED:
************** END Log For Day : '2020-06-06 10:01:18pm'**********
************** Start Log For Day : '2020-06-06 10:01:29pm'**********
DB CONNECTED
7
2
Pic '1' 
PRINTED:
************** END Log For Day : '2020-06-06 10:01:29pm'**********
************** Start Log For Day : '2020-06-06 10:01:31pm'**********
DB CONNECTED
8
2
Pic '1' 
PRINTED:
************** END Log For Day : '2020-06-06 10:01:31pm'**********
************** Start Log For Day : '2020-06-06 10:01:34pm'**********
DB CONNECTED
7
2
Pic '1' 
PRINTED:
************** END Log For Day : '2020-06-06 10:01:34pm'**********
************** Start Log For Day : '2020-06-06 10:01:40pm'**********
DB CONNECTED
8
2
Pic '1' 
Pic '2' 
Pic '3' 
PRINTED:
************** END Log For Day : '2020-06-06 10:01:40pm'**********
************** Start Log For Day : '2020-06-06 10:01:49pm'**********
DB CONNECTED
7
2
Pic '1' 
PRINTED:
************** END Log For Day : '2020-06-06 10:01:49pm'**********
************** Start Log For Day : '2020-06-06 10:01:51pm'**********
DB CONNECTED
8
2
Pic '1' 
PRINTED:
************** END Log For Day : '2020-06-06 10:01:51pm'**********
************** Start Log For Day : '2020-06-06 10:03:08pm'**********
DB CONNECTED
7
2
Pic '1' 
PRINTED:
************** END Log For Day : '2020-06-06 10:03:08pm'**********
************** Start Log For Day : '2020-06-06 10:03:10pm'**********
DB CONNECTED
8
2
Pic '1' 
PRINTED:
************** END Log For Day : '2020-06-06 10:03:10pm'**********
************** Start Log For Day : '2020-06-06 10:03:14pm'**********
DB CONNECTED
8
2
Pic '1' 
Pic '2' 
Pic '3' 
PRINTED:
************** END Log For Day : '2020-06-06 10:03:14pm'**********
************** Start Log For Day : '2020-06-06 10:03:21pm'**********
DB CONNECTED
7
2
Pic '1' 
PRINTED:
************** END Log For Day : '2020-06-06 10:03:21pm'**********
************** Start Log For Day : '2020-06-06 10:03:33pm'**********
DB CONNECTED
7
2
Pic '1' 
PRINTED:
************** END Log For Day : '2020-06-06 10:03:33pm'**********
************** Start Log For Day : '2020-06-06 10:23:56pm'**********
DB CONNECTED
1
1
PRINTED:
************** END Log For Day : '2020-06-06 10:23:56pm'**********
************** Start Log For Day : '2020-06-06 10:23:56pm'**********
DB CONNECTED
2
1
PRINTED:
************** END Log For Day : '2020-06-06 10:23:56pm'**********
************** Start Log For Day : '2020-06-06 10:23:56pm'**********
DB CONNECTED
3
1
PRINTED:
************** END Log For Day : '2020-06-06 10:23:56pm'**********
************** Start Log For Day : '2020-06-06 10:24:00pm'**********
DB CONNECTED
1
1
PRINTED:
************** END Log For Day : '2020-06-06 10:24:00pm'**********
************** Start Log For Day : '2020-06-06 10:24:02pm'**********
DB CONNECTED
2
1
PRINTED:
************** END Log For Day : '2020-06-06 10:24:02pm'**********
************** Start Log For Day : '2020-06-06 10:24:02pm'**********
DB CONNECTED
3
1
PRINTED:
************** END Log For Day : '2020-06-06 10:24:02pm'**********
************** Start Log For Day : '2020-06-06 10:24:09pm'**********
DB CONNECTED
2
1
PRINTED:
************** END Log For Day : '2020-06-06 10:24:09pm'**********
************** Start Log For Day : '2020-06-06 10:24:10pm'**********
DB CONNECTED
3
1
PRINTED:
************** END Log For Day : '2020-06-06 10:24:10pm'**********
************** Start Log For Day : '2020-06-06 10:24:11pm'**********
DB CONNECTED
3
1
PRINTED:
************** END Log For Day : '2020-06-06 10:24:11pm'**********
************** Start Log For Day : '2020-06-06 10:24:13pm'**********
DB CONNECTED
2
1
PRINTED:
************** END Log For Day : '2020-06-06 10:24:13pm'**********
************** Start Log For Day : '2020-06-06 10:25:08pm'**********
DB CONNECTED
2
1
PRINTED:
************** END Log For Day : '2020-06-06 10:25:08pm'**********
************** Start Log For Day : '2020-06-06 10:25:08pm'**********
DB CONNECTED
4
1
Pic '1' 
PRINTED:
************** END Log For Day : '2020-06-06 10:25:08pm'**********
************** Start Log For Day : '2020-06-06 10:25:11pm'**********
DB CONNECTED
4
1
Pic '1' 
PRINTED:
************** END Log For Day : '2020-06-06 10:25:11pm'**********
************** Start Log For Day : '2020-06-06 10:46:28pm'**********
DB CONNECTED
2
1
PRINTED:
************** END Log For Day : '2020-06-06 10:46:28pm'**********
************** Start Log For Day : '2020-06-06 11:04:59pm'**********
DB CONNECTED
4
1
Pic '1' 
PRINTED:
************** END Log For Day : '2020-06-06 11:04:59pm'**********
************** Start Log For Day : '2020-06-06 11:06:40pm'**********
DB CONNECTED
4
1
Pic '1' 
PRINTED:
************** END Log For Day : '2020-06-06 11:06:40pm'**********
************** Start Log For Day : '2020-06-06 11:19:48pm'**********
DB CONNECTED
5
1
Pic '1' 
PRINTED:
************** END Log For Day : '2020-06-06 11:19:48pm'**********
