************** Start Log For Day : '2020-06-07 12:28:00am'**********
DB CONNECTED
4
1
Pic '1' 
PRINTED
************** END Log For Day : '2020-06-07 12:28:00am'**********
************** Start Log For Day : '2020-06-07 12:28:00am'**********
DB CONNECTED
5
1
Pic '1' 
PRINTED
************** END Log For Day : '2020-06-07 12:28:00am'**********
************** Start Log For Day : '2020-06-07 12:39:48am'**********
DB CONNECTED
4
1
Pic '1' 
PRINTED
************** END Log For Day : '2020-06-07 12:39:48am'**********
************** Start Log For Day : '2020-06-07 12:39:48am'**********
DB CONNECTED
5
1
Pic '1' 
PRINTED
************** END Log For Day : '2020-06-07 12:39:48am'**********
************** Start Log For Day : '2020-06-07 01:56:47pm'**********
DB CONNECTED
1
1
Pic '1' 
PRINTED
************** END Log For Day : '2020-06-07 01:56:47pm'**********
************** Start Log For Day : '2020-06-07 01:57:31pm'**********
DB CONNECTED
1
1
Pic '1' 
PRINTED
************** END Log For Day : '2020-06-07 01:57:31pm'**********
