************** Start Log For Day : '2020-06-06 11:06:38pm'**********
DB CONNECTED
4
1
Pic '1' 
PRINTED
************** END Log For Day : '2020-06-06 11:06:38pm'**********
************** Start Log For Day : '2020-06-06 11:19:46pm'**********
DB CONNECTED
4
1
Pic '1' 
PRINTED
************** END Log For Day : '2020-06-06 11:19:46pm'**********
************** Start Log For Day : '2020-06-06 11:19:46pm'**********
DB CONNECTED
5
1
Pic '1' 
PRINTED
************** END Log For Day : '2020-06-06 11:19:46pm'**********
************** Start Log For Day : '2020-06-06 11:29:44pm'**********
DB CONNECTED
4
1
Pic '1' 
PRINTED
************** END Log For Day : '2020-06-06 11:29:44pm'**********
************** Start Log For Day : '2020-06-06 11:29:44pm'**********
DB CONNECTED
5
1
Pic '1' 
PRINTED
************** END Log For Day : '2020-06-06 11:29:44pm'**********
************** Start Log For Day : '2020-06-06 11:35:08pm'**********
DB CONNECTED
4
1
Pic '1' 
PRINTED
************** END Log For Day : '2020-06-06 11:35:08pm'**********
************** Start Log For Day : '2020-06-06 11:35:08pm'**********
DB CONNECTED
5
1
Pic '1' 
PRINTED
************** END Log For Day : '2020-06-06 11:35:08pm'**********
************** Start Log For Day : '2020-06-06 11:35:20pm'**********
DB CONNECTED
4
1
Pic '1' 
PRINTED
************** END Log For Day : '2020-06-06 11:35:20pm'**********
************** Start Log For Day : '2020-06-06 11:35:20pm'**********
DB CONNECTED
5
1
Pic '1' 
PRINTED
************** END Log For Day : '2020-06-06 11:35:20pm'**********
************** Start Log For Day : '2020-06-06 11:37:18pm'**********
DB CONNECTED
4
1
Pic '1' 
PRINTED
************** END Log For Day : '2020-06-06 11:37:18pm'**********
************** Start Log For Day : '2020-06-06 11:37:18pm'**********
DB CONNECTED
5
1
Pic '1' 
PRINTED
************** END Log For Day : '2020-06-06 11:37:18pm'**********
