************** Start Log For Day : '2020-06-06 05:43:53pm'**********
DB CONNECTED
[{"ID":"1"}]
PRINTED
************** END Log For Day : '2020-06-06 05:43:53pm'**********
************** Start Log For Day : '2020-06-06 09:59:50pm'**********
DB CONNECTED
[{"ID":"8"}]
PRINTED
************** END Log For Day : '2020-06-06 09:59:50pm'**********
************** Start Log For Day : '2020-06-06 10:17:20pm'**********
DB CONNECTED
[{"ID":"1"}]
PRINTED
************** END Log For Day : '2020-06-06 10:17:20pm'**********
************** Start Log For Day : '2020-06-06 10:19:44pm'**********
DB CONNECTED
[{"ID":"2"}]
PRINTED
************** END Log For Day : '2020-06-06 10:19:44pm'**********
************** Start Log For Day : '2020-06-06 10:21:40pm'**********
DB CONNECTED
[{"ID":"3"}]
PRINTED
************** END Log For Day : '2020-06-06 10:21:40pm'**********
************** Start Log For Day : '2020-06-06 10:24:59pm'**********
DB CONNECTED
[{"ID":"4"}]
PRINTED
************** END Log For Day : '2020-06-06 10:24:59pm'**********
************** Start Log For Day : '2020-06-06 11:19:27pm'**********
DB CONNECTED
[{"ID":"5"}]
PRINTED
************** END Log For Day : '2020-06-06 11:19:27pm'**********
