************** Start Log For Day : '2020-06-07 01:56:53pm'**********
DB CONNECTED
1
1
PRINTED
[{"ID":"1","docType":"2","expDate":"23\/10\/2020","titolare":"polizza auto","remember":"1"}]
************** END Log For Day : '2020-06-07 01:56:53pm'**********
************** Start Log For Day : '2020-06-07 01:57:25pm'**********
DB CONNECTED
1
1
PRINTED
[{"ID":"1","docType":"2","expDate":"23\/10\/2020","titolare":"polizza auto","remember":"1"}]
************** END Log For Day : '2020-06-07 01:57:25pm'**********
************** Start Log For Day : '2020-06-07 01:57:33pm'**********
DB CONNECTED
1
1
PRINTED
[{"ID":"1","docType":"2","expDate":"23\/10\/2020","titolare":"polizza auto","remember":"1"}]
************** END Log For Day : '2020-06-07 01:57:33pm'**********
