************** Start Log For Day : '2020-06-07 12:27:57am'**********
DB CONNECTED

PRINTED
[{"ID":"1"}]
************** END Log For Day : '2020-06-07 12:27:57am'**********
************** Start Log For Day : '2020-06-07 01:55:31pm'**********
DB CONNECTED

PRINTED
[{"ID":"1"}]
************** END Log For Day : '2020-06-07 01:55:31pm'**********
************** Start Log For Day : '2020-06-07 02:27:01pm'**********
DB CONNECTED

PRINTED

************** END Log For Day : '2020-06-07 02:27:01pm'**********
************** Start Log For Day : '2020-06-07 02:27:58pm'**********
DB CONNECTED

PRINTED
[{"ID":"2"}]
************** END Log For Day : '2020-06-07 02:27:58pm'**********
************** Start Log For Day : '2020-06-07 02:28:14pm'**********
DB CONNECTED

PRINTED
[{"ID":"1"}]
************** END Log For Day : '2020-06-07 02:28:14pm'**********
