************** Start Log For Day : '2020-06-06 05:43:16pm'**********
DB CONNECTED

PRINTED
[{"ID":"3"}]
************** END Log For Day : '2020-06-06 05:43:16pm'**********
************** Start Log For Day : '2020-06-06 05:44:59pm'**********
DB CONNECTED

PRINTED
[{"ID":"3"}]
************** END Log For Day : '2020-06-06 05:44:59pm'**********
************** Start Log For Day : '2020-06-06 10:16:41pm'**********
DB CONNECTED

PRINTED
[{"ID":"1"}]
************** END Log For Day : '2020-06-06 10:16:41pm'**********
************** Start Log For Day : '2020-06-06 11:29:41pm'**********
DB CONNECTED

PRINTED
[{"ID":"1"}]
************** END Log For Day : '2020-06-06 11:29:41pm'**********
************** Start Log For Day : '2020-06-06 11:34:58pm'**********
DB CONNECTED

PRINTED

************** END Log For Day : '2020-06-06 11:34:58pm'**********
************** Start Log For Day : '2020-06-06 11:35:02pm'**********
DB CONNECTED

PRINTED
[{"ID":"1"}]
************** END Log For Day : '2020-06-06 11:35:02pm'**********
