************** Start Log For Day : '2020-06-11 01:52:55pm'**********
DB CONNECTED

PRINTED
[{"ID":"1"}]
************** END Log For Day : '2020-06-11 01:52:55pm'**********
************** Start Log For Day : '2020-06-11 02:03:33pm'**********
DB CONNECTED

PRINTED
[{"ID":"1"}]
************** END Log For Day : '2020-06-11 02:03:33pm'**********
************** Start Log For Day : '2020-06-11 02:07:10pm'**********
DB CONNECTED

PRINTED
[{"ID":"3"}]
************** END Log For Day : '2020-06-11 02:07:10pm'**********
************** Start Log For Day : '2020-06-11 02:08:08pm'**********
DB CONNECTED

PRINTED
[{"ID":"4"}]
************** END Log For Day : '2020-06-11 02:08:08pm'**********
