************** Start Log For Day : '2020-06-11 02:09:32pm'**********
DB CONNECTED
POSTED DATA:
1
READY FOR QUERY
************** END Log For Day : '2020-06-11 02:09:32pm'**********
************** Start Log For Day : '2020-06-11 02:09:37pm'**********
DB CONNECTED
POSTED DATA:
1
READY FOR QUERY
************** END Log For Day : '2020-06-11 02:09:37pm'**********
************** Start Log For Day : '2020-06-11 02:13:21pm'**********
DB CONNECTED
POSTED DATA:
2
READY FOR QUERY
************** END Log For Day : '2020-06-11 02:13:21pm'**********
************** Start Log For Day : '2020-06-11 02:13:25pm'**********
DB CONNECTED
POSTED DATA:
2
READY FOR QUERY
************** END Log For Day : '2020-06-11 02:13:25pm'**********
