************** Start Log For Day : '2020-06-06 05:20:07pm'**********
DB CONNECTED
POSTED DATA:
7
READY FOR QUERY
************** END Log For Day : '2020-06-06 05:20:07pm'**********
************** Start Log For Day : '2020-06-06 05:43:56pm'**********
DB CONNECTED
POSTED DATA:
1
READY FOR QUERY
************** END Log For Day : '2020-06-06 05:43:56pm'**********
************** Start Log For Day : '2020-06-06 09:59:52pm'**********
DB CONNECTED
POSTED DATA:
8
READY FOR QUERY
************** END Log For Day : '2020-06-06 09:59:52pm'**********
************** Start Log For Day : '2020-06-06 09:59:54pm'**********
DB CONNECTED
POSTED DATA:
8
READY FOR QUERY
************** END Log For Day : '2020-06-06 09:59:54pm'**********
************** Start Log For Day : '2020-06-06 09:59:56pm'**********
DB CONNECTED
POSTED DATA:
8
READY FOR QUERY
************** END Log For Day : '2020-06-06 09:59:56pm'**********
************** Start Log For Day : '2020-06-06 10:17:39pm'**********
DB CONNECTED
POSTED DATA:

************** Start Log For Day : '2020-06-06 10:20:12pm'**********
DB CONNECTED
POSTED DATA:

************** Start Log For Day : '2020-06-06 10:25:03pm'**********
DB CONNECTED
POSTED DATA:
4
READY FOR QUERY
************** END Log For Day : '2020-06-06 10:25:03pm'**********
************** Start Log For Day : '2020-06-06 11:19:34pm'**********
DB CONNECTED
POSTED DATA:
5
READY FOR QUERY
************** END Log For Day : '2020-06-06 11:19:34pm'**********
