************** Start Log For Day : '2020-06-01 05:26:19pm'**********
DB CONNECTED
POSTED DATA:
47
READY FOR QUERY
************** END Log For Day : '2020-06-01 05:26:19pm'**********
************** Start Log For Day : '2020-06-01 05:26:26pm'**********
DB CONNECTED
POSTED DATA:
47
READY FOR QUERY
************** END Log For Day : '2020-06-01 05:26:26pm'**********
************** Start Log For Day : '2020-06-01 06:39:55pm'**********
DB CONNECTED
POSTED DATA:
49
READY FOR QUERY
************** END Log For Day : '2020-06-01 06:39:55pm'**********
************** Start Log For Day : '2020-06-01 06:45:40pm'**********
DB CONNECTED
POSTED DATA:
50
READY FOR QUERY
************** END Log For Day : '2020-06-01 06:45:40pm'**********
************** Start Log For Day : '2020-06-01 11:39:35pm'**********
DB CONNECTED
POSTED DATA:
51
READY FOR QUERY
************** END Log For Day : '2020-06-01 11:39:35pm'**********
