************** Start Log For Day : '2020-06-06 04:22:21pm'**********
DB CONNECT
POSTED DATA:
0
21/6/2020
davide
0
2
READY FOR QUERY
EXECUTE
************** END Log For Day : '2020-06-06 04:22:21pm'**********
************** Start Log For Day : '2020-06-06 05:02:50pm'**********
DB CONNECT
POSTED DATA:
0
28/6/2020
test
1
2
READY FOR QUERY
EXECUTE
************** END Log For Day : '2020-06-06 05:02:50pm'**********
************** Start Log For Day : '2020-06-06 05:11:51pm'**********
DB CONNECT
POSTED DATA:
0
NOEXP
tssh
0
2
READY FOR QUERY
EXECUTE
************** END Log For Day : '2020-06-06 05:11:51pm'**********
************** Start Log For Day : '2020-06-06 05:12:26pm'**********
DB CONNECT
POSTED DATA:
0
NOEXP
test
0
2
READY FOR QUERY
EXECUTE
************** END Log For Day : '2020-06-06 05:12:26pm'**********
************** Start Log For Day : '2020-06-06 05:16:48pm'**********
DB CONNECT
POSTED DATA:
0
NOEXP
disnxir
0
2
READY FOR QUERY
EXECUTE
************** END Log For Day : '2020-06-06 05:16:48pm'**********
************** Start Log For Day : '2020-06-06 05:18:06pm'**********
DB CONNECT
POSTED DATA:
0
NOEXP
test
0
2
READY FOR QUERY
EXECUTE
************** END Log For Day : '2020-06-06 05:18:06pm'**********
************** Start Log For Day : '2020-06-06 05:19:18pm'**********
DB CONNECT
POSTED DATA:
0
NOEXP
jssi
0
2
READY FOR QUERY
EXECUTE
************** END Log For Day : '2020-06-06 05:19:18pm'**********
************** Start Log For Day : '2020-06-06 05:43:52pm'**********
DB CONNECT
POSTED DATA:
0
NOEXP
Test
0
3
READY FOR QUERY
EXECUTE
************** END Log For Day : '2020-06-06 05:43:52pm'**********
************** Start Log For Day : '2020-06-06 09:59:50pm'**********
DB CONNECT
POSTED DATA:
6
27/6/2020
test
1
2
READY FOR QUERY
EXECUTE
************** END Log For Day : '2020-06-06 09:59:50pm'**********
************** Start Log For Day : '2020-06-06 10:17:20pm'**********
DB CONNECT
POSTED DATA:
5
NOEXP
test
0
1
READY FOR QUERY
EXECUTE
************** END Log For Day : '2020-06-06 10:17:20pm'**********
************** Start Log For Day : '2020-06-06 10:19:44pm'**********
DB CONNECT
POSTED DATA:
5
NOEXP
test
0
1
READY FOR QUERY
EXECUTE
************** END Log For Day : '2020-06-06 10:19:44pm'**********
************** Start Log For Day : '2020-06-06 10:21:40pm'**********
DB CONNECT
POSTED DATA:
0
25/6/2020
test
0
1
READY FOR QUERY
EXECUTE
************** END Log For Day : '2020-06-06 10:21:40pm'**********
************** Start Log For Day : '2020-06-06 10:24:59pm'**********
DB CONNECT
POSTED DATA:
0
25/6/2020
test
0
1
READY FOR QUERY
EXECUTE
************** END Log For Day : '2020-06-06 10:24:59pm'**********
************** Start Log For Day : '2020-06-06 11:19:27pm'**********
DB CONNECT
POSTED DATA:
0
24/6/2020
tets
0
1
READY FOR QUERY
EXECUTE
************** END Log For Day : '2020-06-06 11:19:27pm'**********
