************** Start Log For Day : '2020-06-01 06:37:03pm'**********
DB CONNECT
POSTED DATA:
0
18/6/2020
dade
0
READY FOR QUERY
EXECUTE
************** END Log For Day : '2020-06-01 06:37:03pm'**********
************** Start Log For Day : '2020-06-01 06:38:55pm'**********
DB CONNECT
POSTED DATA:
0
NOEXP
dadi
0
READY FOR QUERY
EXECUTE
************** END Log For Day : '2020-06-01 06:38:55pm'**********
************** Start Log For Day : '2020-06-01 06:45:38pm'**********
DB CONNECT
POSTED DATA:
0
NOEXP
davide
0
READY FOR QUERY
EXECUTE
************** END Log For Day : '2020-06-01 06:45:38pm'**********
************** Start Log For Day : '2020-06-01 11:39:33pm'**********
DB CONNECT
POSTED DATA:
0
8/8/2020
test
1
READY FOR QUERY
EXECUTE
************** END Log For Day : '2020-06-01 11:39:33pm'**********
