************** Start Log For Day : '2020-06-05 11:57:15pm'**********
DB CONNECT
POSTED DATA:
Marhe
Vdr
iVBORw0KGgoAAAANSUhEUgAAAJYAAACWCAYAAAA8AXHiAAAABHNCSVQICAgIfAhkiAAAIABJREFU
eJzkvX2sb+lV3/dZaz3Ps/fvd+6dO2MP2AYMpAiFyKYkRG1Nw5sBAyGguGk7gcSEtkoDhIbSSrRR
1aBJpUpIRCEJQaTpC7S8hBipSt2K/kEjTEJEVdQWCmpTEYVUAqc0Bnvm3nvOb+/nWWv1j2efMwym
cWzfmYF0S0dz5p7fOee391l7vXxf1hb+f3z87M/+7JWt9pbTUt5KkbdWW36XiD6dwWlIrlXslHBS
kbUI9x0BkYcRcXHkRogb8big3HiMD4rK/4HHz2/b+PlzPf/cm9/85pvX+hxfq0Ne6zfwah0/+ZM/
eb8UPq+08jlWyu8pxd5qZp9SrKK1EFVYrSHFsDScxBBEBDIpAiEKImQmEUFmIgQ9wSQhEnc/PgYR
8feT/LnYx88R20+pbn/7Mz7jcx++1tfi1Tj+qQ2sH/uxdz+IOL291PL563L6Akw+S2q11Sqtragl
1QpmhTSFalhptFIxM0Y4FUVEEEB0fj6DCYb73e+KCFQSPBhj4O6MhBE74oMxBukwfPfe/Wek9781
/OYnPviQ977jHe944TW7SK/g8U9NYL373e9+XbP9i7Dl863aF1Qtn6kW0trK0k5oU4otSKm01liL
YSKIgWjFS6HWynk5I0UAJY9MBZAqdxks3Em4y1xkogq9d6LPQBoJe3ZsOBEz4HrvMIJ052ZcEyNz
267/Nw35W5tvP+Hef/zLv/y5X3str+OTOn7bB9YP/uAPPmOyf80q7V2x5OcsZSGKsthCbYaZsSwL
1ipWV4qtWBEWU4pBKYVUAzVqW1mXhdrW+cPTMbP5KWCiJAlAH4NMQSXJnB/9coPHIEawRRI5EHdG
d3oMYgxiH0QEl3FButN7ZxsbMTZyz58aMb6/c/7hr/zKr/zAa3RJn8jx2zKw3v3u59vDh09/1arn
d2UpX9FUWmsrWgytSmsF04VaK9oKrVRaW9BWUasUMxZTWiloEdIKZkYp83tO6xWGAPEbfrO+7N8c
wUiSpIfj+0YfO6Mnmw+O+kc/yqPHzGbed/rYSId9G/S4kPtg9I29O9L77qE/mrF//3Wu/91zzz23
v5rX90kcv60C63uff37dn33wr0vxb212+h1ajLqcUUuaNaxWSlXqUijWqM2QstLaQitG1MJiC2ZG
FWi1IE2x0iilIlY5tYXVlg+5MMmHXqyZu14KtM03fO9cxmzgwzt5+3kEw/ssl6PjYwbZvu+MsZMj
2fbHuDuyJx473QfR/e975nf8oxfHf/71X//1/RW9wE/w+G0RWN/+7f/+g1N55hu1+rc0u3qDFqHW
hbUIWU+04/+lKlqEVhbqMhvxuqyI2cxYxRCrNCuYKqUopVW0LbRS0VIpapy1fsQXJgmS5NIv7N0Z
YyB+NPJjMEbg3ukxZhbrGz52enfGdqFH4v2GGMnoQfrG7gMZQe8dx38pnD93yRf+sz/2x7718Sty
oZ/g8Vs6sJ5//t953b2yfmtW+8a63HtwUkWK0Op9tCjVlFJXSgkoldpWSjNKKVhdWVullpXalFoa
0gqmFUxpUrEilFrRpbK2haUsmOhs0j+K95sETrL3mYVmIz8DKkayj40eTg5nHK8Zu7OPDR8D34//
ukPv7KPjnrh33J2cX/vVIL7LvH/Xc3/83/0t2+jba/0GfrPj+eef18/75z/tm85x779RufmSpZzX
YkBZKFqRMii2YFYREUptqCmLGWqVrEq1laKVYoLWhaUumClmhWoFUcNKxUxppbK0RtOCfpRBBSDH
9xYzVDia+ol3cbT9noGSSAqRTgaQMr+eHZi4GRGMVIIgw5HU+Xo4p+cXBvYN//JXvuPFz/y9n/M/
v/e9780nc+Wf3KGv9Rv4jcd/8Cfe9dk3/+iXftrCvmu3/cGFK3AnfdDSJxCZhkiiqkgx0hSVQooh
BgsVVeZrpKCqKBMu0AOPKmqoKmaVUtrEqj6GoLo95AjNUsoEW21+qOrx+3S+NxOKGaXqzJwyz0El
yRAG9ch/kAqugaiBTogkNB/A+O5Pe9P9n/7h/+Q7P/sJXPonevyWKYV/6o/+0afK2f/jk9iflGVR
WQWtV9xrJ6wtnEujnw6YoD3DUqHWBS2NrBNSqHWlVqO1laXU2XcVYVkW1jJLJKVipVBKmyXTZn9W
rVDVntgFSYI9di77Ru6zvPXeGb4RI+l9I3z2WjF29st2NPKDveecHmPD+4Qn6IlnkKOzxw2Zho5B
oIhHdMnv1ov9h+/65m9+8Qmdwsd0/JbIWN/8h/+Vr856839C/luqqrVWTlZZZWGYoxI4Oy0a0CA6
kQNPIXHWNIgg04kUPGJmL0lKKajZRM61HJlMwBQzQ4o98aC6PVRnT/frM5dpm2XY5vurWmdwaEG1
kLoiNtF/k0LVWe7RRCQREywNw1BZkOwM0Jr5p2Tpf/f7/+pffO4Jn8ZHdbymGetP/qtfeG+zq+9p
Vt+F3rCcn+HcHrDWQZQTaw3a6Y3YstFaQ2uBYpiurPXegT0VamloW6hNoVWu2pllOR3Zq1GWRq2V
UhQxpS6nCU+0SimFs9ZX4GIECWwx7qCF6PvMWmMczfvErnzv7PuF3ju7B77PTJYejP2Cxz4higTv
OyVgeJIJu28UjJ6BpOM6EOwH2rZ+43Pf9E2PnugpfQTHa5axvuar/rm33Gz8jIzxLo3HRLlHCiTX
XBi0ck1ZHmA2ME1EDJUTRQpWVkITqYVSlGoNM0fUWcQQArlrmkFnmgIVTMoEP232PFXn/PLk77B5
aYvaXcbEClIqqkqagSiIkWKoFkIr5MFPipDsmFVQQ2UGv1kFMdTmzy6lIVop0lEpGI2Wy7v0tP/M
D33fX37LEz+tj+jsX+Xjj3zp2/+E5fLTXfLTijhmV5BG5qADiXDRSueaCzvOikqlCBS7mk1vmWUt
C4QFKoVFC60U1tawJlib8AQiOMkIQGbTfNtQS8KHIuxP5hAUwzBVVATNOSk6cgS9IqKkKq6NUEWq
oaVQ2olSz0gtqC2EgSqoGBxlMmQ/ynpidqaYUc0QE1L001bsp//r7/2ef/MVObkPe+6v4vEHPvcz
nzk/9fr/IvTFdz7QZ6Aky/lM1pk9njo9jVaQtXAqr8eWoLZGaSfW1qhmlHoPa0apEyKoZcUK1LbS
WmOpE3EvdYFW0dJY6yyFZgdetdb5/dpe8YuQgOPsfZ+ofN8Z7mQ/wNGjTG5jlsTRd2I4MQb7bQkd
+wG07pDOPjrqQmQnPSAciYLjRN5QpCGpuEAVkKJ/Y6/+tc899+qVxlctY/2h3/8vfNKz9+7/7SvL
d75ueT2nVXlwXjitwVOnxtVTK8uq6LmxLPfRc7CuT3HVKqd2RSmFUs+UcgstTAABoMgsHwAhAlLg
GN+blZmhVDFRkKNEZgLxqtxZhtwNCrMnLC/BHMWO5l4ppnOQMAOCgiDpM8ulAIVwRVgIlB4GrKQW
0IKUhaz3wRrUCQ6HLYTYO1uc/scf/YH/9JNehdMFXqXA+rq3/7633IvzT1W795a1zKabutBro6pS
KTyVZ1aMe9JYrLBYo0igekYlUWmEzPEaZkmQAIkkQ0kP3IMezh5OjyTcCXc84k6Yd/txG4iv9HH7
W277JpGX5Dd3rwlHYrb7Izo+AkKJmOW7J2gKhAMK2UmBYrOkjlB6zvOOHKQUUgpxW2LtBGJv2df1
p97znh96VfquVzywvvT3ve33Xxf/O2n9k5DBY02g4ASug1EesJXBULipQtETiwaFBdWA4mTpZHFK
WbFaybagJkgxqIaUCR20UjBTsIAym2a1SpUJJ1iRA3aY2ezVbDF/PZgxct4AI29FgUG4Q0C6MDLw
dEaMeRMkeFxm4MkETW/VqpGzXF7vN2xbZ9+C3S94CiGBKKgGYYlo+yQJ+zvvec+7v+CVPt9X9Lb9
nLd/1r/x+lb/6ieePt6G7URT7lmZ0MDpxCpGWRdOLSml0ZZn0OUh0Z7B6onSrlhKJUphtdkjcfRM
xaAdqs/TstKKsiwnaIVeFco6CWU7c2VGKUA1aIVWFhYts4S+khfgOCZYOvC9H3DDzr4PbsaUy/Te
GdvGGM6+b+x7Jw/lqbuzj0H65A2JqZS45RDHGPSxgRieQtWC5zVLOU/ZkCpic9AxbSCOFNtaq1/7
pV/6B3/klTrn8kr94H/piz/vz46lfNubru6xNsOqshYjF+GqvQ5tPvm8dcHqbLqzLWg7kWWdygQV
SlFaaagZUQwthqlQq1JqpZRKvZuGjFSlq2EoSH1ZyfGYvJuG08Re1dFFE/yYPu/KY8KcgfMl2bMI
YkqEkKKkHP+mZQLDYmQ6KUHqwBOGlNmPaRACRVciZgdpMiVCDoQkZhVTW0j763/zb/7oJ37xF3/F
X3glzvcVCawv/aK3PV9KflsDVF7A5GksO8iO8BSDX+VMo9gzLJmIBIXkIjuZNnXiUrDsVE4ogwwh
6WRCtyAlIE/ESDQS94IMR0oha2Uvg9Qd00oamBlZDdmNbp0oU568nNbZ1L8CZfGWGXamhDkiICYX
OAuaEkxDBhIojqEoMxBEDn4aGCRxqFVdA3VhhOE5KFpwGSgVQchQrAolhUxn/plnUKcczIOqIPqd
P/4TP/b027/gHc8/6XN/4vfs237v7/mGKvv3mC1c6cIb70+NudmGqhInw/QEa2dpZ5qcsKVhDVJX
ajuxlIlVLVVp9YSZ4Sa01ogyKFoxO5EqnMqZLDE1VvWE1UItSpbKUiYEUauhtVFbm5p3KxQ1Tst8
b6fT6RUJrmT2U1vsMKbCdPKEUxJz8Y2xd3y7mfKaseOXnX1MOXOks/kghjPCSQ80cgoDc/KJwyfO
igGjk1kpplPLT2A6W4iwpOlCFmGxAqpYLVP1UfRr3/a2z/+BJ3nuTzRjvfUz/pmvfPT4+rtVgjDj
4juMDq1wCmNvZ05tw2xwT4MPlA+wto9jKc6o8KA2tvos1+URUjvLslJrZalPkUuj2DXn+jr2GtQa
iO5IBVsETGDcULzhVqiL0H3HCFQWXEEcVJRIIRtECCOVrTtrk4nYP9HgOqANZ0qTSSKDODJY+nT4
JBNeCIdgun+SIDxJv31tMMKJ3NFQIEEGxRoiiccgpUIc5VYMkwWRJGVQqbMNEENQihkiiiYU4Xt/
9n/5yRc/67M/9z1P6syfWGB96qd+6heOm/iRzmMNg0WDXk7su7P0xnW58NiF7k7hmscVFoWyKb3t
lFL4Ndto66+xFCPbirritRGnx5DXWFkxfwzREB5gVRl+gS6zsGiDMbVNNgwVx11QH1gY4dAkEZnj
/UhFA8YYXCQ41eU3lSB/NMcERo/JLcYBeXA03H1axhIkpv4qIo+yp2R2JJmiwJQ7akoSLAoejsV0
F/WxT2WsGCCEDPYhLAaJkZJUCmKKiJEoopCanDTRamBSUvWv//zP/8wXvPWtv/t/egKn/2Ruz09+
4xvf0sej9zyMsV5QRr9h3y8M3Rkk75dHRK7cc6A7gcE+aC5c9g9Ome7eKbmQW8e3x9Qj2W37izze
XoR9R3YQb+goxLgm3IgYUywXBh7EOABFd8IHxJh/WB/TtnWYHEbGnS0rxj5Vnb7zJOidKetzxjSt
zt8RcVfCMoKMcUhiDlkM/DogVOHQjmUOPAcaOa0cMUjfp4Qmk6VWIqZvIwNSjXU9kylEDAjBc5ZF
kcRs6tPKrX5NctJcpaxa5Uf/3t/739/6MV8AnkBgPfPMMw8G8qPuy/3qUD2psiIkD1IZLpz6ykMu
jPEIHW1GDGe2YXR2ln5iyxse7R/ExobHlPBu/gIaTnUhts4WH+Cyf4CeG+EFj8sBjAo5HPFAshPe
cR9ssc+xvAc5ppbJYydiGhymWWHcSX/dnZ5OfgzBlUAnuAy/UzLcAbXu7PuhcNg7W9+59J0+BmPv
LwVgxAQ7w0EmAj/LakcRtDR2H4xwujtNBdFOMWUVIX3cZbopv9Gpo09HcMiO5yT25eBOk4Inrwf+
21/8xV98+mONi4+1FGorpx/E5ZNb2dE8sWXHRtDKab4ijQvJvb3j1Yh8hPiZoTeIXSGRvKCPqW7T
vu6NTLiJx5yGEep0N0Scc94jpGKj47qh40yXQAXCdsJXxCDdMZ1I/OaNRQ3tYyLRrlNTLgJiRAnc
odjAfZYSK4J+lBiXkxPgvHPmjEOv7rjnzC4hjJjcXx+d3mdzPw6cK4/Mukcit/Lmwxjr6SSCFsPH
BaRN+bIkntsBWwROp1QjyGnMFZ2UeEzYoc00D0z9Ghk0KajYpxb178vMPyQiH/Ud9jFlrGeffeO3
Bf4Hqgwync5AsrCpsLFxw2OIjabGLnUCfNLAd2qs9DEoEVScG34V9crDuJBDYe8TdnDB94dc50Ou
90dkFLa8waMTcTNTfu7TLpXbLCs+JkXieoCJA8JJn1ktxiR/GR33TsZL/zY1UxuRg4+kLOav+4iY
5dbdJ7TgPpH2Mdh90H2fQZcBBxXlfcxS7MnozhjB2He2beP6+prrm53r68F2eczlcqH3DZjN/3bp
jC0YPegjCJRSGqYrqJLpNFswEUx8yqQNwpKQ2XtN+fZ0f0fyB9/3vn/wbR9LbHzUGevjnv64zw/Z
/4ySeF6hI4jcWeqKkiwy32RXocZAdSMSPApFCo8YPBVBsLKl01xJvSDAlkqlso2NahcWW3EfpAq5
34AVUvdZ4lQoulDGibRkH8GqhT4uEygcjmviPqW8LlNt0PREhs9xXQRJ0Ayo9e4ctZ3gN4CaLzet
vvy+7MxgkchpfMgkfTbud6ZVdzKCMTY0jmsWQmfug5gq5J0cHAE5s5v7jqThIdjBCXoEMPX8ClhM
863kYJBYKFQhTRjZaTQCQdQINSIVQ6kyuUiRIG1e01T5M//wH/7ST7zpTZ/04x9NfHxUgfWGe2/4
eHT8SERqsDBkQzUwKezZkQx6gHdQuyZKIg5uFQshNLnvjSE7Q4KrXdF2QnUho5P9hq0IzYyl71wM
1v4UITu7vQDjPqAICWXHvdHlQhkLYoMYMnGpGAxPZFRcOxwCQNPG6Bty6KMUpQNNZim8RcMvOhtp
OywSVibQOOfO2RADJDptX/ts/jMGeKAx6ZZwPya/AT7uymL6HCD2GPjYsIQ+O3CcyRNaJpJGZJK+
T7WDg0eSIhNekDk9dgINCLvCUrhYR+OKasqwC1sJShQsk90HV+WMM9gQjE6IUNOhDpBUTP7ar/zK
r3zWG97whl95NQKrpu0/MoKPFxFMB0HFxo6bopIUXwiF92+de1m44QatzgN7wF53SlsJ/h9oz3IS
5Vo66g3lGilKjRO2OUUWLmVw8qcY+pgyVqCQ2uiy06TNKVB2ghNDB1WEDAevjDEowJBky2CpK5sK
ay/0dDQ7wQwsIrGAZGC0ufxj3wjsTpGgfig6D2jg1umDzICNGITPGyvGtNdrJNLnhDpLcp/QQoxZ
At3vRH+EYz57n4lUDTIPrAkBmSoGwTBJAiW148x+sOoKqXNyVKOGkbljss6BRIMRHRmCSKGrk11u
kXhMnNAkojBCUfwNrv7XMvNLPtJ+6yP2Fb7uqaf/fEr8YTSIFIoUhgyKJj07VRd6BiFOZY6zJhW3
gsvCHg/ZvDEuSR/J47HjXol4TFqhZqIFqi4MOVYJqeF00gyTFVenRcFqJXQ2oyiYNSwVMWPgyG16
z0Gda2Vmmj8K28w6L+UfPfx/kjl5t2BCFLcT2tFIhwce49cpDOKuUY/eiTGhBB87Yzj9bn/DXAwy
hk+7/T7oY9rw7/q+cMZwPBJutVh05MC2yJz0TxZU5+IRlZxqECZXqFaoCKaFUuygcYwqiolRih3a
NEHVKCp3HOVhcaSI0NQwld9xc/Nw/Y7v+M7/4SOJk48oY92/f/93uuQ3nCg8jh3LZOTEZi6a1Dyz
i1N0zDuSBQoIAxmCSmfXhRVnqDICShT2fWeLwh7Bi5IsNijrxv0Gy5VxT05UNaI/xMw4jTOPuUB3
iqyEQY9C7YkXx3en2uwvAqOkMmRM6cg+uToFdglSwA/5itYC1IMchiDQYuTt+iJVLOYNJcQdd6fF
MKtH4x7TzdwH0Y8lbDEDyftOjCTGZWaNzNmPOaT3A3+bAaThRMhsHcIZCEZgooQkIR+kp1G0Ehgm
IFIwLYjmzHamBKASh8tHSIERAXpwkjkR/lJyTqOHV5OA7kHooEj5lve//33f9+yzn/B3X5HA0pS/
SOTi6ZjNbJUqWHaKJ70E5p3QBU+o4hMp1oZaZ0RMYpQBuTIkkeiTQ4zZO1AKLxI86HBJZfHKB/QF
8tx4qp2p1zvP3Ffun5TRL4zSOO87wkLmfgCMoLGAXDAWCitDBopidZCijBEIdTqMDxXnkGDSv8qI
Topi7oSCiZEipBmDoGC4OpGJuFAr7IwJLxxZaBwT4JS4+NzLMAbe+8yGYxx91mAEePRJTucBhGaS
sUMkehBOmRs9Bc0zTYzMjSUF5waxdV7Pg2PWDETLzGo08o4uggFYOo17k2tkEvsiMrFBhfBBIylq
S5B/AfjyJx5Y9+8//c5M/7IEUhrGIPIC2QgpBFMzJFbBHZHpCB4udC4sozDyMn/hWFHbcDfMGo+i
s2il0FAvs6zuSZOkc+FCZc0LW3diabwQnf1yjxdOL2CXzuva6+H8Is+0QTmvGFCKEn5CdI70qUaK
4yp4nzCHZKGzodlm2cyYd3BMYZxKmSZXVZJgKJQ4VkVSZltEQgo9kiygJNuxPWbq1Gcf5WMcmWzC
GxO0zfn16EfvFQx3fOxYKCM25DCZRGxYVDpQ0me2iaRmI7Ifw8p2UEmFCKFIAzrVyiSoawMPDGFR
wTAydkYmREE9prcRCJdJkWGMCNL9y973/ve98xOe/YS/8cQC69lnn73f98tfMoKBsGen5IBMBgOL
iumkDtIDJAkr7ExnyUgo7lBWJHaMna7L7FnGY2ptMJyIa/ayTAGgVHrf6Vk5iVNtwQO46bgtuGyc
vRH+AtqvqCPINfBtY23KvbPSwjn7gixgUlBRTBolgt4WZL9gWaYDhttmeZK+MgSxY2OfKnaUkTBB
81YnxV3znxFzH4PPLNS9433CCi/tJb1d8DHLZR67Skd2cgSRc+I0BM9Bhk7EPh3JSo+dYK5H0gxS
KpaFlFk2NUG04BmYGjE6UpJOUMo6A0dmG5AhRB8UKUQPHAEcpIOApyBZkZg6NnpSJf/SL/zCL/z3
n/7pn759uJj5J2rel5T/yCW/QjhGXBmTJVeb/YoaroHJQnIhpKBMVl3pFKYOqCX00glWXARhUJjG
ByFxbcAgEiwHIoJKJUmKCSYL3XwKACm4CJ5GSaErTNq1oXaQ0hRG2sSH5NCQ58SYJA9bmNw2xwre
CWziW/GSLzEy8THm9/lUIYxbjs+D4VNaPHJQI4kxjabdJ7yw9wm8+lH6xtjp3u+yWXif8IHviDNL
aCT4mPABTvhjNIyRlwOFBXNIT1wGFSE0UGxKklnuRhSxAhOcQWSqLBDBdKoqdo251kkEUwENUFCp
OBOXm0yEPqin5n/+z33nez9czHzYjHX//v3fOdK/RZg9hsQArfR0LAKxgvg+TS8MtBQ0DoQnk5RK
j6BIMMrOcMWsI3nCckEYXKJTpz0ONfBMhiU5GidVOsnDfbASkAs9b8jiWDRqKJsuyB7z+/VC3xsR
1wgFSeckKxyrHS0ga2WLjSVAh1JrY/gNJxNKKGHTxFfqQf+oUEVRh64FMnBiLigB0EIw/9C9GByc
H8eCtRwHVzgGPpJ+S/PkXMY2ifIkfTbqPjY0FM85HWoEcRgmJDvmJy5seAiiA92TXebkultSECI3
OG5whqPFiHLDJRvrcV0Io8tAokxxgMDgMNiG0Xs//JtGxNwdgdifft/73/fDn/BhGvkPG1gS+WcF
Fs+Ym06OonGVlU12IhOzlZEbyYZGoTOoWeiptKGkOoV2pPegq6Dq5LgmtMw9BBS0OtEFacGIOU73
/YailWzKZb9QS6C5cp0bNQ3JCzd6osYE9240WTPZSwHdOEkhRLlIzrpc56RUstw19DJHJbQs7GOb
dq2i7Lth9TDG6uFglgDyUB7EbIil4gfMY6UgYse+qynou/UOcmiqfIyD6plT4Rgxg+YQ84XLdOLM
2ZOIjfCK0udSEClIGJI7GQ3XqTuzaKQeXKTsVIMaRlhMM8aAYnUCtMzvNynIUKQe06k5YwiB0sos
ybhMN3okucVipf1p4F/7x8bNP+6L5/P5E0z0/0KikErOt0OXnLs3ddrZKw3XgeZcvWNSjnLZWFPJ
ogRO0TpltZokFdWdK+6REljdCV0m6CiVoom2M5rXiC1kLSxUShXU5r6FWKDVK55qJ7Q2dJ0gaFsX
lga6Ps3TpxMVgVPjdBhXSxOiNK4OE2uaYZpzgYccPJtBqXrol4wiOm+s2zVIIhQFUELmngbSOVvF
dGH3nb7dcOkXunfi8HGNmBPhdOYw+dDoR0mcZlUNYXjgAvt4iI6KJQx/TOakkUYOil6R4wY3QSWo
eZqYVZnrBKouaJnXX1WhNIqtiHYWbaRN53i1QmsN6vQYUNfpfaygtrDWRjMlbaGoUkoZSf3UN7/5
zb/8UWUsFf33MrPcomYKuOTk1FggBiiM3MEhZEdlhdimnDh3uikeHAaBQmbS0vC8gClDHLTNSait
c1S3HaUQ/Qa5BfW64iWQYUQONoNlnNDsvCgbTZ/hqX0lcmMXZeUpLlxz0519WWkpyDKzShw0TYcD
BN0xVZoFTsXdqQbp0wiasjGOrS+iCpLUFK4zEZkZPKRPg4Y6pU1qZnQn+pi/owcx+rR8jVuiOthi
ovYeG9FnRmuuRx/3GMHRUCJ2JIWeGxIFpRH+iBRFvYA4LlPlYKOTpeGqjCwUn389HWOqHnC6jmlJ
y4HnyhhxZF5llT4naFkhk04nciGzs5jgGUVrfCvwLR9xxnrw4MEzo2+/rMlpIuDtIC4vFFkmxiJz
yjCEkGOakUnrRAqLJoO5qke1QBZEJ5oeNrfUqRaadLwsqCTNCsJ0DIfq4F0zAAAgAElEQVROzXaz
RlXB9YKUKzDlVM6gnaWe8eI8W8/EUqjtzLkZZb0Cc051QdrC08uZ0zrXQ9bTGStOqVd364QwpemC
ix5blRMtlZCYr8HuTKIcWcNQtvSZzcQpOWchtUIURXqyb9cT7qDTww8x4i0YehDVuc3+pSfdJxUk
YwK3fWyotAkLxC39MzG4jDFLHstceKILopPy0TppKS87Uq4Qmas1TQulGqmVxQpFBWql2VxCZ22u
UKrV5gbFuqJlusjNDCtJtUat9UZk/8RP+ZR/9jddG/7/mbF63/5tST2p6rxjZE5HKnOcraK4VCT6
3IaScRemEk6TQuQkg9PB01FNJIxdHB+ds5S5dQ+lZ2f1RqCoJnvsqBg6HM+dLDN4NSaS3H3H0hE6
JnCRzmLKYOMaZ8lKacYlr7kvlS43kIN1WYBHUHRicNoRmYHczXHtqCubQvFE1Mljd1VIIF4BZ0Te
mVA3kqIyaR7ArVNiQQi2DHyfuxf22GAIe2y0vPXwBBYTSNUEvMBwdr+ZQRgGPKbLisU+NVkkEjeo
1IMrDrYxKEXxEJTHdDW0DswbSqI6ECpIsIdQEbpMO1kJYydoKDogpbD5oMhUpFooqWBp9JxKEBM/
udSvB779I8lYp/Op/jJizxBC0blgYqpYjWSuzEnmduipt+burpbUadk6QLgp6K8UneOuZAHZcFFO
ckLNCXNMFtCgWkPUiTSWcjXpCA2KLdQyydhaDBeb9V8qtionq2Q18ty4l42szr2rp2haeKqcKVU5
rydigaW26R4SRa1Rl8Y+6QuKVUQnySx23K2SjINt0EMuEymITGGfCUhOGYuLQVOKKNEH27bRx1Q9
7H5N74KMAQE34wYZcwgomcDOiUpK4CMPVcR+yHAcsiI4ngWlo0f1qGq47GCdZq9H1HGBIg09eiWp
jtiZogZlp+qZNEO0UKrObdNaoQjalil4PHrKU2lgUEpjKXNBsGj55XtX15/+5jf/ix/yMKrfNGOd
l/p1wDPk9BZl5lRbkmRsmE76QQ850sxkiUlhBKQGkce0JdN3YtmJEARHVCg5m+GQoEujxGTWzz7v
nsyFKnDxa5SVmsKmTh0LGPiApkFoZ7PBqTeuwyELLY3resNTMYHUMHjUbmicgEcs0dj2C97Pc2Vk
1dlgV2NoUGWnlcI+G1XAGJmMkqTuIJWM+dAmzbjL5si4lfiSobQy1yR5Btln1upjJ9zIvk0bWDrR
g5qdy1Akghf7i3NqHMqIF2cZWwtLNYxrhEY5JnJ4DKmMNDCljIrnZSph7QTmkyXwPm/sGHgBS2WU
ayxPE1JwYY8dr4OmCn4sXUlHykQc7XbVVCTYQmj/xNHl64C/8k8UWFLaV+chvdAM8mDaZaanGSgi
xCHSN2ZTPwIMY8Rl7m/CUeoE+nSFfEgeAarY3MFZghYxCW0pPM4dtGGHGOTWFDBUaV4YeU2msdjC
IMkhLCkMHMRZdiN4BDxgz7n2mn3g2eZSs650V6jO4hu1DTRnORQvUJRVIccyOcyyozmhBg9h14Ac
IGXug8kOkmga+/G5ExCgXhEtyK2e/pbq6XNdES5T9uMbj3ygnlxGTr41Cz1exHvwOJx7jyu776gW
lEezXzLjvMDV+Yx4IhG4GBmPaGUlROg5KBJTchOT3kkq2JgV4tZJlH1OjamMnhgb9EaUwDA2OjUC
cWG0qZc/dNZf/ZsF1oeUwnv3+Pgx1v/b5s5UhCnRyIMdn+D/goq/zL5+m7U0QeyEJbgeYjVkbq0j
CAlUjr1UmpxUJ3OvSZpNN3B5Gs0b1IxKoWthLXNjcDUlGSx2nu/J5ka/ZgWsUG3gpXK/FEyM1s5I
sWlK1aAY1HZCl3JAD5VWGlZvl2g0TrWg2WbGKXPrX8Rs4tWYeBeBZkUOg4IEU2suQui8Nq1AKwvh
cLNd2C8bN+OC9uPpFT0gAt+viSxzmcw+eMxAxmQEMqcqlrGxp8/WQnfUK2YLoh2hzrJbBrUJD9Yr
rk4nos5tzIsYWioqjdYWKEZqHKVuRUpSyxmtyqINtfm3ECrZhKJCsfNLpbEIarPnUi2Z2d/0trd9
ycvEgB+SsdyXPyKpIjEzlFBxmc+L0dRDveTcPqxoPiHrtt+yKT5jHAx9TPwkma4RHGOlqLBlp6Zy
Q8PiBtWGRiC6MsaFe0W5CUes4jFluoJywani7OyYNjIUuKC5EjmpmZQTl9iw1hhj556uPLx5gbWs
NJvAqHjHymPWcY+wF1jWBxM9V+OmXyh2IoaCwZDzHBzYWZrR9w20QlwfOvExG1yZ1JIcevksJ6Rt
iBjh22EzS7bRiU0JD3QEYxiXnDgWY/p8vCt+UDiJs3mn5CSEKZOANe+EDBY2Rj2RMXiM07vxwuN5
45ZSQDrtfOJ1p/t0nfscmjQiOsmg5AohszxrTj9nccSSNpRLUWpcKDH3fBGzf9wlKCWliHwN8LId
EB/CFa61/JVA3xjp8w6WY7d4CipTdqEYAXOxvSSJHgpHOzJaTspAQDPnvibGlJ6wIxgug1VOeHZC
YMEYMeaEpvPRa1MC46gcRCpQOWA1KoOOplIxumyUNPZD+GapEODjQrfKHoMaUzDYIzCvhPmcZkfh
4tfIOCQsPpCeuINEcB2DmM+1mTRVdG7GDiPY+0DHfKTc5SCgw5Pep85d82gjvHDZHzPN4S8y9oL3
ay77Db47vgcjdrrPBzWNPsCNR/FBsgdKofcLhrGPwTmFTYPul8lfZmGLjTKAaETcsIVM21sJZAcf
OzfD6SO5HkEfwhDHJSc9l5Da2TwxLXgeHu1jUZ3JdHKLJx4zwUzd1v6m/+q//KGXlcOXlcKrq/q7
x9D/9a7EZUdlUjGq5U7jDYfm8nj6KMfrTRrKjsutXPd24ZjdPU1rltMyLZkyMZlqDT2+JrZAVnq5
YZFKlSRESFNMBkt5QOBzcrQJdq4iNF1xvZBmtHqkfSvoYvN92JTA1AamK4skthprPdFMCDGuygnR
ZNOg1oZqstjUkAuzFK6aSFm55KCIIzT0MIbuBGrz/106gnFuy9zeLJUX9hv2yzX7zWM8Ttzsv4qM
ho9gj44mPB4vonKGPiGZ1CnT2faHrLLSmb9L84LpGTdHWMEGS85ludQrtMyp+6lSiQLFjo3SuiJr
RWrj1OZm6cLEpva2s5T73KsVrUop8ylpbgJWWOwMxwITjgciTCHqAlV+15e9/avu+MOXZSyx8i1C
fq4Ih6xXSA5jIwFix6SXL0WkyPGE0UNgJ7cbEPLO9p0SlJyaJtX2Uj+GodqwnBLhPFDsXZyFSmQn
pGOyULKRohSUIULc6ohUIeZTG0KmDSJikPTZiM4zmP3QLHYQx2bQvJDZ6OPCyALZ2WPQh0O8gPvK
PpyMwt4fzbvfhTEeksfO0BzG6J3wZBvBtt8cmqprGIU+dsiCBnR/zH69s+/BTf8A3QXbjWt/RA6j
jwvIAuOaMS7cjGNBm08HzrUmpcPOBc+CRzBEEAciuGEj88R1fpCaKyIdDSPyhtArZje7EjYQYrYw
/dh0aI6EodIZMknqCGE/zitT8Ex2z7sSmqHosV9fev7qD/zQu997GxYv67Ek88vJ+TRkFSFzcn4i
c7eAHHILgYk+yyBzWrZh9ltjbmWa0he7TaPCkIk/lTHm9t/Dw5Y5SLlCucFlUKIgKmyx06xByNxs
V8E86FT22LlnK5uDsSEUNvpE4nUldD5madBJV9IHUi70gOpT/Tr9EwPbHoElpRkf1GAVJctK31ea
Psaq0fsHMG0TqNU+ZQwoShyZaYLGQaFrpyZEXg4mobJfOtsKVirpnUvu6GWDWHi4PZxLPcbGRif6
RqpiCfg1Egvk4BqB6Ny4YFIxhM0neBzRaBZIKYx4P5aNG3+IBKBl3pR5jeZ5CgQuTq9O9EKWiuWL
nOUeJ13ZpNDiQq1lArQyIZfIxsOxU0WoAt0U5CFVC1kS4/RO4PkPKYWn0+mTI+IfkF1EG3rYi1z8
EMXaS4vBZnpDxe/037cg6W2ZLFqJ3GeWE5t9Wc7nOYqWidwfdXvRxn7Yx9Gc085RJrPoZOBl6qeq
QNFl0kfWUZRi60GrDIrNwKplAnuqEGoUcUqdP9dUpsNuObOmUtrKkBus3KOhiA6snlERajUufqFI
YaknqsAqjSED8sKQlarOHnOZ1Y1CVSGjT3dPNoptrMs9Totysw32y/UBmhZibGweWBhbzIcKqBZc
g7E/RqIyploNNBCf0Mwu83Utpzpkzw1VWEuZgK3dI3Wj2RVmhbXGfHxePaOqjLayeOfUlLosrFXx
ZaGJ0NYrkA1KYxGFVgirh8AxWLSgtSAhhE0bf1Kiav+4557747/2soyVmV8kiUyNtB9lZWYhk+lr
E53Zp4jiMjGmO3r66LWUuSkvIv7f8t42Zrs2q+/6rXXsfV7Xdc8AM0gNNpTQgi021WBUYlIwhDYm
Jr5UnQhNwZgYIzXUYGKiRBL9YDXGL4XGL3yopClq1UTqBz+QiiNgokIRbGmm0MGZQAq1DPPMPM99
X+e593Gs5Ye11rH3eT8zwzNvDy/uyT3PfV/X+bL3caxjvfzXf62FIVw8MK4hG00ugdqnuRJdEIHN
oi9p186FNbneO6ILzXK40dSS4Q+Jd9QVlge67aisma/M1NKALhvwyILhGn2pnM6Xtkdubqy+cdPG
zZ5RfcFmL9l4oPHMOoI2ctvDhWwMXnlgc++RLSCGcaM3eEuV97jzko1FLrwlUYRqOM03bktH98Ft
wCIPPG9XxraxD8f6YLeNm0vcnzzSbGfbY508I2N14To8NlNWZESq7ObXyBPyhNmNT9jG4sLDumMK
ajeaNHZbedx3jJe8tI3Ffw8qg7ZF5XT3AKf3peH2SWRZWPbO7fKQaTNnSJAIWQbYxqMre3NMF2iL
slz+aeC/ufOxLot+D+g3RDW/JwOzEV5LdIqrfxtRL1cl5VIChUVD/MBsY2F1oUv0D9DsDSVEfisQ
a0FkAD0qbhKwiFKZSB81LvE+CZ75ZgPnFk4jQUEJcnGMYRMbdCGLCFoAo9aBoCePfcdc6BKaeHNn
807zxtY3mgtbdl3ePf6YrYz9GfozVwZtE0avkSY7Wxf2vnMzsP2GjWe27WX0ctiFN8cNHXFQbw7b
1nllnT6u2Fi57T36Mng0YPMhDAyzHUwjHzkG4s6tvxXUpG7ASvPwR684iy88M1g7jHy+G/Bkzs06
O8LFHthtD1bo2GlNo8237wx2BrB0hyxANt/QPajRZKvKZsJm0WHR8ACE+/7yf/gr/9OP3Gss+JZq
sRNWrWrMQv1FnkpZRdhdQiu4Jreq7GoAiaJZsSeBuyjgGrNfREOt727hs3nQgxvK7jdWeYjCDDNa
AzfoWQnU986qK2uD5pdIbEsUB4SH29mkAQ2xHqVMY7DLHn3Qx6toiCFL9gR1himsThvOtQ8urtyW
ldWcV7zJZfkSVITuna3trG7ogDfpPKBcu9B4pvPEsly47c+hzdxovrDvndYcurF3gtjnt6C63LIR
iXfoGzuDZh2TEVgSK2rG1Z5peuE2Os2AdkFvsT/dB4PB0CAgFnSzLRviD1xH59KUN29CezT2vXOV
neYr63imX56wl1ceHx/5Dd940R8RUzobF1GW0ej7YMhL9rbz4O9F2Rn6ApPOsjZW65g3burfcudj
PT4+fo1Z/3+AGd2FQBEef/YnDz+pR0ib0EO9PsZuB84lklpOI12g6SMpTFKc1mc6uERl77n/+qIP
aXIB2VhFMW2oOEPgSV6E7+SBAncZNIFLu9BlRAI573MVsCUKHtZmKE9Ya7iOGNa0RB1fbw88WINV
eMjTsiwXnoVoD6QS99kurFWLqCutwU2ewS80g87Gkz+yJ3K+LAsd51Ff8eLxK1hU2G+veLldcpxv
9CTd+jNdImJ9HI2tRbBh2njQlQ0L9M5h2xYaG9o8gxd4MMNFeFg0ktQXYWk7yotIM60Dk4UvyeHq
MdHjS3mhIMsTKp2Hy3u56eD9ywts3WnLe+iyoe0lwvtixHEbrLqw6gv6pfMgArrSvbHae37/n/53
/vRHGsAiy59w4U8Q+HpCDJGiKGd9Vg2LZteELAsvfSUefphIyquk22XJhBgpWCFUQfGtWreg4C7k
zBkJxql6GE5kRBIUUF0RX6JBBjHxylXodC4sXLmxtOh6594RiU3tJsETsyhVw5XhOwq04dzM0b0F
oOudjay6kRhA0L0zTNiHs/pgt5fYuGBjo/eIPrtHYYTYhau/woawmLBlpc3eA9AkW0Jee2ezeL+N
jklHrNFto49nlm7AkrCL0tzZvaGmCFu0lrRo1tZssOMsKJt/giZP3GSjd4/6SB/YCBawu0djEfly
xHZe9UD9ZTjP3nHf2NgRFza/oga+N6zDs38iKphG9AiiD3p3rh7FIkO2n/vRH/2xnw2jt+j3gH1D
6Z7pZWlU2MalCTUY5iV00fpGpASPyAN6pBPCT0rcy0qAwneLxmBGDOVq4eyJJMZVU7EijeMevC2R
oJdoNsIYKZRgLNK42QjMzTurKzcXHoRs0xjpHjMDF6yBjMELLtyo7jBGACbK4oFK6+bh3LNi/SUI
WW2joW3GjnvDbLDvFgUONrj2a4CmLoGOW6S2unngbh4Bz+hGt2gQoiNgFhudxTQwKALqeZKFLorY
ziaN5pJTW9eMHG+sHv1VVR6CTeoD9QvNn9nsCehcPNinw6MOdLfAo8bomAhbj1See4feuLlEO4AR
1e3GI6M7asLNBu7P7KNhPSrMrfOJ//nHPvgjS+ynfI17mDNJp1s1WItOC3Q1/aEwnjZNljEiFyhK
9FwJpoBZ9GGKyFJAArlf0NBskDSTNXpd6RKdTgKDZ3hQZ5sog8FiziaN1QTRRzaeeRhCX1powtFZ
F9jdad64mUFbYpC3OotLJJMkBNN6kOBe2pvQHokKyU7TJzrR4pKh3EimaH9GWHjcopH2rWXka4OH
Jf7eW0NHz7VomBs7V9Rh1202F3lebuzLwGxnG43bPhCWoGmPCH1udqX7ijlcfMVWEIu+E5qmU0yi
1qCtXFjoe9ZBYlEi2IShO6M7ordo6ts6Op5ply9ht472RmuGtT1MuH4ZG52tD9rlic1/nau/lydd
uPpgfdiD2K1GW4yP6caqO7QnRAeP+vQ103m3YV8vqrOOLqQr2QyeeTdIH8giOisD5p4RYWo118gR
qqb2kfCx/JY0E2fQE3VvyWeKfNqQC5D90DMHudsVU0mO9w3XF1z9xgMNV4/hKYm5SY+s/RiBX8kw
djaaLewKzW8RxYgyPMBVHQ8kYwwXY3djuLOm4BtKFwtK8ti4tTVq7myle89OxzdWE0bf2NsDZm9h
AviFJ4QrDd9u6LoiYqxmLL2h+kQbOyJK77eIpt25YYgF7KMYfVl5HgPfdnggiYaC+I7bBWNjYKxN
2RfBboGk+zCeFmVDWexlHCDXoDxLtFx6QPGx0y4rY8An28dp/sDj5cL28uPc1pVmV14tO4bQx5fC
cuMmVx7HiulK15VVPslj+/t41W5fAyDvg/e9WtvHyX6UktrHfQ9OlfectsUUpsK3VISVhV4aRg+n
P6xgsBvcZLbdKYc6OFlBBIzUUXLlB9GIwzqilzRJO80jbWSycqnhlS2aoInDw/LEkCgxV1VWj2oi
zcn0LmAyWHCW9h7cXtHkMSguuk5wVkRYvGGtcdHotSDtKfp/sTP0QmOfvHcjWhldzLhqmKco1HqF
2ZIH5Moi7wG7seiKyuCiL1gFbq1x3W/RXogl8MM0R2Y70ha+9PJlEWx4dGA2XVnshkuAqossNFlw
6SztBaNfY860OC+8sWtH9IkXWGBOanjOE1pwlvWBR++MhweQwQt5ZDy+h2E3Xixhdm/yEuUJX64s
+iW8WKNG4XZZeRrgq+H6hLMN1euXt7GuX79g3xVdB6LMG8AlsYkWjnWB9C4DPCaVgtN9pHCkIx9j
UjPNUw49uOs0myFI6fd79MdcQqJpqgzbUG2s8sCgZ5SZnegkemaqRtKmi6GSeUhvBFIjlB41C45Y
R3AJ02reM+ToAe7iDA9OeDA+O2KD3eMoDXuV3fk0WiuawDCedY8q7HHFuXAZEdJEDwaLrnoI7krv
IwpqaWxjRB9VIgeHBe0nWlx2dEhgRjQeL+9luCHakRFrZNuV0cn+pj3cCHnEfMMTIB7Wo7IHQV2i
yQnBAN20IbpGusyFbleGwzOvWGyl+2Dfr5E7HcZv7JkeSvbKbp0XO9h4ZncNhsYIIqF1Ux1P/217
WJZvAT4Q0VdsstSsDal5fm9vVSrpiBc6IR4bJxCU4xSo+XrJ/5tRZjj30Q46qmw1c26gLNrY/ZYJ
7zX8AxYanabV5j+ZqESVsmkBuk7zzp6/NaJTn4iCN2TsqIc5V1GGRf9UdQ1hcw+FZAeUokQ/Cumd
3XdMPc5RD3Ym5nTbMEJgdnYuvWXDjUHHCAZNHMKOB0jne9C5u7Nh7CMazQ4HbY2lraGVu7Ax2LqD
QNPoGLM0oY8AmMWFYSPcjN5woNtgGVd2VVZZGArDNBqRsIFv2FCGK6uvrO50NHpQuGDZQ9X9AfUr
W3fagM2FK0LbnSvC1l9C35HbK37d9/+1Lev6Ace+hayWsSwvgjB1MaPYUr0EEo5LnAT1NAeJSUnw
dwKXauEjTMkTIBqtnt9bZEJBYoiQaprioD/HJAlLIQ3ttDgMJHpJ5YznJkRrIdkiQJAFJwdyq7Na
hBZuO80bHSH6vY+kHUfdsYe8BD9fLATCItMw8PA9XbL3egYwHh36YGH3hljURTo7uwcTY+FF8LzS
BTCDPvKz9cIYW6yG7WwEx+zyuOKuiCwM39m3PUvsPHpLiLB6w9ijclwGqikI6vje2cyq3pjdXjFS
u0sXsBjwZA5IIPdhiwe3YbiH1rz2V2i21LyZxbCrfsU7vOWv6GNl3Ue0kbIL7tefb6L+r0H7hor6
QoMcpk+o5l1MnygES4lCC0OQw79KQ5SYA5IJHskEXlMNbUgUarTICYWZzKQ2eD5IcNkjVxdCv8jC
Ro/UjyyJ7DuGhw+CBO7iQQKMSuZIB+nYiKLbzi6NCzDIZ/DSgOH0q0d05zkxDFV2dyS1ImbsDiOz
AsNbaBmDXRUfIxgegzR5HTwoOzuCj7cQX8KRtmd2b5HGyRSKmLCuK070cJARwHB4dYazhtvi2YNM
eh7YFfUnFOf59lYQMHVJAmbeuzs2AuPb7Jq637gYRFvcHo1QfKFjMJzGzit7RbMl9t6FfdxyXa+4
OK86aL8xkI+2pa3fJdjXuXuap0DQJeBKXIw1o8OESNM1iqlS4f94VqlImsgwcV7+WuFa0y7W7wSS
9dC00bzSSEaTMCOFb0WPhAgKosOeJs8LTMM3aroGvJta90YQD2N6xZYTxZRBdG426XSIBmX5v0a2
zRUNmnNqTs+Gs8sg+1WFxjBPKq/Hvx3AAm/zbphaNPZ1CVgFEDrYhW47HUd85YHGzY/Eu7uzrk8R
8CQc3ccWfiaCtshadIvuPA+ZR3XbMR90e+bWQ/B2j242qpdoXDKyxlCd94wUUOL+o+f7hW6vaLZi
FoyUm9V+RU50c0nl1mC8ZPQH1ODaDbX+d1tr7bsX9KtcUqgmNSZSBUj4QxFtlWkklj9kaTrA4BRs
IRyCpEqkgUSjpVF6QpJCtsyKn+g0E+mhonZHIrVwMyXaaQeYSY6XkwwQAjHP9Hci62EOAzw0hkto
MyGcXfNo2+17mnWi73uWPpnHKRYCDMZ9LvBAGD5YEJxnjGyp7eGob3UQPLVt9nbXYalzPRrh1gFD
Aqjds3vPwwtEDBudbn2m1JoIVwMZ+1ybfQiyLGmmjWYr2/4qGrK509ol2qH7BrZEB0BTBluyX7ek
mS3cxhYJaRt0YIxnLqxIV9QVGy9xX3gYwYNbhrKLgG3s3YDbx1pr7bsd+0rLPgTBg1I0/XdPop6r
B3JNSMDUcAFPTn9Jc5lBULV0pcO59fN7E7WvU16ppMLEAqYIHy11YuYtq695JLlFhQolPM/2Iivd
NkSF1ZfIYEqo9SYrnYFb9vgi2mSv0dEgvyM633lbQ/BSoNSjB3uTZLci2UL7yrDwKUO3Klgczj5u
8VRuaV4knPYJMO80FowtVnNE64Kdncf1BWTUvbKyd4uaTg8oQuUx2CGqmO9cWuPmg21csSFBKLAq
zXvOMr5IxazumEcE2H0AT9E7frzCfGWxYAA40DrsOFjcoyfSv42NZRjGA/t4BcO59CeE28eaqn6P
CF+BRIqlafhJpaei2ZqjEkhyVN0kFbnIfaeFEsgJ82mSRBJQHaefBUNV0k6Gv0ZqyeDLDx+xYIRG
g+j4EhFbCuvJrKo0Rgp796giagRd2VIUjWBcCsnf90DkTYiQ3Edw+8eG64U+9thAFnpqIZHGjmPj
OUW5JRNW2F0Jr87ABu5HHwsZRneNxmxElNgqk2GwjNjE4XuY/egGxrIGP22Mala7YOM56jqFhBA2
Hi9RmNLNEQZvXt9kmNHEMtKO8noLuBTxh9Drngk8X1KjakTn1hHpvBpRhd47LCzs5mwOdMfY2caN
xgPXEfcOym3fPtFau3yfM95bZstnBxVJg5U/l/JCbCLyiobGOAmWp/AIEYXj5fOkmSRJvSfuvCSl
BhJBp8xtfjchYMMtCzNIHWY0U4xO8+hRtaCJzuZcQIdVl8TbRrIgByqE+XEQt9BiAuLBdu2+s3gk
rIf08OUchuRAytS0NqINtzusUi0ew0cc2ZRWTNjZ2AGng0QWYUFxi4PR2cM0acthU7D1G+tDQ2QF
h8HOajsua+Bf6iyiqHZuvsTUDwZjA99vsY5u4ZA74TNJx73BGJhkEOQr6vsMDmy/BtzSOy/8gvkr
XC7s45mLrBEwZVJcXYNz7zfUF7b+EnFGW9f1+4DHMIPLdLrj3xyektSgyPhZFFgkpz0FUGU5oAEp
up+jGUktFtGsEP5OIeJkP3ay4EJkfmsKdfb5pFoWZoGHx5SLcCm77+4AACAASURBVLA1DbDhrtFR
2GKgkXi0RxSEloDs8CjGjZx0RLjil0D8ITnxURTSRXELYHQwIqFM4E1R3mEsEnm93Ywm0cJSCOc6
pki0aPrhEflJprd22TAa7sriytV7Bk4xqnj0C5d1SRek4VhMTF1yMocIzgUZRnB2Om9dP8GWwZFo
w4ZFyyiCuxbTQQwdUbWtCMsITRRUuqfwKxMQ3lnp5ixy4ZO+RYdsBjIG3QR45jaeo4CHFXcbbVH9
j0RsAclIrQxhsQ/KyR4oJTiBxivJeJBE043oH0VV6CQ/y0O/DIpW46nOLE2U52ccNJxZoEH0x0rZ
TswljDQeZlpo9Ex6l+mWpDEHYyIOSqN6kwomEliTaApucMldFDSKSQ/frbC9kbSfxOBE6GY0gtpr
Folz9cDkxHp+d/hf5oMKXbCBcolxJsRQzJt1FLjIEhGjJfPBOms65qFhgz+2+mNE5+a4KoxnfuPN
T/DoK+ohZzIMabHOq8f6XOVGG9C40AXEB2+KsZrz7DeaWYDAweKKwlgGbtGxebGFTTbEV26J57nH
BFf6ypCbNG36feCLp7EPQYoRbyplikZGapJNT1tqDXLxk0UaDcMRnEWq8X5oHIDW1qN8rDAwLcLg
kkh/oectDWtwp+Jzdd4jnl2Ck7sl2mK/4vzjlMYtgQqtNHywphcTyHdgZCqKSbRrHGZJTMy0jsWz
uSwMF26qtNGDBSvOngGO6cJiYXaGbSHAAJ5+mThigZ5V8O6M8A09ApklI8MQwAX3Hd+vjOuOP648
cGH3HlEnbZo52668evVWuAhe/LbAB6Mpb+Y1bcGIZx0ePDQRR3zP4bQryIL7LRqTuDLUWT1qCoKc
MFK4ofsSHH0h2gtww0YfrTX5bpH2Xk/nmRQQvSPupT+FZypQmNjV1EIVUUaUVrCFcRS5VrToiX1J
RnyBF5VvR2q0QuYzk18M1FR2UVIYlT6iJE0nTbYnSp5adFChiLHKQmNh94gKoSMaqRARImzO41Jd
oluJQQG5aQIh6Nou0Z2vE67BwFkRnt2DZWEjsgoe5Mdw9g1LeMez4nyMPSGRyDFuEm3MRR7Z7cZ2
3Xi+vYmbBAC7b7z56iX9esX2HoClrwxuUaxCwDXuUQOAdZxLbH7WVl5c6bLSXLBxo45mcNAegilr
yhBl92eWEf7iGOHwNzOGPTPkiTGuYM4m+rG2Lst3Q3ufEOxMd0+Gg0yTFolbn30YygUv01W4V4lP
uUhSZpKW0mAHWj+jSk/teHjrRhRRBiEwsKr6hqgUCgHsTkAaJ0qziKQBjsFGTQPwVSEDiTBvUTdZ
EWNRhKIffDNPARvllQTeQ2O1wLkgys0RgnRHIu/VOpJs2+gLloFEi0A0oj8MzSYfSB4M2syVRmfm
yECY9fBN5RK4Vt/Y9hsvx8Zqzma3jHnT0JqxyENEaXIJAMiCcyYe/ffDJzTEO12iGmh4sDYWa9GW
24KlOxLHs9FReUB9RDZhv6FiOI9ER7RBGxu3ph9rTfW7EL4icKaYLVNoOpNmXE5iCEVMvNJM8egU
qoAStJQWhW/hU1exeMyCid5LoRnIICG9uRkVhqyUV5RIVfJ34h5Cr8TnSyacM1CgZZXLDFjTXC95
kgeL1LzkcOi7hTBvRB1hDoVEJAdaOogsiXW1qLL2hprTJUxdm6BoPIkNo4txcQk/jMOPJTW62yBq
tTwpyInd5SEe897J6WJOF0ue3AgYABjZ8A5ZZ86355rVc3S/cPFON+dBVja/IWKIxxQL4xH1oGIb
LbAqEdp4juDBnN2fGa6ZZwzt2smhVT4Qf/q7TVv7DuCrRA8cKpZa0xyQWFFEcE3bdPInJn/SPNVs
LcSjnPH6GZgURiYnQQLEAk0vibJY1MNEJ9SavLHqDZFyWyoySH8xKQbL4KCQ+eHG4hkHSZiJgC4i
19Zq87L1dJXs4z3XIzarpQkePnJiWD5l3U/oyAgOPP62z2xGhQJL5CFlofkjUTNkXHxFZKTJb7l2
ym59pryqc7In62KvfKeugaExUJ5YWBm2IUSAwrhCuzDsLUwiM7GwptaW7DlvXOQF5g18Q/SC2Y0h
L2B4THbzmKMIgxtKC5nilWw86Er38eG2LMsHROTrZK5MJKJFDp/HJZY14HjSlFWNYRFoEoKQ4BiF
aco21WVWp79VC0NqwsM304z4REOLkBFlmctK/VSuMVpX5vBKz8OQzn34fPWnjkt6jDnBfeJ0+Gz1
WMI+o9VUF02WNDVp3hNQRQ7XwKwGIQnug6ZL+lOx+EYwNtx2Fr3kYbIZ+EBjt86CJlgahcGP+hg9
1z16iEkSKHtSbKTW10eQ+RyaOZ0NkQvDrjFHyDpNGw8WSe3yDyOtu4IEHy0YbA8xc9s1ovFmLB7V
QU6MY3kgMgGiK49duNFQ336+NZEPCPL1xb2qNE3xpZgCYunsVgOQw7kWThBFaReJPlmB10DhYMxv
WWky0mTYFGLRNv28CvRVmAJQ/T8rIvVTa6UyGuHblTmVqc3wrAkSj1aPHj3pFw/Ggab58aSlFG2o
ySULN+LZekXPiZyLezrdzEg64BjitR76qKLT+P8cEEUUpjoRWYrdsETLF31g9w1cM4Ed6R2HmWjv
BBVJpQUaPyrsiDnd7lnQO1sgWAZlFTuv3HygLqhv4A+4BqbYXTCeQ0OZRZ8y3SLt1qPHxtWi9N+7
s4uzjB1x+Wsqrf3aHDdmZZws0zL3lxeKLu3ud2fHOf7bknfVJkU5OvvFvGXJhiJkNKgJUAUutAcF
h/SscnMt7V1M3qqQ+kD5bTrgPu9TLP9k2qWEuyHRlCz7R+wYbluayIAxzsFEZwse1NTE4D7YxVN0
CrANINYzr6i0qE7KEW+DkS02d0xi4HjVGYhF89oecGVEYaMjXKIWU6KCaNQOucQkiaz7HO7Z8U/Y
bNAssgShUYNtMcyCjsOCeWPPqqWWgrc7mN+4Wo/Ul79EfQ02B87FhYeu8Xt2tn7jYhL34gGyDlnY
hV9TsA9Fd5gKe2VuqlM2XQ6nXkLFQ9YHeji2xykqlX5inbomtHBJUNOmgFTEicaGLCwZgjMFZ3if
91O+2nHpFCTLja/i2UH6SSl8UXIWbZd8kvR6RF8516/nv4NS7GkWSCGQYHu6J7k02gx5ViOLSIwF
8eifOrzj+RqRxiJLlravsaHJcWf0+fl1eNRGrrXn/a4M1zxkHkFJW2Z7zhic2dnZcE4j6kb0lm/Z
xknJ4eX2jNqOEWPubvsnEbIzc7JGFxd0tBBQVjbf2R10CMOUxRvXsXPZhX3AFdj9mX3vH1F3+Ug1
R6tNAg6/yWOqZ7Ae7zd1UmxOGuv89xIQF1KAbvPnoQ8j5ikcjGwyNiEPj043qksKh2W0c68tl+pG
M4X9eM1IbpTld0ompklBE02KsjPfpx78qWqNWY78koLeKAGKNEewWXOqFlUFFP6apT7tblGYIeEX
4Y1uJMgbjFYTCxQ978OsMyxZo0Rp3JJzDfOLsmTfGKIIAWKuXOji8TMJX9O858EIKnR3wC/Z2FZY
2hOOsDtzP27WGfaMb5EJwAc9taFHQyQWnKsYvQ1s3KIXhN8+osCHqjpWPJzS4P1IbiyBbLsmrnSU
wnturHE4wXigsmW6SgCDY01qikObVRvCQwHdC2e9HwlK7BToFDx3p3uGJZane8ILOpPFQminA90P
7pdZpFNA58GoKa2D4DuNBDN2r74UhX8d99CQKNgkhn2DRr9QNDWR4ZoCmXWBqCSAWRq1YAsYomR7
lEywWmrQuLeOs3s/HcSoNBeTORKvuaZAhBbFgx0RjVYag5GdfhTpneHRgBiLkczRni36/GPRdx/Z
E9poMYXNhM06YjETvPsjN8aHdNu2X8Q1MhxSbvqx0dO3mT5w9CQtUyJ3AhA+TtBgT0IgFWI76EHa
K5zLS1PmaS1KjJTgwRSG0gCRAQiTfPb4RDNYcM3EIjyNg2YTJrPP95ZjPdIM9BGudJixZZpCLLTN
sCQLMqZmkdSo8Sxj+pglDCTgWz4l6TPVQZj1mJ6R3hi411CGPLwuh+BlLxdJob7k1NfuPaunSO1p
WcIXh2X1Hu+RGPIUwtjABkNCG8WeX0MXWaqVEdyzMW6IZRkaAfi+1AU1xe1KG86wl+NjH3vzF5XQ
+r8CZcra2/AhT+11/vcheE50AVTgEnymjB49U0OhofReA5WY1CakySs1XD5TkQ1LS1ZIEVriMgXD
MrayNH2KxQEAXqmdNh4kg4jDDMdzCDmIiRrjZMkbCzfhIBOlL5LazcwwzVblEibUTvetKVAlpKFh
FPFoDhxpKQ9ESmPNYr3jMNx8j0IVfTjeT/mp0SZqZIy3WawDHsUj3Xb2pIh3wjyS41qGB1zUZcyD
vdseLA7PqNZCmZhteLJTY2hoWp3xkmXsNEsuG0+/Qv1WRD5y9qnKHIkXOzQEQOrvfvhQtVlxKp8B
nadQ3E4msTTYOMXk5yjSGeM2hey4NEPjGQ/N31QXwSl0WZxai1obqLTpX0VB2D7fE70cdApkacmI
PHOMbw72HCns8UzBEo2oNsz5gsQswIxI67BG3nLNlM0RVZrUOo1TtNvD7yJnU2fOT8yPSfdsJ3ck
E1iu0ywX6xQS5kjBNi4zEj1McCS0M2lDTGZdZ46x3htF83lAxo7xzDDl4oH6b+mj2rh9iFQl9L5/
qEyV1WmsbS3H+rTggdIcp10SCda0xcF4SWGcAqjHYvix6PigUiR1md1Hp/O1KYCaWsWsx/0SoX00
tR1373U/THtFmbURFQkbGZZPUW4U9ywE41iPGaC4zjDeLbWU2fyc8svKZSizfByEFi6AJRNUgnDn
6ZNVF9Uys4ORtYiK5gDNEqTdS0ufehWPeEZJOtHwwLUWjgAlbktwe0+0Jfclokmu83OHxNCHnu83
s6gr8CWPoeJsNLeIeJFDsFTb/+7l4OXSlro9Nqg2vwDK1DJuaYbCHkeVQumWEpr43aHxqirkiEBq
0wq1r4GaEW5vyRcvPycWzbVP7ep+QBfl/3imUCOY6PfmXOrxC644fKYpgH66r/TEQsMNatr92V80
Ahe7dyEO32t+vvsMYlwsN7f8tmzTmSYWaxzuQZh4kYhsg0zYoq2THH5f+XXmW7R4Km3sI0bbpQAh
CT/wTKAMhmj83hMwt+xPoXLBsx1nBESRueh2i/QW4XYM3392ClZr7YNNdUIAcMANgQ2VyRkz7TH8
8Inm4rrfQRLiEZXNSC2FsX5XQGcJxuumrgRJRI5+ELnRZMUQtSGSYF+mXThFg7Okn2JI1QjePEZy
z66oVFSwW/VOKOpZm967AwU1zLXLcnSXTJHcfb5mdBp0Bzlpj2luvIDdQaHlmmbVytmXrPSRwvFO
2rgOjl9CI/sa+crUXtMNILQl6sfBSU06gWVgjD3WxXtAOHbDfIsoMzW4ALTxwSlY1+v1I+b+0bkw
k1bMfDA5Lb7LYWbi9e1tmz7PcWFdZ5xIJOv2ch3KT6lNPn32vKcat1JRVs4GrN+57xHVWhUPaG5g
m1x5OW+uHb7OccoPx7rwMPEanZdtA1Jo7rCyihxzo93iecuMV7rpDqpJrXWOVgt8LginPnP4EVUC
qYmLrnT6XT1Htfas/UvTi42o3DkdiPDjIo6XLPQYI1sVnYRV2pI5hhXVHLLpUbK2+Iq4gy8ffeON
60emYOX2fnAugheRGFprE4IoR7wa2ZLRk6evUhJuVic0tV6Ce6WVitIRQzDlSMXkSXTOEeiY2urY
Sr3rLX++jDEFPWCHca9Z0pSF7joyBT7vi/m5YZbuv6d8KUgN4xlcTEF1xI+0Ej7CFzE/TL+Pw7R7
6Ec9aYc6aKVBzoc6goys6cyGJzM15JqFKT6FvyqJDkE8ZSXcUU4QRRbpioaLE1Xm4f5E87pt4oXD
dtbMnIQPajj2wWOH5tU+GDeyT9NwqMs0G1qm0qb2qMU7SGrMNBCUKQrt1yZbgnnSCk4ojVInVWo+
Yjr+Mzvgl/m97qHd5qnKyDCEcNxtVD1L8OIzysz7nT3s/WRi8ntnTi7zqGVAC6SNf4z5nigQkdRe
AUlEy8vwkSyrqIOEmJXfpXXig48DwGFuxSJibJl/rfftbkcQURCHRW+IYmBUI7u79aAlnBF+bKPN
gGzkkKmwNDkgPb87hD0GyduIAtiwEg1P5XQnWK3tH0TW+SDRAENOp11PN3ZsWm0MJ5MprtO0naDW
dICZwvB6+sfSvBVgWtU6h8kcxKSMU5g/BffIGULQbFymQZmnuGjQE4T10qgngPj0bEokrAOQrRQN
UwAhIyuYWYr4md99L3BgYuUreWBX08SXGayDRlSEV+R4d3lYgbel0M6mMIXdfUTFgrQEh7NKyauR
U7z+kr7VIk+hQSXYXeKgHh1/Gg002iIEqJyBhw/a3t4uWNcrHxHso+6RUhAvB7c2IHApSf+olv7s
twjcncDa1jshnP5JhNUFceTKHwi/H3iZUZGWHqeSe/hjrndhQpM5cGjJcDZPn+Xy2gE5DgbpTx2i
aYcQnnAiqwDDTwePI7qOzxonQDMPA+3QkHMdT+kd6/MZyn0oFkM8Tzgrw895khD+KLtv0UdspqlS
Y0lE7TPST6enE8h9RKmBk8UAxWWCtyXIZXYXIorPffvoG9c3PvI2wcrrR8rRnhpnwgznaO9wjsMH
Sr5Pqe2MwirKrCYbVXhaG1U+h1adnvlc4DtoY0ZH8ZmzvL6iQ/R0f4fZPONZ5UwfgpSsBZ13kztz
YFZl2sosRZa/kPhKM1n4Qxn1CqVx00yTWQlf7vOvGe4fPifJ2owbiuGhqY3Tj5s99xOzik6JGZlb
HLCFk49Hjv1LClMcuugMZJVntIyu0Zl0rzlJtTL4sb6bhcC5QNfTfsCPnAXpdcH6oddPSKVc6pTP
n0kWiYqeNrYivYM6U5taUeHdqS0HG6YGOEeK8V85RYPpqIoe2sjG8feTcB0x2ZGUBo50CSMPz/Ee
O20Ikn3tOVUheSLmZEI3zco0e9NfPDnyJ010DlRmwJLvjbEt9xq+3IPwNcfUOgW8nn3NsjLdiMHw
aXbD1yIFJp537u1p3WNEjc6c5LDwpOvzs/YLt+s0tWYREd984PBDn1aw9n3/WZC/FTV5h99ylz/0
YzOGV47fpvp/PR9YIGX9rqI5ctNjQ+wUdo+7zSkOWKHKd3Sck3ap7yyul2fkdZi7+zTR/DwvRzzx
m5O6n0RCr4Zx3AnpFBBLTMrCh5y51Ak/nE310fgkNjz/rn5K4LeJi80IFyZuaB4ZB9UCTev7+pw6
X+8550KrW/Vxf5nY934y+zqfMRRKP/bVyk/LzEHlMN1+7uXLlz973ovXNRYiMWTn/JJypOv0ve7X
TF/i7m2Jg50erm7uDMSWEIU/1U5aMjUUlZDNh00frsyhTo0wEgM7oJBzpGmkgNQjl0+kh8CWWSNx
rApGIMrC8Azz/Thw9houVOtlr+FW9SwFDAdHTI73WGmFomhniskO3KvoOJEsP61RUn+CXdITzEyN
l38i0vfj4KTGOwdRZ3GYmKW3FF6mWT+i/KWe4Yd47XqbYKkuf1EysVW9C+JUlmqOk10bWA93n9q4
/1lpGDiixfPpuBeisyAVTnYkpgsiqNfeYU8md2mW0mil8VyKpZma5IStTQ1r4ReNqWVs3mPx0kY4
oYc/6Ye5rO8txquW9pEDiomiCJ0+GBCdDtUp7T8zGFpFsnoSpkor9QyykphYwi/t7jOK6Fi+Hxb3
06p7DyUgNl2XglPi8GXUl6VvMzhioIi3dvvh31SwrtfrLwn8+NmBj80J4ZgMAgy0HSasNsGj01Vz
iaSw+0TZxZlAYjj0lpjMEfqfb+nQDPcaoYT1uLfD0T9ygKcI1I6o7BCA0E5Z4X8Io8T9HGmsk7bJ
DVP8MH/1vSZ3glzHzP1IDnsm3JtUeemSkd994n8i/JTvE2tVgcU58Z7vwFKQdH5vzBGEjEBzPaPa
KgKBwh3ttMbd9uPQTV3RAmX3gnqy/MME8/Hjb73F3+O1622CFbepP1QmqJK452viJeYz9WEZetbG
1CaWzXfJznink11A371ApQnzs9OtnG/1HGDfhflyD3+ctemBK42pLYdZhtJRwnR85muClq7AYfbu
tbOzzHsKc1drNE7fX+7AYXqNW7IhFGeZ/qDqMiMxkYq60g9NjTFNFUfKpvm5oYHNfXLP+gUCB3SP
AePz0JNCahUEHU58OOlbBjya7sWa0FNDkR/6VDL0OuxW19PlcvnbYL+XxIzOG39ohFP2XiyjqAyF
3UGzQ3B+zV3d3skJLxig/KEQtEgoDz/5S869r2UDtB38+BP15rhPy+84JdLPUZ4cAjIxrNNnZALl
TijOv3eJyHSSGz3HtPiRsTjIjEkvkrMJ14QEDk16b16Z/mN10Kg1KkYDMJP585l8TOe81lk87k+a
zoAlrImhPIBIjLyTBdL0ddsRcZpc0iQvODeaKubtV5+fX34t8Py6AH1KjQU8Y/x5T0T50BxhPiau
ZQVJnCKdaZcrmjpozHWVOq2Fj2Hl9yc8FqtPATkQ5QOqOHwf/7RCFa/VI8KTg41x1nz3GNdhdiYg
PP3Lsy942mAf4JcEYvtd9HiYOcvfvz3rcOadlfAfmYRTJVLiRkF5KbFvyEkDwYH9nV2JaUVMZ3pN
kSwRWxhshUnlvkSUaUReMyLWcG96HP4f4FMIVXz/p7/ef7lcPgz2/jPuFNSNA7mdH3SmxIhMzWVT
391jO6UpKpSvE/k2TSR2p21cCnA9ax+mpnGJJh31+zOL4h7nSigDJnBb6n3CICeNeqexNesm5+eG
1ilH+qydyo9ssmAFmBZEcNK2pe0LKzyveX1+JavxmDdtKfATRc/vr0NmVq5HaCa1k8ZPk+sj4YRW
PSlKkMd0c2oHVSsBb7jLG09PT7//jTfeeONTCc+n01gAHwd+sCLAM2fonCs8I9ytplrUYqdar4eL
H5+E4mR2MgzNBT/kPRgKy6HNvJzmQtQPwQk4Y5y45YdpiPts815KqMyLR58EOg4/44wHTehnMifq
xKcgTtxun/degoIfKaazM1/FI3cBS5lBtzRdBwlRPLsew2RMlNsxhYpk1to2oz4IoZqQSmqpoolL
U2Sa7mTCVqXWyXUpZ18jZfT9n06o4DMLFsuy/IC7Px+npk1BOQOd9fBDxnTy2ummjq+yE9qud8J5
LGrY8TNOdt6s2A8/NNRJyA9TVz7eKVIrE83JhCagOlkZ7vAaHnd2/I8os3C8I7ISWjjEpZs176MI
c1NDv77KxcA9zGschHU+w/mwFoyB+UnbyfHcqd1CQ578NGH6Y3XP52ea+drahzyMQbupLIkVJvj8
+Hj5c68/yfn6jIL16tWrvwP8YHzJEVWJ8xott0xYmoyijJxeP4lnmQ4IjXsitHHkEYW72CZ/m639
M51U5uYwq+TnHyesviMghWBJWmk5qdG+hy8W+dSjImn6NLqkdknTW2mQE7/+HMGW9i3Ixhmn78jv
Pj1bXYfGTMBXL9PsH0FN3qeW2TuQePd9Cuj9FcDwqKT2yY+b1KETuXGCoIW1+bFPi66I+A9+Jm0V
e/ibXu/9PZfL9mF3/5KCBuKhl/nfGbl5RWF63DBQNN2F5TAPeb395zZPal0x/GxMQDP8lrPP83o0
d37AAgmDslxBwtknPIOxoUljCG5xwus774oVOPy/s9N/YHIngT050LVu56ivzDAcabIJc6TfF2uv
xBApmekcM1i0Tbpx1QxMImNWVx2Aa0Sg1RKknj+KKZJYMBmosd6LpsCbY8qbD+vlD7z55pu//pmk
5vX4+VNc26smzUXlj0eD/Gg2G06vA4KXzzMbxSoQPalilaN7TZj7IzkM2VhIKmKpbn/BlBD3fPzg
BZUP4fjsfONznF28vz7XcCiaD6nBpBzyWFITOSql5/f3NCkye8iF4JVJS9YACiLRlH9+vpJLUicw
BI8jYBESp6rMgx+ddqKAZEUkEtxNqhdZ8b3KjyqfteALIRZbUutG2yGXqDYMX1fnXkxpinejkryv
FM7MWAMe9xC2PbWt//uvXr76sd9Mat6BxgLg4eFh/Znh/OFJP5npkSMKLLt+RCoJLCKTy1UPM09E
mtnyuyKaPHPiPxX2dUr1aHK5JRp213epXqZJO+NcByBrJy1w/L0wLgcmrTk12lkbuDuiC8NqrMrZ
F2ICAQc+dpiz13Gq87OV1on1PK2TVwHr61qSbOEZuNUBK8TBi3xmBDOFr50j57pXcUtsKkyf5mEP
axCuyHD70O32/Efg5JB9musdaCwAhoj+kop+B9hJHCsM9yiacUJLqM4oiUSN40EF9xSkitAkZhxT
PtH0szT8o0nbkVBMAtUjKz77pCnwGL497y00HlIt1ziS1qKhESU07lGQG++7769az3x8MgDeUyPE
PVhpMqAVvadeel6yhFHwqoAKvypaOnoon/Knssuh4Czu6VZEqHquLPJTcAKktq+8LrHODqYnZWAd
EVjkgqVZrUa7Pg+0g8f8IoHvHGP84jsRmHcqWJjZ316k/aMu/vVHKuAADCvcy22JpCoxTCBOIfOB
7hTlKYzHHctFJAWCNF0harXI2apb6mXRSfB1jViCOyNROX1/kuxiIIGkgHCYUy3zI9TovJh2Rpq4
ND+iKbj3Yhf94xMDcxAtIHR+aroKYbbCZBcF2vKO2hQ8Fc2Gb0uiiMdhqmeOOUNpjbUOVv0kc46Q
vtR9ewEXybWIunEq0qz3q/yV7Xr7j9+pvHzGqPBtL17bv+3Crap9YyMkTUH6DNmwwidBrXJrNk3D
6xFjYCT9MFPa0twdSeM6+9OspUmeGNkdHnSispwqkOM7j88RXj/llRw+sLED1Y9o92C51gfqyawl
wp8Cg93Ts4sYGSa5Et026T7nKPGcaTjW4EjhHJFmFojIIWARIBwR+n1+1mZUe4Z8ZpDi1QcjG+fF
s94a+mc+s3TcX+9YYwH03j+xtPZekG/KMzc1wDz9kicmCCqcqgAAEeFJREFUHfYmgCQuVWNJqlH7
dELTJJbJkePsS77HMxhwkehP6nUqa/PPG5zLVtKDYOKp3Q4n+nCEz98pRyhPTNfwcp7TjMf9xgyf
OlgzYMirDl09pRaa7kWPOX4m6R3GwexplqtPajmJRkzcCHOIdVSrQyL5fGHWPX3IiLgjeIhazzr8
Pk327DNLDFGooCJcmxErIvpnr9fn//GzkZV36ryfr8uytJ8A/8YIeauSJxxpdbtLNZyd3rfhK/p2
pz2cbwJuyDaLZ8f4zDyof58T00WDKUd3oslnx3k69BWtWYCyUuX/x/vPqZaZxspUTPGzzvSfYmW8
rZeY1L23BJPJyRGVZ7XpNM+8Ju3QLidNWSZWPEbGFbNzIukigbudYJlzsr+CkeZFva5GKRWcRNrI
WRBZfup6ffOPwmso9W9yfVamMK9tWdZvU9U3cqh6qu31aBlphya5Ezx00mgsJlHe4VUljEeE1ObC
FOL/OsOg2KFl9lzI3qAH1TYeNIHVXNQyoZ+KFgTMSKhST5P+q1mW5Wc8TuNQkazWWcT72mdmhCYS
cw7P+NfIpnDmpwhaamKR3CHwdSjOlO9pEu8+t3CpY32rIvouE0GlaTJ6dUd5AuwN2P8VPkuhgs/S
FNbVe3+DtvxCE/m2UC4OOTu1zEy4juPkEKcQlaaYHPPwj2oPajCmpEMcUUqlgw5sLLhJxdJjRnTz
VGfgcJipw+9SCrHPzxMFGcRwAsllGZwjxDKrgs7I1imn3dKcJSaHH/iYpMOfLoNKQhHT9KaJS9wu
vIKYDHY4GYKK5fcWkkdElXhgXaq4J+CSa1e1ns7RV4zkX5WLUW5EjEDxuXcmA9y//Xa7/R+fi4x8
ToIV9zw+pKLvR/gn8TQnUkhxCgLtgCFw8NiwaJWdm0vZiEynTBGrBUmCGoroUbqhHFqMiT+dcD8O
Koo7aEuHvABAt7nZFeW2+RkFUYBqQ5vxlV/+gscX7+V6vWY06rlJ+RkpdIhnMEO5jhHteolhRQ0c
Pt70U/N7i1UxmRY+v8MSG1RZmdFztjBXEqROS9BoVAtqT9hAKEtQ9aMcnyOGeovqL+f7t237/s9V
Pj5nwQIwsx9b2vIvgf39MXU1ncnSBjlW9yhHKmc9HiRghLPD26a2ikb7RxgvhOVMXxxJH6NKy6cT
7iNfpEhFqGmu45ssTngJdiWuAc9BTTV3J91ulqXxh772a/gHv+ar+dW/9xvsW08NeOB1UU7WqG4J
dc8OMUTgDDNoRTj5LF73G4CAUet1YGnxqY2aRotlKosjmCn4BSqAinF2YZrlFLCMGUhVQCMiE4FX
kZ+63W7fzpkJ8Flen4uPdb424NuAV/fEtjR1rlO7hP+Rp+t13+MU2kOUUS2nItUjnXCgxeEvHf5X
/ffMf682QvcP/Fq7yaKWFM16CmV9njPG4OE97+Pjz3u0t07opHphuTB57BWi36Hw1lMzVNlcFWYc
DnU8k95BM/FMmXyn3bdbUmGd0PnhS555XFFskZCE3H9uUGNk9mw9VWq/AXxOftX9On+e17ZtP2+2
fBvQzxSVat1TGzkZmHZEgvH/90rzYD0chQOTVuP1mkqYJqJvfhLCeNfxWjJSO6qMS0grFTWTvigx
ITRA2IM56fzer/5D/PTP/Dz7VpsYJebnpTSxKDjw808PCkqxFHSi2rkOkuS91B4Ho2HMPxEd2vGc
NbJkBhE2D8rUQKlxp7BVoxUWyCgyijUmI6Ir8qeu1+tHPgsR+JSX/OYveWfX5dL+JKx/yX3XYg6c
Q9xz5v+c7zoqrQ/2QGmuiuTO0WMtfuW3Kkd45NO4YzrUa6MDYLX1WDHf7kDJO/wrmZYFRRSFxCS2
qfhYVSk8y6hmT9HUTnJUUvtINN8PZq2m6S+YY9JmTgzaITr7ywfxrtin6Vtm9Htms1ZTOTkd7ggs
slyMI2sy18nphn/Htm1/+QshD5+Xj3W+xvC/oSr/r+D/rKWDfM8jPzEJ5ADpZkcZ1cPB1LN3m34E
UKmU2Azmz2sQennLWo5SpoSQclAzD2YVsYazXBnCwnAiv9hQUZq29D2qGSIZfYUv1JCTia5IjwnY
mpQrFe9ockl2RXljSkzTiRdGcptMI2n0c62sgghtEgjrMJTvmN2qtZqp1MFV8E71laiDfDAswH2Y
tuVP3W63L4hQwRdQsADM7KdF5YboH6/oUNJZl0xh2J3JyoWZgeChmZSEHnwkIhywhp0mNoWP7SlA
dx9J5f8yRk+nP4VIKo9I0mUO7KzggIANsh1mIeU4ZhWlFvZT93D/VEeUGkehco0ZJr4WDdYhiaAi
jKwG7WVGshFpug3muLyJyud3SEA3sZ7xDJJJ7UzHB6UGQwulj9v5N2+321/8/CXguL6gggVg5j+p
bXlS0W8KbVWVI/lVUrxvZoud+l9hVhHhZLI5dmnqAs/oKKZbNTTnJ0ppjnjZ1HyxWULNQwwhLY24
pHCdsR4jMPEQFktSXnRlyc1KRzh8Np/P4HDnXxWmV6i5iWdkO1BZA4YTgUTrK6hzD/yuJaQwR2HW
WoiAjCRAxrNpCXg9PyS4mtFo9WyNOwuNKo57+96+337gCy0HX3DBArAx/qqID2ntW53iIgXFJJCf
wLEMj7yuxK3M3BS5yGUmo6lPmonYRJXIbXnylqL8KYxTsSzMx6EVkiZTCOsBRqawpnaNoQeHJlRf
QyinNxaCWJhVvCeRIHdUltRHAxLHC9+pks2ZavLjOyeqPqPJg5el5Ta40HI2YvSrTzZEfr94gSkh
tAqQ7684Ie65cl6OwH+4b7c/+8WQgS+KYAGY+Y831b8j8M+QBq4SnwA1wbhQac9xHXpKJsfWFIcr
3zjNQp7FYnkmkl8CVOYgNpUJaBaCnwAOZyJhJHHzwFebb3YObkVaHkkB8jKxiY2l3tLMQkTWKr5j
+oPpGjQ9wQzTuLUy4PndPR8uhb304ixTkzysLR8h+9MX81Qq2RxasfwxRYbq8m/cbtfPWBDx+Vxf
NMECMLOfEZH/y4V/WaUt4VySZqolEp/+gQYfy4kTNv2UBCpjM2Nzgv1ecEWlSApKSOxeYA7XzG8p
wDZYBZUhiNyczkxAJUzie/UcrheYmJvVqYKEcPZJ8QhtU1x7S+8pfT1xXBpmMbuQbB++JJ2Y5ET5
DClSXIu9kJNDQuCiiXBxZw97ejKJXt9JWYpXA/8X99v1v/sibTvwRRYsAHf/hXbR/w3jXxDhMZbK
ktxWhi9RZSFyVqmRyq8oswlE+XfSVSpKm84JJx9aSjDLZJU+ydeeK4alKD0jtUYh1xzOv5dTf4gc
OTL4aM8tWGpfTVpxpKHKnEWa5mCxG3iYyyEVt1Q2QOdD6bwhp/KIllTkGRrkezQPpuezkbBHOvOf
wNq39u3641/gbX7b9XkDpO/k6tf+v4jIP+Xuv3wuPD0KRYU9i0y1RF1Ov4fEn6Kv5rlI9UjXpPDN
PqYWDnc2DnM5+rFXFCoiWcZf17kUP9Ig1ajj9czC3XCDGVkmX1PW1LzV2Ky6KZPshfz8qd18sh0i
tZIFEHe4HlSrcogyrJlByAxDlYEVufEYAtER51fE+aP7/uqnP5+9fKfXuyJYANu2/fV93/8JEX50
go/T4Tw691YVLqQzPKkrIOrZO+JopjYZoSmg0Trp1IAjP0uL5psUmKAMF452+HVVXFr0nZhoVQ3c
AulupQ3zk/XQk+FY+6EtDU5TXitZLFii93IOI+OhKTbu/MwTeFuXpRtxBkdff90JaP7RbV3/8W3b
fv6z27XP/fqim8LXrpdj+A/rIp/E9FslczWeTnwG78wMvCjDR/6kgfdJEYFjIYsHVQxvnWNPCjwk
HG3RbFuUTqwlK4OKKCX9lByGUP5RtrVuIgGdeKPA1eP+JeGMMj8HKt7QafYPfyfwp1milvdB4sIH
y/Ns42Wa9ZnMrxCaMn1priMjsIvo927b7d9i39/6Ym3qp7refhTepWtd139MRP6y+/jaIqMpzvBs
muuFSUV7xGJv3iWe7TAxhSjXz1Fhd2ORYIZW5XZgVlkAq06zhCpEc6OThVlRZ4GIZAOTjNLiJrKq
+0w+dEXozA41aA4vH/N7X39tEAVPWi/9OfHow94kEt6tnk2CWXpmz85pZKV5nQ+7+7ft+/7Xvkhb
+Bmvd1tjzcvMfnWM8RdaW77ahX8EMgabPgsJ/sXrBUkgdKHQZpVAtqdmmbmewoIOM3Nw1SOMj6xP
g0rhcAompHz2BC8hPu9wAFFJlpiU0Eek6OSYlGlaPcPJCCLy6eOOpdj0VSMUVxTBtnDUxaZQiSum
8Z2FW0U/rnaKShvgf2nftn/OzD76hd63d3q9az7Wp7ne2vf9Ox35Tnd/K2kb6WhHNclMjbif6Ll2
cMOppiA1zoQ0K2cGAYDO5vt3FF+OSqEKAgKIPbY6QN11IvCTU+6hVcw6c/DmPBiH7zMpMB5auVpO
nu+tOFgGCScUk8GoMScHtFFkpOhdGsyRjru/JfCd+7Z9J/Cumr7Xr98yjXW+fIz/283+C216cfhG
EdE7gcIQbRPYtAlsHrwnSY9GpcVkMC2ajKSmONI+0zHx46/AxLHiilRQwAWV7QutFcnlnLdMTEDV
Mk+SdEV30BrQHhmBomEPhJU2A4WoygnBrPF+BYMUtDrvvVJKHjRnzDCx3vThz+3b8z8/Rv+pd2fX
PvP1W+Zjfbrrcrn8YXP/845/6yo5+CmHm587Lk/ifxqqct3jT4zngHsH3yUJbrIQzcuiB9TZjzOX
cPAt/msozQ/fpSM0ObURSL+mKD7Tl5uUlRx+RFQwDe+TEhPCu95pr2kt36bV8nfVN6PaNyk/Ji5/
Ztu2v/lF25TP4fqtNoVvu7Zt+5t93/8Y4t9h+K8B2WPqMA0ARzFomD1LBmf1E1apPulHj87Y9DCf
1Yz3zEs6JtaHKQxSYvWYOGmy+TePNtizwuUg2QU21e7ahUdLpMuEMkifEl/uIIOICu+FrZqwrRZC
NYRflmX5wH7b/9hvN6GC34Ya67XrPbrod6ku/664fyWQZLlTYWqS4or0FoWXMbyoiQYtWC+xUaeJ
XRVRhRBU9XMRB2UCr/Wp4kSrxIIjChaYmjSbpGRZW92HZ0rlPi10qhyvKPPUgCSggiWEckZ6XiS9
X1aR//x2e/4LwMt3e0Pe6fXbXbDqetR1/dcb/Hsu/L45/TVzdZqIPGIZLVa/zlMvz9QokU5Kc3fH
5qylOJics597y5YCpy6CBaweAmMTaZ+Dz+UgO76O3B9tHJlmr0DUYp/Wz4LIY7/krv/Zvu//JZ8n
H/3duH6nCFZd67qu/6oJ36siXxspm/vCgypSiJnVp3aUWd175IwqKtQZGRaWVs3kQjCzdaVYRoYj
IkbnrnI5iisswdkjbeVV73zGmzjSLQfteb8TrFOj2w8h/p/u1/2HeQftg367XL/TBKuudrlcvh30
PwD+IXFjyKF1qlTK2VG5nCYqHOZolsEDB0fp1C7xZILc2l3P1aNLYOFVOdqYw2l1Hyz6wPCNWQOQ
fC18z2gvptG3VFw18yb9uZ8T5z/Ztu2/5/Mow/qtun6nCtbp+rL3r+urD6DtO9z8mwEJtiZZhHCQ
8CJaSwwo+xoUun7uzxBVM2M67G4BJYRJarh0qqvwFDJJAMQHTS6RpM7I0KspcM6wgco5XkKwQ5Ad
9CeQ8cP7df+vgTff7ZX8Ql6/CwTrdD3x+5ax/EmQ7wD+4dJInuH+rFiR8pNqzAegBSGk/zZX5h5o
PaZvHNU/we86dWcuwaUxGLRMPg/GrLaO5vwLwF8Xbz/cGv/V8/PzL78Lq/SuXL+7BOt0PT09fdU2
xjcvIt8M+k3D+x8JVXZK9ch6R5uZkEFiZ9MxZw3/LC/VGAXiIpGYPvlxKjJH5p5bXCcu5sDfUPQn
u9tPjtZ+nOfnX/nir8a7f/2uFaxPcX1Ze2jfLN6+Udz/oIt9nbB8rWPvi9yd3iV5X3e4i5s+fSWi
8NMkJ275wa0aDBR7Y9H1w4Z8GMbfGi7/57jdfgL4xG/dErx71/+fBOvTXe9b1/UPisjXGv0PiLSv
wNuXO/J+EXv/cPvyBXm/o/9AYme/at4/3kQ/7u6/MdCPL+K/4S6/DvZL7u3D+/7wC/CZ+6D/br/+
P7qk676t6EODAAAAAElFTkSuQmCC

READY FOR QUERY
EXECUTE
DocTable
CREATE TABLE myDoc21 (
    `ID` int(11) NOT NULL PRIMARY KEY AUTO_INCREMENT,
    `docType` int(11) NOT NULL,
    `expDate` text DEFAULT NULL,
    `titolare` text NOT NULL,
    `remember` int(11) DEFAULT NULL
  )ENGINE=InnoDB DEFAULT CHARSET=utf8mb4
DOC created
PIC created
************** END Log For Day : '2020-06-05 11:57:15pm'**********
