************** Start Log For Day : '2020-06-07 01:55:14pm'**********
DB CONNECT
POSTED DATA:
Dade
test123
iVBORw0KGgoAAAANSUhEUgAAAJYAAACWCAYAAAA8AXHiAAAABHNCSVQICAgIfAhkiAAAIABJREFU
eJzkvVusLEl2nvetFRGZVbVv53RPdw85Q3IkWuTIw4ukNz14ONSDRd9AAn4Z2RQkGzAtCoY1MEBD
vogiAdsvMmBZgmDD8kWAZFAyX2zZIPRimJQfBPhBMEwSNmBeptk93afPfZ+9d1VlRsRafojMuuyz
z/RcemaacgDn7KqsW2bGn2v9619rRQr/Px4PHjw4iTF+TsR+SJEfEuEPg9wzZAm+EJEl+FKQhcOZ
iAB6BbYVCRuoGxHZustGhOeg/zfU33DX3zg/P/91Edl8p4/xOzXkO70D367x6NGjs+D+z3jQPy74
H3X4IYHva2Bpw5lOyG6bIuLgfrQNjPY22f11dw6/q20Pv+Nuvy7Cr6vyj9br8X9/4403rr6Vx/lx
Gf/EAuvp06cXZvnHxfm8iPyYw48CARGEYxDtnt8CyO7v9DqACyh3v+/lMQFzGiJSQf9PsH8owq8N
Q/nV11577fKjPvaPw/gnBliXl++8NgzxT6jK593lx1Tkh91d2sTqDjQOqMgODPNzc0dF8IPv1FvW
bNrIAVaOQDWDzQXEX7Zs0xfswDbt3P8F/EMRfi1n+98uLi6efiQn5Ds8ft8D6/nzt++XoftTJvLT
wB/Xl9zRHljH24+fz1iZwTVbs1odEUdVp88FZsBMn5hAW1/pEm+Dcf79OyzdPwL+ds717967d+/Z
13D4H9vx+xJY/pu/2T38xP1/SdGfBvvnEe3m1w4n65Wu6sDFHVqy+X0zuGqthBCOXOGr3d7LY2+9
Xv7cXft2AMzR3X9FhL+9XJ7+LyIyfs0/+jEZv6+A9bu/+7uL1Wrxrwn8HPAH4JYr4ph8H1qf265v
9975NVdcJtcFVDNCCO0zB25ynnwOP3vH+DAL+fLnmos0M0RkZyHBf0dV/0rfr/4bEclf7fx8nMbv
C2A9ffr0oozbn1XkSya8BXcT7cPnM4Dm8SpgHQJFpu3zc1XdPz7gX2aGapyf3Uny7wLcbStl+Cut
2Xws8z8zezeE8J/2/fK/FpGbr/MUftvHxxpY77zzzmt9CD/nys+q24VrmF6ZSfHMdw451PHz40kz
HD2KBudxCMRaK4gQVJtLLAXV9nu1VjSEW1Zl+vbptZd/9xgsh6A5BPXtcQgs98bzRHiiGv56jNu/
LvLxJfofS2C5uz558N6fd/w/MtGLxnIME5h1pAYqcDGUcPT5Y97i02deHu19MxFvIMJ9x7ncCuvt
hkcfPKZfLAiqqCoXFxfUWun7npjS8cRzt3QBx9bxcD/veo+7E4MAugNwNUP3UcAlwr/f96f/pYgc
RhMfi/GxA9aj9977Yxb4m7j9sfkkBwJ2cO4mBXx6tgfZ8eu2e88+agu4V47kh9l6TG6vlgLA48cP
efLkGZYL2SrnE5hKzpydn7NYLFgtlyBCjJHFYgEzuFQRdaxyEE1OrviW1QIQdVQiTPtoVnZAPXTL
x8c3P+Efq+q/0XUn//ijmYGPZnxsgPXkyf97XsfFfyyEP2+CHrs7ONSE1MFEjyzODJr5/eqGyX4y
5omah1nZR4EaGXPGvPDs6SVf/vKX2Ww2LPsVNzc3aAx0Xcf5+TnjuEWA1WqFWeGT3/UpTk5OUFVi
CDC5SA2AK6UUYoyNz02AE2887fbY7Y+D63yc7bUoSuUO8bb9NVH5Gylt/0OR1198czPx0YyPBbAe
feX3vugS/jMR/yTsT2ZAMNmf6Pkqb88PAXdsFQ63geEuu6s/50wIM6B0mmBls93ywYP3ePv33iXn
lsLJOXN2uqLvEyEk+tRR6sh6vQZv4Om6ju/+1KcQEWIQUuq5d/8+MgF+3ucw8TJoTteqQ9AdeOZj
BaAaBN1tO3ztFcCaA4/3Q5Avxbj6Hz7K+flGxncUWA8fPjw1G/4LnJ+ewXM4DoFlcrdGtX++J/KH
w72iGie310TMYcjEqGy3W0KKvP+V93j48DGXL64Zc0Vc6ReJ5TIxbjMhKcOQWaaOWiuVChgqHWbQ
RdAUEau4Cn3fc35+zmq14v79+7g756cnxJDaPmGoBLJVUlDkYJ9NWry6t8z78/ChWtgsxIr8nZSW
Pysi19/w5HyT4zsGrPfff/tzgv5PwPfDy+B5VZS0B+BM4o/51mGSWF2paogrZqWBolZyzsTYcXV1
ycOHD3ny8Ak3m4HiLTJUVRTHqQgBVMCcsCPpNAuUOkJIKE5U0KQtcjTDcyG7IUBKgTfffJNPfvIt
VqsVIQRKqXRdd3Tc6lBxArJzhfNxf5jFmh/vuJzy217DT/Z9/5sf0ZR9XeM7Aqz33nv7Z1Tkr6rL
cr5Cdzv0ihN2e9x2D4ekeB6zy6y14l65urri+vqacRyptfLee++x3RRyro2/ACE0MXTMlUUMGBGj
It7AVB0WUYh9h0OzWF2HODgVcyeGQC0NmLDnUzFGXn/9Hm+88Qbn5xcALPsOlYCr7CSMQ241H/tt
q3XkOnfvU1SPcpYb3P9C1538zW90rr7R8W0F1ttvv32/7+W/xeWnwFGfhELZn4zDq+7QPR6ebODI
VRyO+bOltMjKzHB33nn7y9RcGWrhxbMX5GFkyCNDZecm+9S1z3ghaCI0YRIXwSbpUxxiF1jERHVB
MYzG30ophKSEkCiT9qUEQhSGsQULKSrLLrUoMkRev3fB2b0L7t+/j6oSQkB9b6XUQRQMeeli+2oU
YZdOEgHkf4yh/9PfTtf4bQPWk3ff/fSo9R8An5u3KYALou1vu2rbbt3mXIcgus29DoeZEUXZ5pFh
GLi+vuL580vysGXcDly+uKGUgpmRq1O9lcFIMIJ0uFcMJzgQQGqgSG2gCUKMC5I0FywhIV4xIjkP
oAFVYxwL7kLXRfqgVN+LnFWcZerpIuQqBC0s+iX3Xn9tsmTndCGiQQgaXyLvdxH5249hyhocvE9F
flPVfkJk9e43O5dfy/i2AOv999/+nCL/wNw/vWdADVh7facyc6XUL1oCWMCtAUzMX+IiRyf24PX1
9SXr9Zqrmy0PHjygC5GrqyvGsQGqVgeMXIUqlUDFXEihkfMYI3WKHqvLzuqFKCzSAnGjitKnxHoc
IDujZ/q+p9ZMLQHzQt/3EyBDO5Zp/6IGTpYJUHIeyBJIQVkuOt58/RN8/w/8IRZdwo2j6PC2JZsv
vK9G6mdwNdVe3lXhJ0S+9bzrWw6spw/f/+dqrb9UsYtdWnUSJmE6CTbxoulE9csVZhUzP5IY4Ba5
xWGeeKtIUC4vL3n+/DnjOLK52WDuPHn8mFqaWyzmjMWQKUKs7u1x6sAr1aAXoTqANWCVgoSABuhj
ouIkbe5OUuRmsyZqoouBsRpeKpoi41gQcZTALMctUocHJ0lgueoZxxGjiaMxOMtuycVr5/zI536Y
mAISIuFgmm5b8dvE/iUV/1ZAJCKXKvqTIunXPtKJvjW+pcB6+PAr/3pE/ytRwjhu2UVvVnHRRniF
qVapKegusFidoA7ZKmK+AxOAed19aM5uzK7t+YtLnjx6zHK54tHjx9xcX7PJY7Nw2ci1MBQluEEA
86aqn3YLhmpQMiIBccOl8SZxY6hGTEof0yQvBEIIbLaFrBm3QIqRhLbIU5tLHsyJTMCSZmZiCHR9
j1DoYk8KgWEYMEBC42TLPnD/3gU/+Id/gLPTe3vOGRrgwwHf+moyzEvAIuBUVHVw4U9H6X/5WzX3
3zJgPfngK78oKj8/gyDn3IDkzQ0dSwT7qMYFlovVjrDWPE4TzI5AK41MezVUm7q93m74nd/+XU76
nsvray4vW8VvNaOMleqFUiBXJwWhmLVoLWoDuhliFYgtFROgeCG64EREnRR0x50MYagFK9NFEiBJ
IkZlHFtaKEYlm+MuiAshKBqMYpUuNsF1tWilZKUYmzoQJBKDsOwSy9WCH/kjf5QQmvKfgjYed8tS
HU3oAbBmntXSpcduU1Vd4N8R6f7qRznvu/34Vnzpkw++8gui8pcP82E55x1AXGwq3YUjxqWCIqTl
EpEGvXGcatxmd8l0Uqe6JcMZx5F3f+8dFqfnPHjvHdbrNWUz4hIY8kjOedKxnBhb5LctmTjp41YK
hqI0EGMJF9vB301Ise1jlCY7ZMBFuL5eszo7RawBNtdKaSUR1BBIotSawSP9KhI17HjeyXLBsm9W
sFlQQcSJBESc5XLJ2dkZpxenxBi5uDhnsVhycrIiaaTir+Radyrzt1ymiOAmvxhC+oWPcv4B4oe/
5esbTz9478+5+A5UM2zErcHYZef62rQdXFXsrZIY+LTR3XdXgAtUay4Ld6pVhlxYrze89/Ahy27J
OGQ0KDXXRqarU9xRa7zsZrvFgDFUbCu7StGMoxi5jvQpEA2GaiR3sitQ8djSQMUNCU3jciuoG5tB
yHVkzJUgkdQHMgUTIYlQxoxLs3BdFzEzNkNGROhTRycRCdCHiMRASombmxs2mw0i7QLq+5433niD
Pia65YJD23BUjzaff7NdOqsphgHED/Q++cullN+KMf6djxIHHymwnj569190979xuG22S3UCjx/V
i+9doks7ReLtdRMIt65AYybzjQk3rUh59uRxU9M9cHP9AqmGpIjlZqVqzRhOjJHtdotXY6ASxqZf
1drApapUcWotZAzVjsEKLgG15hpVO4ZcQJ1hU0hJsXFgXZzrOnKmC9wFgjQtrRqpC6ROMZq8IdLE
0hQiQx4JKTJst6SUiESKKhSn5BaNihZW/YInT55wcXGfGJ/tynaaFVsQY3pltmIXKOmcrdCDyg5D
Vf479/JCJP79jwQIfITAevTonS+A/nKrpLujx86hgajuLNShpYLZMu2VZ7fbrzXyrjSSr6qM48jl
k8eUak2szI3Ib9drMGOsI24V84AmZT1mvDiFQkaxOpLoWv7PhVqcTgKYULVZPFWwSUTd1pFaM4vF
ilK2dF3Ho6sNvUaCg6xAzCjjNVk6TiTt9hMgLiKhVoLCzc1NS+/UQr8IbbJLZVtaJcYwDCxXPVS4
NqMLkRcvXjCMI1KNk5MlZRjpVwveeuONqaq1JbfncwYHJTcTnbCDqtdpRPP699zHHxPp/o+PAg8f
CbCevP/+5wT/+9V9gbyqrA5ud7fsiPvMu6SJPbNOc/y5qTbJHBS8tqt5u12zvtkSusT1doMd6E5u
hhlogUWfWF/fgBWyGdUL5oHkkUGHxvmqYhUqBVdt3Cc725gnDmZUd2qFul6Tq7HZVGotDBhaBc8j
45hRqbgaJRiaC4FW/UAtdHHBuGl8bsgjq9hBFUqpFI2gQnWji4k6ZipODB2enLxuaaI6ZkIIrIct
y+2SRddxcf+1Js1U26WIDt3hIc+6YywcfsXdvyAiv/GNYuFwdr+p8fTp0wtRfqW6nzXXNe25N43o
8KeM5sbmis9W792iRHF2hL5ZrAOyPj9U2bnBOeIZcqECtRqlFBBjKBl3Y1sqYrXxIWmuqVaHCuIR
qmE141nIBaQYxTKjZXIe2AzrZimLsS4jjELJG6oN5LIhu1BvCpIrPhoWhJvtDbkUao5Yrox1w7as
MYNNzVDb3zzWZsW8YlTKWMnWFH6rGa+FPIyMtVCt8cqWPFfKsKV44fL6ikDAi/Pue+9zeXm5u6jq
uO+7OORds9U6zKkecLPX3ev/7O73vllcfFPAcnelbv971L93tjZzKIz4EUfyyYXNj4+s0B27oXDk
J2d+BVAnH+m1kGvFzBg3WygwDEOLKCu4Zaw2LWy73ZJrYTRnsBEzdtGZmSE5s/URLxkbnDG3KohS
t+Q8EMvI1jYMFYqP5FHwXLipW2yyNj5k6lgZrFDqsMtV1myMPoAJQ66M28yw3WJU1GEcS5Muatun
shmo00WQS5M0Zg5oBtebLWatNv9qfcP1Zk0Iid/+7d/iwYP3qVYIXZrn6OjfrdO62+bu0C7sz7jX
v+Xu3xQ2vilX+PThg58XkX8B9kAQBPeXO4APy4L341DP0uOyXfYiqIm29RMAVJobnKxfFyNRlJs6
UIoxt0gUq4BgFVwq4yYzWsFcUHNG2aJFGbXgZaowHZtlG8tAipF1MU5SYlNH5u7lXCJoplpAyZhD
tg1JOobqiBpdTQQNjGWgitNJIo/OyJYYI0qgi0YyZZsNCYFghnmhVCcoiAV6KY1LTtWo6nB9s0Ew
SnWWKpRaKes1rc5szfX1DTcnN5yex6Oy6MMKWp/WomjnOewCKtEdVflJM/954Be+UWx8w6h89vC9
z4vwl9oe7eWA+XK4Td6PTK/MP31by7p7yJwoPrjSam1BQJd6tnmgDhVXp7jt5IBaHC9Ozkqx2jiQ
FXJ1ZHQyIzXbZHFavVYeKxnD8ha1gORMpTJUY1uaEj9Ww82otXJtlVKMXDO1DORijDWztUJxI2ZQ
c3LZgFWsVLQ6JcN2UxiGgZo31JzZblpg4CZ4dsZSYLJiwQ1Xp5axcSZrEknZDrgJ6/Was/P7PH/y
lJIrOR/0uFZr1nfKUMzntFUs7Y3AUbm02F/Knn/8w5Fw9/iGgHX14MGbhvwy4jrPth9yoleEve19
x6Z43o1DUrkD4W7jRMbnz5rvLMhYC2Kt9qnUkWp5V9DnxRnNKeUGK5VSnbGAu+Bk3ApmILYBK9Sa
GasRzdjWijCyKYUyFEoxSq1c+watiZpHcin01cDArb1evO0PZSSaYsW5LkY0pRTDa2asNwylMuZK
9cBYC9txBCtY8ZZj9ErwBiqzgkbh+qYBV73JFdnyZGEbZ7u5WrMZM+8//ADM0ElAJSgppV159KFb
nP/OgvPsEkVEA/5L7v7WN4KRrxtY7p5K8l8WeHM3+S5HNsf9JeTsiPseVMdW6mWw7b/LJ4AdvqeU
ZpmG9YaUOsDxKcdhxbFcGKyQLUOJZJ+EzeIUy+Qa8Nw6Yobc+E1xg1rwsbRSlzpSzdiOBmNBc4Ys
2Jib3uZOziNuzRoIECzjNuIu1KJkaRxvXUayNYtYMpShPS+WyQWoMEy8LuJ7/W3q2Mm5UsbM3AbX
LAw7so40C1pKIYqy2WwYtuPBOfSX5uUQXLct1vTaW+71l74RvvV1f+D5kw/+ilc+fxsJh190u5IT
mvC5J+1ffcw+3913Oa5ZkW/VoL4rrHv84AHbPOwK+3LNlMmluY1Ns3JDipHNGcUQCmKVwXMDG5OL
zIq4sqnt+7ejUUsj9FTjRRmacGmFa8tYbm5JSpNLAoJWYcQYrSI+tjzlOECu+DgwWGGbm3BqZtSy
xaqyrXk3sUMed0FJtiYrDMOA17rjmsMwIOaMteUlF6lrkeM28/zqBWjjTmaG2JT6uRUJgjbr78dt
aeZl/x6xHzcr/8nXho678fCh48Wjr/wgzp8TJngc+jWXo7/6yjTkbfK+f7z7Cnu5gA/2LVxmRoyR
Bw8e0K96LLfqTKeCQaZMYmorSzYqTsZspK8QizQ34pmQofrYCvzqwGBbghs1D2xtZBy3YEIpW3oJ
lJoZSiaVLcGU88WKbhlQqZQyQm1AMzPGcUsaW1XFTdm0fclAGahuDEYr5/HSft8L1TJeQa1yU7ck
ItfrESt1V7o8t5Rla5rWOGzIVtneNBmiDIUnDx+x3Qzk3GQHpwH/TnDBQYHA/OK+91LUv+Tun/3q
6Hj1LH/oKKL/OdC34spbLVdHMeyrOdbLw2ig0j1G7zDb89eWqaF0vd1wfnZBKQbIjqw3C6LU4pRx
oCJYFoZqrTlislLU1mW1Yd3SKOZUUwKFrWfGKkhRnI7kTnHFayVSSWIE7VsecH3NZj1Qx1YhMZRM
qSOUjPmWpzI261RhW8FKpro1kj5NuhTD62RZqhNoQUc0nYoTC2WqTaPOKS/j+voFOWf6PpG37bhW
qxVjLTx48ACJ4ejkHbq+fZXJ3dRl3j4lqntn/LqqIL5mYD17/MFPCfxJaDXYu5287dl2ZH7eu6/F
csGh9TosAtxl5yfSHkJgHEeePn7CV959B9FWUuIIMhHnUrdUL816WLNYABFn9MDaAHeiGUll6nA2
It7kiBqgZIoXMGegYhVkdGQUilXGselMN75pSegyMlqe3LGTy8BmqIQMpTpWM9TC6Blsygr4iBfF
fep5rM2Vrm3gxloDSM4DPrnJUkZqbsf4/PkLam0uLtAsc5ja/VuJkpK3w5HkMLvFw9HoydTwYbet
2QRCKu78yeLDT70SIB8yu3eOR48eneH+1w5/VGSqVacBbdcbd5d73P2UHjw+3KavJO+HI+fMZthS
a+Xy8pJ+ueDi3jn33niNoK3Ibluagj163guUCL21CHGZK13JuBjVbYrUKkmUwraBt1akGokOK00C
kFq49sy2bMk5M1plm7fUGvFS2dRKzZnRHGwkTI2wZmMDuUfEhOAFipLdoEaKD4x1QExaIEFu7zPI
2TEEpsmfU1993zMOTTpIKbEZWvCQupZvjKFDo/Ds2TMqzvX19Y5GzBz1VWNnzcT2ieo5U2Ly19y9
//CZ+hqBFaT8B6J8zwyUnVs74FV37uxOLOHgc8aHEfjDq0W1pYJKaWLh44ePGHNpkzu2Wqurq6um
0YhArq24z5soG6kk31DMCRbJ6ghGzU3RnvlQrRVKJGYje0bVyGUzuZ9W7RAECg5WqWVLp9KaNkpT
1WutjZsVZ7QRSkXcseJQKmaFUIRsFcXoZUqOW21WtjarYhXwVgworphPmpa0nN92uwUr9LFvtWal
lUDPAU3NAzlXnjx+zOb6BtF9PdzcBXT7PN8+90fzMVl8xL+nlPHf++poaeNDgfXi0Vd+UJEvNRI3
/5Lsanq+Vo7VtKh69BymJYOmsS+h9aM67/mkXV5etoaFUjCchw8+4CvvP+DJg0dstiNeKkSINuUb
awavrL2SbcDHEcYt2ymERyqmheiBKgOdO0UqKbYGhl4jQQtFHK1CyJlOA0vXVjkxblu+0cBLkzuC
KcHAqmJkZJIhWk5wg3lo0kA2rDhSJ743F/l5aBzOW97SPWPFCdKaZ00D41jou4iVyUVOCelZAI19
R3Hj+mbDk6eP2znUdq53Auktl7gj6gebd1IGe0umgb/oPnwokf9QYBnpFx3vdxLCbQskjh+WYdzy
aeIyRYiHa3jOLtCIU+Hc4Yoxu2I/EQTFa6vaXC6XaAxUg1yhVLh8+oxamhUSkYnAN++hBKobwSJL
AhoM10CUSAhCJ4GenoUq56mnj4EUImcSWEXokrDQQC+BGEfw1qo/AGetpJQUdRJJ5+jOkTqSprox
o0MtT0Bvwmw1Q90YPWN1QNwQdbqpCNJEcWkib0BYdksk9C26vNmQc0ZDaDnJyZLXWilDq+9XB2oh
9h2x64lTn+O8QuF8Mc9U4SXB1FrdkiKNDx7nG/tq/MVvCliPHj36bpf6L98ucz0aU8/cLJQega69
Ydp8XAN0uEz17PvvWoEF9p3EJycnrBZLCPDaa69xcXFG0KnGvBqbselZ43Qyqo+AsyAgCVIMdNEJ
0Tn1wCI2AC07pw/KsgusVMids9SeC1FOtOM0dCwlEWJFfMvCKjIanQaSgIeIWSGaUaxdRJXmlosP
LYhwI2rAyXNBNAGhCxGLzSWPdWQggw3YRORzrrxYP6eu162secxYyVxvmivOuQUZmyFPj5t25Sps
b9Y8fPiQh08etwt08jCzZCF2x0K886z5novdYjSA/6vu60+9GjkfkoSOkv9dEY2H4tnulw7/TqNp
SQcukwlrryCL+8S07PQpl72Z9qnaUbXVw1upLBYLLtzpY+L6xTPGcUS0kgdrbgbDm2LZatpFSHGk
uhDE6Rx6IPatUiB5wLQQvKNIRT1y5m2yHUjBCINwHYTOWjNF7ZxgwqIGzAQNkOgowejNsSBEKuvQ
3GZNU3rFBA+OeMZNGRFizRQSC68QoAKbIoRQCMHpukingeLGzfqKmBIaA1KMagZByMVwLaQQsDxS
QsS9EvsFL15cE+QBb7755q5nEpoHcHd06sc8pDW3wTane9hjIJbCzwFfehV2Xmmxnj9/+76I/swu
BLU7wHForW6B7JAEHu5oO4DbpHFaxCMGrDSgwT7SnL++6T/NjH/wwQdcPX0+kfY9UXcqS4skcaIq
F6njJCXudUvOQ8+9ruesX7IKwiIsWfUdp11ilYSlCl0KxOCsIgRRggvLRWQZhKW2LuuAghonIRLI
xKmNPnnLM0otZIe+GoNnYmnEfiyZMgAFavVJtDViGfFp0RKtzjBZPddWvzW0gizcbVLhW7d2sbyT
CcLU5WQGm80GTR1irRw7j4Xr6/0NMQ4zG+5+q6jy7lKbGQO7XK3qz7g/v/8q/LwSWJ67v+Duy/3O
3IoEofErY1dn3BKYxy7x9k/tk6AHSWlpXSkyJVfN6hEPUPZ5LI2BBw8/4MH777Neb5pCPGlXxY0u
BEjCUoQ+JEJ0VjGRkrDolT519AopCied0kUhxo4QK6ehow/Oqm8lJ8uoLPvEwmGhkaV2vNYtSZPV
MwrnYYHZSKKwkh5RZwWTkt64VRh9BwCZgpgQmqtDHTVt5SvqVDX6CJHaqlUVtmPBQiuiHMdCpWI1
M1gBjCCtbLqU/YVXx6aXWS4MQ+Z3fuu3dsn53Xk9KKPZg0hfBhTHyWoAr7a00v+bXxew3nnnnaWK
/tu3cfTSuGWpbnfiHgLp9rbd49kgciwxHNaJH7YrjePI48eP8dJKgpt45xCUKC33pQimwqqLrGJi
kXrOUsfpYknfJc6WCxYxoVYRzSxESDFCGAniRM0sk7LoYBkiMSh9EFQdyxsuekVroBMoPtAr9B4x
3xCTk0KkN6EpQMIm+K5SoZBxUWq21s9YW+Bik7grUxK81LpbNGXRKWWsJEmUPGBWsLF1adc6f4dM
ucUK5ozbge12uwPTzfWaXMY7OdVhKfjMrV71bzf17hj+bx0an8NxJ7DOFuHPuNuxmZvrrGZA3VFx
MEeNO399oG8du0M5IO+6s0qHw1Waoj4dUM6ZIMo7b/8eZSw7su+lLTGUENTbEkRBYBkDITi9NmB0
MRCjkjqh75asVgtOzk45WZ4SutT6lSWwWCzoUmu96mJrQF2myInAsmsovr4OAAAgAElEQVRt9CrC
vX5BFSW4soqRFCrL1NFPx7kMkdPQcUJHUkfVUY10BEIRpIWtOJHRNgiVpUY6mSo/K/gIbDdsxkxM
ME6THou0VBV767MdC+4tWV7qOIm/hbToKWWk6zpubm6oVnaR4GFEOKeL7nKNt8fu/c6ncl7/ma8Z
WC7yxa9qqQ760nYucuZNc2B3Z+GVMq+qB3pg4V5eiW/Oxh82BLx48YJHDx7ShUguW1pknImpqdNt
yR9FxUmhI8XYOJMKok5wbRWcoTWyxNjWBA3ROe06YpdICkmXjWwjhGSETlid9JylxOliQcRZ9cp5
7yxCaqUtKEtRovWsaA2uXRRMtpyak1xYKixDYtkJfd8RNXKmwnlQepShgCblvO9Z9D2pg7joWKQF
ZVsIBmpK1dZmHxyKtXxjxLFpHbCS2yQsVz3rq2tCSGw2G66urrBiRysIHgJpXiNj3ibmrdbtFZar
gdO/eBdEXooKrx48eLO6fx7dC2Z3tmmp0DogD94grX2rkcOXib1P2s5M4Hd1Vq8Iefd8rBKjshm2
lNJUd68tFRM1tJZ4SZgMCJVFSiw7CDa1tndCmkLVWjOigkhb30qCYOaYOCFFrJZ2KFGpBdSd0EW8
RlQLG9mSuhNeXN1wfrqkdIWSF9wMA0POdFHbGqeuOEJMylgDC01kNZI0q1rN6CVgEbq4AhVCCugy
sUgLQidIPKfr+pb/GwZursdWrGeGhxEsYGgrc7GITmtHaAhgznq9JqaEe0RFeP7sku/59PfuezsP
llc6POfAUZe1mO/WgD18T0v3+Of9+votOT394Mgw3J5MS/wrIiJHP3YkqjfwMJH2Vu/2cm5wn3N6
eaePmihF9kT+lg+fn9fqbDYbtuuWYtmMW6pbUzGkiaDOlBNE6XEW3ZLlckkXIkFn3gZBYrOCsdXL
B1WESuyUJGGyYk3JXkSlCxHRiqgR1DlLS5YIr58u2VxtkOqcLyOvLVacLxZtf4sCQifOaei46IRF
Us5SoA/QLVYsk0JnJCpqFY1OMkG3A3mzxrPRu7LoepanK+7ff42LeydNwZ9W4mmpn2ZVzEvrg1Jp
7WOWW+LcG5/T0Ny7ed0vW3DrPB9apNtpH9jzsGMrhgzKn7qNo5cslpv9WZlLWFTA9yXBze1N/0t7
fNic2oyCtzauFsQcgart5L61/nDHX2602I9aK8OQG0fAqVMZigqMpbW4UyFpoFNjtTppmlWalmBU
QWzicsFRDxTPMHGUEMJ0wbSjE+2ptbnsoIZKbBWw5ngnLEJgHIXz81PydmC7GUldU/pTXE3cx7Cq
lOBEIqYVDWD0dFUYYwA1gitFIBVvbjcGNEUwZ1sHtC6oz68xg/VNu2GruRKlqfSqbZnuIIqbcHF6
wfr6BvNGCWy6J1DebBkWGy4vLzk7PaeW6Z4988JdrxiHYOKwjWx6rA6G/1ngqKzmCFjPHr77Rxz9
UUFaDbs7yN7bwbzqy2xKDwDjB+A64Fu7CojdTk2AfIlXNc51cFMSoGkyqe8AQzXQdYnN9U3jV9OV
Y2YoQkcroYkxsOq7dlITmCkEbXm7kHAriAkiNnGKJih6aHqRiJLCTAX69jcUonRTm31PjJU4CKUT
NuvCYBuCJlaLgIwBC0KNBZPUrEqY7r8TE4bRo2jXVlJOXWS73qCdUkxYpIjKgly35KfPWjMHilTH
1CZXLgQNLT8pAa0O0Xj+7Akptn0OUVpjrhkpRmJMjWeZ8cYn3tznB+VYw35VJH+YS1RmiyUI/Ogw
vPhs35//P3cCK2j6os2tW/4ykKdIAJB9TZY1vuW8/IGjuq2X1PfDDp1jSzWb2Vqb0v788hkigSEP
O31mfl/NGZWASSFEZdEFFstImFIXUoHqkEDCtCy3CiEkPBeqtoR3ze10BBnx2u6GUam7KzOJ4iES
TJtFskRYwVCcLnSMNWKu5DwSkkzNs9AFpxYnhA7vYBk7licLFqcnxLig2NQPcP91rq5fICjbcWC0
G6SL8/1zyKNDaG1xQRJBWjI7EjHPzdJaRJNgnhEi4ziiIVDHjCxT41xd5OLioi0EjaGizQDI8fk/
anJlLwPtac88ydODwhc5aBc7ApZ5/Qmm8tWjrhk5+IHJ4Ox+fE4HNAzvPzBHjj5rULb7zN1urxH+
2X8eCnizOS83AzkXWnZBpm6dRi4XkuhTYNl3JE2tVN7bRMy3a7Pmz6cTREtREHCb1mcA1CMeJuJq
Nq1zMGlp7rhWxECjYB7oYm4rw0hP3lb6bom60lFxF2LXowlOugXSdZyenWMaCOqUaiy0I3YdoKxW
EVwZS+XR48dNrrGpQVesrZgjgbYyvExUpZ06E6MwEjwhSTA3ggdUnG0eWSZhY4a6sz4947V793dz
N8/51A/2soGYQGZe99kQOzYcIvpTdwLr6dP3vhfXH9kV1t8yQK1EdTqWOSd4wLuOdmyHRqbqh5fb
jfbjMPRt7aa7NT9D2Cm94zgylpFsBRehTo0C7k6Stqz1+Sqx6DoCjgqtFgprt4QTIYrAlPAWbyvG
JFoER8mAIzHgNjZFX0JLJxemS1oQiag2t2ZVCWGBiaFF6U66pi9pQMY1MSyIfUdIkMIC0UDJIxoi
abFgsezoNOGhueout9Lrs/6Cs/NzNtc3bG3k6sWWsQ5ECZPbb0GUSsDcprmaZR9rS/uoUoODQYxQ
tgWScH5yQpgqM8SZ5qg9mdlPw6vtI/y5SWcG4hz9HwdtP+yXl6/JdOvhHbCiyZ+ouDR+dTz1O1TO
V4g7Im0harxtrzApxZPFwfbkfc4pHoHpYMG1g2FU5CCLPeaBWqwtP2QFMVqEhmIqRCIxwWoVOV2t
2hLY08Vhss9LTnEIttNm2so3TakHm5ZpnMwRboUggniHaWG+84WEgNd2MYUEFUEsELv2O0liO63L
M7TrWzSalJR6Ut/R9QskKn3sGu8TQUOaGkSUOmbiYslqJXR9ZLlt1aVaI9fXa8aYGhXYpSym+yia
TdKJTRa0lRQrgtVW8brsl5yennF6eno4u7s59f2WZi6mAoFqpa2g40bXdQfJ6Fk0F9xdR+WfBf7u
EbAc/cJMyHax351dzROfmoEhrcBNZW9Sj97/iqK/l0E1d4vso8VaK7W0UlzVQNcvsctrfKrxksky
nS6W3Fuspjxj2e9DNRBnfXVJvzxp2206gdNx4orZgITp3oRWkQqBBNqiz1YJMN0ASnx3T0IPjVC7
T4DLjkRBtKCyIHYdmiIxxnYLuhgJsSektjhvDB2aIGikOM2iNsWCkCIpJYZ0Q4gd8fKSIJHL6w1b
c/outZRREmo2grQljIJ2u+BKJz7pZjjCInWM22GX0ZgXnGuctgUutbZ8o5VCmNaENQypzVjE+7Fd
+PvAsLlIEdz1J14GltsXdtARaRzE2+QdYsN2XOgg0tthff6uA5d4mKC+E2DH1muOPmpttwRJKbHd
rJswOozNDahiobWARSqLLpG6sONcqg1UhYIUY9GvpvDUMJ+6dUSptUWTqopXRcSadfDJfdcMRMwy
Kt0u4hUED22hSbfa3KNJc4kB8IS6sYhClUxKS1TagrgSHNWApETXpd1y24I0C+YgoXVQd8uIJiXo
lr7vscePsRHKeN0uGgeTiocAvs856q51i1Yfvx6Ji0C/iFzcvyBfbyiyhQOudth0ETVAF3bRuWFI
ZKqWtVZJcStynMTSHYYiwLNn73/GK993lBDeubH9/MsuKLyDL90mfHAMN5VZNroFpjaZfitBpaEl
nGfirioMw8BisWh8a5IaUgjEFJrabd5WOy6tsbOVt0irf3eHqaZcaOQWc6pbI+W7JoOmxM/80aUS
VQjecnOqgSBdozFATR2UNiEhNd6R+h5VWtQWFojsIyqNEUIghtBWKNDYbjdXW1XoPNFBpDXB9j0J
JZnzWh0Z/RmnwzmbmzURJU/LdQv7ZLJI46mdRvKmteFbLthYuL88hbES+w6mZP8utaYc0ZAZAOoT
xLzlZl11Fzfs5tvB8e/bPHv2meX9+19uFivzhcMmm6OvlWaR9BWRwj7Su707x7+q3gj3Xe7Pp8Vk
RPZSQ8mtXXyxWFBTx9XVNadvvM72+ppqGYb2u4tl4rTvCYHWTGEFm4/DWqGfu1FLnSwQlFpQFJva
2H00YgIqTVCthpFbQZ0r1ErV2u55U4FoRIQqgRgbzW1RaiVoAM+IdKAdqnHnQmPqgUCwdtAaA1hF
Qrs3T3Pd09LdQXe3EpblAq3OvXv32nLc6810UThlaJbHlVaXP6VgNAiGEbzi4nSp55Ovv0VMrUQn
xiYes7vv43T+54ibWbOSJnNMWY5imUCiep0i7klFmD5fg3wB+FvTWsB8YdY452hwlwDeheVMCeYZ
YHOIyi6989VrbPZAmk3gHpTHFlBEsEnDMjOWyyVmxiJ1FFFuqiNW6YDzk9Oplnsyrd5cV2tzEsah
dRF7ra1MhYLnggPDMEKtqBsdHRTHtS20poHmAgl4LYTY4d4E1r0VbbqYiu7Ld3bJ9dDuHR1Dswrm
2DiSQoLQurbnm3GWUgieMKuEaZnHdrMlI4QEGL0GWK3ItVCAXGj3TQyti8eAPmjjU8F3Op5N0d33
vvUWq0Vs50pmUElbumjqa7S5D1PbUk8eA5IaxWjRoSP1gHdPOdY2ec1civseWKZ85rCuWbwx/Rbp
z2g8Bo0fcC2fv/iuTp1bSej5yph1q+M0zwEEQ9iZ6bnN62a9RquRcwEPxN5ZLDoiOt1DEEZzNtsN
1+v11NLueCkMeZwqLR2yI3ngOm/JZE7igtPOiMC2DohV+ti3Yjx1kgpSM+4RKVtggQIiFfGmy2lQ
XFLjWyFC2F84Zk2ILHkghIhLIgRtpUBdT7B2de4qRaxFXDGk6WS14CF1gS4mzs9OucmZsXbomHFr
a5rWXAmpWVl3B1VCiNw/PyX1kUXf70Erhmic5qeJUkEjog148/JG+2BMQI06ZtK8nf2Uu3ijEMhn
YOJY4rR2noOKhhlhM2gOOZNOrm/3mshRxvwQoW4TozqwRrswdedO9chyze9xb31ypRSWyyVjrqzO
O54+f46Lc3ZyQppC7FqVDx4+Yj1sGcbm3qy06Ma9MpQRsmG1TqvKGNlHrDg3jOSTTK8dw7imD5Ga
B8Da3br6RNd1WC3EoSI1kLtK6GZr1HSyECKlbqEKKbVCaRkHJAby1IUk40CQlljX2BpW++lOYmg7
3jR1NM+kWkRwjWipnK5WpFq4Xg/cXG8mt2kttTPdQu/sbIXX6f7U7vxT3/vdpNTRLztyHujSSbOq
GGi73bA0Hwii070Sp64pqZP9CGBG14e24G9MOyFdD9QA8QlYz5797j2vvDXN8JHRmSd7ug9kU1oP
qxmmcQSqW3+boDqpbrtxXA8Ek8h3KzFdJ1exWCx46603uXz6DPd2tROE827RVheuzvuPH1JqxXPr
brac2zJARVqpsxm1ZIa1sakF0bZ+u6pyZYX6bM0irSnZOO0j1Y0VICdnbMSAkSgJ19AU+doESnfH
ImAjSrtvIYFpXwYsJLw01ygiZM3k9Q2nqxPiagFFsd6IybDcIruKswgRK0aa7qfTpANvOpIFThY9
Xbcg6horEY2CutD1be336pUuBP7gp7+Lky6wPD2jWKVfdK3ZhAhM7pCwZzjMPJcdqXefaYRNc1Vp
B70j7RO5dxz/9JMnT84jOX2mfflB6Ci7/w7QqPicoxNHD5XXVwyfBdTpAOadvk38IewsGrBb5TdN
d5FoC1/03H/zdaKGlsKJgdR3uMCT58/aOp3Z2vI+XlFxskQoI9DKfbHpErC23FGIwjYPqCs3tZC3
EU+ZOrRa8psa+IRsWNARJ01Ho1Jm4XHMiCZEAyG2Kx+dwFYdN2e7vWGc1pyIqeP66jmpW/Li8RNW
n/hE6zw6PSP1TVhNKZBKh1UFMU5PVwQR0lTzHmNT/89PT4hPnuCTK3MECQERJaTA/fv3+UNv3uPk
tG/3RvRM6gI2SSouTXKRHTdqi9/ZRMod2wXuPl/4PjYO5opq91I+cXoeeq1/MLrEzyovebC9CrsL
K6fiPWaa3LLsPoVgOlUm7HSrgzb6hsdjzQN2JRdHgArsW8EOR4yRRde3DhSHRR/R1MjzKnSUMIC2
26WMYyb7CLky9E43KBYDFIihMlQQEzbrTOhBDYIGBtsQa9/WUgg9QSqbOqLZUOlZemC7uKaTUwiO
j0bp210pLLe7Sqh05GLUvKXUkVxavyOi022DK4UBVVgMIyF19DdriInVyQkpKmMZuLj/JilF1tst
J6dLzs/Pp5qyZplWqwUnqeey61r7vlcuXr/H9//AD7DqF63W7OYRywW0ZaKbRVGzlt2Y6Y06Oskn
QQSf0jgylTzInOfBCIB5wWxEOXlJDN8bGvlsFPyzh3Zw9mLix7zopVVl5nFbAL0VGfoERu4wbrfX
wFLVKbtwXAKbUsJq4fXXX+e9997DBF4/vdgT4+BEbxxnrEaKgZgSHcrKIzVUUs5INDZxyzIJ16NT
AlgtaHCGMbPoOsahlRkvQssojAZsnehGTUatBXRDHAKSlFAU6QN4a5Mfy0h2wzaZbRnY1gHbKtmV
Ypl1HrhYnFHMeHh1w+LshNUwoGnBzdU1ASWslFqU/mRFWvSstwPrzcAn33wLnXSmrut47d4Jj55f
taJFFT77uX+a+/fvN47mlecvHnFGBR9wa0sytTuM6aRHpqZ7kcEDQymk1LQ0pzS+tZu35vDUFazs
MhF3RfS4fTaa85nwUm16+6L2A9MqyJN73P/OQanMXGZ8l+RwaP7uiP7u2jZ36x4+d2+lw7lM61Mt
WtPBsB0Zh1ZxYLmF+9Xa+u0StImXWLvTqRmrGKna0XeR7bih5kgejX7ZLEqXWhGiTmfADIpXCrCW
TD82PhNsAjVt9cAYAu6wHYa2cuDmis3GyZSpJb4t4KHqPNlekwhYgHFcgy3xzUCMymJ5Dltl7DP1
5oY0juTliqsXaza58ge+51OEqRL23r17LPsnjFanmzhdsOz61mdpQnFp2t1UzCde23KaTmsAlpaK
KeZ8+UFb9C1Kou9aP4BKYdUb1zctai3V6btI9cJby0nruq0WNJH5M1GUT+5qYW5Da+cepyz3HcA5
/GTrMbSJf+19q+124FDHgsNK0nmnbpfVDCVzdXXDs8dPePbikkcPPiAX+I3f/gpjrmzKlm5QBq9I
zpS6IefSKg/GyuAbttVJI1TJlOq4bBFVVkXoAqQkLYSO7a4QY2nEvi0qGVC21BqQ2mO0Pj3pOtSM
kM5252SYboG3ub4i58p1HhGHENqNLld9R/aMjYZFI5REBmq+odMERIZhQzg9YbPZsEg9IUa8ZBYn
p2yGLe+++x6f/tRbhK6tZXF6suTZ9Q3nF6f0fZpumj4JtqFvXArFPJBHxz0xVOeqyLQsQWhd1P0C
aiIEIXslV+hi4vnWWpWpGBKcoVSgrVhzWE51jAn/ZMTl3gyNY8wIcwmNyy0394q/s95x+6eO/fCU
zL1jtAYLdiZ2PWz51f/1V9tEurK10tY4yBkfR1JKfNfynPhmj1ptSxj9f7S9W4wl23nf9/vWWlW1
L32bmXPmXId3mqJkRaJBKbIVWbLhAMpTkhcpQBI48EueEiMIkLcoL1Git1g2EDjKQ4QgASQQcCRY
ii0rCilatCVSFC9HJA95hud+mTMzZ2a6e/feVbXW+r48fLV3d8/MoUgZKWDQ3bMvvbvqq7W+y/9S
ege2VaXPA0kPWJUe+swwGuOw4ngz56wMvDdskFqImhjwbjpN5ckm0SxntKo0BmaCxEAILioSRCAC
qXHWT5qBCDNpWK974myGykibvXVQSiGGkUBDkxq6CLH1MVSTZo4sDeJbWJPo5kvSrKVt5hTLLNqO
UgaIgaEWVmcbrjSNU/tjIDWBa888c+lcqkDoGl58t2HWzhlNpt6aTKbmjqpoZuoTAgSSILUiMcEF
WFKt58btPqN05MTDyPbdwkA4SgIz43zwc463eTRAziPgPNAefs4ugsUQE9Quazlc/ACP78Cfy0UX
xfHsahTLWK1Iqfytn/tplss5xydnrF67yViM9ckpoxV3/prsc+cxQlIO44woDcwyY93jqVIpeY4V
4bQMxCKcjmecrgbuDBtunVbqgw3LbsbRsuPJvX1SMxJToIvRL0BILPaWpHbBYrlE2kQe1/R5Qztr
SGbMYktmoNFIpZ3mkoEmCW1oaNo5BOc8StcSQqBrlw6zaWcuORBc6+Ho4Ii9g0OGkp0NrZBicMLI
OLJ/5SrnPAK/edu2pdCzGSshRaL5uHYcne1T60ASp+SZGRVX4CGYU+TkfI4Y8cZqSImA0I+F2Sw9
ck39q86SIDPbVnNsuwI+iL0URJciQx77/zuw30Ro1eln/yIXfvnEsCHsoBfbccjF92pSQ91qNKkR
S+HqwR7/+l//MR/5yIehGq0ZYx6ASlDPAwzBYkRqZT0MLDKMzTTmsMBohWqKjoqMlU0ZiIw8tXeV
63EPU+HN+3dZ9QNnQ8/b9x/wZLPg2hN7PH0YSBhNEtKsY/9wj27vkNg2qB4Suj2OT95jzQPu3T/j
+N4Zq7LhTDOhJBpmlKDMo4FFxiQsYzOtgEYXO6SdsTebszyac3R0jetPXJkMPCt78wVldNHaFGYs
l0tu3T92VvduZ5iG4U3DsNkgJGJsdgxzEfdv9BmfElJ0REMQmiRujp6EJkzwHnFixjZw+r6n9iPW
dY8dyZkxS4Yb8uzSp922tu1DXSgTv8fxvj2tXRBuf+nlfO58pMOFx337LOs1N9rAy7lSTTlYzFkc
7XP8xikvff0Fll3LU09enVoTgYJrHdSi5H4AjOXenKiBXHo26w15GDnLmSY7dj0nv1u1BDabU2Qi
oX74ySsUSbz45i1yVe7UNXffXPHSWx1tVJok7O3f4WDW0e0foOPIveMHrPqeYmBVqQJtEJCGZWPs
d4luGeiaJe1kdMk8EZmjCWou5OKa7pt+xem7Z9y7fcrNmzfR2DpVrYsc7R/w/PPP8/wzT7NcLokh
0HTdQ/0kdUxXGwmSiI0HzxYpEkKYmu7i26Jt0RGKWQZVSg0OCZ+uz3b1SimcqzE/NO+druJRAmYX
RzePBMVDxy4sHvfYY1AO2/fxPO0y9evSUy7R7v15p3ffpR38ZzHlYG/Jp37y09y4cZuT777E8dmZ
r046TQbEbeEcutLQNO5nc/u9+9w7XhENci1shoqWnqKBpIW91mHIMUAsbjlHTBy08OmPPsMLN99m
sIqDLZVcK2Mx+rzibe7RyB0kKujUYY8QgnF9b8GN63uE7KuNZR8JRypRKy3CQmbM9mYsj/aIXUs3
25/OwzRaCTgqIjWsNyO33rvDu+/c5lvf+A7f+saLpBiJixnx60s+/kOfYLlcTNciEENDIwVTI5oQ
UFIImBWsQq3eH4wh+u8RAfWCqZ6tqWa0M58vWvVAzcOImFFFObh2eKnlAI4iVrGZ51gXmMy7ftVF
/PqFQNpVgPZ+peaj3z/uuPj6YGHSaNp9PADK6hTUaKYRQzv1WO6/8SYn9+8zv3oIxVB8accSTTBq
8sTz7vEZD1ZnSB053N+HkHj33l2kXdCXTLbMPAn3h555t0/KhWXrJz5aREi0CD/8wef42mtv+xAW
h+g2IVBtJGjEYvV56AQPSjHws5/6MTYPHrAejylnI9J1hKS0YU5oImk2o53NWFw9ZH50AHVgdece
eTGwvHJEaoK3eSam86KdM180PP+Bp2g/3dHnDWd5w6uvvMPN777Jt1/4Bt954UUswd7eHh//kU9y
4/nnadsGCQ0hpN1QfVs8CXB29x6n2e3zwgTPluTWf6mB0uPDbKmMeUTHER0Gx7Vt0S27Y9c6miW7
kBPtyKdyPit6ZC5o9oit7vsF0W51u9REPV+5tklm5XG9LoVcnXgaIhtcmwqU5qyHXJk1yb10CF6t
hYLFSVO978mDshdnLPeWFAloSqT79xgH9/VLQWB0MN6ijRTgNI9cXTYsZ4EgSiCxP28IoaBbeEk0
ghW0RkIsxBCw4uOcLsG/93d+jtXtuwx9JtSGkLyGGmvgtPRQhHCWaVNPv1qxLJUPfPhDPPPhT4IW
vvu1F5gvZsz290mWICRKHujizEdTCxcsGUrPX/vRD/JjP/ZXeOErL/PiK68SSmB1esLNr77A6fGK
p64eIBOsaOgHbHBHDZga0gHaxdLzKjGGWrDSk9cbxrU7kVVxlKtz6ba3vreFhLTbRiHsmt4Jkwew
HUJfuPjmCMaHq8NthfD4vfXycdks/GIf6xxB+jjWTrBJO2A5p0YXNDOyr2oykSXSlEtIJojQBqGI
k1qz9ojB4RLKplD6ASRS5o0zViQxbzKlGPMYKQhaR1SFWWpcnrtbOlEhCoFAkA7TTKKyZ4FrcQZd
w3HuWYU1Ic4QTczmFUneSghN5XjsKRmariO1M2q/YdSOTV4RTDjVGc3N73L7ndtcfeoKH//QR/jA
Jz/Oq9+5yTiOLA8P6QiUJIRxRCd9q6LwjZfeIqu4BXCtPHflkNvvrVHxsY2bkzcc3zue2N6elK/v
PoBg6LZ1EoyGRJDqJgrR9SWYCrkwLUxqnviLd48pRWke6hxNQfYgGdbLdgZodj7z2wbahabo9woi
EdkJSVyIrEtYrIvNTw+tx3fht/LPs6tXkJdfo8MZy1tVYL12BP09JEWEiEgmSqEkX57n846mFWxM
DCGyOR4YbSSsRq4t5qx7WGXf6lNnzGNDscJyr2ERM0176KjQGHf+0CPe+H26ifzYRz/G3mHHbLlg
yCMvfeMm31ivmcfKM088g45rpKnUvlA2labtXJi3Swy5J9SeGBMSlHkM2GzB1Q98iON33+TPvvhl
bnz4Azz9/HPcu32HYb2BFIlDZMwD3XLBenWGmbC6/S6zpuWgiZRW2G9n3JVTNzSvipaR+XzJ7bN3
yMNILaNXeDhMJuArVsThP66MmHxQPSE4DUdlVFFE0gSlUkKAYXPIqZsAACAASURBVLMitY6mOI8P
AegTRr/jPYhMlK5HE/Pt4xf7VBe3SzObxiCXZXLOX3w5KPXSdw913yfth/0rT3AnJGJ0m5NcvKd1
5QPPcf+t1yaalyelIok2upuWTKMojRCKsdhrSL0y5JGSM8u9ljkuYlZrJhq0oaWdd7S6ICaQIDRN
S7TCe8enJC2k2PCJTz7H0dU95rOORbuP7LXsP/M8t37398hqpGXD/uERWjPtsqPNA5LVt7DgZIm9
xYww9LQx0Sz3OHj6Wa4+/QRXZzPuvPwyt955m3G94fDqFUd8TgVJaJLDpfFq5aM3nueTP/xx+hHe
vHvM8Z13ffiuievPPsdP/M2fJp+dMWycOheJDjTc4qBSQwyBKE6lc4ydw4Gqy0EiwUmvQQIinlfK
xJ66//ZbLA6uUCXuUhnfCqVPCA+2abm3ruRybjTRr7c9qbDjEz5+FXs4qB631T3u6xaaA7bbp2Nq
CPOO5aoQEOowEokcHB2QunYKZkddeN6X0DCi5jkR22CzTBMDVhMSbQLxOZRXt4A23yORKNBAkxpX
p0F4915PkyJPzuDK4dGkTRqIXUvTzlleO+DDNz7Ad19/G+sLe4d73sF+Vlnu77Febai9FxR7i47N
UGjwC7psEldnM/Ibb2AmPP2BD7C4dsTJ3Xtozsz2lt4aEGi6RDNraEJEArQna4ahJ9XC+sE98jBQ
TWgNfuInP+XY9xRp2xnjsJmunfcOQ2qBqZUg53gqwjb3VahGqQPRwEynbU7xd4ls7h1fvva7vNse
JIwHxnZsszW+vZh4n69evjacB9X7JfeXcToPr36PG0Q/PgjNjO7akfdMTgPrvKGYEiywt38AGFtT
AnETaFJoKerCHjUpaOMFbyc0MTI2ES2Oix+rOmuGiFKmaM7M4gKzTFIX8DjduH76xz72IdqmoZGI
RbBgpNmcpm351E//Db79zmc4PluTJLA8WFA5YhiVWaloEqqN6EZYHuyRWt8aRYR8fI/UJeZXrtLO
ZjQp8PSzTxGj3zCpa13LNDnXsEs+gM954P4f/inzjz6NmjFk7z/Nmgm8h3Mi4yxhvWEhuaCIOQkV
ChLxRrEplexwGhGiTcJQIiieh7kSTwTxHqBUR6h6RYzj+n2q9yCJSO/JdYALaboxdcvx1eriyOV9
A+ESjv39jrDLsx5uVwAXKgzvuB9cu05/6zY0wqZXhtWaxeGS7spVxuO7xChUbzERgqA6uRyHgIp3
kbeD9GojSYwqQiiJgGuku9B/oY0tbQdRjFAClgInpwNI4TAlDpd7BEnQTs3CiG8lMXJ4tGQeYehP
6Dov7xdLQ5+IHGt10ZEqhC5hybecIZ8xa5c0MTCbLVimltmsI8bg/9qGJIk09ZJi44qEkpy3GMRV
/VJq0bxi2HgS/+Fr19A47R0S6WYzTs/eRJuGuL02wWFBXgAVgvhISUKkinMlt3zRbd/SJkBmUJeG
QvLUvbfdAhQMDHmQTLmFbCu3R49dmx5fBb5n0HwPls7lRx6GJj/u8Oc0B/sAXO0WvNcf897tt5kf
fIxmNmc83laGgqlhGiYZoghSSSlOWugFq0Kd7tYokKMSaEji7g+xndNFCKI0NBAqWY2bb98mVOPj
H71Bmi6WiZBiQzQv2QU3ory2POJ4vUFpaVuDMiNdmyFqnN67g9kMdMKxd5Gjdo927wptOyOmxhX9
RElpYk3HMKFklWZS9gvBFWisVKi+4oTZjLUdszrtUVFuPPkEFn2OpwKz2YyCYXFBbvZ8aI6D9jIO
HtSQEDXa4GTcNJEpgjMvCKJe1wcwylRQKXfvnzCfL6cb3CBCiulWkqAvPjxMtu0Fv7iibPFX3+P4
3u2Hy+C984Hl5ddcAv+ZkVqfcV0/nHP75AH379/nOTNkuRXrdWq5IzEqmHeat/5/TCJo0YRRs7eb
tzCeCCkkNLhUdzQlqJNNq3lPaxjhoBGOri0J0mLTvJFJqVjUmFDDfOonP8VnP/sFHjx4wPWrhyz3
j2hL8UBKwtnxPShGTAlCSwxeeYWAgxWbQGpbYhNpmuT5Ti0087nrtot7GbqCnwuYyDLx6t01m7Wy
2QyIZOZHB3z2cy9QrVILjLmn6BXYCLLuKXpGEm/piESwQp0k0bcI3hgm2abQQDBfFcU79RJa2mCM
Vbn19Xeg8dcmCdPkob6aUF69uJxcxJ6/X6/q/SGpcLFHdR5x53qjD7/mcYF4eVLu+3sb3Nfm3oMT
+tUZXZM4k4iYTmwTQcxV8qyOBBMfXWhBq7OYx7OB1Hr53IjfsaHxilDMlfe2uSZqfPvmayQRfuhj
HyWFOMFNIkEgdtvB7nmb5pkP3qBtIt9+8WWe+9mfwsx2ug1HV68RkpDPNlCVGIMHhspEVM1o9OE5
saIqQCLNHJKzZVP76jypJZdKOtznK6+/yUev7HNLjZQCr96vPLj3nuuRZhjFpQTUQKhUCZSJQJww
NAVf0eM022QaVkcXTEpNJIcRbYzmLJApNBO+nxRJORKSMpqrClbNr6YaeTG8D+x4Vyk85ng46M6/
10cel4dWxPc7zvOrbcCda76rwVNXrvDanTu8fvNlnv/EJy4H6Na9QSeSQHCpRhF3msgUlvsLHPbm
Y9VQAhKd/BonOcg4dZRffecOUpVnF3scXp3TpIDrGU1V5NRMtq2blrgNy1NX9nn91ZepP/NTxBSI
4gK3MOMwXqXMRzanJ37Rg2OpvG8XnMksYZcoNDF6yQ+71ddC3F2TaPDKg4z1hZJd4unjH3qeP335
dWIRCgU0MqJEDViouxs8YxSMRQho8fNkCjmA6jQ+k0SUxJAVSs9oA4mOJiXGWP1cSqIiFKkOwamK
SXwxXLv2zEtMqgrbJN05Z9P5uxBIF78+/nsfML/fc99/lWO3TV4iWmwvWopoP5Ko7O8teek7L/PS
V75OsXMf6WDOMAkhECeXhx1a2oyoTJN9phMmxORb2XYb3QbVrZPMO+/dpzN4/sNPOTMmqpNB5YLr
6wQxCdvZWhT++t/+WToLvHzrbWSCqqToiXEKDd28ZXGwz2yeXEjXAK1QMkbdaZ+6hkP0jtyWhkc4
N1Yyo1vM+eat21gZuPvubWrNtIfX4awy9mty3zMMG2p2M0+bjJxqzWTNBDXOqm/7o2WKOtPJqjIa
jENl2AxsTk/oN6duI1wGhmHN0PeU9Zphs2G9OWFYnzGenTAOQ71yJb0URKSa2Zt+1503O7+fFebR
QzlHiJ4n6LoLtEdf8X751fZ7mapH1UI0+NCzTxJnke+8+jJvvXqbUafkPQhCoqpQqZ5IAhanQJ1W
vkYCbLHf6oHkEFtXhnlrk3nl1e9yddHw/BNXWC4aYoAQWn+f7QgjCFYmE4PqgZlS4uDggCev7POn
v/8vGSaXe7Oti7y7SKQJyNemRApKSu1ExfdrEMS32SgOaw7TjVNr9cnIJGDSBCdAPPfEknsnJ8wi
vPDNN1jnlXtTF7dGseyk37FkrDhTyEb3TJQ8MpZCyY4QLdPAP296xtWacX0C/RrNPrstm4FxGMhr
h2jnzcDQn1KGniFXhpLf/IVf+IUa/BzJq9uLHLgcFI8GweNhL3VKzs/HNo/bX7cBdu6o8HAOd3G1
237f7B2Q5h3NrKUJ8Mkbz/CR565ze3WXr3/nJb766uu88eCUlVZKCKiJN1tlizvyMYX5uHtayc6H
4FjHnbM1X/z6y9x86VU+dv1pbly7zuHRPl1op3MyNX8tIMGX/NqPmLn2w/ZIKfCpf+cnSQh/+Huf
Z1Sl5MFXTfF9RopbzDVdB2Eifoqw1f2qpT/vBVYXPxPxs75NEVSVt1+/RYqBRWqpVvmZn/kbrPMa
zQWG0X10ssE4UvLGV2YdsXEyJc1KHSu1z5Q6IH1lrO5cu9706NjTj5nNZF9c8sBYBsowMoyn9OOK
XM6cIFwKOQ/oYC/CBFo2sxcR+VmArY3GNgweTa4vgvLO8ytftM+DYSup8+iWd1l/9JHO/WMQid21
a9TTFethRR294Xl1lrjykRvkWrh3/5g776643b9NDj6hFwtciYnQtnQp0aZKrZ7k57MVmz5zcjyw
GtY0OVAYeO7KIU8/eegrWaksD+aEpsGkEm2240pq9T6PzFu27G2J5ynAwcERf/Nv/zRf+NwX+P1/
8Xv81E/+NbrYUYfe/8hqOz32Zr6YZJQKMTRYqYSupepA0A6rnp9W88KhZtegz6oc14G/+uHn+NrX
XmBGy9l6gCETqrqZJi6FKaoYRlYlVMMYyRZpphu8IlgVRAp18HEYsqFXb20QlU1WIiOZQMyQm2nL
Dri8uWRighLkPLBU5I8D/OePWz2CyKVK0T+IqwpvBWsfd1wKqmmQvVVh+Z6IiMc81i5mnIwDgYgG
IdaJcIE7Uzx5eMi1vTnwtHv3VWXdD5ydHbNeDYzrU/qsSIEiRpI1SVqeuzKnm12jIYO1IL2vZAFm
85YuzSY2SkRCge3f1Ezztt1nFqyy6/O1EkkJ/sP/5Bf5J7/xG/z+7/w+/9anf4InD5Y0IVJ1JMYF
aCUEhZgIyQkNsZ2QoBYmVRvFbCr/2TpxuNf04V7HG6+8Tu0z/8G/+2/z+W+/iwyFEguIUGsDphTR
yb8nkq0AhmhgTU8jINai+GpfrKATwkGsp0pHrYqxoaFQpaGpIxIawBgksAQ2UZhnRcPmq7vAipXP
6WOceba6mw8fcdddP6d1nWOtHj0uKio/uoKxe5/HPwaW3VxSDGpVZMIFhZCmZFeJsUVzIWhFa2XR
RmbpkKP5QKiBohWtPaYRHfeckpZtUqlpKNiUo0GIhdnygLZ1vdGQAsRIqFuRDpwSVZU6DrCoSHTd
Bh+xGYeH17Cq/PzP/zw3b97kK3/2JWJtePrGUzz/3HX2EZqYsOp48jApmakW4tQFj03rK0IILjue
0g4mPKwGvvOtm9xf9fzcj3+S/See4P6fvEQORqhKtY5gE8NGDJWIURgpoHMIjiIlmgdTNb95YoEM
Q5Lp/J55w1RBg/NLVYyxb0izQlGj0QFUGWNEQ/rcLrCuPPPMq++9+/ZrED6IT4aw7ejlMWOX8yDa
ohzf31Xi/DmPDzmRy/nUxce2gZr2ltOWU13HoXWShSfGbjwu08+CTVKL2bWiCuRJ2ylaS66Olqxq
xFChBqwOJFo0GNUqVw+u0HbJ78pgk3vD9mNlLAtqgiWo2SuttFiQUsO2ISFibPqB3A88+8RVrl/9
NKvVmpuvvMWX33qLEAaa5pD9owOWh0uuHl1hf//QNcEQskFTCiE1wEjJlb4fuX3rDjdvvsxwsiY3
Pf/Rf/yLjG+8gXUL+s0Gs0pRJVllnLB0o1aiuMmTmLJmxcwSQRMPaqYTN0nfVCHVkUpkU5XF4LKW
VkdXVFRFrdB0S4KN9ENlJiNZA0MjBC2v/cov/7ev7gLLj/g5sL+7I6du+fsPBcllsikPfb99PFx4
/eNx8J64f6+RzoUcq525pGItWLwg7U3AgWiGEnzLwtDJAsVUkRSQPPrg1KoXGVEIkmEUUO/1VEYU
YW+5pAkNJkrWwZFjdVLJCw01Z9BA1kiQzbmoWqnQLWjahOWMlpa5jKwevMd4ekpFWDYdP/7Jj/jA
NiSGqty7e4vjuw/4xstvUaYZZ0R9YCyyw6xFhGBKs1zyiY9/lB/98R8ltYlNznTXrvHmW3epeYNI
YKyQrWDJMfZtFUrN5OjM7qTKKggtmYD4czFKFUTb6fwUNFQ22tDUgRobbwhLJPfHLCWxSYlTUa7U
lj4M7NN8bnvtzsVtRT8nZn93W6k5aG8LabkIibg4rL6MVLhIpjgPmHrpcQ80D9yHdbGmZ114/Xlg
P/Ujf5U3/+wr1Dqi2sAkYOuCrkYlEy1SzD/jbiWrhRASpThCoSExSMbK9oNWNHpwtFqZLxo0ZOrg
Vrnbz9yQUHqH31hBSJQiNFTGsSfanFwGfFLkiXloEleffILX373lxkolTHBgIaaOedty45kbfPBG
dB5h0xJa7+anbunWc7PZhOacXGajOEnWBDWn9+9dOeJPP/c51wnDhT+qGTo0FClYbSBAyUY1KFaI
uVCaBtWMaqUPSq0No2QaLZhMz2+VViJBhSw9ognCwHFISKm0QTiNA93Yson6aGB5nuXKwcAlJOjD
K9d5MDyKvdquROePXdwGz7e3cxzW4x6bnnFhMD7b20OO9rG7D7i4aqrmXW6D6PT5FQveFCU0u6Yj
QYFIqgWVhAbvnCcJMMn/iABVqP14QRoATFxSscYzYpiB9kjTkrTSVqNfDzT96NqhIdFEc3TlfOGB
XzMhC9YkLAXM+mkYLiTpSHhPLFoltQvXEpVAHQbP7xp3KkO8BVG1YjGhQ09oEvfun6LF4U9qLlUk
pogNbKioKW3pqFJQXHZbTKdenrNrJA0UTRQrWGioIWJj4TQU9ssCS6DNiNRIsQ0xQJOXaDSy9Mxy
2gXWLjKuPPPMq8BrfrEfh6G6HDzn/3c5fzpnOH+/xzapP68wz1sWUy4zPfPGJ36Io6tXXBnZJpG4
YI7NF2+MmnmPygfEglXfTLxv5SMTm3BGArsJTWj8Zsm5MI4bijox00YlGww6UjWTR6i9M5FrNZDG
Bd7UxT/G9Rl5dcJwtqJsc6TkkV9UvWmpk9anTRWyGmXMvtKpULOruXjvVy6cc5v+HvE7SZXTBw+w
PnP12j5VlaKVXI1SRmrpKVpZjJlYlKJnVO1hTIQ6ifhmly3vq5JHnVa0ljgaljeO8x8hkyl1dFvh
kpERbDTWktHaM8rw2q/841959ZHA8qjQ37ocVFPfRs5Xn/ORRriMRNgdW8r8RSGQ7wWTuZyDPZzo
n3MNJ4jKzCsl/zSOKdpNC9S32TCRQWq4cGHE4S61TqJpVNQ23uVO7vUjcbJW6Qub9SkP7h3zzjtv
UbJT0TUXbyhmJeeBsULBKOb48mEYGPLI+uyUcSiUszNq9q0YdXKK5YyUQg1Q6mZC5zrk2qzu9BG0
TCgMEyRNEBjV8/mr+t8Sq2EpcO/esbeHavTgMudHZpSVQs7+nrUEqvr4ZlMGRnp03I7EMmUcJuOG
kaGeoVUYrXJSB4oGBi3k4m4cVUdqdmJrLvW3LkfBpR/Srz+qBHO+Ml0eEG+3y8dVg486oT88K7wc
PB5gXiWGC/NJ3QX1VmpxuVyi6uO1bXDpdgWb3r8w9ZbMjQhsCxys2VEOxQFqEqLPDJVJiMwVk624
ql8oBcnCu6/dYjWsGW30OZr2jLXsyB1GoKhy57XX+dZnP8s7L32XkzvvslmdMZyd0MQ9RzJEF5N1
Lx9X07OaESIeT9lvpMhU2Y4oW3MrPw+11kmYw+XED65epdaGYdVTy0gpPbEIsbhQbx4rYxkJJdPr
SK0jknsH+RVP7LNlQs5YdecwzSt6E1JtqUNPX5TGKmMZXMXHCn3N9MWbzlUHGPj19w2sK9evfxUJ
337s1X/o6SIOm90G28WgO1+pPN/ZLemPhtSFr9vc7GLKLrvf5V8D8719UkhIcKKqyz9WdFLMUyJm
5Tywg9+ppRR3gM9lWnUnGlMI1AYsuZoMk+Vc183pJp3Qw8N9dFA0ez8sa4VsUDJl7FErvH3zFY6/
+zKNCnKyZjw5ppqyOnmAzJwESgSNHhw6TJ9xsqlz+M00hK442UHPJxtmtpPQVCt+TpMPtv/5H/xL
etv4+9ZM1n7aCiONuYT2iWWsiKsMWkV0w2hrHpRMGDPHtmGsSq+Fqp4T9tUQa+m0J4+QGclaWSuT
dXJLLStqiV/7X3/9f/7qxSv7GIdVfkOE/247knl4RdIJMfB+x6NVXpj8ax7Xq3r02JI2zjv14vM5
cVaHi2/U84sAYIGoSpZA0c05Xrt4b0sRvxg+vPDZn1WSNBBtYmJ7vmRFHQBoiXY5h35AihcFGfdx
TkGQTpgfLFlcOaTWSDdb0Dz3FHG+4OjJKyyXV6lRYMx0M6jDApP1hPwUihbqALM4p5ZMDYFIQ9PO
qFawEghtAlEvUCbLFO/KG1hlzJWTW/f5zndvUkshM1KrO1WMZBpdsNITLARiSSiFRho2FMhGFoWa
6aPS1haRQioN0gAlYLJmqIalRNTiVniMOGh5Tm2KY2zY/PrD1/GRwNIQ/vdo+ktcWDi2NCu28z+Y
xrmPvHqaUW1f97ht0lcne3Rd2j22xW9t8y1PzCeUg/nK5VujU728XDBQ19Z0leRMMLc7sZxBsgfg
tKWElFzxzxwxIDbpKkQHD9bGreJohECkloCGAaWjCcJi/4jF4TWwxGzR0bbXSTeepZ3NabapQBmx
2BAw5oeHcNZQywNUe4cVJ2EcB5owc1VnE/I40rSOpLCqWFAnmkqhArI1RBJYrdb8H7/7z8jmFZ6V
xGA+aUgIWVaksQMrlKZgVSmayVLd11AiGzGaWhkk0NSBnHpKmRHKtOMmLxKSDZQap/ZOZOCMVBXi
zDbY//nwVX7kyj/11FMvK3z+MRFxacB8Megurm4Xc53Lyf251tJFvxbhHAf2cPi5/vflIiGmAMH1
Pm0yDVIt5I1vSf3ZmechkyUIVd0sXMT1ojohtIY2nAftFstf3WjJJq1zC0qTOmrw90gWyZopGTZD
z3p1Qh42mMBsb0G7t0ealImJwU0QuuhmUrM58/095vv7SGq88Bg9f9LiWghaRuo4TPbAE53fBC0j
ZRyguAAdOAv53Tfu+N84ZlSV9cT1rFYY6kifHapcbEPOmcGMkzR4T85GghXQAWwg5h61QMzR9Vpl
zSjKWAtp7BEVYo3UXCiap8nMgsHq5z/zmf/tzl8YWNP//vrFPlblnOv38Er1MJv5IqR4Z1QtF7Y1
LqxEF1/DeRdr+70n2Ns8w98zhoQ1U1daIVcl50poo/dnituZuI+fl+2YeyyHyK5BWSexsWLV8xFA
S/b5n+g5RFkqzax1Clbwz1EoDKenrI7vszlZ+WcOxtalVWJAItBM0RuMGBpi07J/7UkOrz9J6Jrp
pthQVB2Jqjb14uLOHq9qhlI8mddCtTKlAIHXbr4JWtlYoOqG/dFoilDEyJbAIqNmqsVp/JUJY+Ks
VIZa6EsGM2ppvJ1gmSLGWIyNeuEzrxWtgbMystETkkItgVCUWCuDProNvm9gDUP5TeDth9sJ8XE8
Htm2JKagMNtx2r4XJutioraz6HjcR7MwvV+YBG8DQ1X3XAb3C6yu/WlVmS06L98nWj6Rnc6Dd4Di
1OsSdBrAhom/J13jKxU6SXptR0b4yjd1vS0quYyMZ16Jad9PXn+GmLkWxI7QW4lN54HXNpgKs6Mn
OHrmWazdVoiGaiVPf0eteZrYgo4jJC+ElMmpY+qwv3PvHRpJJB3JVRhCAXWbFyVTDTaMFM1oFmRo
vYdnPWZCKDPiRghaCRWkeEO0kNFSCaWwqf65UvUWB3lDDoVRIdfhnVnkNx8XQ48NrBs3bmxA/tE2
YIIxmW8/mlc9DIq4uKXJZAa0Q4NOucFW4O3ycx8N2ocfVwl84Y//jFfevotMUkVqo69ideoei2Mp
QNEwkVBlRHVEo/kqNxpDX8l5BAIlT81Wa90ORUHJSPDxCApNTMy6hrYTkkCoUIaRPJ5hVjGNrrde
KoHJTFLVrUEk0HQzJCakdVzV8so1Dp/6IJh/dnAN0qI6NT+9QAkp7qrsc49s17FYnQ6MtUeazhGg
Y2EdRkTFu/C1uF5YBWOgMqCj0FevoHuO2USDGshVGSYfRKvCSKDWQqhCloFsOONHEjKuiSWTs/7D
z3zmM5vvO7AA0mz4Xwy7v2W3buG1AFxIylXOf354hbv42PnPMpFj3bXqYlxeHBNVv7dA1BuLBL7w
r77Iu/dO2KydXxLjFmXpybvLIU3EgCk/C4CU5LDbYSQPG8omU4obP1mpENyp4t6dN6mDEcxINiOE
iT+YoEsNs1lL2yxpYkcyp4FJVefpmTc4TSAPo0sFBTs3QpA40donT2oa9q4dsX/0JJZchmUrbuYB
6aygkHwkVavDms2cNn/v9glWK7kUZHTWUq6FvhpGJloh1uKrmVXUCuuqqG21JJSshlRlY8UH98wo
tbKuG9I4oFU4U0eAxAxZDeuVMMwodfPAFsM/fr/4ed/AOjr64H2QXztPxPU8UOQxW9zFCvDC49vx
iQWZwIHbntT5zNB2gMHt/NC3n4uQ329+80VuvfMedeg53WxYDQMOkvFcJGueLuI0rLU8VaVKKaPj
sUpl7DN93zMMg9/lIqARz7f9+dk2VIoTF5J559wKbbdHM98jpUiIQtME11FQXx3IXjQ0TUdqOy88
SkXEdkWGxEDerBj6FUJkdv1JglZSEz03MwjVe1gS/fMEcc19dlt55at/8gKjDVSErIJUCCnSjVNx
YTAYHKvDaMYaiXUg6+DBFfxGGOtA1kqthVrgTDOmgVKNQRTTnlqNdV0RygpLDyiSqSK/+lu/9VsP
fuDAAggh/8OKPXapc/fKx7zcwg6uC1zIty6vaA/3uqZn+Gt2Sb4TM1955TX+/M+/w9DnndT2u7eP
/XdVVyO2Uqdhbz0f71BdEtE8iS/FZ3R5HBnPKv1qw5j9whsw3zukDZFgCXRELBJKgdG3TMuZNsFi
saRdNszaRLRIHVeIXfRXtomdI3Td3LvskxLx9m8bVseUvCE2DWm+R4xOCo1NInazHdRZS/W/U6CI
a29hkTfefMsnEKqUZDsAYGhaRt34zVRH5trS1YJo73NI9fcdaqHJkaZ4auCSHD0mweXJpTAbElL8
+TUKY03YMKPa6WY1hn/wvWLnkT7WxePJJz/w9u23b/2aBf37u0CZKrgoQp22sl28iLtITcMZD46H
gmUbSI5C2Cbt52OkLSZ+u4Kpwpe++HUvl7PbwFWt3DnN3HjiACNPJ9gTZcXA1I2yNTtCAaUW8fFD
3tAPmdOzFeNQObx/ih3tI21AmOzdbGotyAlJFC2ZUQeGdsV8b0loE00zJ/r14Pi1N9jMHtAdHDA/
2KNbHFCTOTk2Btc5IE8r2OjBXozx7IR2/wqL5b63YKwQfJQGSwAAIABJREFU6Ajozk4uTHmpO0so
FpXjk8zJuKZk11EowahVGYsXM501nOiaZA29Ze/V1UghgwoaIlaNflrtESHrDJEzlAgWGAVEeoK2
ZNtQYkMKlTOpxGq/9rnPv/9q9RcGFkAV++Uo8vdMZf8iXGabyG+RBHC5H2VMxtnbbXG3hTqeazvf
c+aJs3Ij7FRLwPOsz372D8nDOPHhHE7bZyWVwL2TE/aSUCwTrTKUTJs86SxWJ8pUphajqhthUj0x
P1guSHuBcjZy8t5AO4eYKqUaQSrjxFQOEndo2pxB7z+giwtiB6nrkOx5Si0bryhHZd1saGaRMJvR
dp33tJqW0+P3WN26zVgG2tkcq4m0GJDYTjkVE3lhSgkqzo7GaGP0BqlEPvv//gEyVFR8liBFyFR6
zPUkgBhmlHEDWqnMIMBQhUaUkiGLo2azuS6pVShBqFWoekqjc5porDhDgY6IZKEEO91Pi//+L4qb
vzCwnnnmmTu3b936H0Tkf7y4fe2CTBzjhJwLru1WJ7NdgD38umAXsVjbp3vXfRtUBtx65z1K9sEx
wFB70EyvgZdeOeXHP3Z9uvC2LaY8RxOhFvWgzYMn9KqYCPOZ0jRLunaJzTfYZkRCQmtFS0Zjcsp9
rpCEGiupRmgUNSWnAamtIxemPyLmSEhXqaUgqgwFZDPSAxYD9+/d481vvkQXE921hvnekuXVq7Rn
PU5uDk6vD5EQG/colIThN0hRJaWGnCuvvPY61SCQGSYTSa2VWQkMjAwqVDH6FAhDQWxkVEf3J03e
w8MoFiEUyhAJyc+rKVQCJRQaDQSd0+Ae1D0Dre390j/9o3969984sACOT0//p4O9/f9URH74Ekoh
iAeV4VWPce6CYrbbI3eizBMydbspblc9J2ROe/mFOvGl777MMDo/bsyjb7UqMEJjIydnD7hzv+XK
fDE1cc0T02IoijKARQiJqi7706U5TYzENpJaI7ZzKg1GJoU5oXp9Hqgwti6SaxvUAnVmzGkIGhm6
DUkb7NSY7c0JrTEer13hedHSdnMsCGWzQXOh3L/P4bV9ct3sGD6myjCumc8XnrSHQOjieSPXKtWM
FN3LWTG+/JVvUvoNo2X6IEjB6V4ETmWgqX5Gax2JGjGgREMziEV6CkNwVENryiluiyfV8f7O6Yi0
NXDKhhR8UO4dgebFJ2/s/aPvJ2a+r8D6+Mc/Ptx++/Z/beg/2/aiLq5CngPYFv/ij28bfEwVjYAh
Uz+q7qAgDqedsBA+KvTEW5Q/f+Hbjo+qBTX3VbbiWl5n61OMlm+8/g5//a982OWzxSs/E6/OSjGo
U+ItgIxICnS00CRERkI7h4MR1omEIuJD6lgEbZRFDOz1c2oKaJOJdd8hwacZYs9stkekQ3pjtkh0
Tcvyuafp9t32bnN8n36zYv/aNfoE6wfvcnZ8nxAb766TPehDIZjrYAmRWgy1gsTIZrNhudxnrJU/
/aM/oS+VqIGkdcqHzBWmgSqGWSBIZrCI4PJCGpQ0Qh8rUiKJyEbXbkoglVhbZ+WUSk0ywXUC1QYf
K9HR2vhffeYznznHmv+bBhbA9Wev//Nbt279tmH/vq9Q58n4Dhv4uMa8CFwMwh1h9TLaoWITCuIc
U7+Z/oRNzcwteGBWZb05obdKqsqYhdu37vLE1X2CGrlsSOJ0+y2NtsqIADG0PoQOioTimk8xkGZL
tA7kfqTdzmUI/hwC7XJGsERqI3EW6doDqgTq6j7tcp/u8ApB3WJk/sQhzWIJRWnalnCwT+oaqhjz
eUvbBapVtA5I0yITdV+23H1xfSozdf1PoOvmjCXz7W+9xunpGdUyahBqIktFGbEaUQkENYqOZDKN
VXodkdqyMFiJYNmIIXMi0NJiuWDiW7c27mpfFKpVOhXGGIk1UGT47T/68hf++fcbL9+z3fDwoar/
pYgMf1GXfFsebyEvl3/dtldlu69bFOjFbVBVqXngrIzUXBhUoBpnq/uUDFbc0rfUkZfeugsEsnoH
3NTnahIMou40PJEKsSChuoCZzF2dJkSka+hii1mAEKnJiXASoKaMNu6JrMWoDOSywe0MKjIMiGVC
crNvCu7okPzva7qO2dEhqWtpuo69/X0WyyVdagnirvPEhE4N363eg4nHuJVKrsq/+L9/h1FdMabH
6LUwZKUvRlFF1TFYUjbeiyo+NRi1ck8qA5kQZ1gNNArZeoqAaaBPg7OVypSiaGWcLH0DZZAQ/4sf
JFZ+oMB69tlnXwf+ATBZ+l7oWVmYPkTcAft287JpKzJR77ZvURLqSMgt8xcLbKXA7x+fUIugWQnF
MeV6eky1wlgGGAtVBdNA1UAJbvAt5mA87HwxDjZZh0x+zSJCQ8TIYNlFNpJRWvExiCohdn56TKA2
u/6UqpLNXeNrcjOrOqx9QFx6b8rG4HoNVRErxK6FJoCONDEy29ujm+07vV620BCdINdh14sTfCBd
pPKv/uCLnObCRgbGcIZWJ++qKqEG7gcfoGerrESgFNfBmprPbYWUlVxWWGqpWaEWQvYquiuJais2
UdEqBGlIuTDWkVHlV770pc+/8f9bYAHcvXv9l9T44naV2QbVtpk5YQuoJpcG03ahO6rTc7fVnL+2
YNQJ+228/dYthupNzTJ6u2GV15Si1Cqc1kwcz6B6H2uxt0fOlRQaogRK7zy8OEGaQ2gwJjKFJkod
/GZQAc3eimgizBuKuPg+QIkCklALDJbRSZJSx0yNgWIwaKEY6FDJeaDmjYto1NHBfrMEkz0eIdDM
5sSuJXUuVqsSCClcYHZPuajZ5P2jvPDC18AUqdmDofSsLVNrZdBMN3pehhptDRSCg1y1IeESAIM5
gaMMa2KMbAQ2sqZK9Ru2OiAwmlK1Z1RD1L5U4+aXf9A4+YED60d+REZMf1HgwTZoLm5hZkY1nfwS
jS19T1V5MMDt2rAlbJjZboUy2AWomfHG3TvYpMNeq0Lu2eTCelgx5lNSGeitoZoS9/cRHVkuOm9T
jFMXGZ1mh+dbjKh4IxTfUhTfCmpZM+YNI4Ymx2LlUFw7qjopQUXJE4VfxavUqj0qDSPKmIRiSlbn
NFYxmCeyDTuiREgRCYm2a2hCR2w7r/iKn7MYp6DCz51J4Hd+83dZjxsH+emcWgdkWtHUMuJoRrfK
s8LIiBQnplb8/+sk8qvqxdRQC/M6J5QZoxoZ5wNEMlKgWiJK80CFX/jyl7+cf9A4+b6T94vHM888
8+ob777796LyT7ZBMdo5aC9P86l3C9zVwCmCibAGZtrxo5q5Mi37ZpPYBjINcj236I/PYCyMYyGv
N6S2owSQEii1cnS4B1oYHmQevPcd4Fn2FjNOxgwhEEyp1hDFafxCRMNALZHISEgt1YpvkwaRBp0u
flElBUgVcF08QoVQA5aUYVjTxMhQe+YhUaSymO0T9/Zg3kEIWBOpSZDq5pxBtqfaUQpVE9I0iBSQ
uhs6qwAhwiQp/tqLb3CSC4fXrlFK5Gx9TBn3aHKmL5mAB65aoEU4s8GbrKEwUmlLYrQ83bRCZsQ0
EYNisTqZRBpyUQiVsQYqlVIixuY/++o3v/rqXyZG/lKBBXDjqaf+r1fevPWrZvr3a630Wnlb4b5G
sjRoEDYWaMy8glKnZY0YX6Hhb0n1wS0TjcsMbIIYG5yuRsZhoA4jYgVhwZNtwzvH79EVOL3VI3Vk
sA2f/tANYlWMnraDTW9I48FFkImTUBCUEJK7dJUKIYO2nkpZBBm8QVuMDPQ2MrMZKRbUIiqCNR5w
mhJtN2PUkUYqVbwRSpvIUtA6OADbgLHQLOcT+NChOy5GbIgkQjRCmk3/F3fsn6zwB//P7zEYOOtQ
kdBy0Dbs3XiKo9LT31tzOtxnfbxm1MpoStQe1YQBvdlOZkglMq+wQQhWKAUiiaBCiIFiri5kaiTK
r371W1/97b9sfPylAwvgS8fv/Tdjc/R3CvFHfPQhTkowNxEKIhS8M1zFVYk9oU9O39quUOa5wQ6V
I24K2TTClcUhy/Yq3735DcYMjQ6sbEOqiSY3/MQnr/PRG08SNIO4Ql6t2bmCIVIFQhOQIhCSV4B1
cq4SUM5Al1MSH4CRQGLUHi3CyJq1ejHShJbQG8vZnN5G4roS24qFQ0QLVleMWZm3h2ivSGM0qfv/
yjvTmE3P667/zrmu616e511mxluceInt4DRNHRApKdla0bKIiraC0gBVqIhSRYAQUAQioQJKBRTE
UlpRFhU5gOKmpK0SQkkqh2yNsRs7iZOxMx7bMx7bM+MZz/Juz/ss931fCx/OPRO3BEjqZZJwpJFm
5sN8eO9rruWc///3R9t23IkLOZkgEWxjEhRx7WXHk4qJCVdd5NEjX2boYR47ComYddSc9+w9Zdqp
5KaIb5kemOK8sDYUVvMF+92MPICXRCeFung6gaVmSunHrMZCkR5KZXhybSB35Ng9UG3Uf+v5rI3n
tbDe9trX9v/x8TN/phS5vyNNyCPiSE2y3GUzayqW4ydFIWcGLRRD+FKymR+eevI0R48+ypOnTtMN
PdJFfEpsXOV58rFjdq9IFats94SrXOCVNx3g5uuupSRznDi1duzGoTV2L84obabKGNRj5LrnmMgS
bUidCio1OVkokboMxfDcXitSXpqkRiyTYxhmqE7Y7Re45BE/oHGdXEViWjCNHkmDhYv7YO6fnCHH
8T7k+Art0CIxnXNkJxYr7EzB2vUDWxd22N8FCQ0+9qS+4OiZZ4cbF2nMQh/3qaMnx8Adf/j3s3fy
AidOPEU1vdrEeaUnziOz5S45QZOEXelwuabTBS5NoUQDmUjBCzu982976Hdxr3pufZWW5tdf//qx
s3/CCR+UMhIC7Wyxoez4vI+jtipl05m//tzTfPHzhzl37ix9H1kNhiaMCchCVWUObWzyxImniXEX
SZ489Ewk87JJy/WHPNdecwPtVCkZitdx3jeQU6RfdHSpp9JR/KcFly2d3TO+aHMik6BUCBnimHKV
lta9TkIsZkwN0pBZkqgRPxByjfqAmxjk39cV0+lB2umEajKl8jUSzGWNOJPNlMAwdLZQHYivEUlQ
Cq6ajFcCYbZcMm1bPvDLv87Tp56iCh7aDXYvbJPKwsymhr1mUIUeSt1w643XcPvt38Zq8Bw5coxT
28/inZKLEiUSouPV334LDx/+Mme2zpvONpvBt8mRlRAD/oceeuyhjzzfNfG8dqxL9Vduf9mv/+wj
p3+sUnmf4LSUTJRiOmoRBjKbswXuwgV0/1nu++KXObXq2U8rJGZ0GJCY6XJFKB0Hr9pkueo5efIE
ZbWPy5kiA4e84+DEcd3aBuubLVphY5GsiHUjyRlc8YSQmXcLfDBCsuBxUsjZjQYN8xkWl9Fs+pfk
OrOCMUElkbXHZyVoa9IbDVTicK6hSKQpjgEIrsGJktIS1SlCGnkSGVJBgodsGtcsA47KUr0oqHM4
qQyPHc2CNiyXTK+9lvnWDqkkhqHg0ozpddfTnX+G/bgkIOTSsoxLquBJSXj86Qvc8rKOi7M5Jy8+
Q5Vg3vcjUsBenQ8+cowgFddd/XtwZZfTe3OaxYIFMZL92x86/vwXFbxACwvgJ17zivf/3NFTm1L4
t/uS2cxCe/Yipx5/mPm5LU7EyI2bDW1VWM72KEOmTh19hCoLlRfCwYDbUfa3tkmuZzbfpy1KpULt
lINN4UAzpdlU6jAGZKeBlMHn2qLPCsRhQSktTajol5m6yQRXKCXASKIBs7g7Vcqlo5EBSS3irePs
fYVgmnQhUumU0NS4yhnVuA0UEpVr8U0FuYwPutGlpJilirEZnCLqPYrtrqg1WIsMZPGUUtia7XDT
ja+AXDhw081cOHqR0ifmZR8dlmwcvAm/u8X51RYlF4IKqUtk5pRqjc88dJi0SAQGlrGjwjGMNB0t
sFhGYu5wZPq65mVXHyDEmM9tPfP2Bx5+4KsaI3439YItLIC/9m03/Lt//tHfOrB65MjPbC3muLRk
Pwqy6ujSPufSNcwvnqfkHlKhiwkh4javZXdnm/mZM2y4CU4q9reeIZSMhopAx0bl2axb1qeFSWiB
JSkq3tsIJpeISI1oxoeG+X5vpoDYmRuFgVIGm80VRymXcLw9ko1A48rU/k5kdEjXo+pgIHuHdxY7
ot5R1YG63cRXfkxUNa26Fx3/7L7SwZc8dtcthNJdGuSDsbuKvQJn8wXXX3ctIp6UYL41x1XrICsO
NJuc395hf7nH5KrraHYjeXvGbrF+m8sCcYvZbIoTocOjEhjiQNYJSM8goMOSUnkWeUmbNxmGFW4y
/Ysv5KICnqMbfoHq7rv+wz2/77ve0A7L1Vu6VUfqFsTViu2SWO3tsqTH5Z4+JZxT2mnLcrZDVSwv
cYiCrAyKv4nQZFhTmDQ107airRvUR7z4cZepTLHqQFUo0cYwPjhK6REZWO71SGggDai2qFN74qu3
l2yJJugrCZwbxYmCjhIOHyrUyeVfXjzihapao2pqQjUlTBoQbx31qkadQ5zDObUelmA7Ksa6Uqej
6kAYSqHvC94HmrYxMEpW7rv3c6xfewM+RFOLDJnsa3IWps0G65tXsb+7h6ewzMHoy9jUw6tHiscV
ZchmhytiNJ7aBaSuaUtLSfE9d3/qQz//Qq+Dr7vz/rXUz/30T76762Z/d7/bZ9GtGFJk2kVKHpBh
QJOjCQ2HNg8Zk70X9vuevOpZS3OWfaZIREh4V6gaR+VAg1mryMqQEil2ZFlYFz1lJCviVhR6cukI
OIIG1tcauv0VaEUWY56bq2sMcBr/f6kfM49FUakQ7U0nlszZXBTTnHsMQJvHqJLauumhMd2UiCBB
cN4UFkUj6sLlR4Q4b0ZfZzaufsj0/Yr19Ylpz1M2YeOy5/v/1B9j2cPuzpw8RL7jdXdwx+tfbaoE
aq69/lZyUqoc8VmJfWEoWNtHM70DVzucTlBstLWIGT94aOq//z/u+8g/eTHWwIuysAB+8Wf/6T9M
Kb9rmWMc8pylZIK/mpwcfb+iysItN19N2ZnT5RWxm7Pe1uwuz+NLZD3VFOysrhHWxBGKSUzIAyUl
MgMx1ZdHQ9aTqcnJUYrxGpxzeF+RdMb+0DMsLZsvJ0fJHZplBIcYFsjGTcnUCnnDWu6S0OeEf6IW
n1LUSMaXYkiq0Jj4US0sQMRdTsQgF1zw+LqxOJZSKHhizCwWCzY21knFZDyosL21x96wxcNHj0A9
oe8H9komr1a87IYb+fY3/UHisI/WAqGhdjWZQkWk6iMldQylUMTY8asyZ6AhIgxllbJv3vnRj7//
p1+s7/+CH4XPrYceuO8Lb/6u735wIu0PO5345c4ZVnmJq6fcctN1zC9s8dT2BXK3wlcNcbbHJAua
I8FHglasVYHWqVmtXKBoxJVRSercaFZOIIp33pCOYxRtKRWaleILjayz2F2SfUaDhSeBUlKPZR0P
o/3LcUkVhqtMSZpBNFLEAYKUgK8coZ6acLCe4IJH1duRPJ7Nl9IxRArqaktlLUrsTNw3X60YUs/a
tKGt2stjHVHHo08/y7EvHWF2bpdX3/FGnjj+JfqUuLC3x5NHH+fUybMUiZTkObhxDednF/G9wVaW
Gk21mgqDdCgB7wN/5C1v4JbbbliceXb2Jz/5mx/6lRfz27+oCwvgCw/c+9gdr3v9/5zPdn8o9jST
qqJVOHjgACfPXIDFnL4vpCpSxw5foFIbBamPNMFZQlUYrG2gDTo2Qr2roAgOb8xOVxCtzDgaDU6r
3p7xCfu3VsMSL7Vd0nUFUSjRYPjJFZO55IDQkssOKrVd9rUHCSYelPF4cY1hkaoGUVP8iwXg2O/F
cgpzGQ26o3Kjj7abpJipg6dqpzjn4ZKaW5VHHn+KR48dIUtiue/Ym20zDAtczAzZ4do1vLbMhxWO
QOlmbJXVmDyRyVrjHWjwVJVj8+qX89AXH949/fTJ7/34vXd/VejLC1kv2lH43Lrzzp//5Cpuf3dw
8eQKYbESPvelz3Lq/Hn6vif5gksC/UCR3gbIChMXkDyYYTNhmq3cM5SVYYdSP3KvluRiRkuJ0dDV
3kHuSNlCJWUMEm9dYDabkenIsTGzhQ6mPojm2ctOSLmnZEccLJVLpbFhdi4UWUGpRomLkofM0PXE
0bwhBGOUFtOk2VXMjCd9HGx2GgtN09BMJ2MCWEYdY39LWewvSKoMq8Ky7NONvkUwI2/pC12oGWYr
9nfOMLn2lYQS2AvWd6vXJlTrhwhuQkw1506dOBX98OaP3f+pz70U3/xF37Eu1aNHjpy79XXf+Uv0
i9dJGm7LnXE8i4PsAqFb0OpA0kIrhSBCUGFNaxAbt5QSERfwzhYRXkaT0IKiAXV2jEQiEhPqqtGQ
ENHQUZJDfCL2kb6AcslgapawgjAM2B1opPaJ86bAEMDZfUVcA64QqsYu9COpGecQtXmpBRyU0Whi
NJmYjFe6XHQ0bUUlJgqsnPXXjNelZOD+Lz7DhfNPkKNj2l6D6pJu2ZHTynKdQsu02mRndor5akaQ
wvXXXceyG1hqhOgt/7kokld3Ow1//NP3f/rES/W9X7KFBfDow1+YHz1y+K7bb7l9r6z6712F5Oro
jAXar6g10hTFi+Ck4H3BeYfmhGhl+S4CyS1wtGTMFq86sQ+tFbgOX8TGPGKGziFHcvTIABoctSrd
asGqz1QhkMo+KQKaiWnM1ckRkUJC0XEXMyNIpqhYx1wniLehMc6TGXOzRUgxkkuymV4q5DywWvWk
bDk9QQPiPSrO2iaqOPW2A6bC0eNn2Tp9mlRqqqBkqdnaO0dWTyiKq1qYbNBvXyQR6fol7cFbuHD2
NEPscHkJ4oas+p5P/tbH//KJ0yf2X8pv/ZIchb+jygc/8iv/cvDyxrbzx+PIczgAhFJw2uCN32d3
BxLRFzoiZXSx+Dil0OPy+KFLsXSuDBKNmfCVYEGD/zuJLOdnDWUUPE27TswD+8sd0tDS9z3L5XgH
Gmak3BFLpo9zVmkJw/h6jHYPi9GkyDFmhiSgQjesGPoVfdcRu0i/XBD7RFwOdH2kG+w406KgisOG
8ozANDCBXypmh4ulJ5YlJc5o6vWRCZYYiiPlimYo9HlmKtsU2NrdRlWpMmSJx1dp+cZP33f3P+O3
2VlemnpJd6zn1uPHj555+c133IlLN1V59bpJWeE1okVJms0MHJQ6C744ko94TGHpvF62ZRR1II6g
Y8IEozTHmeHCRE4KMhCqiaGEsgdN1OMrbpivWAQl9d0ofLPwJNNaCg417qnrRrVGhXhjZ4nzIEoZ
fYHD0FkQlFhDMsZCKj17syXTSYMXdxmvjQreOYrI5c49OC5sLTn88OPszLaRtMI1G0i1xvzi2ZEK
I7ReiZMJ/dYee8M+aGAqmY1rbuL87tn3LWL3Aw8efvCpK/R5r9zCAnjyySP98eNHP/jam288vq7p
jxZfV3WxLJzaVdQFiioqttC8DOAt/V1KBBWKRoJ4g1mUyobKmMVLLZ0GHeNJLucrjxt1LiYcS9Lh
k0DyBtHPHQVzz5RsDslOBjQ3lKz0DLjgwdlrsriR4lyEOMCq2ydnJSYjR3R9ZG3SEio/ptELWsSM
qN6NLYmRsUrmvgeOcvKZC2ztnqakQpgeQIOwQcXWYouijlw11FKz7AcWw4xEh8SyX69tvPMT93z0
H5w/f76/kt/2ii6sS/XIiROH33j7a34hFKmQ7g2qXtU7kt+mitlkvhKonSWYxtLb0RdG2JoaZN9d
2pwQKAOa2hFauzQHjKqpDXwh0pm3QYTgp3h1dMOKvjcTQcoDhkDKJllWiwMhG84p9iDBTBWxFIYu
sepmBicBkvTEQajV0661hKqxpmoeoAghGHvYGq7BqIKjC+jeex9nO81Z7p6jLz2VBPA1xy+eIA8Z
VwCt+L4feAshVJx86slI5F91DT/4sU9+5IEr+zWtviEWFsD9x451nz127O4/8Kobf21a/Gui629x
oWEa1nG6opUGlwrqPc55nCs4AqKK02C8LbVbCsXhk3kETdE6GjaSLTiISHYUurFPBagQgqOpJwiO
vtvF52q0fDu68VDs+5EDQSb3dszlZCLAnBpi7sk5UfuK6XQNrQTnqtEwEW1e6Cu8XgopV9T7S7gc
ZsvMlx59nG62pJvvAUJxyq23vJIgnnPb5/HqkKrmrd/3PVz/ius/ce+nH/jBz375c3edPn26u3Jf
8LfXN8zCulT3H3v6/D3HnvjPb3r1bccm2r5Ji1tzChJ6igenzkYsmnBqoA9xE3AGE7PbVwJVg6ph
kJCS3GV5sJYMEvDSUIDCpYxGIWCW84mfot4ZRQ+DppXBI97yanJekoZAzh1Db+pVatjc2GQ63SCE
BnUB5wPIChPWc3lA7cQu/KbkviTRzvzGf/8cOwP0eY+dixdIpVBXG/zoj/95BoEnDz9IdBVew8mn
j2+/8+/9o7/z7tPnT/9v1OIrXVfiVfg11b/48MfvWmu7VyGLv+m0nJWiFLE4OVsENcu4AgkUWZAH
G/OUEdkYJSEp29GDkHVB0YwUNWNENghGcb09INUY8UnLZV+fE0c7afBBaSuhbjITalQSVVijmTpC
s87m5hqTg5usrR3iEhHaqY1RIFJyQBFbVOPMJ6u9Mov/ShZQzIHt5dL0/nKIPGY23/zyq9je3eLG
W26ly5zs0/BX80xf874P/eKvXanv8/+qb7gd67n1scPHh098+fh9b3r9m3+hJZ516B1O8qaE1pQP
Yp1yP9JmRQNSBKUFBjTLKOqzhqUTUDWqstCTs7dAb4xZMJQEjMhJmYLrKNjjQUuD04oSoAkVfrpm
45jGEyaCuDVqPyE03kAhoUZH/I7zpmdXtVcmbrwXYvfBIpBi5Df+22e5uLsiLRcs5nvMZtt4YG8/
8tgjZ55o2um7H3zs8Dvu/8Ln7zv+7PHnpUl/sesF0by/VPXv3/Wu0OdzP+Y0vUddc5tzAecMqx3U
gVajthzE1QgrhmS7hylGB1Qqyihn7iWNcSY9JQabexsjAAADJUlEQVQ6SXiKMbYGT2RpDXUSUWEa
a2gcvg74MEFbg9+G0OKbmrqd4L0n1DWowzkxW7/YqOZSQilOiftzqrUJOqZQrGYd/+nDn6aPws7e
Nrt7W6TZDsnp0Uk7/Rl/9cZdXyvp5RuhvqkW1qX6wI/8iNu5Rv9sCeUnvepryA3OAxoQjTjJFBq0
CIWVJYgVxctIJB6jU2LqrM0Va5LsUTIQlaQVEtWCtrNHg7UwRDLqMq5q8WGdqnH4tiKEhlBVNM0E
ceHyDuVcsIu2M52XBoP6O2fB3z40lGKshA/88ifZ7WEhhl16+tiRL3XDs//4e75w5Fd/6isszW+a
+qZcWM+tf/OXfvRgO3V/Omt5uyvVW51G03/KiDESIZVIEDW+qGRIGS0VmSVDVjsywUR2ZUnOFWiH
5Mp0XpdiU3CEEPBVIDSbaG3wWj/G7Vb1Ot7rGL9rMho3Uvq8FvB2VLvgLMbOWVbj4c+f4J7DTxUp
/Wee3b9417pbf/+dH75zdoV/tM+rvukX1nPrzr/xjht9CH/Olfj2rO6OVDIBDxIhtyDD+DJcIdmS
UVExhUO016RLECWTywqokRIoLPAZcoCgDb6q8bnBb4YxJydQNeu4avyzay4vRBcqIOOqYHwuHNll
g5MI7O2nh/7Lr37qrr3l6pfe+1/f+3URXb6R61tqYT233vdTP36Dzt1bxae35iJv6Uv3HQEvJTtb
aKUGsWBHc2QPpugcBpwzB7eTaOCQHKnwFKd4mSDVihBaqtDimxZXBap6SvF2sXdag48INc55xAnB
V4hIEe8eFq/3lJTvKeJ+8/d+/w+futI/qxejvmUX1u+sD/ztd232Wd9aXH6DDqvbs5u+qshwW0z9
AU0OpCdlxeOJZQE0ZNlF85o1UVlR1KG+xqvR+7QK+Kqlrlucrwi18Re8axDvdork406r43VdPVpE
7i+x+sx3vu1tu1f6Z/FS1P83C+v/VO/963/hgIq7vWh3W07DraWUqwV3SLw7KNEdzEUOeTgYXb5e
Kairz/jKbTum275xW1Kx7evJVu3XLojGJ1xdH1cnj/2hd/zE/5WD/q1e/wslpfOjc0u8VgAAAABJ
RU5ErkJggg==

READY FOR QUERY
EXECUTE
DocTable
CREATE TABLE myDoc1 (
    `ID` int(11) NOT NULL PRIMARY KEY AUTO_INCREMENT,
    `docType` int(11) NOT NULL,
    `expDate` text DEFAULT NULL,
    `titolare` text NOT NULL,
    `remember` int(11) DEFAULT NULL
  )ENGINE=InnoDB DEFAULT CHARSET=utf8mb4
DOC created
PIC created
************** END Log For Day : '2020-06-07 01:55:14pm'**********
************** Start Log For Day : '2020-06-07 02:26:53pm'**********
DB CONNECT
POSTED DATA:
Dade00
test
iVBORw0KGgoAAAANSUhEUgAAAJYAAACWCAYAAAA8AXHiAAAABHNCSVQICAgIfAhkiAAAIABJREFU
eJzkvVvMbVl21/cbY8619t7f5Zzv3OrS3VVddrvtttvEASFFEcE0CIETEhklL84FQSLFgSgKfiEi
ISIgJVEkIoWLECjkJoFkEl4CighvBFCwlEgIbAw2xm33paq6qs7tu+zLWmvOMfIw5tr7O6du51RX
dbXJPDr6bmvvvfZaY4/xH//xH2MK/z9e7n4MfBn44fb/B4EzYAUs29f5+9P2sEtgB2zb//n7x8A/
Bv5h+/9zIrL9Tr2X77Yln/YJfKeWu58Cvxn4F4FfTxjS5z/hl/0q8HPt/88Af0dELj/h1/yuWP/M
Gpa73wR+K/CjwG8BfgRIn+pJQQX+PvC3gb8F/F8icv7pntIns/6ZMSx3vw38Ng6G9Ov47n9/Dvws
B0P7myLy8NM9pY9nfbdf+A9d7n4L+DeBf4cIc7+W188AfxH4yyLy6NM+mW9n/Zo0LHfvgX+NMKZ/
Beg/3TP6uJeNw7D+69N2+xdPzu7/HyJfHj/tM3re9WvKsNx9Cfy7wB8CvudTPp1PaBnjtKMOA1Ym
zPhqKfVP3Hrhjf9R5DdOn/bZPev6NWFYDYj/AeCngBc/5dP5BJdhXijjSB1G3J1aK2ZGtfpNFf1v
B9P/4aWXXlp/2mf6Yeu72rAaIP9DhFHd/JRP5zuwjKkM2DhipeLuFKtYqQCICKo8SH3/Z45Obv+Z
72ag/11pWO6uwH8I/Jd8rAZlgF77ev3377X0fX7/SazZW03UaQQLbzV7LFVFNc5HVelWy/N+sfjP
oPvzIvJ+b+BTW991huXuvwH4C8Bv+Pif/cnr7+6YhZeYponLR4/oFkuOj48BODo+vXa0vsdzfByG
F8/nVKZhwErBq2EW/2sNb6UKImlvXJKUxeqIlPu/B/rvi8jf+xhO5mNb3zWG5e43gP+K8FTPccfm
G628v+eBWiuqyma9pu8T027krftv47UyTROllHgWSZhE2Fn1C7RLvPjyyyz6FWaGU1HJ7QZ/XIZl
jMMOrxUrE+6yN6rZW4k4qhkRQZIiIuDC8vQYIRnwZ0H/cxG5+BhO6tte3xWG5e4/Afx3wEvP98gw
JPOCmzDsNrg7i9USVaVOBUnK1cUFx8cnbLdbxt2W9fqSq6sNZu3xVTAx1MEEQFFv4ScJOXUsj1ck
EVJK3Di7xfHJjafO5bphP6vBhVFNY3iqGVfNoN1LxdWbp+JgWCKggqCYOEfHJ/Nrvgn+UyL5f3u+
6/jxr0/VsNz9BPhzBB/1HOtgUJurKx48fIftZgAzRGQfPrqui2NNkAR1KgxTwWuhSoJquEqERBcE
MHe0eQejoiREHEcRjE4T3XLBcrmkXy4Qh5wTKWUc5fbt23HjgQ82sKeNagqP6IJ7YCuat0K1AfeD
YUlSBAVxUGWxPL723PqXgD8gIlfPd10/vvWpGZa7fxn4q8AXnv1RYVBlGri8vODBO2+x3Q5M1XB3
EhFCcs7tJjlJ40a4O1PzCCbsPcP+fFBEHbGMSzxWRfA4WUQzgjWjMbquw8wQc0QboF4suXHjBqen
p+E1JZNzbo95MlSbl2ZQhTqNe0w14775Q3IwKkUkgQpJNDyWCC6CiJJyT86Za8b8y8CPi8jPf/S7
9NHXp2JY7v6TwJ8kJCnPsA7Z3G67Zre55NGjczabDevtDjGhUp/yFHGTRIREeKPRHPfK02HL3fE4
r4MRaPio2fiUhEvcbBUh5Yw3j7LIHZUKFWqdyF2iS5m7L9zj3ksv87TnmrkqSsN214wqDKuEYWt+
yrAOXmsOhSRtxypdv7xmxABsof5BkfwXPsp9+nbWd9SwWl3vfwJ+97M/Kgxgu1uzubgAjAcPHjCO
hc16S4NJcWNR3GsD1o47zTCULFBxqgFe2/m0Tz1xIZwGkpuBmgsiTlIN75TALQwr50xCIEEnigMp
dXRdikxzmnB37ty9ze27dxsOAqtlH/pmOoF3easKGkakqngzrNlr7Q1LBJfZ4MK7dXnxxNWrNpG0
/99Bfs93MjR+xwzL3T8H/A1CWPcMKyzm4vwhjx484HK9xutErY5VxxoOqQWKx7FiTlVDnOap0t7j
uIdHK3tjIzxQi4Yiaf5mb4yzUc1ezk3Qdpiq7g1LLEGCPiljDS92tFhiVqhlYrnsuXPvLrdu3YqM
rxmV14pZacbke8OawbqkvDeqGVtdD4nz7+Zj4ncHDwaQtGvXU38e+DER+eZHvonPsb4jhtXw1N8A
PvfhR4eRbNaXvPXmG5yfn1PM42a4k9A9OHd3Jqv79NzdQSQw0XwjmtEFKPYA6xbfJ3EK4aGsYSoh
YcTz5xRhJUKlhsFqvIbAPvSKCIvFYk9Z4MqiS+Sc8WY4y67j9r3bnJycoO3ca50O522+z1JVFUkZ
EQfNpGY4fs240HQtQ9Qnvu6PAYTEtdD4TcK4PnHclT/pF3D3fxn4aT6QQX83cXl5/pAH79ynWhiP
uGGEAYBhBsUbFnFwBKpR4ru4oFIjtLlSMdwkwkxbtQqoUxueqTbhXvY3p1jCmAJftd/PuEo8wq2o
k1JimiZEhOXqmC6H8Y+7gSThYUopPH7wmCTCYtGAfwA7/Bq+UglvGddE3jOv9Ijxe8MOB+yIOaSn
jeqJ9Tng/3b3HxeRv/WMt/AjrU/UY7n7vwf893ygcvNgVO5OtZFf/sVf4OLxJUOtQQm00DXZNRzl
gZnEHGvufz4uqIODB2uIqRlYA+MO1QUaIJ9x1t5zzb/zhmFg7zH2S4WkkBCKwWIZ3uFo0dOvjuhT
z27asb1as+hzcGAnC46WKxRB1PfnERhOw7AkoTk9AdYPHivoD5GEpGZ217yXZkVEUblO4L7LPAfg
94jIX3m+O/rs6xPzWO7+x4E/+sFHHTK3adxSxpFvfvPrPHr0iDI5FcfLIZNzq5iEsc1YqCCo12tG
xhNZHi2EJakUt2DVzakqLbzNJZUZS4FKDtwmFp96ncOkgF/zBAak0Bs7yjAYWZRRFNhhubDb7RBx
SinUWrm4mEiiHC+WEf7cwQVtHlVyeOUyVrrF4fbM7yleLVINqgXId8OZExYJNNA89/usBfC/uvtn
ReRPPuetfab1iXgsd/9jwH/x7r9cL/4eamRlHBmnHa9//Ws8vH/OVAtWD2A2vsZjZs8kkjArgO6x
yRxCilsLmQQ5qv7Ea4sdsBXqcUO9gV8MvB0n82Pbs6sGO4/iQoS5+e+uaIJOE33fs1wuGcfCOI7k
HJ6o6zqyCCkLfU6cnhzRacJdiApRZIFjUzOsVgs0dwdSVByfs0KCiY9vnuK0uiBsD6HwAysBf1xE
/tgHHfBR1sduWO7194P+ufjp3YZ0nUMqdaROE9Ow5Y033uDhg3eYRqc2IDv/nwH0jK3cneJGMjB8
T3riChKf/PB3GoYlDk0A4OGyqAiKoNdY9YqQ/Hqo80MoVN0D/iqKIiSJ7Mvae+yzgmaOlj3Vhd1u
RMTJjUAVV/qF7pl6RFiIsuiVnHMYUYLL9cjxquf09HifBe5x096A4r+NE+NuQHsl90tyv0BSQnOE
3qfA+/ut3yMif+nbue9Pr481FLqXfxX4s0+C8acLw4efy7Tj8vE5D965z8OHD4NKsACztdY9SDU/
8DzFSyNEHXGhiAceV8F92vNRXr0liBZUg3oztAhx5g3ip8RkDbBTsac+5crBc6ICFjSFY9TUgVlk
q+J47XEbGXfOMJXglVJCOWSPZWplJ6vU6mwp5F2Hi4H2wf6TOFosruG5A2S4DlfrNLF+dI4JpCkx
7iYWy0p3tMRKgeWCnBLvlgm9a/3P7n4hIn/tuW74B6yPzWO5T18B/T+J5s4PXcNuzeOH9zl/9JgH
Dx5F+CtGsUIxR9xw0z2lINYwlwfDPdf4roPwOUwGXpJ4DgEah2UuSOOxXKBV21posz3Tfp1GSM1D
7C9Y8xRpBtAiGIRXQtCc9vQHqqSUSCmBRJ1RROhS3gNujywkcsD2OikLn3/xLotFR+qu1QcbeJ+P
XT86pxQj5zCa+T11yxV50dP1C7qjKC09g9faAb9FRP6fZ77pH7A+Fo8VPJX9NZ7RqMZpy/mjB7zx
xhts1zvGccQdqhmTgTV6wc2DB8IRk/bVKA4SMgSmhq+8Np6KigDVbW9EijHhwVJ71G1dgqKwVvsz
HNtjq7lOJ1AV10bAqoMFFgNvOCvCpJkgWmlEersugjdKJDJARdWpVPouU2tFTNCkdLlnmia6JNy5
ecpcpMYcVxoOE9zDYOs0UEphcXSMlIGpOrji4vhuh5USNVSFfvlMxrUE/rq7f0VE/uHzWcC717ft
sUKPbj8LvPqhx1IYtjvuv/U69995yHa7ZZrqvjgc+qMmwPMJt9BRiQiltBBCpdRI88UCa4lI1Onc
DxireSq7hplc2BsWhFFUaYqC4BroyCGh0QPNEB4iRbgT2XuGGXspRNgTmPZM/kwVBA5LWcAzWY2u
WzQvE89+7949jm+c8ujhOVZGjhcdi6MVVkYWXXi3WispJbquI3Udqsr68RWdgJsxWmVFF7hzGZ6S
yeHmEWnRszw6elbP9avArxeRx89hBu9a35ZhhYS4/DXgd33wkYpTKNPA61//Bg8fvEOZYBq27MqE
VxjN0CbHFRJTHRFXDN/jLXGYWlqu+wxxDidGlfhkR3mkyWEiMGIIylzeCS81F5tn25MaRiDqJFOq
zOFJG3c0k48tgGoGLHCUQiGBzay/XyscK1kVSYm8r/kJXdcMJQk59/tSztFqQc4h6zk+WobXzYmu
CyAuqfFWBR4/etQwm3NqCkeZKoYUJVXHu0Q+WZGPj1gsj54uUr/f+qvAv/7tSJ6/LQmkMf5Rx3+X
E//m5df+xc/REPD1X/kqD+8/wCdBvDIWw4pH2LpW0igWpY5i9QklpZkFjWOFYrr3bl4qmENxahkb
ZzRRquM1SirawLLXGo8v5SD/nQp1mmt21orDYdDFamSeJRob5sfX9vVAiUjTqpcnKBJ3wVux2Us8
51Tr/kMxjoVpisK5W8hnrq6uSAa5i2yx73v6HKC9JYe4O8M0QlIGN1auSOe4GH3OJPFgga209zdS
7Zm7x36cD+UgP3h9ZI/lvv1Rc/2bIjK/VfbE3btewnn86AHf+sabbDYbRIRxt2EYBrZT3JxaDNxw
h2KFWqxxVcFLzUB9/hlX1JwidQ/glaATZpDvomB1X5sLOW+jFloILfi+aB0AP5E0WPoA10InhosG
H9rAfCIKzwHG077+6HooAGfJkGavFbxTVkgp6ohJotCMKn1WFouOYXLEnVWn3L51gkji5CQ8zcy0
G8p6vUWayqKa88LLL/Hwa9/EvdLl5hW7HImEJI5u3aJfXFc+fKhPMeC3i8jf/Cj28ZHAu/vlC9X4
KyKu18VyIk8fFxdpnHa8/qvfpLqxXK7AJq7OC0Nt4PSabAT3Ro424GsGFqC0lGDY1aFYpYqRXBoO
S8HMe2pYag6PBWkqBzMDDwAsGtRF9USHI5JbZlmjxCKQXagOppVEcEKmhqGIGE7jsSTOwSWRzPdZ
W5VINjQZ7hnxCiS8Gp7Cn1utUfauHdNUOVouGWsh5Z7trpB03BvWfK2v1htqNZzAoDlnNHWMTRxo
hHx6dfpB8ukPXQr8tLv/iIi89bw28tyG5e5drbu/gvDC/EbjTbeLdi1dh9AD1XEK0tMNzcJ6tw5D
at0oYo5XghvaG5hRLQqsZgWTRoZaK0SbkUQpzSNVq8FXecXjzlJIqDujlT2tYL4he8dkTm7ZHe4Y
ESZEg4U3KYxo0AomVKloqzeKOoYhNTBRnZqqQQquOleF9xmp2OxpWlKQE2MpTUM/A/14TCmFRRc0
Q+oUKcZms4nOIQmDD8zZSlYq3LwVBvSZ75vFuB/kjWbj+lBuC6I5+Kfd/bc/L956bsMqZfsnEH5U
rnE+c01uv+zAdIs5l5s1Jzdv8Oj+AywXxu2IeUEdJnPcDWt1OiFoh4A718RvaOAbYGqhEJtwhFKN
yS2MoAH+pujD3MPYGntvKMUdZ6DW6MiJwnQmNZA/1wxpWV2EwCjjVDekBJPu6tRplqqkCOVIPIsk
oERTRxMMikVoLiUK2iklJD4j6LWQPI4jKQmY0nehnAidVma73ZFastClxHLZszw65fng8nMZ128F
/mvgDz/HCzwfeN/tLn7A8d8P18RyTUtE45xmwVr8MS66NRw1jDt2u13olPYGc/gqLSucQ2OtQScc
+uuiLpjcSA1vTdPAVEeKeRxfClZD2Oc27oF/KRFW1SbcRtxS2J6NlBrGNFllmKZg8k1aUlCjuapa
dM3UwMRileyO+gz2J9QJMrapL2bMN3uuA4lb91mttYJSKZFQDMPAcrlkGgfG3YC403Wh9XKvTFOl
SwExln2w+tvzB0B5nlt57dY/kyP6KXf/0vM8+3N5LBH9U8DiCVzl7MGVm+xx1l4zBPT9kovzdagY
psqwHfbCNjNDMUozyOCwmhezEgDeHfcCFrglmWBWGcsIM3HqFjSnV2hCvajeTOGVHLLOkhmhNJ2V
eui6RAt4RjXUDF7jtYsLVQq9JKqC7qU4IW1wdzoREBAM8yjguBVMNAC6O+7xobDW9bNXrrpRa5PO
UOglc3VxGUaTElYqyUe0DzXE/AGb6YzgAidcEsdnd3l+z/VMa0H0KPzYx/7Mw3DxuwV+5+yd9v85
dLzMYdF9VgxEyr1YrailcOPGCXUagvm2QxkmPIw/8X14ppCnS4kWrsgenak2DzSrQqtRbaLUHcWc
qZbwNvVwDD5BmagGtQ4hl6klMk4xrCpeLcSCJVrcZ6pipj5qrahNe42Y1YrMwsEW+tUP0mis7s+P
uUzlgSdnXm2mTK5/0ABKqZQy4l4p4w4vhblmWIqRNTLm7TAyFRi2a3brT7RX9Xe6+zP3KjyTYbm/
c4rLn74e/p7+/vrvnn7ivu+5eec2SZRxO7E6vRE4CMJbzUY1N5Ca4VYbzXBQfIbqMsJOsYrVoUln
ZjY9bl5noVpIgcDQxqgDZC8sUFYkskCP0gMqlRxSP7JFJ415IVsJZaZXpEaoV7fox7CKed0bjpWK
W0G8Rrhuz+fX3t8+ubHg71o5myqQNXFydMxLn3mRaaykrsdrZTcaNmyYNpt9CF0tey4urvbQ4+py
R9mtqeUTnaf7p9198eGHPaNhjcPqjwCvXE95gXcZ075Wtze6umeZHzy4z6NH5+TVksvH5/ubwVzj
a1gKKyHXZVZwVqrUPaFZa8WKk4qTfG6WMJJUOpSMsUzOSuBIlaUmlpo51sQiOcci9DhCJWv4eHGj
c8EZowO64aoZW/WWwlAE+jADoo4XHg6bEIfVIrNcZI40s5Borsg4SSJjna/X3J1Tq++l0r0Kq6OO
1Cnf/Prrgfd2E1N1ThZCNsOHgazC2ekRV1dXB2/X1sMHF+zW5zw/3nrm9Qrwnz7LgR+KsXa7ix9w
t5+6blRPKwDim0jFQyRnuB/AoSKU9ZZaJ05Oz3j76pzqjZt3JwB8wd3AMubBM3gFwamNUijFcDfU
Qz2VzSBBFgkagKALstToUHYoBjU7qcZzpH2hWlucVZJ58zKOpihCK4nqhnqm+MjChJRCrdkTHTo5
CZoSKXWIOH3T5ScNebGptvYsZWoqT3ELQZ/TSkxCl4PW2G1Hxqnus+yxTNw4XpAplOJMGEc3blBK
YRproBEcQdpoAHh0/xGimaPT23ybhZX3W3/Y3f+yiPzCBx30oYbl7n9ckCcAe/v9E6QdLq2EY0/w
WHO5494Ld9h87YppHMiaqDZhFBBw82aUUCSyQqmKUijWZLdWKSLklkklgaQaXsoNS0LnQvZI/V0m
EqkBdqNmJbsHfWBKptEM3pSkHiy7TpUNkMyQ3sluZEmk9r4SSvKgGrJH+NJWtE6iZMmIVFSDbRc6
PIUu31AsKyBUi8emvmPRyjW7ccLLRNZ0qDqMA3qUKcVAMn3fcfHoMZVW0po1Z23GQzHYXa1RzSyP
b/AJGNeCoB5+3wcd9IGGtV6vP4OXfwN50pCeaCh4jxVF3rovkwzDLsonBosaPIzJDq+t+8Uct/hE
6t69N2zlCfUIg9nCg+UkdCTEKwtxVDugoKIoRpKEWWrEZ3jGToJfCllEeMrkKaR9ZmHgAqrCsUbp
xhBShoqQc3jDXjKaKpK6KChTSZJAIQsItUmeoVNBcgj3JIFrh3Y9ps52nKgudElYrVZBSejIuk3y
EzHcE8WctDjC2HF2dsbF43PMvGXAglkU4cVDK3rz1lnUXXcbpq6j64/f/0Z99PVvu/sfEZHX3++A
DzQskd1/gmiew9rTodCbTGXmq558rDzxGBLRU2cTIrt9yJxBvDWCMHBIqzA2XihUoBFSMxo3zImK
/6w5ktYC70oyw1JL5T1F4yoV97R/LauCtA4bS4Z4bn8TOq0IQlYQzagYXeuWSWKkpEgzHG11OURR
gaSpdco06XNSElFQ1tSjiw4yLBcLLta7OKZ5u1oD20luMMNDYzWVwvLomGFXKPP8CSQyXnS+Bdy6
cxM0yl1yOUGXyH2P0PExr0xMWvyp9zvgff3k48ePbyX0J8Wi/0OfOlgaVpmJwLnQC+xnD7hHpiSS
2K03rFYLqsdADfFQPVS/jt3ac8+EKbVlgtHUsEBJuZJEWSSld6VLmYVCJ7Ak0UshJ6drzQ6LBCkV
sgpZg+3OmuKYFB4jaYDsTPxuoZmUlZyVTmGREkmUpEIn7dhWjkkCSRIJmlI0Pmwq82sdVApdHwD/
eHXEzZunHK9CEjMMQ7R+qbA66uOaOnQ5h44LxZOyXq8b9dHyBj+0xt25dbMx8vFarHq2jy8ZLmMs
wSewftJjZMJ7rvf1WF1X/6C7rK43MsAsh1AQ2TeKirA/xp13hcyxcU79csU0DIzT9kA3OIyt9UHM
Q2ZMkI21RmgyMzqBnCPMpTQbQpxTkgDFprAgJs1YC4teQ3GJgJlQ3UhqFAlv5R6qUk3R1lU1stUs
HXhpD7Xo9VNQCXVEIni64OpqKA8MTBwv7UJ1BkXRHB3W0VABXU50R8fkvuOdB+dstls2ObHs+/Ba
GTBnmYWTvqPve87PL6mNsii0mQ0kkKBzous6cOL2PDa7yApXjx+BCsvjMz5mvLUC/gPgv3mvP76n
Ybl/YzVs5D8+GNVMrh+q4/H7g1G9KxQ6mEcT5m6zoY7GcpU4Pj3l4vEjNIFNijWN0N7btYYIXFEN
8N+rkEmRjbUb3SUBC4Acusie6iNYGHaOrgcssDK4h4wYiOZCxUrU8rpsiDUFBIZ6JAfeMJSQaNQT
1AlcY7oNLTlJQDVGmUKLj2BSSDWRRems0qfCsRyTVooTcpfFaknul7z55lvgMZ6oSxm8UsxYZKdf
ZHa7HbWE1KfiB1WsRofP2c1j2htnt5vwacRTphh4ndheXoBmlqv9gLaPa/1H7v6n5D02o3pPwxo2
x7/X3W+FrcxudPZC81GHtqxDdngg/2jA3atxeXmJZ+Xi/kNu3ru3bzQQCoocGGcLT1CjDTWITY2Q
moFehNSyrSSKJmsNERYG3lq65squi5I0BcnqgskMiuckYNava8S0Gs+RWr+epoTUVo6pE0gCEaoa
NhXKFPiomlFTI0M1IarURiukLtMXIy0qDzZbjoaBl19+md4q6onTmzfoNPHNN78Fqpwe9ayvKq4j
lcRgysV6w+mdO4yPHlG9tKgQGS1lomzX0HVoXtBnZauJqRpHfQyeq+NA3V5Ru56Un6kt4VnXZ4Hf
C/z5p//wnoZlZj9xkMLEmg1nDobXjey6V/NWHwyyFIZpx2rRsy0TF7uRu0mpSig1DSYbMautETRW
kuDDcopUPwskr3TqrY9BW3NCO6dwbUE1KEBFU4dbSHEOXcGCeqJIIUVjF0iEw+xK9RLNpROAYRbo
UeZOGh+pnvbjkKpndm5AxVNwV57Dw9ElkkXhuibQwehyj7ny1tv3Wa8veeXzryFunNy6yYsOv/K1
r2GlMLbhIttHl8jjq2hR047v+b7v52u/+I/ifblxo6ustKOcr6Hv0BPIfceNu3fZbDaMmw3LTjle
dVxt1pCU45t33++2f9T1EzyLYV1efusFEfnR93uW61RAFERniYjt6QUazhKHRbfk9t2Ob2wuudxs
GMYttTRd1SytkZiv4O0xIopQWWiiF0HU6FvAE0JuI0nIVXBVxJrHcgVpurDW3aI1Pg4OZFHcjOyp
9QYKXmMCjXgT7XnU++ZWfbxiUxCfpUZ90NTZmmO1UEUhKaU6Oje4JmAC02i+yMTsrOTOtLnCU89a
nZ/9R7/Abhty5CS+B99oDt29N6rCnPXVBccnJ02jFtf65IU76DgyXa6p40QadkhSzIY9iM9ZWa8H
LHdsLq/Q1LE6ucXHGBJ/1N1ffFoM+C7DStL9WzS3dB07vReOOnTnsj9RkdQq/4HHRCLUrZbHLLuO
X/rHX2UqA7WJ5pJ2cXx2VCq1hJaql0TWyNqUkAvnRgm0MwqvRUh+3eKGe23GbRZMvAhmoRD1ao0e
EZJDaSE0efNeXlFLmDhUD3xWNSYZS8c4FaorRmVnUBAWSajVqBqYsjcNUJ+NRQourVcNmQ+wGUrg
s92GrB3L1YoXP/sCCSdnZRwLJ8sFj8/XrIcB04gSpRR+6ed+jq7rGMeR4jESc1qv0UWibgu+HSm5
o19G4rK6ecI4DFF1aurS7eUVaGb13Bqu911CbJL1xAyIdz+zB6P6hN5q/tP++/fX8hzC5+Fv4nDn
zh3uvXCHG7fOGvaKgi1zDY0pNE2lhC5coUtBVGZNJMkoMQgta21tV82I58FrLYtLNI35HABT8Fei
zcNqtORrCvaea+JId2t1SfCh1fWKsxu3uDvTNEUTSOT77WtFbaZajKTCUjOp8XvbaeJ8nLjaDRSr
HK96PnN2xhdf+Qw/8MVX+aEvfz/37txi0XX4NLLqhaOFcPNkQWo1VDXFH51Ta+WoOt/rmbIbSCdH
XE2Fk1sLcp+xzYY6DvRdppTCOLS+Rg/iupRCGdZM4+5DLeY51u97+hcgu/9fAAAgAElEQVRPGNbV
1dv/PPiPPKG3eh+W/ekSzwcdn1KUcF75/Od55ZXP8NlXXmHRZUQzc3MDGMkTmpriQBKqmS4pOQlZ
iBYqIaYaWwjk9q1WHs0LWbSVN2Sf3lNpkhigWkxidN1LVaglOolaAiEG1WLDLbPC5DBUYyyVkWgE
nWqJHIG5NS0SjGWf6LIymXFZC9tpYvLKzeWCF45X3F2tOOs7Vim8sFSjjBMvvfo5FOHenTM2V2vK
FN1DuZV7ZvWrmLNsDRzy+D4pRZF9u7WoXZbKogkpd5vhCeXJrAHbrXeU3QbnY9vz6UeeFgLqkz/o
Tzz9iFnx+KTB2Psa3HWNFsA0Tagqy8URAKujBXWagGji1DTjsaYvFw+voyGSU/EA7xr0Q6cJoWut
603em/LeyCC4sTjLGhJoiS7l2BigA7FoeCgEuK4xXU9q0AjeinBSC7WGvqsUYz1NeFVqUz6IFjLO
Qp2VBhk7jJXz7cR2KiyScOf4iHt9ZmmVVApaKzZMlHFiGsZoui2FYvDqD34RkRgmMtZCNbhz+2yv
GkldhjLxwGN7lDyFl+7PTvHFEdtdZXF8hHaZq8vtXqZziD6hslCczdUF4+aKj5E8fcJ2njAsN/+x
9/ZE+r4eCnjXJ2JeZo1lbzc853DPl48eQSMv56Gtc5eyEiy3arDnue0CIW1grQnNoKLYHGWe2piA
IAjjvbQQQChQzcKQbC91KdTJmbZNT26heKe2DhuaLHoqeIVSDbfC4NN+/KRo6L9GzTz2yuOxsC2V
m6uOu6uOG5JgHJEmUizNI5qX2DpunNherdldrcPYPXHrxZfJXUepzmvf8yrHq5glX9zoFj13zqLP
cSyOTsru9fvklKLxYpHoThasL66CbmkGGfdnHo95uOWbi3OGzSUfk3E9IQLcg/ftw4evGtM/JzJ3
2oR04/3We4H5fTf7nn6YYfY8AjuaK45yYkiJlJw6jYGdJOMyoAjVKyI9KQc4n7NG6XKI7gTmjuOg
1LWpFqyVmhRzodbSpMsVKzQFZ2wKYG5MpWm/PHivOcsdLQDzNFVqESbKPqSCYQ3zJXM2AsOwo0vK
3ZNjOtE9I+9SUctYo0NEJBSyDSOOuwn3S/KD+HDdvHeP1dkZL33uc6R3HjBNE2/ff0ifO4Y6sfbC
rX7LsrvN2wle3RjdFIXCvoPcrdhcbal1zrZTVDjcIbEfxTRn7O7OtL1CUqJfHH3g/X6G9evc/ba0
HckOWWEuv62xhYjMUuODEc2G8jSYv25c7m02evM+qOAWco7QGFS22y3rIZocYnCHk0moFApCkmah
UkjShfyEQ0OCKaR51kLroJnnLnjzTLUWdmOlzhOJWyhLKRPVksM2bSZNGy8Vb98nlMkiEZjac1QB
EyN51O/qaFyWid6FezePWWrGp9okDjUGn6kiROlL3KkOUFBLaHGqVrTAsN5wbm+HgmO5IvWZXioP
Xn+DbYWjJOzceXx5yQu9c6+feGPrrBeJ46Ks33ybo5dusxtHylTbB1z3TbngTTIddPL1+1bGCdlu
AlrkZxy7/95Lgd8B/OUnDMvgK9pUmzFu8GC9HySTeZdxPQHFnsRb4zhyef44hsk2zXdp6X+TRIVA
L8VwMhFadtfmrEdgC+2UEPKUavu5WnUsMae0OuvtBq+GaLzuNBaOl8fBzkfMxWroVAXBKdE61qbD
UIVxakP8G5BXDY7u4W5LMeFOv+DWyQpvPZC5A8neNFqOuuDJEQyVLq6uhLa+SMWnEdGOaZjIOjCs
ryi7LarKNFXWo7MQ+MyrL3H5tW/iY+H07g8icoV+9VGE8uys7t6MDHC7a/xbjHASbeMtdVZueOjK
5nps47svz89JXUZz/naVED/G04YF/pVwm7NnmrtBngTt193lPA7oXauVdOKgcNXVJhLCou/JfQws
GwlMBSXYZEkUCgsktgvpfE8zzAC/1gmRBXjBGp1gDhe7LWU7UMTJFcYSNIETuz/UCRI7VIw+xcUL
yUwYGFLRJtmpxWO8kTqlDgiOGmzEuBg2SFrwmZMTFn2k76pC0lBxpKYZUzHIIbdBocvCYrViKBNl
arJscaax0unImBJ5GDm+fQvNmTufeYnjr73O8mjJxfk5HZnRK1ePL1itVvzQl7/EGz//S/DSHcDY
XB42XZ09VtzL1NQnoe9CD91FEH/vuyXjbkJkw+Lb47e+Mn+TAbaP3nytunw+ml1noN4KzqYtzXoP
yms2KvM5iraTPXwfbe1EZ0uNvjl7uv8wjiQTluru9BLlHFXQGhhqu9vR5QVCTJyJvQYr58PA5dXI
OA570Jo1MYwT7jXCJWBTpe8cm2KCX58USvOo2cFi3LZrA/+NNxOHt4bCrhZS6nh1saQDpISKU3pA
5jHg4SloIcjMWGhGk7DoO/q+YzMMlKFN0zFjN1Zcd6SrzHRyg5PjI2Sx4IXveYV3vvor3Lxxxvlm
ZLhas94N1EcXDA8ecPLiGSnRmiqaLbm3BMZRT/tra6Ko16hO4E0PFw0deEyv2VxdxnX56MXqz7v7
ayLyqxmgJr7StiNqXmjOElrDqcOsCH2/tc8I/TB3JsYeRv3OXRlLieGvIkydopNwqEbGeDRtOGCe
fgfgKphbUAsirVPa2U0TwzCwWY9M00B1GJ0IMUViIIdBbWMjKwUpPVUK865ewcxDnmCqYzMIaaBX
eVgKb18GAy4on8mZnFNrNDVMHa1RxHavVMtQY7CJF2XwAZWeNE5crHcsVkecnp2SWnKgrSnDpsq4
2bB++JD+eMGigp7eoOsWbL/xBkkFdxgu1xxvRuoic3R2g4fn54dRmRUgiua6H+gL8xxWSz2CMHlm
GksrIUkM4h2MRddhZWIat3T96qMa11eA/yWHUaSvHNrCDzc6xHghXHtyrtLB8CAMUdrw1r2qlDk5
jIsmkpjGEVehTx2aMtvtNkZZS8Kl4ta48uxIDuFbnEMQmpI6qjujOdtpZLvdstsWhrEwzoMe2uSz
KsQcTgssV6ksvGNgpO8Em2CH02s3O1RchSyZrU9sd4W3psp2croms8luHK9ChxNVo6AupEvhBatS
cmHcTkzikHtEoO8ryxK0xPbiisdXlyxzx6Lr6XNo3+M+CNNuYHe1ZnlyinSZ29/7Kg8fn7O6GnA3
Rp+iHFUqu7cfwHGPO3hpurP2sZhpBXdnl5eMBRinllRNiLTxAEmjSUWEwpJFgp4BTT0pfZuG5c5r
cwo/s4vz9h5uBy91AOpzHfAa+WbRIfd0lhg3IYqry+WSWpzF8RGLUrgUJSsUs4PnUmOhfZv4q5Gt
eQyQRYWhVDa7iWGqXG0Ku2nCxglwSqv5De4sJFSXYm0mguaGhRJMiepTSJiSkwxKUrbDwLfGHWVT
GGTOPoMDSgb9QugkU60g1jMRIT1mZQlbH9hNElhRoa9Op7BKiRvHR5Bgu5nIauSjBZ3F/IWcM13u
0EiJmXY7xs06sOhqQbpzRh4fwDRg3rx3gbIb6G+fcXV12S54lKdS11EdJu0ZB8OGLSqtoN08siKQ
IuRDUBHDds0wKn3qSZvC2e1bbc/H51qvQcNYIvalGJT/JFHm7viezxICg12fzdC+Ph0iPXzE3shS
FG0QYdElhq2jKXHj7AYPH56HME81jAeJSSup8WkWABMNJerVestm2LHbhhhuKoWKUUpryVcjS2as
rZ2rS5g5vSaqGaNNTHViLJFRjnVDLRoa+WqYKpacUivZYu5nsox0MFXHLcVoJkZAIouswganahdb
ASfIVak+kruYiOwiDNsBqZW0XHCUEpI8ylRqpBxKU+0yuDDuBvpxou8XnHz2JXaXW7hcI12P2Zpe
hVpiXnww7CBqSC+M6YhdcWQTGDNqo20wCdJCY2yLF1CgAG0HDKD4SK0T77w1kbrM8fExJycnz2dY
jx49OoPhRbiutorwpm0kj/ssjmt21I7l2s/XjVHEEA8pzZ6VlzAYgJu3bzJuR+68+BIXVz+P7TZY
az4QiUH83hSfokqpMNXK+XbLdlcYptggoNYRJcW5JMgS+CIBOSVGM8pU2YwDk9UwINlBOcK9IKlQ
HJZeEAuGXsxYmIIG96aywGRCUYo4KXdIhck2kdqTGCzeW5bK4ELnGqoEjQRnGgpbWUdSkTNZhGma
6Lv4wM7Vh5w6ch/e3UqhDiMsJ/LqmJKi/nd0vMSutthUY6BvmajVKKubeOqxMlI320b12N5YILxS
IqoTpjHWXCTjKiEA0BzJjrVzcgcrXEyFq4tL+r7n7PatFnHfN0x+zt1v5I7pNYfAUc2VMqtC7aBz
f7qgszfA64Y1P/76cc1rWZOxnN25jQOP6zld13G8WsU8ByGKwy28pC5kLtGJUnl8uWazi4KutYEb
kpRskQEuiI2QxjqxG0a8ODuP0YknfabrFiykY+mnTDKwLj2byysup3gNtcoUqncKMXRtFQIZaooL
mTzzaH3JvaPbHLFgrIWrsVI6Y4nGMLUpOFJXATcEIytYG+uYNGG1tYiZRPtAXKEY4W6C5qiF1mkM
z5UT9x89pnrl5c9+lksE3nyEEF3hV+mIspsQG5l3gT3s20gD84oRvYmh0w/HUYlCuKi2ISzzFGgD
Dxk2TfG788Lb3xrJfcfNmzfpuu7J+x8rAd+bVe1LDiFfwfH97lizeC89YUjvtWwuE8wbHl1TkV7v
mFZVlqsVYxvVc+PGDc7ObnB1dRWfFAnWoppiVfZb515sNgyeMBlC6ZkyuQTmksWC7Thwta2MNpAm
Q5Ny+2wVE/lkwsVJsZEpFOi842Yn3Lp7RiXxi2++QZUed28NsBP3Vj03Tm6AOVfDxP1hwFy5f7Xj
3moiSaXPio8TUgs2RGvaSc4thRe6vKBPCazis7eosaFmtOzHFEEhUaeCpg7phVoGxLt9JWO82vD2
+TnHt85YnZ2ye3xEegnKG29ThpFpM8aISgfT6Ap39f1zm1l0VKHQPJWqYjUK6S1lDijUjEokRmKa
O0mjyUU941qZxsqjBxXNiePjY1ardzH2X8rV/Etx74VZGXrIDg9ZX8Tlufb3ZFjkKcAexwVTPhvV
LPjrl6sYLJaj2n773l3eeON1mJMaE6Z9ZikUV86HymgFp8N0oLOEdMZ6o1zttkgZ6KTn7o0jksVm
SzHZT1FXpjoFdWNBDqoHxeAUcobv++wL/NPX71NIpGJ8/s4JL790m5TBauJ2GTm72PBPH11RpOdX
Lu/zA3fuUs242SfGtqeOYNH6r46mHrGYySUeHTi566K/cNaKmSOtq0hTfLjH3YZlTgy7Lcd9x/b8
Mf/vP/hHiDm/8Tf+eqTrOb1zh7fffItFF6FrngEWG39au/aOkREtraykbUzEIcGSVnOI8BjqWqFV
NOayBweRoFOagTm1Fc2vLozdbiSlxNHJas5wv5RFeY19Tendu7+F99H3ZNi9ncQ+TM4S49m4roVG
dyelDms449btOwzDwOnpKbdfeIGH33qbRVLG1qCqGtnLZhpIOaPFUa1Ax0XZROdKdW6sFiz7FRRD
bCT2tWnzscSgSHRGe9vQyaMqYGrB6VZj1SlLzaytYqq8/NJdjpYhhS5q9Lpg+cKS45Mb/MLXHrKZ
4KI6t5crUopu5epOaWRetJUJ2nWkrEgWYlPUVmppDcCGI7WGZ8AY2bHUI6ZWuzt/cM4//uVfxlF+
07/0LyBtPFN/84SUEv2dFQVnHqUZgsdWn0RxKVBBJaNGA/GH5pfY0cyjscWsbZBgYWQt6qgIVRJJ
m3atPTYlbWOcnMkd7xdcXW5ICqenp69lnJcOfYBP8lOzt3l6hdH43riuG+FsYE/H3ushMfcLctc1
4lJ47Xu/wMWDBzF9hQmzqKmJCMMYCoSswvkwsNsVfBq5c+OMrr1Zr0F1QCJnQilRw1NVjfAukqhM
uAmTSwycFQPtMB+4eXxEvRxYyciyz6SkIQooSq07RDI3b53ww0c9f+8XX+dXHjzi+LO3OV4tsEnY
TkNLchzRFPtIS2TGCW0f/vDC4QFibpYS801BSEmZpmhe/ae/8k0uNltunh7z5R/6IlilbrdIUmS5
4vizLyGXa3wdqlJvdUH30jK/HBCA6C2YR2JGUSBKZrUlJbORRaj0g4eymZ9sfZ/S4IkIwoTUhOUw
Zht3dKnHc+Li4uqlDHbmrteKzh+gzZlD4YypnvhjKwFd47lmBn8P/ufssO+YxoHUxWse52NOT25Q
y2N2JfaiAahiTA4Xw45hV/EycffmCSs9jdnlbcqfebS2pz6GfYy7IXTzJEqe8CKUIuAZsUKtA24g
fYd3jsiCs1N4fDngDVsihKBQCnR9nJNXzm7d4Nd9KfP3f+nr/JM33ubLr7xMwjk9WTAVZzeNCIpp
2yxg/pBaG0giUdi2djlrneJaacarc399ycPdQxYo3/+FVzleLZm2G0SUmmODzCpCd3zE9vwxvjNU
jFKgSnhKUadKbQX2DCkGC3tsYB3jn6RCas0jyTFKbMzgOWgLUvze5tB62B4Yn8tXgpUQZop3TDaQ
olHvTEGuNZodisz7jpunPNJ1Lfz1n+fHvqdW/imvVWul6xak1LUUXHnle1+L1nBgbP15rz885+HF
FcNUefHkiM/dvcuNxWJflA45CiSHvs90mrDJolK/iJtnBmMFKzW2sauVzubZCilUqjiLRY4KAlMb
25hiop9EAiPSpNAOL754j+9/9RbVjJ/9xrfwLtGlzMlqwdnpCcvlkj7HrhVSY4DbXMOMGV8DVipM
MYOhKDw43/FLb93n/PyS105WfPHlW+RxxKcI+XUYoFam7Q6K0a2O2Db1672bt9qwurYRQ5NgU2Mm
/ozBqIVanEJ54vfXN2gwC+n2/DUmNMdz+/7n9j58nnhYoEyxUcJUKOO0zG4sg/Gdvc7BiK4bw3V6
4fp6t/rhvX7fFBMQEuTUgoKzH9x68/Ytbty5xXq7oXriF15/B59GzpYLbt44ijcyxvjE0LJbK6RW
ul4QqzEba9lRSmXYDQxWuNrtIpyiaClolbZLBfRZyNqHllwEbMRkauRuR+4XWInRkMXCSHwq5KPK
937fF9Ca+eqbb/MPvv463/fyi7x844SFKjnB5MJULebEM5emJjRl8BQkLDsuHlYKzkISn7tzg1WX
ySrU3Uh3smAcC50MQRiPIyl3lN2WtFiyOD5luP+YO7dO+cbb74QLbFFBEzEu3A1TYZKY/ZUtB85C
9lgre+xDlEWpOqES7We4Ih51UQmmGm1z7GmOR7Rt/q4O3voWYJlF/ewwm+FJmcxhoozsw9nTcxkO
69Du9d7dO21DyqeNrQ3qMBNe+54v8K3Xv0UdJrDCS5/7LNuHDzg+PmbYTeymq73Ru0QGNm/2nZJg
UrHJudzuOL/aMpTQYqUKRY3VQhHLgeFG2I2V5SqkzuD0KXF9sk6oGxZMNkSqXWp4sRJjHL/wpS+Q
846v/+qaX/3WO7z91kM+9+o9bi1OgJBlq8d7n7RSRNmtB67W59HrnRO3jlbcO1mw0IzbBBZjx11j
h68uH2Gl4DX2P6xlQqfgpVYnp2xqZZWDIpi3v0spYVVwNVKNyomqUgtRIqMBd3XEE0XCCCeJfYdi
2Evbe7sB/BjFFCFVPAD/TFmwB/ZRPis2nOUIhU8XoGmqBt9nfQfxwnsbVdQN32VPh783NB/hJlZk
MhGvv/rVX+WXfvGfUKeKYPzm3/ybyEdL/v7f/pnot5vxWeqiiq/RWZNzH63yOGWYeHR+yeV2ZKqx
ccCkiZ1XlsR+OKl3dlPlRnfE8Y0AsUkcTbHFXCpOsULvPUgMNOtTbHxkJlAmGAdSv4QkfM+XfphF
/mXe+MZ9Riv88tfewfPbiAtZJHrYXMgaNbdV79w5ucHyaBHjAqRr1Y02mY/GIFprQ9ttWJ2cYpOh
2SllJJWMLpyuT9jJEdNmtwfcIrFLhqo2UaNGqYqWraojNbJi8di4wGoU1aVNZbR5Gz0XSKVtlOB4
nfak6zzyXHT2YlESFC14TcsM/r7N/Hotk/ugFV7sugLi3dnlu45vU5NLKfzdv/N32W2ibw8VXnjx
ZY7PjkmivPD9X4SHb5L7Htvt9pmruKLSP+GOH16u2YwVcrDb3i5crt7mKcQ8iNvdki4peKbi9DkG
t+GKpHF/8eJ1Gt5sHx4xh2JYGen6BVUKr3zxi1CjwHv39m0erx8xXO0Yq6KLxFHu6Lrlvhbrbe/C
mMZXEX9yM4aZ1/KaSAmGzSV6lPDthGo0oXaLHlWlP1rSHy/ou8QwTCBzBAjDmTQyQ3Xn/2PtTWMt
y677vt/e+5xz731DTT03u9niJNKhZgu0plhRbCGR7cAJAlB2ICSIEEQIEjsToiBfLAWIHX9JIlmB
kwhRrEjwoCiB5URKDCOJKIqKOIs0RbFJNrur5+6qrqo33XvO2XuvtfJh7Xvfq+pqiqR0gCZfvXvf
dM+6e+/1X/+hNJp3F8U7um2YaNyGIBg14lmQoeGQTU9gkhrnro36GpfepHiXGI1kEalGjLqM9xbO
/Q7sb+7+7r3u10nGux/fmm+077nFt1545hkkj7t3W8R48vFHdn/s2x57CBXnPnkE2zYfudkztiX5
bB6ZZrjywANcevAaw8EeqYNOXGGdMFaDsYzNJx5aUK9jS7GlaQTtdgzGbYu9yy/sWjclGXJG8uxE
wBR5/D1PuYNOUK6sLnHt8iUeuXaFa8sliz6Azk4ebGOq7d+7A52bxbd7wovrI82c+iORcVw7ZFIc
y5JSmTYj/WLF+rmX+MC3fEvzw7cLh/G28tl5lraqUtTDErQdvsVoDs5hJxnbHuC3ynQf8Ygf6Gs7
vF9oSEyVKq4gcu9+4pFdQD937xwunKn0bhHF/a6tuufuItPdv71A9S4iIMDjT76drusaUdCfO46j
f78QWS0XHnbZXI5TChC9Zd/Kwmow7hydceXqPqv9FX0X2bPEsrkm7y/2uHS4YJl6H44n92pIDTT0
oKX2dkjOed+F07d39FZWVsuMTMUHxHlNqI6bdV3HlStXwFyca8G7JadFuzpIS/WjQFVE8u5cYmaO
NZkgdfboubFwHmSupNg6Miked9f0mt3eijLNzDde5XBvf5fssU3LsHqhi5OtsrtFC7cxl8l5B+hi
FNl1hWZu8bn9HtvCq9oSRC748vsKpqjqUQc6bWGC3btn+/EWCN0R/e5/eUHZW2yF54V2v45ydbDP
5YND3shHu6e+/NzzXHvgAQ6vXIYYSHuXqCd3zlkSKfkqkjzF4vhoousi9WyNbkaiJIYg9Is96lIc
6ZaNm8amQKDixiPNCTl2LpwwWISWLBHPZ5XnnLNI360gRKzM1ClB3NCp0XcD+5cvkceJzZQ9fqV4
YW1lWA5XNBZBox8GB+HYoX0GqeuwFCjzzLBcttznbnd2ClJ39OrFasFmb3Wen6jNNz8mupZeoS2D
yCz4SpjizptCrW3HybdntXo+Hw4Nw9oi9cb2DNWK3nYoPyE0qYNCDFMHcbqIil/EoXad4IViswvS
qYudoM+oLq58wrlG8QKcEc5Xpu3Pef+3fwef+cj/x20tiAbWtfDxj38CqvDEE29jdfUKJ3feIKWA
iHc91gtUYVZDSuXy4SU0F2rNFJvpYk/VzCIGpFRC7BlSj2rBbGgvppCCf3zz5A69KYerbXp82waB
gJvvmrldUVC3G7d5hHZItqV3pnuXL7O6dMDJqze5vT5CZfbXgeijkuB24rG9LhIr0ZLbDSTnREnJ
pOg+/aUUlnsrF+qGQM0ui+/7BcNqiUpBFgtSCpxtphZbrK5sal242jYGrzn8KBA7qinnx8myQ+tj
tHY+7VCaT4Y18JXzUHZPQquYdcS2vRMTSW3qgJb9e9Gb/V6owc1hzwtqe51vc9t3BOdc0FZUDcne
CTPCOT2nfb9uteC7/swP8tH/5zc5rhtUoU+RgvDM9evIV4x3P3RlB2VsrRg1RnpV9pdOY+72V8y5
B8tYhZlMMucbOaCaUGnC1BDpu0TqAonA8dEZ+wcLVquBGEObGrQ86uKzsWgu5S9BsFIRoBZhGY1u
uU+3XLI8OMTM2H/gQS4fr/nSxz+JmeDGM74DWHLqDym6hqOloyKKtMSwKE5g7GP0c5V5A9L3DhCX
OhLHQBwWHF69wu2vPLc7vBMUMfdqza14nDsWKCE0BlttU4bt79Vwqu2cMLUu0CKqCWsmvabbpFfb
NQhbv/yQduOfoy4EjrwA3nwoP2czyJseu/d523Pa+ccXKDThwvMuoPv30mq+/8/88/zOb3+Eo9vH
UI0f+hd+GNHKjZu3OXv+GVLYUjogdP6HhgBD3Edae94Hc9pNUBb90Irak0Yp4l0TF7shePH1I8wC
73j0MeZ5vvuPUyXGRC2F1PWYNK9UaSIIZvQYlIFO9sE86DsMHZcffpT3fd/38vmPfHjXMMSAB0C5
LY7P7/AOVtXo6J0OrUKIOEDbdf6mNDcLzgEWqXM8bYC46DgmUUVgS9AMDUIgIFbQkOitlVSKJHH1
0mCu7PaXSdtUroWsh0bBSYZKceqPOSyzff2IwbvI2Fg3GBbTUafoFO7p9C5uifdy2O/a1nZjnK3A
ajvSOf/4XFUddqBjgIaat1n2lscV4APf/73837/xj5lq5sYLL/LI2x9nyC4bO9hb7RxniM7SdCgg
QPQ9vm9goKknoW67La1C3WJoIZA6o0/G6QZuHp/y1MMHdD0YHYi72Vgw0NACKzuMgFTB2thEtpnV
OqLxiL4UprNj95XQwOHjldXVh7j86GOsX38dKATtMG8fCWq7rUhbUbi9dou0C6kxDpzJWWvyVS7F
Hc7V1YLGxM15QrSck/SC8/UjjQaVaEm0frclRRClxEgwN+c1EQc5E5j0LpwN5vZQXWiKccVCc13c
omMXNjG//3LUYeG1e1egr4ase0sc26Jz99bpBme7t/qucC6uSqENQrlQXBd/Vhfg6v6Cm8eVL3zh
aR598jFC7JBtIHdSSD1QPFlCtxw1ZUgglgjB491iiFStfqg18dKBhDMAACAASURBVDNKEEJyKdnp
eubZ1465einx8AMPggb6ZK4aEocq6NxiOxBQySiGqNsYSUsP6xTCXCFOaHXPU8sjtVaWx0d80/vf
y+dffc11hKm9q5PjV0FpqLaTADUoMTTj3FqcihNmhrSgI2BSKLkgNbOfDsk5kYYFb3vsUW7fPmlS
PSNGhRQpGv3jqj5LDbRAUYN2TEnbk1P0aL7OeoguCN6Od0xcJ2/Jt1gNet6QtEVDpBkBm73WBeNp
wv2L6e5VS+/5+OJzYwNIt93N/RkSO/zK7lkJGyAHcPzs8zyyt8cbZyM5Z579wjM8/s3vIf2BnS+/
HajlFgywHYj7oFhDJbQX1mdchoXa0ucbdpSMV95Yc3xyxtsfusxDVw+gJb0SDBMhdAOEFtq9NbM1
zzasRRBRstRzqKAk9lcLSq3k8RQ5mplOZvaO77TfT9qbzHXJUR2R1y6BCTE4OQ/pPGPaIiH5+ES0
kpsJXDcsGYYVIYRdTmEIgYeuXnI4IKhTdtoEPna9ZwI1EDloaPoCB2rFUkPjBdrr6+Mh3FcsODTj
Vt+FjuiocQwEcwMXaN5l+Js6mF3vAlznPsVyb6GF8wd2ONfuMdthive5zovNwnbVuvC14W6MTMqM
5MKjyz1eq5nnnnuOJ9/1TparfdbHJxxeuewuLrEFkGszDcGclhvjrk8wEfd/F6hjoV/25AKvvbZm
DBu+7R1P0PXF2ZbtQL/te7reUycsBGSXc+gJp6rum2XVKNq45ZK98GrlhWdfYFF6DveX1NwzXHnA
pfgJkiXfUpLHlYTisShqgageCBVIkJxgKVlIkrDQEfYTVTKMiW4R3d/LmkBj4ea8GIgGiL6ySKm+
tWlAgjrUEVugllhbpYzURnI+hw07+jKhYHR0sTYum7+RXFicnKEaAlW8ULsI0eL1ThJPx7u2sLtv
+F3nrbaNXfy3S7rPD+T3XqHd5W1zcBEe3cIYF69utUBON6xyYZE6shQ+8Vu/zbd8z/fx/O/+tp8R
Ymvdq9CngOAwhCvVklNUAo7+bQOUFgPPv35KLiNve2DF1ctPgLmfgSPW/tsFi1jMxLTvaLRUaq6Y
RvcatYpWRYpQZMJyh8aM9R0ihaf/6ReIYvRdRGqlzoHjWzf8HKNd46I3JQwB7dSTKEqHREh9PHcc
7CC2FUmDUqaJIazQOKO62AW0V8nY6PaU6zI3pqqn0YZG8SYFkhlCIeKU5i3GlQxq9EGzH4+dGNiz
XbE8IGvbXRM9VS3hGJw3Ub5y+eeHp7vDw8e+vD5+TcxC2mI3997s84O3Z8xsL3cetl18Sdyenyzu
SH4G7VAKsUVDbs9WzhbT838De48/RvrClyFEHlbhJYyjecMLn/0sl975LurRLQ8CCAMacsOlrC31
ysVUU6XjztkpN++cIvPIg1cOubr/KH1QTK2Nu5SY3HfLZfUej+LRIhnJQskFDR0RxTRSKeSyJmuE
MhNRumGP49fusLRzbM+jXyLjGydohJAamS56yLglxb3JafhYoIjQJxA6ghTU/OwVuwTRRzokI+S4
gwaiefe32l9ydmtGg7Su0JuaqNv7su2Q/RCv1sBZ9R0oXZDrWQxUE4idn+0Ai6nx/CJQ0ei5RcTY
WBCgIcirt176chdCkLOjV18CnuI+K4iZ83II90Hm7e7VZ1dICGEbUnkBtb8IPZx/b2+Lt/z4vhvc
BXjODKY80Q28IJkX33idR1GXj80nzdwsEa2gtfHcYwBLlCy8cOM2m3EmlcLjDxyyN1wlaiC0g/G2
+GOIzZe0YgnUjD6uAEOLkufZ0elYIA2YZWrN/g6ubtSmIcAyoHdOuHS4RGfxN1oXMAZCb+0t1bv2
MeBUkyB0MaKhOH5tQqLDrIINmCkJcw2gRaoUP1hLQK200ABQrUQTVqslIrf9fjTld7D2+xXvcqMZ
1oDYYNZWd59mCOy0hdY8pUwj7DpA72R96gHVPKDArAFS2tMle+mDH/ygbG2MrgNP3bv9ffXD/N0F
5UUlb5rbeAHeLarAzNtoOAdfty4oMXHw+Nu4s3kOstKb8dTVyzz/xi1evvk6t2/f5rGHL7NIAwSQ
0FFC5c5mzet37lDWzszcX3Y88eSjnuFchWqVZC1IXIXgySIg7gAYYsQT6CNZKougFC3UObOZZqaz
inaFy5cv+WsjvlqYlp0QF6AbEkUrnUZWB9ewhXAuHvWjQGpeWSE5DTulAQdi3EYyigduhuRFh/iK
HEPPnDeILFgc7PmkIUX6ahCFS4veB9QBD1TX0maq4CTp4Hk8VknRi2g7ulPc76Jr9yZaRwneUUpr
giKVEmjnsQ6LBQuRgp+tIJH6xdPQJPZGeDpgP3jXOOdicd0jQr1fgd17be0hdyKNi9DCBcKff6+7
masPvPebOXnhJT94Kqw6eNvVBykivHLzdZ69PlFNQZyHJDNgmasHe1y7dkAKDbeSyUNsY6RTN/YX
Pd/OAz6uIQSitBdYhTIaciDUuTKPE2d3jjk+GlGF9a0THnziEdJCkGCoJWJMlLMN2vlZbtkvCKnz
IsPoYnMejBDFJWktYcC7qBCJsW/Hh7btBNxXQRzXyjbRD45u0xmSC6VNHmopLIcFVbyZsB3/zRH4
akqynrgj8DW9oLqCJwTQWCEkJDoAXGNtq9d2Dpx2BRYIbuJizu9KIdH3AxZ76jyfF1Yw+yiBn7hf
sVwsot356z6K5/te91mltrvnrnDv+mFNn6eRR77z23jlY59CzccKqc5cvXaFB64cUEom50KyBiGY
4zpanGai27kekRTbCx0SJp4e5urq4oYhIUCzT5KmqzNTNmctd2g2eoWDlR/yu2UidH6gHkKHUqhz
pdTJV4a+Yv2SYeFzyZ2rHtFhlk4RLd5UkFpyquKJKR2uYfXfL0WPBCamxn7IdLaHVkGiwGaiHwaq
nFO2q7j36VYJ5GCtUYKngVVrHZ06jqXBu9WgHURB1ehTQsyLkOABw5oAEYdvYkcMRm+BYbEAIrUA
ZIjxM7vCKvChrafI1slvVxv3IO8XC+a+11sV3TYc6d5z2hbzukgJDnDwwMNcfcdT3Hn2Wcw8/uNs
s+Fgf+nc9mHwgCKrzoDUSDC3dKT5nibfe5DYzgzbQtp2QKHgPbtHiAONQChu+ho74iIRq7JMCyAw
7B8QDYq0yJQkzYLJO1NbC4sDp5ekBB4hZcQQsaq+hVjFQnQvVAvUCbR3DpZmdl4OwSpRO0e7zXY4
3G4VSdHR94VDITEEYlVqqoh1fi5vYe1dhFoDqesooTi/PdSdLrKLeOxL6KnmOJWbDLtpG0AXfYUy
M/rlPqhR50qFZsDSEWP90K6wrl597Pr69kvPW0xP3Y9Cc7HA7kuv2T7PHEx801Z5v2Kz2OaG2wJ+
czE+9Cf+GTbrE8rN2/TdwNlmg+6tnBulsoMewM1n4cIhntYUhETncDPucB5au+9AYggLJBfHlcp2
iN7+hioMQ0/sr7p7cnaeveFvEjGwat7YiVuFBwnUUTGbWK2WDrekSK2enmoxUy1AaZCGFhQjl0pX
25wvRfYWS2qobUvp2mtcdp4L4MUkm7lhU76Vm8xUTfRWkC5S8SJBZgI9qFA7P2sNKfrqHqEkLw4F
NAU6jbsCj9HPf8EiQ78iYsynZ43u41BT7HpU7Pk//y/9yPXtndje6A9tyW3pnJV+V+H41nU3N377
+bsK6d7rwhnrrq7T4vnn34JM+NR3f4CuXzL0HYsEZd4azXbYdjtNkRg7iB1Ez+dJLYMnXhiGmzUP
g21Gz3ZQl7aGcbWJWFtkSvIs5y4NpGXH8nCfuNcRw0C0SG/NShJFrbgiuQer7ltaS0GdQQe17mZ1
QZVAR5lHqmRqmdHZmDdr8uyBS+M47piabjPk4GZQn+XVKs6ESJ6ioVopOROrYprJav71Vdw1uhH/
ilS0fd+5Zmot5Dqjc6aWhonV4gxT2fq3VoZhgBSZxw3zOFHK7KbBjXA4l8o0Tx/a3rddYVkMH9re
+HOvtbYXb+vjAsZ1vyIwfEu4XxHtPrboRbQztr/7zPbmAos89j3fhUyZveWK9XpzN/ku2g71D43Y
5t3dxdXWQcnYeTqrD/99SwQlqLQjgO7+U3XIIAQPWuoDdAtYLHv6ITCslqRl1zrEvPOJCJWdXjLq
FrcThqFjWPROvQmBMq4B1+ypQBXXD5Zi5LLxzJ5pwzRWylSw0swpG+WYFIhpwGql5tI0f4VZKlb9
TOc0ZHOoQaJTkJVGbXamqkrxRDOrboAnghTPOKxF6VNHNwzMm8nNg2v24lSQ6jTrPBdKzeRadoW1
65MTfEjNp+Hn45m7EXV/V9vurHTfleo+HeS2szRr8MT2ObvDvUMNW2S/BV7truX+FZaXD5jHDQsi
ZRa6Ptz1HGvnAszBRJNAsNHJapK9QFoHGKz6ClNb9xtT4xWpn78skpr+j5DdzToCwUgYla17oR+O
JfStW/I/MISODiFGN7D1H+ujlBAji7Qk9E2PN1eq+PwRAbqeqAGxzMJ6ajeysIECaDeR+p5eE1EU
jbLrb1UVilHFjUFMRjezCz05ODkPfCX2SGQwCmNw2DpJ8pEQxiIZq9Whp+NOM8R8bmcZALx58Dlq
T5ZMFwPRwq6wdlWzuvrYdeB5v9+yC7y+94oXUPL7Xl/l8ftBF/6Atl9G7/szAR76zm/DLLC3t0fO
GW06xa3oYrurXWwI3OZwm8Lq5iAxbunNCxdmWNv6zc9msUu7rTXE7WEfQhraeaMjWuc3g8Ri5d5b
nkTgKHfqwy6VXmpFN4UyjehZIY8TeZyoY22MV2GeN5yeTZyOM+M0U2ZBckHGgpTCPI9M1bN3yjzT
mb/zujb0d8+IQFWB4LRlp0YrRWZEjChAnclFkOrsDKQSayXURK5CnX1lDWmgjpkHLi14+Kof0iUX
anW+vTZWSQiBqbi6vKo8/5f/zb98fXu/7sorNOPXQuDf99nUm4soGm0A6U/ermx3galv0TG+1fnr
bhrN9rlb1un51S/3WFw6ZL51xCLCyemGK/urhv63uZdVR8m1QiO1hWZb6a7Cej7rNMeERIEws13Q
VN1HyogOpopzotQKUXuwDsX9GUxnui4xpEiN5lHBzY1QiyFnwjhvsOTaRdOekipLHZg7beLOwlmu
HI2Zno7VnpCi0dUlJc3EMiBR6IO/8WDJZrNhULeV1FJYLQ4QEY5OznZiCqxHEHeKMWEKxUW7wQ/0
GoGaCHGmhp6DRU+MSp4K0Qp0UPOej35Ko/M0gLVvIpacMxUYYqKE9Gt31crdlaO/uP30xZVjl6Z1
H7c+p/zef3X7Q1cvOF+tLp7pL0QGb7HUYPDYd3w7Ydn7gTRn5kbZxZrfutFWp2Ya17bqrSTf5XBb
Ksy594Rc+FUj0fnnQZ0zHo2qBTWoNiGh0MVIisqQEkGh6yLdcsGij3S9g6DTyYbT02NmiUgplByY
ZMQ2gXXeMJ/MnJ1tOD3ecHy0YYiBg0ViOSy8iTAjSkJrwGrnB+6MD4RlQzWXgak6M0IRTtdras3M
Gig6o1bps+dAmhmD9i3JQ7DsHLVhsc8yBeacyZMQihfmXIyXXrrNrTsjpfm2Vt3aS8HcVqqtV33S
+osX7+9dK9bB1Sc+s7n96heB9957vvIbH1uB0aTj27HMW1XPOUDqdjrbVe/8c2J2oQu9WFzbw/75
51K34ODtTxBefJleC8dnE7LsWGxnb1U9qMCskdn84K7qQgSNiaiTj09E0GZSFqWBhZQWmuk5P6Yg
5t7v7hpzPvB11mpCS6BME13xM6SOhSITeSOoLahW/VUW1xRMOjYDtMCwcEunZbcPyV2Zu75HYsKi
EOhckRMDtSSMmTi78/MqeDdoMTGVkf3VioO9PUx7Op2ZQ0ST6wuC+t9isVKjIQEOliuUjjJXAh01
ZjqJbtGpSkgDAeN0nIkJov8PUy500Zu01AVCrKjFz/5b//aPf+YtCwvAAv8gwE/dW0T3u+Ju62oc
6AsFcvHrLj6ugbsK6X5Ftb3OtYbnBf7gU+8gHx0jN14nIJRipL4NVMM50X9LK95N60NoZL7m0Y4R
rPNDfEpE8cmAWAKpEBUJ0VXKVIJ11JwJIdLR+SlWE/OdY6bTCREhdVBVqLOfeUqYMTVKST5eGt3V
+epiyWr/gOHggL5TLPaMmglWqN3g2Fb7uY2j6femirs5k5hyYa9zNXMwHwzvHawwZkp77UIFiRXR
SB8y1Qb2FytS1/mEwioeRNzYGAlMlL5LBHFBifbiSWcpUVVJwVVP1hghnUaM7U53oTbu/UQK8Ze4
sE7E3c09//97C+1+0MPdW9s5RLFd6S7iX28upu3P2nLqm6izCqfHG144KYQQ2ItwenzHrXnquW8m
0blDFtqBPAWsGbk59hWaANW7wBQc7vCfVp3ybD0ITULloUl3Xr8JWrxo6sR0dMS8KT7XC+r+WNWJ
b7mYu+NMxuZkJp9N7MWea8OSS2nBymC1WrB66CGWly+zPxywPDgkJvWZXhBITTirBszOGq0j27hj
9x72v/v4aM1D1w4ZYtfYow03k4rYTNfvsb+3wgqc5ZlaHOEtWohanehYJgJG0UBGnS5dcIFr8VVe
quOGfYB3P/UIjz5waP3e5b/7hxbW8sojzwIfftMd3z394jnrnK58/8P5m89kX+3fu8/btsDc8YRa
ODs65dXXbvGh3/oUL986oQxLgsGVVc/JyRkqbobhDYUSQwctC9o9VAVtUbVa5YKpRfsbUo+F6Glk
Mbia2ZpcvSohJRYHl9AwIEUZjzKbs5HSTP3FlJLdD3QzFkqulLOZvKlc7hOPLBOXFsYqeTdroVI3
G+q0dlzNCpKE1AKxQ8qeOBuNYNKURQ7u5mlDSkbszKnHpdD10AflT/6pb6XKRJbAGEZS3/PIcImn
nniAy5c6rj24QnKmlg25KjEbZStk1UQV5/APwVkQBwcDWsCqy+diVZ/V1sLtO8c8/8rND//4j3/w
5r338E1bIUCAXzT4wbsL6n7X3UDom0c9d3/dm6g4F8KdgumF53kLXXMhTxPRej7/xeu8cuOWZ71M
I5/bVN57dSDZgmSjk99aZJvQRJfVWvfmbAIRJWpCcGtGRVrb7CyAQKSaIAZ1niBEBKNPkSjCsL+g
joVyUpjriOZCEOdwFVHqZmIUJxnup0Dqe4Y+sFos6FLn221waKMWocxn2CZ6PMuiI9fTpiUVVLzj
Ddb46JFm57gk9r6K1+xGuv1ySbWOFCLve/c7+fCHP84oyiU7pBTjjXTGG89u+BPvfhuvvXgHq7i+
MM5MsUnBVMB6ahgRSzx4uOTa4YqXj0aCBjZaWcWOSqFqBFVeff0OpvaLb10Z91zLs/orwCv3e2yr
Hzzfxi4WxBbB5i7k+63EFedfc741mirTZmRzNlOK0KUVH/r4p3n5xg3qNDKOnsC+3hQ+9+Ixxzmw
DAPrtbvViBZUmm9T8xWIMRDiALjPg2wTL9tLYCmChTbnDNRpdDLfKP5fMapVyqYyHa3J68K4Hqll
Jp8UOJ5gXViEwEND4JHDjqurJVf2B/a6gT75GShHn/VNwU04qOLC2pIpdUQLUCDkQNRM0JEozua0
0vhqKi3GJWLJPbtqVYcigoIV/vQ/+32sBhjLUesglb3Y8fqrJ6yroTYza6GUQpVAHxOX95f0K0+m
DRWObk2cjoXp6JSxTNQ5M00ZusHPp2pMFl8Nq/Ar97uv91+xnnxyHG+/9nMW7L+8+xHnDnnBKLUK
b9w+4+EHrzkzc7dKuabv4urkE7VzjeFFGAHAVBk3c0tL8NHL8dkZn/z07zNPhby92aVAcfOK2YTP
vX6Hg5DoF8o3LxJdSohow64iajPRnAUgVrn16otcffBJ3Ez/fAUhCFUDZd4gtZA3gkhG6kAes5/P
TgM1z1B8HnkwLFlc8tdiNmsWlO7d6S2+YqlHw1YssaAmw+iY4kxXhHpyTB8PyCrUmKnrzGp/6cNy
G6gJzDbEuOcFZg470D6ey8hyb4nic1eZMu9552N8+qN72AP7xNq79WauTGcTy65neXCNfn/F7Zs3
EJ2wWrl65ZB844SBSKkzWTOvvjih0d8UXVhg4n/nYUi8+5sf47kXXv9bf+U/+g/Gr7mwAOY4/w+D
DT8JXD1fXXyQO44zr716k5L9hy66nitXD3wV2OkNzyX7wczFpaZYiM5Lb8+pVZnP1q6NSQvXrKXA
F774DC+8chPNM2UakVKoUqAWihpJI6IeSbuWRJiVO6vCtcuDo8/mso0QOlTEx0H7K648+DAhuEgT
w/OZLVLUeViR4K4wlsjljPXxmjvrkVRgOcBBt+LS0LHadxvwIJVQA9E81tOqNa67EGVAhx6NhaAR
abnXQYUoHVOc6AvkaY05ykEcoitxQsB0cNihLgjD4CHn0c9WUjL9sGIY3ONBysg8CV0f6bvIt377
u/nC554j18xi1TO3yLtiFUZ3u/lzP/R9fPoLX+bV125y+ywzVdiMlUUM3rTUgoTIHDNL8fHWWDuE
yMnZwdFBf/Dfv1X9vHWvD2xuv/w3CfE/NRNM4Oat29y5fexgt1ozDvOu5L3ve5fnOcfz8MXtTrsT
rG7PUWbknJlPzkjRTW5JEGJHCMZvfuxTTJuReS7IvHHD1MYO2JqrUoXSfK2q9cjmDowj3/vd38wQ
fI4nuTjkIB4FohQ0O9RgmtuB3n06K4U6CTVLi3bLnJyccHp0hvU9h7pisRdYLQYO9hYMewdOM8mF
MAmTzUT1r8eciYlsba+FEjNRF/5msmYHRIcMgXi4wGQi4rhWCs4VkxCJElEqsVswDEtYBLp+YDg8
ZFheRqXSH+4T+xX7vSeJ7V26TFoO/PLf+7/ougPy+pT+ygB54FRH+lkoaWC1VLr+Mt3lfc5efZXU
VYIdODQSBnoL1FSpwZud2O7PXtqDof7nP/U3fuqn36p23nLFAjCRv7WeNn/1lZdvrmptHZW2A2Vo
OIcUYte7bq5LzhQILoPfhmq22TVqxnRyRt64WWuXFqSYPCgzQbHKhz/yaeZ5pkxrp53UbWc2gwRE
fUUQBVMPoZTplKN5Ym+e+fwXv8J3vO89zk4w1+FZ0Xa4T5DU9XTBpeH+mJ/JNBiKOxE7LJZY7h2w
d7lnr+tY2h4hVuJi4StvgLQIZJvRnBr6G6Eo2/SziiAVl7jXjFlgCkoIgpCchNdeD7rOAVUahTn6
FMGCOGRiRsfg7tLBx+HdKqEWkXnCuj1nKoivkO9711Ncv3HMau9B1rduUQ/3WJYFJZ0SS2GUQuor
S4WDhx/j6LXX6eOIpECsgWza0s3cnytaQFLPbDoOG/uZr1Y7X3WivP/Q21954dmXfl5L8RVKKwH3
GCCoT7QJRKt8+WlneupWnNrsD1Hvkm7fuMnN515kOjlrA+FIirS0BOXOyciHfucTTNOGstlQime2
zDn7x6KM4rSNWqv7mosnrM55TayZ2YTXbk4cr33bF8SlU33zM2jwhXO5dPc51C7OGDALiGYisDzs
OTxYsrp0wPLBJcOVyy68qJUileLDRkesLVACaMggICUymyKhYpopohxZZlQ4NWMK2f1AKV4oFklS
wJr9okGREY0+viF6J2uizWIoMmdlsz4lCOR545z94gKSP/mBb+X2Sy9y8+UXWD50hbpeE/Cul6Bs
aqXOsD45Zjx6g0sPP8ScBd1UNjHjgntf4askxkaVlFh+/qd/5qePvuHCAohh/OvXunB62BmdKlEz
+ylwZf+Qq1cvc3h4yLSeKNNZm9dt/R1gux3KPDOfntGHSBc6uuBix20X+bkvPsfHPv158nokjxOl
FOY6U0pBtCB59kFoM8JgbsFICnleo3ki5A1iEe06PvvsbfciRQmpQ6rRuZICiFQRjMa6jIaGjGl2
k1ZVQiykZPSDsRggpegg6iKQ9hLD5YjtB7SrqHmr7ucqfzNVEtmMua/UoEwYJznyspxSpFKjtjOl
m6WF4DrDTjoIC2gRI9IJsevp1LfHFCKpT4R+QHR0xkGuEHo288aj6ESo00SZZ6xk/rkf/l7OxjNe
fu4r9AOE2mZqqixjxyQzo6zZnJ4yn51x6dHHyNHoSiWmykPX9rm82iemypIe6eR0pfG/+EPr5g97
wnf96T93c9mXv9FTePSBQ97++Nt46G1vZ96c8PrLr3Drxqv+oobA9edf3hXVRRghLRb0g4dK9sHo
gufYRIyPfPbLvPTqDaZp41tg8TZYi48cpNSdcX2tiuWtKb5TQMrs+YVZEhYTi+EQ6Zd89gtfoapB
H9wpJXhsxzYJq1YfdVTzWZlZT1XxIjUjpI5hOTB0C7q0TWnYejUkYt8RVh3SK3UV0ZTICaSD3GWm
KtwZR25uNtyYN5zKmj60Qb5mkka/yWE+pxOlSgzn04kUlBQVTU4IBDed6/oVIewRUBaLhW+N4rhf
GadWcBmpE0990+Mc7h2Sp5k3Xn2B1f6K2Dl+qGZUE6wGRJTb+ZgwCQ8+8CgP7C341m99J1f297gz
b3Blz0yY81/76f/qp9/4IxcWwCOX3/7f7D/+jj946fbI86/dIZ/eQiSTc95hVVozZzde35mo+n/b
bdG4fPUKOWcitQUVCb/7ua9wcnLi/Ko8oyUjNe94TLV6yFCR7Gel2amyVgK1uk9CVnd9SUSwjpyg
jjOv3DriM1/6IlMe25/pDYRYoIiTCqs6JFDtfIKQ4hLthNAJKQ30ywBpOqcxB0UlU6mULGQrZKls
wswohRM5YZ2FM8nUIMQk7NdA7GCRnA+26CEMsFrts1rs0aeOvk+ElNxlsOuIfSXFJV3sSakndkYY
Ihojs02ojo1NKsg8EXRNmTNaC7lM1OxcrjBv+Nf+0p9nPxq1Vq4//yUeefgJvukdj9KLz2qnUJg2
I3F9xnQ2UueJ/Qcf4TOf+iJPf+UGIWdKjIwann7uted/7mupma+psMJ73jN/5Znn/+NVZ7z98Wts
ZuVkMzbtXiP3x4Esmc1muvCV58KKuNxHO59LYZWPfekFOFqS4AAAH49JREFU7pydUedpx50u4sVU
Jbdi8oP7WCq1wFSMqsa6OhW4Zl95ikYmDzpEa2aSCc3G0196levPvsYmF/9epi0KxKiSfZTSDRB6
3wLp0GRgbUuKSgy9p6xGJVJbU9AjUp331ZqJLac8Sue8rEVhiIm+i8RVYn8xMOwFDlY9q8U+B8sl
wyKwWu2zXO6xTAuGYSYll1ZF3dv5ssfUuwKmi5glpAbqLKRuIKtS8kjeZMo0U6YZqUaZR+Zx9PNY
EL7j/e9kyQKZ73D75kuc5swHfuDbubR/SCruYTHnyul8RhV441Tow8o9tHB1eZ7n//BXf/VXv7oL
X7venCP3Ftcv/NIvPfMT/86/953Hc3zf+uQNtE4EdT8HFW26Nji6cYuHHn+MHd1qR2EOdBGm0zVP
v3bMi7dOKPNEzdlTukrFamM+qlJL0wdWQ3AtoEp0ZD3CHIyaZ0LJgCtyjdysDBWZRqZ5zQuvvsFe
n7h81S0cVZQEVJkhLtzDU2aMSKmKmGfCdGYuxDNzbWAwwCnMKtYy/drqrIZqZqAplzuXe3VdZNkv
SYvAYliwiMYiLUixp+8jMVljsnpEiYXOjwix94DK5PNOJZPiEmIi9gNx6AHD+sC0mYmS0eJEQbHR
556xY4jJJWooh4cH3HzpJdZTRlOihj2eeeZFQpmYNYAUsvq2HEgu4F0usXliioWu8I/+9v/0s3/o
2Wp7fVW44d7rdJ7/6nz2+r+4z7gopTg3KUUWQ2GcOlepaGacM3vL/i5ePMBi7zJPP3OT628cUecZ
qdnPQc1HXCwTcnJ2owaqVHzyYay1MFjPJELSACGDmq9OFunw8PGBSqcgKTGL63Q++rkvUyK84/Fr
9CF68Da9c84lsPWPMIpjajG7sYZ1hCiIBYJ01Dz64wyYjASav0LMDJ1SLdHT0Udzy+/Y0xGQqG79
HVoSqQoWodNE6hRNRor+MzQJIQqmXlx9WlBkD/oe+kitE9DM/kdBZA1TxajMWul1D1lUUj+RS6CP
gWQL+uWKR65dYb0ekWDkUaC7TJ1eZwmMUdDak9eFWI+ww8Le6iFqH+klzpXwV76eWvmatsLt9QM/
8AMvxDz+TDQHIAuKVaPOkVADxQCtfOkzv9c6pLA7a5kZL9w84rnX36BOM6XOWC1E8b1fFbREqrrz
cdZAzOYmsgILAZMNsbqBx6yVKhOlWpvIuPxqLpnNlDkJleVin2IzaolPfvY6v//7z7EeM1UUS83Q
Q6QxksRFEyghLkhxSUqdd2zqtOYQB3zM6OmiItaeY8SwJA6eOj/0+yyXSxaLQIoL+iAkcDlaHADv
nhWjiIsoAh30gX5YkhYrNG4wjWinWGdYFMTO6JerNrkQd8PZGHUqlM1MLQWjUPOm8eOzR/s2Rc6w
OmN5GCDtYSRSEEpRcjDqrCSNTKEy5mPG02NunLzMpf0DDpZX/ubf/jv/9YtfT618XSsWwMOT/bWj
UH/ILHwgBd9a5ibfElGyBlI5a0rgc33indMNv/fZLyBlwqo6QV8cuVaDuRa0epik1ACK88bNHe2C
CHMVp9xWo08dc238eFFmcweWISqVzGCJEiKhD5QiWMp85oUXefFo4oe+6x0sUosTtpE6d96KkyAW
T6Ao7gVfZSvUqJgN9BrRMDs+F8VNRZIXS88lGJRApSvLnSpHdMBCoKItyXSAxvtKQUF7d+eLnsSa
4kFbDY08u4MxoSNKotRILqdE65nGTF2viVXpFso8BWLKvsJ2HnU3W2g32eh1j1XaMIaJftlzazpD
LcA604fIpDN0wrvf+Rj/9JkbXLpduXF2+glZ9X/9662Tr2vFAnj/Bz+YYxd/VFWPSvHY1kkrVYUh
ugPv5WtXuP7si2w9G4rA73z0c0j20UA1x6NqgVxnplqwnD2Ko1ZyEaoWchJKnZls5Kyqq1CqYlZY
1xEdhbHpFAu+ys1FmUXRPNMp5HjgoGI1Uh14+c5tfuNDn+b2yRlqkRoEQSjiAs8QPPcwdJXQzaTe
41ZUK4EJlYnATIg9USOx87FNDG6qH7tEnw4IvXeqFlsAVnO+86F3abfaEfOpnEIGy5BHo4wTGntq
btEjIZLXhSKQp7ERCCPj8Snr0zcQdb/TYB215QbqLJR5puYRrTN1zsxloqcnzR1n4wl7MTEMlyBN
1NAxR8MmY9okWM/kUo+sLD748z//8+XrrZOv+fB+8fqFv/u/Hf3Yv/oXv6Two2babLIFNPLku95H
TAs0j1y+9gDEyD/5zY9RptwEkplahVoFnbPnsVShhBlqIFbv3qoI4wxrHVExQq3ONpCZgqFFqDFg
sYLOoIlcKyFAqQJ1BI0szZBgFJkxixRTNiK89OJNqk1cO7zmAlMVnx9aR+wKMa5Aox+a6whpSWox
bB5x23maQ0ik1BO6iRBn7zSJJNoA2TIqwdXWmpwGLBFNE0bDbINRLfhWlopz2S21vJtmGhvd9Vly
YS4j0zxQ1kf0GkmhQ008qje4sRsWEcmeN61Gno45u3HMpigntoeokiUgIfjc1mYOZI8gmcsPHHL7
Zmbu5C/9z//r3/nYN1Ij31BhAfzyr/7a0z/2o//yVSF9T4iOsc9FOFufcbB/wONPPk7qF/yT3/xd
L6paEKmUKmguSG3nJFNqXVPF0CmgUjnVzFA6qo2kGkECuWamOjpQqB2mQjFhVXtKLUySKGTM3KIx
46OI0YSlgoWEzhmP6JhRNW7cusON18+4dnWf5cJIDD60Drh03lLTFSpdcIBXzTs4ogO8qVs6BZrB
KTOhc2l+SI3+nBBxSnTUADY7rYrgiVo4U7NKdn59TJRJyVqBypRnL+KYqCUwzxPHGwgndxCZSTFA
qMQQGNISDZNbpAWhjp5QplSm9cjJyTHTXBjTVUpIRFynOG5O6LsO1cxZgNPbZxQbf/ZX/o//5We/
0fr4us9YF68TXf3kis2fLTm8PwLvfPe7ePTRRxn6BCHxW7/zSfKYmauQKmQZqXOg1OzSJauU6uYa
mn28MwMpG+s40+XCqSiDJApCH5YtqzAw2Zq+dpyWkRCdBrI1uQ0mmMJUAzEYpyF5ISyWSD6jl54c
C9ESr65HfuOjn+EHv+09PPHwQ24TWSuamt95UNKWzSmFbtETxH3PxTrn1Gt066BshCE1BbUbvKGu
Oq7qLFU1Zzs45jWgMaDqknyJM1rdStzmTNEIiwWTFPpZyFOlUDk9qmBKv/Q5p2B0XY/qRKeDG4OU
QBk3LC+vsDmxPjojz6O/sQfDxpmxblhXH0X1ObCxkc56crVPXL7xwH/yR6mNr0qb+Vqu//d//3vv
f/Kb3vvxq1cO9lI3sE1R/b3f/xLPv3SLOm28MyyVUpwVagU2snZcaS5Um7E6UGRCa2DSSihze1fX
9jnvgkIRhJ6JkSWHjHoLLZk9W1BU6BU2mMcPJoMtuxKIFc7KHSgZjYEOI+iAhonAiievLPj+b3sP
Q9/T9Q16INCFTGSFZcWSG3EgvipY6HdSM6pCF1s6faLW7LJ3dftuzZmqgaoTaEStd32gufK8qEAa
mtg2UzJYWtItOixU1hLI40yvM10f6MOSoU9uWrIodGFJGBJdiMRB6YeIsY/pzPr2xNHGvSCuh6tE
6ZnjzDwLRubQ9tikExLd0TTO3/kP/vGvXf+j1MUfubAAbr/2lb8QNP3DEOjMhC9ff40v/MFX2vjF
0061Tt7VZVeOTFoJc6VYwcQZnkUmkiXmqky6IdWACZzUTDClrz0lZnKt9ALZIOjsTgqa6bJRF4Zk
GGpgTE4ulKjEOlDCTKyKbM6QCDFUhtohqWJBGKznu596giffvsfQr+jTQJBKv4p0LDAbHdvqKlFS
0yACAjkXIhtUl7SsYF+FqqJZEKvnOX81UwlodbxMZIFiSHE+tcUV1QpqIxr2SKEjaOA0FrrNxiGM
PhEH14vs9QeEqHR9T5dWEIpr/lIipI48zZytJzbrI9bzZb5cezoLWOqRKKQ586d+4H0wzfX3PvnC
X/wff/2X/88/ak183V3h/a5rj77r183kXzczfeXGHf7g88/4QLQUZs3kMjEWZaozo1RPZi/KGD1D
bzbv9Eyg5oyWSqyJrP5YJwGrgRKb+pYZRUlaSQZWC1kz2SZUOkw71qE4sTAmgiimhQMBC5WYgruy
FN9apFRqS1v99PVnGIZrLA6W5DojUamCP8+xVFTcLsliBjwAoEsDxgKSszYUH/2E0FNMqSg1GEZG
rSDZVzutS0QKtYzUopxJZTOvWc+ZqXTYVJg3I2PMcCrE2ruhR+dMkaWuzpPlZXZjXR28+66VUkbq
LOiUyWXJOqyx4G/sKmvqXKEIDy5X9WDv4Mf+OIoK/pgKC+Da297192+enP27n/rU533Lk4zKTJ1p
M7/i1FtV1mqEUkhZ0Gqc1cq6zmQTsgobPAG0Cj4/DJmO4PY5lik1MjMjlsni/gdWEjH0CA2QFffm
DKWQ1ViIkkNBa6D0kd4SGj3aRDFS7aiawRb8o9/6BDF0HF69hqWOzXTGPM9I7ZDsnLNZFNOE2oyF
imiG0Ll1UPHhtNlIliMIDlDOUsm5MhWI0lHzhqw+I51Lz6hTS7yYsUmYijGNK94oE5sjp8RYB5Z8
kI8aJQpKxWohyJIaRlRGdAxIhmmtjOOZS9PsjHXcI+pAyZO7Ac7KqLN+/rkbP/Zv/OR/dl9hxDdy
fcNd4f2un/tv/7tP/is/8iNzMfmztRZ0hsJMUSEVGCWDzJgmihpZz6iWCNVQNYoqQ60UxYFRU7qa
mJmIVSgakaqAoBqZG8XecE/3VApZFbEZECqdn3dqYU5GVzpirKgmehK0xNMaUiPXCRoj2SqM8MTb
HmQRItM4cXZ2RmUAmR0yaCuVNddlkUIpIw26Q60yrifUOqoMmFaKZqINFFU2ISO5UqqvnlWdzCgS
KdvkCzLjNDGE5lrcCX1nxL53n/qkJF3SATEW6lb+nyImHdiGnGemosySyXXBTVuAKKFGxgJjp8w6
/8Qv/P1f/KU/zlr4Yy0sgH/4G7/+kb/wwz+yEpUfKJIJszM/Y3XOkBTnoGcVokZmCSSpbl5WOuYw
NvFpgLKmhoFqNCtGT5L//8s711jbrqqO/8aYc6619j5n33MfLYK2lEdF3jYSakja2lzx0WhAoiWi
xGgIGk0gIRoN8YN8MtEYY3zExBiNhoLGR5AoSFOhtCXIowpKCGIL5V1aem/vPffsvdd8jOGHuSEN
EZDQ9hYcH09OzjnZc5y55prj///9g/U7m2RKtS3FvN9/xa4vohlDc5oY0Xs2DXR9/pbIaEaVDHMl
q2ChkrBurjAlhMYDZx/gSZc/gWkKTNPAFFegM/efuY+oI9YCrgVT6TJpHKyT8Mo29jOTjVi1fl5q
TiuKWaFsoVKxnNjWTDGhumOtO4lKixjC2oxJKyEpMSRUR4boqE9E7TxxFUWkYkTUHElbvEWqlT7O
qkL2DJZYU7lvnpC5MEvGbWZZj177pre/9fcf7j542BsL4B/f9pZbbjj9Q23O7bSJQDaOvBDLmuqF
JiAF1m6oN3Kr5B0xpUgPEqKuKZ66ybMVNuwofcy0HZ5+LRtiddZWGelOFNuNg6r2x22OnTAo4jRR
gvd5WsPROPR5YxCWTWhSwAdSaxRVPnXXvTzr2d9JihGkIs3Z3w/o0Dh7dtudRt5VDmZQbY37QLUj
8uzMZQ3mzLWRW6E1Z5u3VI/kPGPe2LaZgnRoh3V3EU0QzeyFkYAwpIgMSpIBcWihu6UGnWghI9qz
rl19hy/qP9uKkFsiUMlZuc/g3KYyeyYbSGm/8fe3ve3rHtf8X+oRaSyAt97yttteePr0Z73mG1pz
desZgEdAyHAkG4I5IQ/Msu0QfBEoA9UyszuIIlY450qQgjbBa8W8R4+4B9CugjDAvDBaT1Y1d8wb
sTk1er+9d9sJ+xrBRxodzSPNGKxLlWMXDVPcyWrkOXP54y9FAz2RVRPCyJQy7oUv3P8AFkKf0njX
i3keWW9n5rxmXSDXrjPPdYO3QLPuxM4NWut0YzxTrXO5QnKCJjQ4MSgSxl3AQekRuhJI6gTtoQQ9
VCcRSWS9QCr7lJppbBhMybaluXL3ee1vnirtKG9f+bY7bv6qhohvpB6xxgK45R3/8m/XXnvNv1eT
H4+Wo+VGEyHVSjNh60Zt6y6N1cKmdZhZphENUhWyN9QLsRmzBdQr0ZcgW7JVxBpQmKznIM+1doRi
E4SBtW4YWkCl26iaG4Nr/+9W7RYu67IZ9UAJTnSn7XBGD5w95DlPu4IoAdEOylBSf/R5ZH+1ILRI
zuc5fGCm1p5omn1DQKheuTBnjkpG555PU8lYEWY92l34NpbiDAyQlKiwDPu4GiEKrv2tNkQ6qMOc
sNPz246+SPR+fJBGZcaIoAWv3S39ya1z5syaOfh6G9JL3vHOf/6bR3LtH9HGArj1tts+ev3Vp9/l
ll+cPUypBg5lR0KxSvaAh0SuglhhSybU1g/h1pDaRydrb1ASMzOzV4obhUhVg1o58p4SYdLBP16F
6kYi0MyILjQ6C72jIYUiqVvZc0+xQPrLQhMlNaGFbgm7578/xXOe9XRE5m6DV0N1RINQS0ZkyziO
LJYT0+CEqJTZwStEZV4XzAtbAnshIBpYRiOlJVNUUlwSpcfDuRoS9oihB1F2rKmRJILvYb6mt3Y3
YJQAgyizOypGD1QYMKl4gSBwlsCH7z2k0s5lK6ffccctXwH68vDVI95YAO989633XPeCa94STH/0
yDYHYgPeEiYXSG3svrxWoPWhK3Ug0LAWmCn91qqBMEPcUfRoXVFpAclHtAiLXMgEQjFycITWxzsR
zIWiEK1BHah0FE+hq0mNwCBKA5oITY5QSz3pJ02sBuPSk8cJO++k0T2VVjbUAmk46OQaqRjKqIrG
yCIu2dtbsFpM7C0Ty5AYh4AmIagBiRAKaOp/b+pqCKGTA7s7Tfq9mVQC0OJEtEpNQgdU1D4YDyOU
hltBzBiiUkl8bKvcd+6BT7vE07e+710ffDTW/FFpLIDb/vVd913zgmvf0Ep7rnh+atbMUCPzjg7j
ljEb0R0JpXpFvFJNwCupOtkVt0hpGdi9HdpM8caU4VASqVUkwtS6N3UtzoGNNHdiaIhO5J0KwUWI
ydnOmVG8CxWDk9wRIqqJYVBKrtz7mft57jOfTAjdOtZTEiMaB0Ia6En1BWGiJ57BECtGQmSLkrqt
KzSCD6CFyEQJmRh72kYgYKaMNuKh9t+jjeQDJjMDAdQYSLToFAmM3g3BniJgpN0sMnpvxLkJ9xz6
zbmGG97+3nd+/NFa70etsQBuf8/tR+++8903Pf/q7z0/N05XiyHLllYb5EQOhwSDYluolWxbqhek
RgqOkmm1H7CjQRVhrcbkkVY6i9294gizbagIoQlHyYk03GPPb0YYpDfwROTBcgFnIEhGOzcANLA8
uWLOXc7TGBnMeMK3X7JDiitB+jnNLKPSd0hrisjOZu+7DGwGlNzlx1W6FNkSJhA1IXWgsibYiEfl
iJmgzmCKtEjRjMRIa3S8ZVygLRMtkDAk9p3VgKg90k/UKSGU2+8++9o33XHLL338Mx+/8Giu9aPa
WF+s97z/Pe++5nue95YN+ftTGU66Z9QvUH3sh/Tam0OCd2evGy5O8cyEk9zYSGD0mdGky4Sl31j3
7CzBQ6BZZRZj4QNOBU+UsCXIhFoluLJFYbvFtRHcqBJxYLUYKPOWTSssxMnBKQ8e8bTvuqIjvTXs
dq0JFe85y94NF+6CeOcvuKcvyZDdFNeCyNAfWaG/ZJh0Q62rIs1ht1NljggCbUdAbSIMIlSrDGHE
dKZJwNQINZJ8JsfAGAIt1Ltvv6v+8Jvfd+vfXow1fthGOl9v/f6f/vGdi/Phqtnb66VEDsPEgLJu
jRo6njHOfWcKDERraEtsbOB8cIYG5gMXvL81laRompAmQIUWKAz9LOadN+pRCHXRsd3ao9PCvOm8
qeZkzzg9uCgOq061cSgekZZ58hNXiBe82S5veh+RhsrYMwjT3G/IQ0YC/euaiKFB7KoD0UUfjI8O
kroAUHegEgUJEU3nCW5EWeJEIjOmleSya64FYkfs8k76bHISJCYW4hjnXv8Pn95e9ab33HznxVrf
h0Xd8I3Wz7zs516+Nvvjofn+Oh/2XJzWxxriQjZH2o742wyjJ44mGts60mIm1m5QKHXTv98NadDa
jIax04O1p4uOdYeP1MaF0gg1d+WCOQfDipMnDjj34CHVDCMDkSCZn3rh8zl16kQHtBG6QoCMW6TZ
ltaEVjr4wylYEbx0IK27dAQT5UtD4zp3NHhjgzfBsnYdmCstb6gh7Hhhka1Uhh1/PlBoFUYSmTUx
Roa0B1YvaOIXX/WX//T6i72mF+VR+OX1wQ994D+uuOrZf5SaDAsPV+fZ1VUIxZi139tUV0QHJG8J
NgINt9iJL+40HTtsjUCsDfOZ1ozgTlElaCACwRwJPXcvMu30YoXVuM9i/xhLnTgsa5ptMdvl/qhy
aVzxrKecIk0TIYyIKIb0cEgviKT+qNvdxnfXW0R0C14xxq40NfplpwkmFaFSbdzlODsmfSBuYdvh
/9owtX7Dv0uwjT5Sh4bg3QQShqrY74n6i179+re872Ku5RfrMbFjPbRufPGNzzyy8Q9G35xuLVN8
Z56sffhrQHTYUigoY4MgFVpko5C0fImnlQskhxxg2ZwyQHShErvxg0TcnGN5bNXJwHVL3Nvj6Pzn
MVOiC4XIwJbrrryCK698IsvjkZAiwReYZFpdEwlUpFOWzTrNrwm1zkgVWjui+rQTPOY+I62F7I1o
mdw6hC60DbPto+EIbwNVwarj3v+WGhpDU9DUlRgBRvO3awqvevVNb/3wxV67h9ZjrrG+WC/6wRf9
dFH/HXd9vHnPXraqZG2MNVLDjJuysMiRbPo5o42diKNQ6kyrM9k3HJDY6gqXNUIiiJIG4UCVpz/n
Sbz/A3fBbOwfS2zOrylt28ONrDFY43HLyPOf/iSe8PgD9lcDOh0jIeBbSo0ou1FOmUEm3MsuAaK/
MFQ/Q7MFWOdoWSsUb0hNnfflZ8H2mEvuM82qmM6ox55arz2SV0iM5rQwMKh9Kkt5za++8Za/u9hr
9b/VRTu8f616881vvqnZfKXjvzJkuze4MNGVjyIbUuug3VmMwROjDMTQ2AwzTTJiirkSfGQmEloh
+YBK4dg08X3XPI8XfM93c9njr0DnTJWCjAkzZ9MEy336H4NxyfF94iLiDHgbwDY0v7Abbu9u9Hdh
UeLrL+L+QSpO6VYxoUfK6Y5cqI5oRsIG8WO4zgyDojJ02bGOmNSeuioQCLhFJOinNMyvLqk947Ha
VPAY3rEeWtdf/7PTvp17BWH7axm/PJiyiZ1fmqpQE4gFqm873tCBMtNKV8fXMGJmLJISxwndQpZK
EHjpD1zHX7z1Fi47WLCZDzlad6+jtcKA8u3Hljz5+D5PeuIpxhPHWE6VOJ0iiPbYNgdvlUZC24Zq
h+AJty4iFC+U1nOrSznq7mbroA1qA020GvF61K9NbAut4wpacwoZa5Fg4WM6yG+t9u/981/4kzu/
bp/fo12PicP716p77vlA/egnPvK+1amDP9Rh+ESz9qwqenJojRIzy9nZKkSp3WJVpXM/q3TdEsqJ
1cnOfi+VHOaeuMCW+fyWM+tzXHnZ0zlz/xm2dUtuitI4Oe1xcm/B/r6yt0roMqESiQE0+O4idGct
8/MInevQSc0LsEyT3QhIFfWxD4x10UFrMlG9ElxQeuKFtsROQ4MGBcsfCUy/fAXLn3/lX7/p/f94
5+e+Mtv8MVTfFDvWl9eNN94YPvv5Mz8ZnF9XwjNmqag5ycGasKF1LXyutGgcHDtJ3J7nKPd7qaoX
CGVilEqJge84cRlhTNx3710cro8wiZyUxMFCWK4il584waWXLthbrRiH/V2YEj12L3YEErUz3GVn
iqW2jjlioHEWrwFsD+xCh9q2GayrE8Sg+BpvW7ztkcXxUj6I8ptfeOLVf/u6173um6KZHlrflI31
0Lrmmh85IeHsT5hNLw9ers01SdQGWRFtrFYr2JynT2bmTiz2gunAggFjw1XPfwGfvOujPPjAg6zL
hiEuOKWZ5V7kkmmPS05MPO7UijgN7O3tMUwTQQsxrAhScRlozGgTWivkcgGvA12UmjvwhHMELoW6
pRK7Q7ruME8oldl9ttvd7Safyxtf8WdvPrzYn+03Ut/0jfXQuu666y5PObzMY3z5Ytx7TrUjtnlD
mXsAQBSlSemyaI+MBKblgjgOTDOcv/AAa8vsaeDSICxWI5dOI4uTCy5ZBRb7xxnGJWkJqSk6jES8
a7swXA3LqRte2wytU5HdIkLpO1gDJOPW+ey51v8MWm5S0ze87Hf/6usiujyW61uqsR5aN1x/w2Vz
Pby25fnatek1Y4jPljpLCIHixhAmNPaRzzBMpDZz4cxZ5rhmFZYcm5SDSfk2Pcb+4/ZZLiPL1ZJx
WBGWheQjDEYKA30WE4GuKm1NsLnQI267eBEUs+z48CExuaO17R1Nue3lv33Tpy/2Z/VI1LdsY315
vfB5zzvYhuHaEOLVIjxtWO5fuSA89fDw7PHl/opVyJy97z7GEJGoHE/Gwd4e+2nk1Kk9lovEcv8U
YdowDMdJWtA07PKj6TARKVTrWTSt6oPuh3dbC3e7tf8yze/1zeb2l/7W35y72J/Fo1H/bxrrK9WP
XXX9cU7q0wjhqX7//U9JpEsWo56MCz9xMA0nHrc4ODkeyInVOD0h7C9YLpefS2k4G5Od1ZDOiHE2
JD0D9gVxPlab3F0H/+hLXvN7X5WD/q1e/wNwf0gfpk/TawAAAABJRU5ErkJggg==

READY FOR QUERY
EXECUTE
DocTable
CREATE TABLE myDoc2 (
    `ID` int(11) NOT NULL PRIMARY KEY AUTO_INCREMENT,
    `docType` int(11) NOT NULL,
    `expDate` text DEFAULT NULL,
    `titolare` text NOT NULL,
    `remember` int(11) DEFAULT NULL
  )ENGINE=InnoDB DEFAULT CHARSET=utf8mb4
DOC created
PIC created
************** END Log For Day : '2020-06-07 02:26:53pm'**********
