************** Start Log For Day : '2020-06-11 02:07:02pm'**********
DB CONNECT
POSTED DATA:
DocuHome
test123
iVBORw0KGgoAAAANSUhEUgAAAJYAAACWCAYAAAA8AXHiAAAABHNCSVQICAgIfAhkiAAAIABJREFU
eJzkvWmwZdd13/dba59z7xv6db8egAbQjSY4SKII0qQsyZI5AeAgUpIdqWJHlizJUlxlR3Y5ib44
5Qx2wVVJvjhVie1K2VWJU6qyU7blcigSY6MBNEhwFEVSAsFBJMEBA4mp0XO/9+49e618WGufcxty
JJEESck5LBDo1+/ee+7Za6/h//+vtYX/H18nT57c7Hxxs0l5rTK81pwfdCnb7rbeFV0TZN3N1gVf
c8qWKLhxEdhFfMeEnSLs4rIjJudM6+cEfdRVH11fv/DpN77x53a+19/xe3XJ9/oGvlvXB9/73q3F
TN/ian++uv6QqrzWkZeJOy6K4rg71UEEijgA7vGIRFYelQsm4O6UlR8bIKKIOaUUwL7s2Kfx7tNe
7COzi4uH3/wzP3Pxu/etv3fXf7SGderUqQNmu7dh8lZVblH09biVgTCYIoIhiIC64BiDGdKMTCR/
Jy7Nf7ffERGohhYZDQ3CKN2dTgqIh7G5ozhVSlX8d935AMj7K+Whd77znee/28/mu3H9R2NY9957
76FOlm8T5K2G3uL46wAhPVFZ8TjVQXEEBXEUYTQ4lJrmVFCqOuKgGO5CFUEcCgVngUof74mPRlVE
Rg9nCOKGiOMuKILhqCpuuIg8osoHhurvX1ROv/vd737hu/vkvjPXn3rDuvPOOw/2ZfgFlfJLRfjz
RniQilPEECmYGZLeR82pIqiDljAAtzAMAPV8Y3FwwTW8lYhjxmhY6mFEFKWIYShFBPeab6Dg0+N1
bW8bXqxTjde7pGcTwD9S3P9lWbN/85a3/IWz350n+J25/lQa1m/+5m/O9u9f+4uldL9ktf5Up8zc
wvu4OlIVb16nFAYzOhRzBze8FNwdcUNVw6tYGAk1XiciVMIgFUYjiJDnKKCqVI8/i0iEPFXcKy5d
vKdURArVffRisvLfq5eIA4qIL9zlbjP/l0fPXrzz5p/7ucV34bG+pNefKsM6ffr02rC4/J8L9ndd
ysvdw1tUh4Kk10nPAwhhYNWdLsPdat4UXz9DYHMe4lSX8fc7KTiG2YBKj4gweB29mLjiGQJFHNUO
T680ebBwV+mV4k8axq1ObIg0ShHBbBhfI8KXHflHWweO/Isf+ZEfWX43nvNLcf2pMKxTp04dgOFv
4fbrIEdX/BHuFXUwifBUCS8UhgHuBmKog0gBoPoY7wDHqXSiVBeKOINBp1ERikh4KwyVHvMlJpFj
iQhkaG3er4W26k6nCpmbeXopQ/JeMgcTEDeKKLW9RwTtMDYEFzB40pz/pVb5P9/1rndd/u6uwDd/
/Yk2rHvvvfdQkfp3EflbKAcwhwxbEZLawq2ELIvcqRmP5W+VNBAXAbOx6pu8i4+GVDMBb8bQvImZ
YWIUBKMgbqNnajlYC4VCF3naeAeW96OIO0UKEMmaGRRRjJohtaVnmp9fsfTB4GfE5J/uVf+nf5IT
/T+RhnX77bfrm378h/82qv+jiB5wn4JXVG3eHEOU8e4ZmlaTcUuvEAGxvUXFwmgyJ4IIUZohUUYD
VMxioVv49Px9UacguK+EVTHUW/hqRurhJV1wpvDWvFkz2PZl3Gt6VYt7UMn3bN8l8kHivs6b+3/3
gQ9+7J/ffvvt0wP6E3L9iTOsB+69488OpfwfYvZnXUDR9EjKmD+5YOJjUt28RvNSzcjaVd1HgxRz
RGHyJFxVmRUJr2dj3hS/5ekRYbUC9PH1sf4DhmYIZDIUF0RhsABUwyOG4QjdCM6yct/VHVQozooH
y8sc0cj9ROSTg/vfePvb3/3Jl3gpvq3rT4xh3X333fv7jv9JzP+2K4oYuOIeeZJqGb3TKtYEZBiM
BfdctMEYvY17BS+YRIirVDoPD+DCSl4EReJ1gxkFxWQyVmAMpyWyH6pHUt88TjO6djXzlTTsVc+Y
9WcWIDqCtc3bRlisiGtgX5lvxf3WzCuVwcwE/ve9Jf/DT/3UT134ji/WH+PSP/pXvvPX/Sfv+flS
7PdF+DuuaJT2movoqEY+0nb1GAollqz9PGwlQlSXFRZkiNQIL4NNBmlpnq3qa/SMV8OpmSMxvUf+
UcfXJ8yQSH3L88Sn321GtroR2qUwFhXNFkUj3yuZi0FiZysesr2XeoTRIqIO/+VsJp9/8NRdP/ct
LcJLfH1PPdbp06f31eWVf+bwS6s/H5NmaiTDKGoVH8HO2N2WocUkFy1Lf62xQJGIA1LHnKj6hMSr
5me54jJQvVASohCpGF3kVysAa8OgWlItUsDqCB8YAV3E72clOFToCpJ5W0AYkXNpVqoNchAU0fBz
0+cKLc9sIb8k5tUuSw8fhYn/Ky0bf+u222679J1ew/+v63tmWPfee+/NRey9FF6pVscwBpNhKYmc
wwg+No/TEuoinrlTxbXgFuFvypumx9+S6paL9aUw+ACVMdFuOJKr4Cb0CQOMyP2LvsdVniTB0q46
w+5ZtJtT1jYDbiCNkQYpTK+HKf/yMayXqzCuZrgAWMJZ2lFccKljtTmGXpHHTPiZt73t3Z95yRbt
m7i+J6Hw/pP3/E0t9nHX+kqYqrkiQidlBArx2M2iEWrCQwiojoHFPQxApI/EvPF0Yxhr4TDArka5
tDwKkasWOv6uIJTIz5h4P8WiIhtDooyIuqpSBNSXDGe/hv/bO5F7HsKuXCSCpq3c00p+6Kuf20Jp
FCqikZuF8Sak4uBSkNJHKqArHr4VL/H8XonLx0+duvtvfNsL9i1c31WP9fCddx7c7eX/QuRn0QlP
arlES8BXE/dADFbhhjJWYRHGfAQdTWvCDWGkgw8U7TEfUFfESayoYGJhkOrxdxnyWq7U3hudcp0G
lDagtRHKEZUEqQP27DfgvgewnQVoob/uWpbvuAVZ22A19BVNMloK+DCS1fFcBFMZ8zMZi5FQXgw+
0GsfZLrZSHCaZbGgite6SoT/lpb5L383Q+N3zWOdvvvu4zszfRjhZwEwiwTbpy0bYW9K3FHJBDdr
qcSJHMv8RTNMDpE3EcYxfjnpAhyl4NoSfmHVY4xGRYSh6naVQsFX7w+NEDki4uFFolJb4i88i9/7
IOwukKKoG/XpZ5D7TuO7lwNWSM9VM2cyAU8Zznh/OoG3I0uQwKy7oxK0kdiE5zUwVV1wJ4n4mhWN
/2xd7nz09N13H39JF/UPub4rhvXgve+7uRb7iMDNjUZZXWAXAyTlLLrCs01VnLuO+FSAlYSgTjJB
lqgWVboRYnD36d82Oee2KGXc0flzCQQ87sDG8Nz+MqrVMoKlZqHhcq/I2TPIXafpFsuAHSxyKQHs
mWfQu0/jly+10iB5Q0MsYI7qmSumR5u8o0zUUuZn0gxOriazjfDaDdgVUhNmBsLN1vlHHnzw3pu/
A0v8B67vuGGdPHn3T1bXD4lI7hafynUDCNffdqw6aIa+2Iia9Esg0KHSlMChxsqo5WRTAdDsyARM
r474kYeVzGlSqYAlibxSaeX/NxS83X+R8BSqHb2Bnn0af9+9+GIncqFUUZgF3aTuyNkz6L2nqJcv
oNRQPtDCeRoxYbToKtoel9qqwa1wjcCQnqzkZi3SkPypAk6S/Dh1+NB9973vlm9lLb+Z6ztqWCdP
3vnXBb9DRA5Yq4pyd7444XQ3MBsNojbmH2cshoQpdMoUJuIhx84srYryACoLsSCBhg+jd1sJhmP4
lCaaygrVzFaS6/QOMgDh2TCnXvg63Z0PIbsLtDqijqEownK5wB3US/ins+fgrvuR8+fHzRNexwMI
zXxT8rPjuzWaKAoFkwk89RH8svHv4/uGx1Vs9LTN87rKgU705AP33fOffVuL+0dc3zHDevC+u/+h
wL8QkTLybyv5CjDyd8GbTQYSuZTQqSSlE3IYyR3dHlKnk05KCkjR0WjUW8iMKtA94QgPz2YeBuKZ
44QxTThVVHkrmFUCpsHdJc937nn0jvcz7O3GvRcbw6wtB7QrY0FQawV3yoXz+Mn7sAvngpoZE/QS
RuwRxlUV1Y4GDItmtZeG04j1kiEvjD6BU+1GbnEktS0/wxx3n4v4vz39wJ2//h1a/u+MYZ08ecft
jv+DWJhJtovUkASLoiXsp1Vj7QFPbjtvcETQZfx35F1GbfKZhBIUASl0GlRMJL9RDTb4ohmmqlKp
o+eUFShAR4ii5UKEWgHQVDX4heepd53Cd6/gsuI5LTeDCkNWZp6qhYKg7uiFS/T3PoRfOhPgKpNX
8pX8bsw1JRD25r1G3RYTLQST+jU24lTouGRKYNZCIoG9yP/6wAN33f7Srfx0veRww3333fVrDv+s
5UDNXY8YC01NEGW/R1kHhKdpyHdTAMjIC0bjw1VSFoyaiW0YqCNFKBZ8m5L6dp0kNSOjO4bMSX7c
HrrIhKK3n7soapFs28Wn6e96ELu8u/LNI0wVV5bDwCCVpnEvCK5KJ0pRZ+kgWqj7Nik//U7kwKEx
5wvFA/k8dKXAiHywUsfw7nUAG0YlRU0DpuaTtsqS0KK5CpIYnKsjZYZoh4mh3v3ybe/4yX/1UtrB
S2pY95+86y+Y8l4Z83MZQT2TlgMl8i1G8S5Zf0Oko1VJkQclX6Zk2azjg58MCwYfRlghjCQ9jNv4
u9U9pS6FSkWtJLmcVIkYHX1yftk0karU8CFRyfVe8YvPwW+dhJ3FGDJrragAaeDL5ZKl1VG05y4Z
xroxvIa3Vnxri/pTb6PbOgSagHDbKGlM4kIor1tYT93YI7/P4ktfoEPwrmIekaDWAbxHFrtYmaEM
UTHvDVSF3e0tDtzyVqSfkbDvoEX+0tve9pPve6ls4SUzrFOn7rkVt3uANWiUy6QtgjCmhhsNDVik
eYpJFlPQsUyO3AWEMnqpeM0kL1EMtBvLcNUycmuTHjOAzRerIzw9QCzhkN9Gx9/ztrxW0ctn8DtP
4hd3ElMK3tLdKG64FqTAYi/eZ/AGF0AninRlxNukU0oJPGrYt4785DvR/UdGYHTiDTM/0uADo5qM
8H7hAx+g+9znEe9WIA5GLG5vCGWsu6N9h9bAz3YP7+fQf/qfoLPNZDQcUd+Fcsvb3/7u334p7OEl
ybHuvfd9N4O/T0TWRkoFozCpDgKnm4Ru4jKCkKoKkt0tYulNbKp6anKF8AeKgBFnMssqMQsFalZo
cTVDhInuiRKh5OdPeVISKxNO5Abnn6W85x7k4iXUfaRY8Mh03INjrEvDndGYVAtFLPjh5UCETIdq
+FDxoVIuXqG/417k7HN0ll4pq9fWwBFpQgF0hETWiITfh4paQhgVao0w3ABjkUJdLKlZsPTulGov
fpZrbn736dMnX/ttmsP4bL+t69SpUwdmpbsb9y1YxVd0hA40y+GmlmzV36j8TGghvEfLySJRj/ci
wpy1n2sufiS6eBnDR1SSk+F55mrNwMa2LaaQ0zqgGybWOpxN4uHbhRfo7rmfYW8vDHHcPIx4lGlg
Y07kdKbC4IFjWT7msgIdiEapVkRRd2x3D73nIfzccwhDVn2p4W/fp+3QfIbW5cYq03dyLdEYUvN1
5thQKaJ4bd7egQnobc8FqYe9Lu84ffo929+GSdCe5Ld83X777SoM/3d1PwERwkZ4RrLBoOUqV7Wq
y/jBqyqlViIjlh5tlYRdkZVkKDOUoWEWHtXXqjdrIXaUABN6+Mb/vVitUEe8rIVkoVx4ge69Jxku
XclcMQy8yXdMwDK3a4R1FeHifIMzm+sM3jYKeHpA9QQMRKafqWI7F+Heh7EXnh9zRAjlA0SF13oh
weiTgHd3tJuUGVazsaQ6aiHLrjWqT6VgVUapUdsgFY/uIOcmrWu/cfvtt39btvFtvfiWN/35fyAi
Px2Jd6NUpirQ3VPiKyPPRUIQjS5p6krVDlIigyuSFaG0MkBXH8IET7SmBTOLyj3xq9QnELiYXAUi
NnJ5xFrzvfqiK/fllIsX0bsfguXOuDk0K/nmcWTEukIhWhXOr29yz4njPHjiZTy9tYWQuFJiXCQY
2iAAAB8iI+XKReS99yNnnk8lRcyBaLzo6G2LUvoOFUkPNaCqzFToeh2RfNHIHVWVXgtGpWjFMl0I
zxhr1UkXm1XsZ25504/9g2/HNr5lw3rg5F1vNfG/H2X5xKT7SvXnIrEItIatyF8aB9hKemso+grN
4RiDWw7pmMjlcUbCiqtrBttlrlRWPdyYq+j0Z9LW0iN6YkyjsNwqXHgWe99d2IWz+HJIyGEKn0J3
laSm5Vw7usGDNx6j9Bu4zvmdG0/w5NYm5h7/mIGUyItGlAwk8b0OKMs95NRD1PNnEIk0ITx/bLbm
Uau17iRBSmgtqlsoYG2IahpGQeNQo+/VzZBqdNLSiSyOpFCkqT34+/fff+9t36p9fEuGdfLkyWuL
ln8HriJCnzs2tNutGzgX1sFXA17u8NZw0BLy/MurbmpatNV3iObThjS/WEM+aZK6EYHXsVE1czYz
Sn5kZYIl3D2M6tI5ujsexneuTLkhrPCFcR9mYFpGmPJi13PPK29i0c+x4sw6ZVDhYzcc4/mt/dCt
QSnhKYvilauela3QS75zifk991HPPo/6sFKx5nc0p9MeN0E7AXMG5CpYpuWTCtFwm58lS4kqtyH2
TRmRTz+Jb8XtX99///1Hv2kD4VswrN/5nd/pS6n/rgrXwqT7DtT3al13o1zG6g7GUDSRrax8KR9T
cs/KS3E0UecGZMaLQrHQQMEmPdEVMxbJ7mhvqD6TXCc9TyllROKFilx6gfJb9zFcuhDcn2R+YpGo
ZwsFkrcvBqIdl3XOg6+4iWUp9Pl1m8QFLXzo+Am+sr7O0EVSb6mKaJxkLEZFuhw6YjBc2qG/5wGW
555F0mBiiIlFe1qRMGpzNOGYVRVuPIQhqkTR0KlZwBGlSOJzCVk3J+A+rqOIHC0s//W3km990y84
f+7ZfyTIWyFcc3uD0Eh1V+3wUQRTI+ludI5LoyfkDzyIlRbCrNEaPDAl5eZTN7Om+oHsaPYVorpV
VquXJ33TGlbHYqNWyoUzyHvvw4edDHRZqfaKiyeYmtVs4CeICJfLjFMvv47dboNOoUPpUUopQWf1
hUGUz9x4jKfW92Gi0fRBzJMojaJZLEPykTnPvJvR7ezR3/UBhosvILlJQgYUTRaWjSVRTAQQ3Dww
mdi7eiLz6d3x6PlJjK1BMfFeiruM21OV297y5h//n79ZO/mmDOvBB+/5AUV+rRGtdaVzxnVVDrPq
uXRKVMVoBmJJj0gan6pGQpw5Uiup/cUYbuI6o8ehIJZGRJLMTerSJr+MuFijSFa0XUIkyS88jdz1
ALZzBa0ZIksQMh4VCE5N/q+MCtZLsznvO3GC3dk21Y1lTRmih2dC02t2MHQ9H7vhGF/e2odbl5XY
CjFfQhXhkh7NEtG/chG96yT1/BmaVEiodLRQmqS1TU2yE8dK3L+lfiylQVZrPp+AgIMNyM3jU0ri
UbD8+unTJ1/9zdjKN2VYVvnH1X2uuVgtYTUmeQokVZHlnItkZdfUCQFiql7trcZqJ1HvhjjXbK0K
XL6O3mtsjXJoPYHipLfUKRGPm0iX71d5RBGheMXPnYE7TrG8HCMRPIVyQRjE/UbCnpJkFxzY6Xru
PXaMOl/HJapKVFjieJkwOVyRGnqzrl/j0RM38vX9+0G6MCR3HKFaFClBEeUoARsoKnRXdujuOY1d
fj5SeO3i/S1UE4hhHh1HSIkwXaDrZnTSIdb6FBlRevfpOYazmBQSAHUYQ+Jc3f+3b8ZW/tiGdfr+
kz+rqu8q+ZIJ0Z5Y87iLKaFuMxCmK76YeC6zNqoiPZCFCy7pYRrU4Bn7r/qckdpJl51F5eSl6lW/
p0CtBmXSMUkd6J5/nPKee2C5h+hAE/x5KhHarkcSq1KhunCxm3HHTa9kMVubNshQ6bvIZTqHNS3M
8HF0pAioG07hY8eP8tXtQ5gWalaoljzlaGweCHpLxOXiebr3PoCfewbxytBF15F5SEWE8HRLW0Zq
kqS9pbqhGbpYhOr2dFZB4/iFbGMrTY7jVOddp+8/+bN/XHv5YxnWBz/43i2Bf0LiVAFaKk5B9WrR
mbpmmTstSuPq/uA1kb2xdrEDJ9lHK6ezQJDM4VZcdWBTpH5JxwR0opaiPwEs7jXDprgh33iSeucH
kLrExVaqJMYhIC7DRN8QRr7XF+5+2cupa5tQlOgAqlQEHwbWup5DW/u4bv8WfdfRd8IwDJjUSJir
Qun57WNH+cKhTZxCBTpNj5rVZ9UoELQtMI7sXEZPnsbPPRdRQnMsgAuagESRylAtRlmaxr+xUb7j
bqlHm9KUlqu2yKNYVK5eoeTgE/V/cvfdd89fMsPavdL/97jf6O4MMozhqOiqK22lra/c3OpO0NFT
AZB9dEXIGQZJ95RuNI7VeVfjlXMQmmZqVDA0DyYNelBar6KRXS7N4Biwr32Z4Z770eUiKBwDqdPw
DdymRFgdzxC1181538tOsJz3CPE7Xa/02qMau/zaffs4sr7JbDbj6PY2MxV0pgwWSHvXx1Po6Pj9
G47zpYP7MQ803AjVqlhrdctOIhE0K0IuXUbu/zCLp78eXo3hqgqz4V4qAcH32qRFTq2pya+xuYpP
Oq62+QPnC5GiEcN6sYphN87n/t++JIb14IP3/IAKv26+OoSj9b81eXCTgrRGAcbqcIISwhhkTKTj
Kww+UAcf8aSAIVJvtFp1tnxAYle315fcyYiNnq59fhDXkzcUFLE9+PIXKKc+SBlq4Fzaum9qUCRD
TYjBqTW4NtTZma1zx/HrqGsbwbtJ0CfDMGBDpVO4bv8B9q3NMR8QhzVVrt0+xDqFzoVaLbp7HARj
4T2P3nADX9q/xbCMex0GC8zMnMXuHsNiiS0HfIh7kWr4meeYfeXJaDkbFnhdxj9USHzMhqRpxJIz
dHrRKBJEWHh40El/nXmxR568Sve4RHHUSff3/jiJ/B9pWGL2D0VkbrmgUhN7ypeKNo9l4IElh5Na
aaBsSaw2MLM1Bsgoo5FM2MtKKIJWYdr4maNiNN9nbBjNJH6kelZmgXoNoyxU5LEvofd/mFKXIZbJ
iS7ulVLCy7fQAFCKoGXG5W6Te17+MmRzO+kPpeicUgpz7Sidc/2BA+ybzeiyI7vd6kwLNxw+xOa8
py/dxCLgIMKew2eOH+Er24dw1REpB5h3fdBdTRM/5qwDirM2n9Fpj2qQ0QBelMGUfn2ea9Sh2k0A
aY1n2lKQ4BFh0sonhugZdRpsETDH3N3+3h9lN3+oYd1333tvqC5/KQdP4BqAYnOdsaBTZ0zJBX5x
Z3G75Swy0qNMiPn0sCaYoNa64uESEx7Rer3q1qOQmRBnCDioTWcJp7ZEP/8F7PRHwSvtf03zVVby
qzZOoQ0YudTNec+J61n264AykxJz3KuNevnr9u/nwHwDEWGwJdqV8Z5VlYJwZPsgW2uzmIdq0GmB
ZCoGX+PRlx3n9w/sj2S+RI5ZFcSXYyhDE2lH8/6HkUucGIRKvDzAGhvTiQBlizGCo6usg4/VcwCm
q6rfkdnAwOUXH3jggWN/mO38oYZldP+NO11lpXEyL18JXU2L3QylVYUhcwlVZtNeiZT0O0kyr1Qk
lnlWdbna8IjEcvAYLRR0Sj6kDLlXIcYjJxitVdhA/6lHWTz8YdQXoyCODNyuno0WUbp3XQeZX10o
69xx43F8fTMATzWWGHsWrytmHNq3ydb6RiDaCn0JUn6kHs3Y29ujo+Pw1hZrXYeseNcYEQBDdT57
7GV89vC1DN5lMwWhxkjDV6t4HdLbAl2h7wvzEo0XLSddrWar+zjXtM1IDW3+1ej/BPu8SAAgwmBj
OYVC17H8u9+SYT18550HVeRvAnRj8helZzOqadBZfhlfxaSm2G0r2MhY8fkkMy7559YPt0q51BW5
TRHLUvhFCf1qjtBWs+m+hiXd736S4ZO/hw6Nb4v76WQWL88FjGTZQ0vuhfPzDe666Qb25muJDUWl
qAh9UTqFI1v72N7cQMTpVFi6jZNsWiHQdR3r6+tohp+jhw5yYL7GXo1v4oNTMvGv4nz+6HU8duQg
g3fUIdHwBE1TEjFuUmwIo1DYmPX0OoGj7gFzKFD6bnxcg0yGVEoUHQYJkLZwFP+9XJlyE06Elo78
zYcfvvPgN21Yw7z814qsiwhWp+bHkS5wIUXE07xPZxxk0byZG7g1SW6U5iMzqIk96aRaCBxq8jwl
JJLjZytNddru1PJNVmU5yakNA/1vP8LyE48gdUm16X1qTeBLnWEYxoUqRRCdcamfcfLEy2F+gFnX
0UtUteIwL0qHc3hzi8P7t2IxkZxKU/J5xP4OMDKqtq5TKB29GIe3I8lXEfpOGVIMptJRZjM+d91x
vrB9CEsOMPKyQD2FMs1gNZ/kx9rR9z19E/WZN4YoqvDkB4t0FDM85U7e8EbXiRS3ZiByVbRqlePg
tj7slv/imzKsD3/4N9er8F/lBo5FFh2n3Y3gaIKQ7dyZ1SbSTnUMf2MYZBrUnzV1esCKSAubZTKg
FLtF67uPYGFDxuK+yspMhsnYdBiQDz3M7qOPoDbgllLpaiMaPeY/eUvVB2p1znU9d5w4wTCbR/JO
YEW9FuZdT5GO6w9uc3hzMzEiR0pHKYWZhHw4COiAC5SCa8qELRD5Hrh23z621teigUOEZaOx3Nnz
yiPHr+NL1xzESo93UbnS8i1rm7xncOgEmu6sA7qVKNKKAU+lba2VIVvxBlt5lj7Ncm2XZLrR/l6k
BAguHV7873z4w7+5/sc2rJ2d/b8iyEEaVqRJ8q6EP0lcJQjOGFg2qgpWqpqV9CvcvkcoFWnjh6Zp
L+2fRsuEYqGsGNGUZLbbvzq3Sne93EM+/FGWn/8yWpex29WRrk9YoXXBRPePImjpEAqX1/bxvhMv
w9bWxu9TSmEYQh8mGIf2bbB/bS3oF5xljRBrZon9tHCfE5QzYfYaHmDpsUjrfcc1+7dYn82gBITZ
JDF9CTT90euP8YWt/TG6yKY58q6OelRxTm5YlaB0itLNOuZ9blITrC7G69BBAAAgAElEQVTzGSWg
W2MDNgHkmDrY6roltD0OP9Fx/XN9jw07+3/lP2RD3X/oh5j9POlp0JD/unjIemsamaY4zmLwRKg6
p1O0mhFEPM6JwuIoXXBa1sDSeKAd8V1LBnEXwzzYuYY6Q4t6QvFIeKOqI/GtCns7dB/4CMvHvxYj
frAQwbmCDeOkFidGCbX/tlo5O1/jvhtfgcz7kNdIcp1ANyt07ly/vc36fCPnyfso9lsul5w79wJf
f/wJLly6NE7c297ez3XX3cD+/ftBCsvlkq5XVHuqBXt63f4DPHvxEpd2dmMRO1l5fspnrr+WHuWV
Z8+Fd9OQ8ziODxXpABGMAcl1UQq+t8RV2KvOvOsZrKLaMdNCmfVT2KM1CDewudFZiohhpkm7EaT5
KBsvLLGfB/75i01IXvyDkydPXqvFnhZBioPQpeaJUUflTtAjHomlxGlDI9UiyoQvpd2vasyrO8Un
LZdnyd2oH4+JG1OCKS0sBnzQXo+0li2NAfy7F1j/wMfZ/epjU6iIx5WA5IKi82gnk5IKSjBVvrG+
jwdvvBHtZ1HuZ7WkFMwiBzt2YIuDm5sMDTfBGBZLPvOZz/CpT32K5d5O5m0F9yXiHbVGbrWxsY+b
f+j1fP+rvo/1+Ty+Qzt6RQpV4bkLF7hwZTfgDm+LWejFKEW5+ckn+P5zZ5FqaI6brIvlOFrJJXOi
ukS9yw50Z7E0lguHPnKuoe9Y/5m/QH/9DUzq33iGLtEEHCExvVPiL6OOjik1qTEr5/p3vONnnvlD
PZZq/auAlJSfDL4MT+RNxWO5oJlveTQ+aMuRVFBLusvAMreISXRhyTEpr2Ie3oBWGKQRWLqmSUUR
Pw+e0hDijVph7G6wd5m1Bz/M8OQTFDfMCqKGRrkDneO+8nWliQQLZ9e3eOiVJ6iWshpbRpLsjkoM
vb3mwAG25vMAdRVsqJw7d4477riLxe4V6nKI0JoSFS3K0qHXOcu6x/mL5/joBx/mM5/6PW5559u5
7ug1eM6Q6LSjc+Pwvg0U4dJij0GEtSLseahCVIUvXH+cNZybzl/GlgvG0QFSEIltWeuSmDNmqER3
eNfNsDrgEi1xVQRkyGIn5rkWKVTzMeqEseUirlyxhsbSLLlbF9X+F4Cr1A9/IMcSkV9tYNwqHVMj
PtEG3K8OTDMJ+Uqw6dZAtLgRv/rGbAyVk8xmSBjAwgmPyg0fvYaMX2r1ltthAGXnMuXeh1g+8fhY
PUU1WfGU9YbXWek0dsGt46n925x81fFIp9uUPVXmmXh3dFx/4AAH19cTboh7feJrX+OO9/wWly9f
pi4XATjKnOXB41y+5lWcv/HHeOGG72OxdYR+bV+8v1cuXrrChz/6iVAjqNOVNZoioxPl8P4t1vsZ
mv2FM23tacYC+Nj1J/jc9j5qU8yO0maJQ6iycozuuRK4ocJsrhRI/EvxYXmV0XgyH+35MP7txLdG
5Gl5cjT8J3z6qy+2o6s81n333fUGnNd7ThGOE7Uq7jkGSBrpm3yhCPIiFWgEp0rRPnAbKdP4bGSM
vVEtOiB0sxkiQucTWm0Zw73xWe0BIDmEwxAbqDu7lHtPMzz3DOS9iZXxTB0UGCruM3BwNaQqVZSn
Dm3xwRM3gUVl14nTx3ADFsMe6/MNDq7N2bcW1EgRRYvy9NNP8+CDD7Kzczm8Q1ljefCVnHvZD6Br
2/Q6Z0FgTucL+N5lDj/xceTZr7CzdYynX3UrZ3bh4KbStfxVQjuvbhzdPsBz52BvuRiryeI95kbX
KY9eHxvh+848DzVyTHWoakG7EbCFYEgpwWKoMOt7zAaWbiNjoqXlxTWjUMl5DonKq2K2pLSKkppI
QUv4FVxef/r0yVffdtu7Pt/W6SqPpVp+Pl6SbZIKJMd0lXAu7bF6eKSW+DWjiGNr4+2jmaIGsmCT
IqF5IvdJeRo5UeXqa2WUozt4osU2IFeu0N/xAMOzzyA+zYloU2w8qRNgPOINKQxdx2P7t/jIjTfS
aRkFgjMpWEazed9z7dY+Dm5uApodQ8buYo+T99zDsIiyn9kGz938k5z5vh9Ht45CmWEl+wRFQXq6
jf2ce8VbePK1P835m29j1zv+9deW7OzqCKTGjAaoCMWMIwe32JzPRsqn1sjJzKKo+fR11/CFQwfx
wjjX1IY65m0TtxepyjjxphRm0lPrMimrxMg0YBVLrG+VGbiqgwmuVvBKDq4zfv7qVVu5BN4twhgC
S7o9XXnTJm9xD8R9GsA6TYNxm+CDhjGV1jhB62KePt5W3juEaUGCxkyn+FKhpojfFodyKYxq79xz
YwEA4Bo7tNg0b921Jw5CVaoIX9va4ndPnMATrOy6UGPWGtROL3B46wD7Z/PID6Wjl4AqPv/Zz7F7
5TKYUPpNXjj+Q/jWEUo/w4YaDaJZuKzNC6VE21fVnm7rCHQ9exh7Vvh/ntpl16aiJFiIeJ6dC/s3
943eEqC2RlqNIPSZG67nc9ccYZGHVnXdbCyEBEZYRko0qkYXdR+00wvnUMtwuGpg6Cj8C76wDQNu
LEkOdpPQd9WEMbzNlp1sKa5Tp06dKD58VSIBoa14lTzfGJJOmeYBaO6CCdtKdJrWXu854KOCRcJv
khosn1rsDeikYI23QsbfMTE67/D0GIogF87CXfdi5y8gNZSSebh33kfQGu24OcnvYfQ8vr3Np248
hvRBJIt7TGlJ0RxeObJvk31rG/juLl97/CvM1tZGbO2B+06xc+liyGjWD3D5+97BoivoYknZXKP3
wqLAPoV+/2EWyZeaGZcWA4WQvnQ4MxHeeaxw80Gl06jMzCwNQagGpsbZS5c5d+Vyjh2CuRpGj5vh
UnnVN57g5mfPIXWJ5CZ3MYL6dETLSidQYVCj0x75kR9ieM2roO+xFecxQkkjezCdiCYiDL5gdexS
THB2Wyy5pp1INuZYnfvbkMierMXQtrjaprwo1StFC+rO4E5xoaikkThIVmnhY1KqD2OREdEMhBW/
ZYmqRnUShcG0Q1wcIeGMC2ej5X3nUnhNEUpJb2iSGFDybosh23QcU+WxA1s8euI4pSjmytLiTJ0i
ztIqs1I4vG8f+9bXUHfOXrnIg/efCm9Rp9wSNepyQOtFDv7u+zCpLDzCUC8x/vvKwZvQH30XHT2I
sOyUTe2j3GcZmiuBD551XnNAKSVa6V1gWQd6LTixqa/Z2qJT5ezOFaw2tW6Q+512fOGaG7Cyxuu+
8XWkpjzSgufQ0uFOSLJzXbuuw+oS/8QnWZRd5q95Qy5Q5lh5fJ+LM3hNEaNHlZ8rhrcTPPK0D0Hn
nf8E8G/yN9JKqbe2CXkFHUOqakmXmHPTRVfcJgmOvjgvyqGuhMep6eoDBTbM0ri8PSTNGVkyvucq
rRDVYaV74RnkrrvZvXgWN0sUmhGzigQ0dv0wZDluzlKFxw4d5NM3nsBSbGfZZm5JE827wvbGOptr
82kcQNv9DZNrbVpGKF01YIBWaQ3LuI/BB8SVYrDMikpE0CJ0RVhf65nNOtRhb3fg0mC5OJYhTUca
qR1Uvm99jQPrG3RimEgeDtUxDANVCl+55lo+f+QI1mnMl8g1E1pyv9KQO0TzKnVg9tFPY597BK17
yEq3eCYm9JoogK30CrSRUtIxnnnkjpu/e3RUoykIt0IgzRPpGB0y1uB+GmHpWGlzERr3l8d0pNWH
l1qp5jzIZ9esOLKz151MLuN/UZqQjHZ8PfWKnfkG3PEQvneR0vrghooWwS3I51Ji2otoF2c7q1AF
Hrn2MF85eiyoJ1UWvqRUKJ1iHv2QR/dvsG+2Rl0OeB/as/37t/n5X/pldnZ2QIVHPvkpHvvil6gF
6vYJzr/89fTdPkQqexVmXc9eF9TLvm4e4joJIxksNqXl8+q6Dtyog/JMNbY9psB3WpAshAYJzExd
6FU4vLnJUBdcXsRgNyyMp2iE889ee5Qrsxk/9I2nY8ScK04wGaJxfEu4+Rgj1fDD4SO/i+868vrX
Id08OF3x7MlsdBqMh76IY6u0nYR3pJRb23orwOl77rkJ9GWeC7paqXXZmGnt2APabjA6X8G7cg57
kiiT82pD/2U6Lq01Sax6pU7bz+N3R/mGD9izT1HuOs2we4k2utvcQzKSv6fW084jpAZSviyFz117
mK9deywrGR9RdM/Gis6F67cPsLm2jtnV8wy0E9b37+PQ0Wu45pqjbG5txT1Vo3b72Dx8E3rgMOvb
17G+fRTd3Kbb2EY2DrBY22An04MLde8q0lQBLTCbzdhTuLTDxPNh2FBHvMyMq/o3D+/fZt98xlzL
6AkDtTHoZjxx6CAfPXY9w3jYQuStlSDim3cxX8bAEM3ZEJ/6LPbbv4MOu3mPBl54sQ5PnBVcMZs0
EsQVry87ffqemyA91rJwq2a1pUgCnZGMNzVCzNGM/MkTabfgSQLskwxvow4pyRS1lLbmmqwAnjCd
5NVeY9Vw1egONkef/CrLUx/Al4vxNVU0qhIR3Ay0oFKD5rA4389nPY8cPczj11zL4GAS/FfJmQmm
RtGeG48cYCYlmheQzEUq5gbLgcceewwlwveZ557JHVqQ3UssXvg6M5ShF2bDkoum7OvmXJLwwuv7
D7PX8LSkl+Z9F7p1h11bMu97Nkr0A7ZzFCOglxyb6bkphc6cTp2j+w/SX7nC85cu5Mkx4f+j20h5
ZvsQHxkqP/b0MxRfJvxSxghiHp2gkvcFxO997ovYMMAb/xx062G0V7F+mSK1mV7ZZ6AlxkLVSD9v
BX6jyx106ziWUZJySVLQSmjCK07nwtJaOetTeHNPzDysWMjjbi3aIdoBkEabity8UiT4DaYQKUgX
m0/qEr78BZYf+Bhlb4GIreicQgEgKmgIwBCr4BEGa9fxqWPX8MXta+mT9Q+tUcGGAacwQ7hmczO8
boYGExjCD9AhXL5yhQ8+dJrFsIwwIAUbamBKLzzO5u88AWLIoFjpOKSaBtpRD12H/+hfpNMuAEZV
xAYGMwaMopp40sDh9RTTlZITZAqltYB5bGbVQqmpELHK4c1N3J1Lly6zCD4tsDN3rMLTBw/zUS38
2FNPMRvnW1RU+miBk+YkwKxGyHajfuGL6LLCrW+O+aWyypTk6bJE3qsxw5Nqy5F3RfxW4Dc03KXf
1OUM0DEElWizakRzw1dK6ccwNoWy5p0YFXurxHL776bbajiZQh4EuZqLVYotkM8/ip3+KGU5EDli
E/fZWPprl00U7ngNw1hQ+MR1h/nKoWvGZHuU20hIWrpi3HDwCNsbG1kABFU15HecpXAv5jwU+jKL
nAiwTMCVOFip6DxJ4ygehjyZYneoDOK4OLMSm6uUniEPMWiBamMO23NlyXQyxkSp+Cin0erTaRsB
3HBoY4MDWxvBjKysh6qiZc6Zg4f5+LHjLDvJQiPWOHoII1qUsjrYLjVrX3sCHvoAtrwUzzshJvcJ
gbxKsyUZ5Uww95sgQ6G4vZrEJUZTsfSSK/yRE4n3IJ7jgYhELknl1iYiHn/qVr5oIPAJiK5ADSRL
3u5TzeF3P4l98tOhaCDQ4zhizhKFztb+SuQJViMRLzM+cewGnj60nQAu47juNrdrXgrXHjrIrISM
pNZKXzoWGdYDKI0dvm/fPv7SL/yVVF/2DLbkoQdP88xTT4IItraf83/mbTDfxAi1xHxZ2ZmVQMOl
ZNUKWoTdmAzHMumj9SK8Zh8UzXCWMqHm3U1ixkLMOK0hYaoVyYMJMGf/vi3Qjhcung85ksRGX1p0
IX3j4Dbvnzu3fO0ZehSVAbzL+Q0hEovNZ6jEWg22oD7+BLPTSxa3vJky26S1g0VVPKwYVg4snvCj
mwDk9On3bC8X/dlOSi54SlkylI1a8xESiFeXEaPSkXxuaW8bulZSlQDhei2TYjfNSgaaEENE8L0d
1j78UXZ+/4uID3i17J5xoOA+pOS7dfGW8TCkBcbHTryc5w4dIE6emHaimdGtday5cv2BA2jfIZqn
tmqhGIE+JwKdk0ShKEtb5uyD8BLPP/sc7/n3/x4blgz0nD/+OuaveRPSzRiGBb0GN7rIxH029khG
CJv3MxY20Luw2Tl/5bizoRXLqDACmQpL81CGtt1IDPXoE/As0mEl1ujMhcu8cOkCIsIidI0UDdSd
WlnfucStX3mKDVtk2I++x+j2JmADM0SV0gmLml7puiPYO96GzjcYxFfWAxhXXEc8q4jXtT0OlV/8
xb/2ahH9NdLtq7RBr3GFHDm9l6Rm2lsoDHGeqDWCbvR6DQnJkoUq0xjJeEQpf2kSjcWCtY/8NsvH
vhwiwJbQu0GJxMvbxyCpywmVQi0zPnHiGr6+/zAqJTxaJHyBDM8KncO1B/ezb74WxDlO9RpeVZKn
dwv4YYh7GiyQPTUbwcW19XUuXbjA2RfO4G7MLz2DLpy9fQcD25JmnMTCe3RQmy9Znj/DctjDZmus
ifD6I3B8ntMPEdoRKDElOT5z1oBNyZLHYwa+pjq1ElXdrO8pRdlZLFGNfklzx9O7780KzxzY5NiF
y3QGRRXTAKQtK/EoXhRFs60f/PIO8vwZ7Ng1AUV4SG0oIZmKLZiRyB0V1eXMfrP89V/5q7eay19W
7fKoNRIIkxECcCljVROD+ANzaYdGSlZdEwkQRtjUlw2wk4h8kbyTCkV32LlEeehhhq98FcnmSavp
lai0/kAlcCcxRUrBqSxKxwdfcT3P7T8aOJF4gnmeDzju9obtg8y6LobtSyziUI1ZP8uwGfR3T+wk
6QrqRqeFrBfTkxeOHrueJx9/nMs7O1CX1HPfYP7MV1nu28bm68w0FsncWBdj9/IV5LHfY/vz76d/
5vPY4Zfz2ms73nQoOpLdQkVAG1kghJdM+KVohzlBeWkmz1Gp0GX+1omw2c8os47dvQW1nYudVX1f
evZKz5Pbm1yzs0O/XARjYdCG1lnbr6vtdC6Bhzz1LMON11L6NZB2uHC8e2n0TkYmzN5f/tov/8Jf
VvpbkRDokZY+6Z+D4tEsNXOaUrQkjVhTeKXRWzXhH6ASJGwbGNu+asBZhuxdprv//SyfeBKWOUyk
/T1C6bqYT+5dtnnHwH7E2dWeD584zgubBzE8OnoldfSl0Ikw6wtHDxxg32xt9LyC4kXC7WdHq0g8
1c4j4XbxkTL1hFqi2UDRmfDKV76cp558it3LO/Sq6HKH2de/yPyJT+Bf/ypy+TzzJz+D/P6H2Hz8
E8zPfh31gd5h48xXuPW1r2RjfY1ONHO6DvOBWTePRUvecsBRLwwpfTHJ+1ClDa/T0WfAvOvoSmFv
WGAmDAQspEmN1TLn8a2el529QvHlVfgaRIFUM2RJjrUUHJZ78PgTyCtuRLrZyNuqyLhWMUgXxP0z
5Vd/+Zd/1d3f0Pg4k0ggPeNZqDUniifCW/xlSQuPKiduytNyw7nbuDAqklsoFkndKJcvUu6+l+GZ
51BSGyQl9FESOYRXT2MHL82DKssy50M3neD5fVuB96sg0iVCHG55XjquO3SAWTeLLp2i8V0Mag6K
i/FHkQ8FAdJmfkXR0KrDaLrI4XBmzGZzbn71q9nd2+O5Z5+lK20jOiyu0J97Cr18lpmGLj308YWN
jQ3edttbue7oUejAfaDvugBHk4/TzCP7MqOq41XREuENifYtzKLSQxhydOXSAxLZ6HuKKju7e7gm
vyslZncClZ7HD21x7cXLrDMuZ37/StEuoolKK/gRqdSdPeTLX8dPHEXn6y9CB0bwk6J8rfzKL/7i
r3nhVXEMc2b++PiAVZpRSI6kJjOUANrQWJCanqZVJkIekJQ0gkg7cjZw+dnzz+D3nWI4dyEAUwf3
BdR2SFGHSKD9UZ3GZw/u1H6D97/sGFe2DoQQzQMXwmPsopmztbbO9fsPMutioGWoPyuWjaWkakMT
uyqUoCkSI5sGokXIV43wuhyGMDABd+HGEzfyg697HXs7V7hw8VIUI3k/Why1yFcOHj7Mn/3RH+a2
t93GoSOHY8EHSwWGEidchAy7UTAODDXVDk0yk5/b1qDhjqqaOvj8bC1srs3ZW+5edfZjpwVzQbsZ
T29vce3ZC8zN8FqbBY0RwzNieRLwnZbAuJ74BsN11yDr6wm8Tsyeh1N6Rh44efdHRfkxEiBseJW1
MrQhLslZTYx2VoLajrpNMlJ9nB7XzqNppHIbPVvOnGF5191w5UooFrI/MYbJlqCVSkHamYLuKcVV
rvTKgzedYHe+L3O0SNyCF6sUF/q+5/jhQ/QZvpuRdJ2yZ0ZvFqeuWrp+1VBidq1fT6K504ylZ0Xr
HgrMhdH04kU6jDreo7tz/vx5Ll+6wGJvoIjQzda45ugR+r6fuo4tpsnUGmfdULqYwWCBkEeVtsQ0
5mQsauBLlkCwSE/QU9D3PXW5QLsSBwZoQgYebMHSKs++cIbdbOtqUuZelWpGt9zjbV/+OpvDDm3E
QLMUb5iNEemBRWdTLYq99geRH/6RqR0tnUd1QdCPdeBrnp5Fch7BSsQdIYiWcHsuZqdgFrofMY1c
IB+wJt8mKYVp4VHdo+pc65it72fYWYIPjL1skiO0NdvJJQHQNNorXc+pV5xgt8yZaTv6Lcy1SqVH
2Nd3XHNgP3PtsiTXaHuSyu4i8CjLPK1oGQ/9dnd8b6D0HeLGcgl9X5AaSWoRCWJbYsFEcvqwSICb
XagZjhw5xJEjRxiQsWnUzMapeopSBbwOdHmyRWnz7YU8mMBB4t6qxaFT1aIRtfRzFtVykrSF9Ec7
zCKxb5SbpPRlvRSObh/i6+fPRXOqGWbTPLGhn/PA9x3njY89zoG9nYRaLOxBwmNqvq9o5D56003Y
D70hu3csgeIcuBcwx5q6szZZ3OShVCNRXz1Fqzp55s0wTmkJzIhJueo6nua5mhaOYCpOWT+A/fTb
KTdcG2ALKcozG4f/a5FE5SNTu7C2zqlXvJxFWRulz4NFctuquY2+45pDB6Mq85ocX0pEfJr4F/dT
GKxCUYaUkfT9fCpI0iA04YImOYmBtV14Fq8sASSwsEo0w1pyme04lnFOmIchqAiz0mESp0U0Ir+d
VNGaPnry1LBsowdlUadDAzrtc7z2QFT1MVqyNY708cjp+55jBw+xXpRelFlfgBgJMJhhZcZHXn4j
ZzY2gmUpbcxUeKg2YdCB4fgx/M1/jtKtjdBKPq10DgLia2rC9pSZe7hQIo43PGvsoJeE9i2TwCa7
cDL30nGwxzJdYziv8EBxpnGMQGRji+U7bqE7en0k1FqgCENiM61zpeLs7t/Pw688DhsxRNYk8qBe
+izRYWttznUHDqF1avS0ZhxJVZXJZiK81mUsWqqHzAbauMg2+IzkOlunSkEwH6h1mdxeFgtmqReP
AqPNmKhZ1MQ/8TnNU8XnlEy929/raMiqXXKz5EFMdZQNh+qljjMsxg1EGGbX5MbpgdZL4dqD2/R9
P+bRIhqaKoTaz3n01a9Eb351gMuNWmrPoeuQ665Fbnkr3sUQlKb5apOo00qobtsKujb+0KczbzzL
SIVxrnq4w2lhlGhc7CQlM81rQapAp+l6RnPzOgKXsrZB/YlbKMeOxRqKoFJQ6YMOKYXy8h/g0k+8
Cy+bLIcYO12qU9xZDrusu7DRFw5vbNIZ9MI4FcaGGJ4/DAPLZbTae7bcmw3MtB1qtASreF2GhtsG
qjevHN9PRPLAo/A8lGgIXeuiFT67+KccKjdrJ2RDh2YDaaonLEYR1UTaOwmvXcneTO2SXwySx5ZB
o3SZdwVDUsb5q56If5HGhLSDqTTmwjqslZ4j+/fTSyb++f+SVUDRnvrDb0De8DqQUL66KWihHD2K
/cTboV9H8rsgNvLBgVQlQGyy1on4WtYjjF0uwsiXxVTjJp+QMda6rfKDWaK7jbtvOswxDVaaXKMN
BslEfW2D5Tvfwuz9H2TxtaeQoQa8gFB+4PvZ/fEf5QuPfJaHT50EE5YMdLVCJo2qHdhAKRLt5oWo
evLvSxra3nJBHRa0wfktlKnq6JmCo3WG6rzmh9/AD/+ZNyAlRwURremSDbTmgSdR8lQHDd4/Wt0M
qaEMmWbeR57Zq19laJriP0UYVMCg4DknIpPsWkNOnHhlK++rR8irEMAv7eDRoIicFPS1DpxkIY5u
b/Pc+fNcWg64CgtyGJsotcwor/tBZp2y+NSjMAzYNYfg7bfBbD0wPRjB0SZCb2IDdygia12w3YlD
EGFGXJAUwrlbC7HhtdKUmhixueU4SLthVK21PvdFMjvqE/BpWSabC7K2id92C2sf+hiLL341Rv28
4dXYn3ktlDm7u7vsXb6ALwU6WNiCvvRBvahSbZlGFJhNtNTHUJEu50r18xnLRR2rRFXNk0gFlQGl
yx46o1bnkY9/nL1LV3jjm98U+ZcUYEjwtwvVa8mcx9ppXjGAY1YKpkHJlFIir0LpCmA5ZANhVnTk
A11CFN5nH2FflGFYYjqLpN8Fk5pQR4Sy6h4z4L0dxZKwS2sh8OgHMKJvYbFYMJegfg4f2I9euMKV
YcmQxdZySBlNt8bua19HKT3dlx6nvvMtDP3ULSTphUvRbPwFtBJiv3AynTvn3O1oI58zBYsdgaUM
uDU2NANsHbAxuaQRzVM7fJqfxekOzXNFKRoBMtQOiYIDtd9g+eYfo+87bPsg/urvx7uO4sLe3l54
oC4MofRriBuU0GNp6XGLGQshAykU6RhsSZEZhSRX+6khFiJkdQ7edcwkJsrEzHXDh8pnH32Exe4V
3vzWW5nPlaEu6bouKaEY9orD0mHeqBkxhuQaZSVPK+RAlGJ0dCzrIvTt7iy8hkH5EPPXEy6IEzAk
caQG0kp6xSCN1SMHiXMPm+JzpXvcE6hOaMIHo5TCelcoB5Szl3a5sHsZtxj+5iksdCn4a74f+YFX
QTdHWimMYG2is3ngcYS4UiUQgAE71+G+WxJlbRl+AMBRZktzvZkzhLfWtFyhiWHaoA5Nu5wSzOkI
E6hJaufC5iFIsdsF6TcY3vhG2geZgFpUZU1a0m/u441vfhOHD6EvpGYAACAASURBVGyPlaxXC4Gf
LXER1uc9y2UdDcjdkTIpIUQCQ2oD8l1Cg4Uqn/rEJ3j0kd+L/Mqdrz72JZbLym1vfztraxssfEln
8bwWdaBzp+8LXofQqAsUDUFgqG4rxUO6O/iAptR4JsJiWdPTG9DTq2Q3ENOQlEyMxSNERrEUlM8s
55SWEnSXtMILY7BoxQuooOXEBe0ct6DZOlEOb24gPnBxb0m1BEP7EAuiJUZopmAzIEObnmtG+XGj
pjsrdLud47tRSktiY1EtFAlwbZ5jhxhL/0qTSUTllvBEqywDa4g2+Ii3I/LbZdXiPi14gLL/b3nv
GmzbVZ0HfmPMufY+5770AozBmBAREM7LGAw2oMeFK4EEbqeSlEhXaCoVd+Luqo5dru6OO0m1k+pK
Yqcq3fGjq+12fsTthjjGTozbeiNaYDnlxGBsqptESMYRloLQA/S695yz95pzjP7xjTHXvop4CCHA
7kUVUh3ts/c+a4415xjf+L5vYOyKHspk0q9I6eg2gy52jlOnTuFlL/1jWNc1ZmNOpdbRfRlsPhUJ
5iVhh/yjU0k8FMWGkFCVEaSlyPg8OI3J7v/0vbjh/b+C7/neP4fVsX3Y5gDfctdvYW9OQQOrtYaG
le4BViA44sLUjuoVRSpmDZJfD98sKYAJjqYV7nvNlXA4zDrN3pJvHnMFJVpOKiA7wcvg6M9RSa8k
wCLFmI/IhQN665imSOQRbSFpqBBccvIkXM9is90GqyIIArG2RW2ZPhtnVk5i0Di/eGB5emkdVYU/
loMVs6UJcTRzaMwaFlFAlyCCh9HsThXo0bzd3fnOZ5gifk5gD9CQEvr47zlVy2Dos9O4H4pLL70U
n3viHE4cO46LL74Ye3XC7DG4OwA/dgEYvGah+BESpufeISWavb7kZQUFnnaXKtgm7dpobsvjTNFb
x+c/9zB++X2/hOve8XZcuF+xPncIn7eoqpj7Fq4TqjtmfzLYsgpVg8y8L6YtEt4GgJNRPTnjVeiQ
owWrOpExioJJF1zKVVGM0i/icojPAZpTgeORYqgq2qYt7s/g94GRlDmVQm6dRbVeC77p1El8/skn
udOu95YKXyxaO0ysLPKnVJqmf5kjUHvSzR+rAn0syEujP5RyryTTz04TspwNiMBzxrzlOPfH9rgT
cHll1aix8IT/F4n+ZrPFL/3LX8bhwQabzUwvUACtbbFpjnOHhzi+v4977rkHv7mdsdqb4N2wf2yN
ow3L994XRkJrW0zrPWy3FGFwLmGAqm1pybzmO1+Ll73sZTAVVCnwTqn6bAdE6Q2ANLaTzp7D3Xff
jde/+pXoM4IJMagiJA9GXxHOYwNaolkv7Gr0nBOIERwKkClaKppQaSRRBG2cuwqMkLb1gDTAnqdF
c5HtreCZ9U7rIsxYyYTN7hBMdT5AQdrL16+04pITF6CUGnlarjMrYKQHWqZHBfS5iOATLxDpEHHA
9bHaBUfiSWllNZG0GbeodDQEEOw0IGEHy0oQPhI3EUXzjsoGDxdVsrosI3+Ye4/hA3ys5nnG791z
L5544gmW0a6Ad1IxnMfu59wDuCQIyYFQwBbC4ZMersbK3ltaapcyASbotuHzKxUpnfrgBz+AV7/6
NXj1a16DooZTF16AF7/kRTjaHmJv7xjcHQ899BCOzp0FEP7zXQB1VOff4Z3BZ1ZHvkEmKeGV3ZSB
dgCC3jwmo3LopcTvUZlTMIO9xkknWKOBx+wIh+dGhukOCk8dJm0PelgkCQq2nUx+SQ9UUXYOzNh5
UEUVGsRJKYtQeWBuVPRoWUyM+T0XOrlHqhQmaQD8sQrDZ114IOSuk0Bfjz4fC9YYt+sWxLSgkCX7
MnYrKdzNxtYRN5ZzmWUxGglxRfMO6T6ov+6dcndR6MSxa5ycQDCxSoHUgt5nGIBeFKVndZm9QEdd
0VGlx05MxkjYIybw2zq22y0+9tGPYDPPeP13ficuu+wyvOKyy+iADFJW7/jgB/Gpe+4m936Hitus
ASaQgiADCsxmwAWzEhBWZ4C3qIhrZVWFiW7U0IIuM1rfokxrCEJx7o4mfKimwr5hEhjhPhx1JsGY
m837xAfeA1OsRcdODaVOwNSCGsVNYUKJOT4ePqnMtd0owrAoStT7KNzSsRHKVoqBUEswOT9bXXBX
gpYuHhhIAl3JdYhfdJa5mrgUN69gKERfB6wA2XBloj6Oz50jsgjbN0lxTkMQqGNvOoarrrgCp04c
xzRNOHtwDk8enINKhZqje8NmM2NvbwVoBVqH1hIWPrvVXniclzIS9tVqhe6Oj/zb38R9992HkAHg
33/iE+jzjNe/4fXYm/bgogR7Y1coVbDd0LrbBZiOGeyooZZVtFMCBI7dtK7D+ZmwEhHzyoFJluCi
BWlRFTVQPxFSvysULQKIlBqeGhUe/HigWyczQ0OPGVtIifxVKSrgfa4FPlNZVAOPhDrUw8dhh1Y9
MIEo5ODpwJFoAMUg3cuAQoqkftQhWu+tInqvw6BqgAmTPKSHQzRFoQwgpaACIsM4RIBgKPJqQW9m
5AbLNI3cQHNVQ+zcKEBvSIVQAqqrWvHa1/xZvPAF3wQRweceexyPfP6xkXxP04TmDYgznqpG7lQT
TxcOScq+n3v0zxaE+KKLLsJnPnM/aTJiaPOMf/eJj2Oz2eCqq65CXa14rJaJu1T0bIowEbZimI4V
Eggd6E65f0QRmhgqFgN/LR2unD4hge2VysqPboCG7g1rrdE+E2jMh6Zldt1p6hPPq7WSWWFsWGbw
uWD4WQCdz3qLQC8Fap3HKnEhlFrQzIGYuiqyxxpU4hgXpkcFnKhBzv2CCXLujgFS0UxRxO6tQL8r
s+2MdDfBdt5iXSfysJR/jNkiZs0jRryz6hlMrqj80nshdqR0hOPpmTsjojXDZuplr3glDjdH2F/v
4cSxYyiCoLUQdjBQkDH3KIeFrFMzAYyTIsx9oNhMAnh89ligqRT0zpaVG5FqC+aCOXDPJ+/CZrPB
ddddFx6eMYWjdxpkKIsZeMG2cWiniLDqtB65UoxPSZxvIoGGLaOY0SiZb3TUIqhSYSJcYCD4Wi0W
r8I75+poZ8GAojFdNpvXNijFqgrvYY0pjQVIAt0xD7KkWZs33j+VmPGzHKWiukAJWEYFwpPLgFEQ
eOe5xxaT31Uff/zwngtOHetuUiAExlzB48D7sj1KgKBAnLmC4h6s00DcXaDC/iF5UNyeCwzdla0L
ZzVovmvoRlfhv/TOdwbOxHxhG01na462nRlkUtFsy6MFjXZAiabM3NEQgkxrjlWtzIVUUco6Rtjx
SNNSyDuCRuOZfbw/uPfT+NjHPoZXv+Y1qCo4fvwkrX16o1+qFmxh2Is+oit3CJSYNNYNpVaMEbnb
hlpz6Gelqkl1tD+opPHzHkYEYdJ3jjjmvtQAcNRdgZbKh6J1St2jXNOgJEvARaY70YCnFBQAvBtm
DYmebSC6Dk5c8Ol94f0TsI3Z2N6AHvk5vSf6I488cU+9/vrr+2233XC/QF6agCV8+WBxdj69BF4h
MrjgbIQm9BAOysK8yoIoBgmf4wBUH3jgQfzS+9+Po4MNRB1TXQcNpZPjDiaaVQu2bcb2aINpWmPb
NthutyhlwjammG7mIygEm27jiMzZgnx6uduYAZe+7I/hTVedhkwTHI7jx4/j5IUXwJvDpWAqgrNP
PBlMiI6DgwMATIwJWeiYNaOqWOsK1bcscLqFuRnVNdwxLXqwUQXPDTqRgyVoYZfNvmYpvAfZzlUl
TlghQOFxqXF/TWKNBJhU6QOBGCwQfy8ww7wyeadejuFTFH1mPjosjRIaEUHrzgcIbOCLR8UZ+fOQ
qQEBcvM9JU4Mwk92//XXX98rdza5V7q/FMJGZpUC+n1TepV862zTAFk1GM3gkwajiChe8KzFb4m9
wkcffwL3338/rPc4jgpEO+bWUHXC1jtWpcKtjWQwH1cJxL6Ugq2TB6bgNm7WsDk8GJ/Fh42W31Op
+L177sHZow2ufetbIVXw+td/N77jdd+JFL2KA3d++A7c88m7oSC92SD0OhWW8r1zKGXvHdt+CPUt
m90hJdPifCimNQydyL4KdZLKfDLrHFOD9QbVCb3NqM1htBxlz1MmVDVsOqvQ7jEZI45DytJSmMZc
uCsdgBwOLwLvHXMnxUclVN6xjsmuZZ5lAxyet/SeEPQgFIRZMQiq8jSPJj56VJE+2nRw3DWOTAHu
MuFUKGJUXEyKDozTu1wpPthJISlNWtozeaw5k6+dhjZGT3C73cAM2G44WTUHZCuCs90DTfdsijuk
INgK+R5bDtR2LqS1vnCdBOM49WAGWOPRd/8f3Iubb7wJm4NNGPiHh9W0iiSUCLJrw/7+OnjjYYsZ
gOK0XmGMzXOqxXnMluBRyYJaa1mMZ22Gu2C9XvEeuWNV95hjlpgHrdzZVSNJRlpu82Ei7y3m8kTX
oYNaRCu0kqK6KjSRoqhVkaTJZMq6038i16yBegDAQLUTd/scO4dR2QMe7Ni8RENsElW/FLsLCO+G
0vFvXPH9rLCCZeUyEHQx5lTk94AcbBCN3nXi0/zgaIZWzQSTziQWOQdb7QXPu+hiXHn5FXS5299n
riQ24IGq9Es4d3CExx9/Eq1tsVpxYXQ1cYcWwVQkrB5XaK1hb28VR6/gwx++Aw/d/xlsg95x33+8
HzfcdBPOXHM1Lrrg4tBKLqYZRSpc4zuAN60UWv54IfUkm9lMq2okr04szQ0FTB+6CUohhrVaT4AX
zDYjh3s66JNQQp7PB5CUn7lveQzCybVyX9KP6L/WsJnKoe8FRoO3Mg0LbnclNGBA1Tp2KB7pBXNv
cC08dpWgNE+f6L0KxTLLNG/2fYd/7M4JxtfI747AUuiHuhshAQ/IXvN4E3BG8y7gifHUDU0ZQsrq
NjhPSV0OmhnMDIebDYMhHPNe9/rXYl0K2x1O1XIzQ1VOZK2qePCRR/Hw408igATkkCVxVo1VCyyo
G1ml5Ki19Xo/HGBoL14cePThh3DbTTfj2rd/D/ZPnUAVRdvB2MQVR0dH0awNk5B4es3Y0zMANXSE
2+0hVnWPJMmJAyndyUZAWAtwTLED1oCyjsq6oyhTjVXrOPKACyJnMpuxKuThz7aluSyYbnA96OPQ
PFpCAkxllXg/yYMOUBEZJGVrEC3oRtV4GbtjBG3jOic9XePzzDEeKI+/S1AgFkOpFuHrh3KTwelr
r70X6p8uXqFagv3JyE17m6xMxs2XRagoFtJwRCB5BuCCbxmEJhvzDI3StZTCuXpIwUYeweR6lVIG
7kRAtgClhp1iAJdSWT25LOzKGFqwTW/SeAjSrVBE8MRjj+LX3v+reOzhh5FiBnL00+IndZSK48f3
A++KLgIcIhMANpJThCHRCGY1DXiN5Q8Ou5sgHQ5HQgyB9QbR7fAyzUKHFaCgK9tU4tGvHTMKF9Ay
dy+AOXkRyuFU+sDxiiigJe4b/bAUvC/kydgotHIq2DiNPJveSeY8P3+O9f706dPX3jsCCwB6Z6Tl
tpb/LKaDV5UBlVbZOfaERmw6Gspl5wslXJE3tvc8DnkDBzEPARbazvkdTeruDY4ZRZwsAG87Nxbj
RvHGLN8z5xHmd0wxQ3bizz75OH7nd34Hvc/wRnGEADHurpC8phjfFxH+gyoTezH5XgLfeQ0peays
SlHmjs45N2IsbpKPr6UCM9XYOQhUopNQxDFB+ffWVPUIYB505Xaexxi9sQhbVYl5jClZj4e3I1tq
ilVd+pvujnmew2hkB4qInBmINt9Onp3VnDhQZImh8Qop8iEuyBKJuQV659bectGd/cOlArMw/e+k
vXRHa4GBBai6BHAfYodpmpYvYIBjHmCsRBGQAZ0yKQ0Z19YcioUakt+XEi+qTBSC1arixKmTuPCS
i3HRJRfjBS/8Zuytj8XO4NxNOhdmnkMdI0LyXuJQLrQLipxupRLDwHd7dICWYCYIg6y1NhwMkwc2
WCCytJq8G6bIsVAqckZjQgL5uamSUgVK9UWXELtHgcQ623j40/OCP13IlxIY5dyXHU0hId7wsRnk
POvuCUoDCHYKgCFsZlD2EVjDNbl3/RC0B2UjxaDBqWaGEcl4+LknHZb/iipObEMIP0xpvho/EpAL
NM9ziABSUiU7vJ6y3KjU2vkCdSCQYahikg4pq2E1VKLN5B6VrHHHuvLKK7EJNulUCube8a/v/DDu
/uS/Rw8xJunGwN7eHpJqvd2mKkaxjvmF7kKcy4HuTJjNBasV+eAt5PcElBtSWdmdBYaIwFcKLwFT
bAXdCki+CB6WI/IyHbbZLgZ07oCQQnGqpECCEETNMSY7KKhB0TVU1LHL8oh3QEvI6jFSmpxua0av
VrhHEZVQAosyBlIOvIpOhypUn2bHuvbaa+81s0/zRqRRvrCHFc671pfjDyojUtNPILMlEvhy2iif
Ig8E191hTkru+th6JNkeySBzpQAKsRzBeewZos1jjrltdoqE5cjN1zNfKFhPZDXMnuxIfvdVXY/p
qSn1opNN0KFFhiMguYnp6cAdw2PsB8mGfexEkokuQEZo5Ct9dYjpBYdYvXDG+gUb6LqghrXSfjsi
ruQW4onFEjPzR8IQElJ9BaQN9msR50Bxi4CL+EqhK8KiUgL74/NZF56WCBH8OFozOIYRXBwNnB2Z
FbAHbumAY+RX5wVWhN/7l5zIzhOqVikj8Tdr47lYOuLENHYtBccR6MuQpdYailY66QWqm69L8C07
AEz+Wa9Mhf0yJqQ+cqjdy33JeRA3xYCYSMrX14lHlHdD7zNq1chlNNo1ySOzYDIElVkWrvx6qsF6
IL8slcMyWlT05cpRvgCxremiAtQZM2boqmD1/AbHFm4KK33Qf90JMeS/i0cHZOeIK1I5Ya0WaICX
OaAzsa8MpJEmoIx12V03khH7ecd6vo+oj9eGAIj3VpZ/Z36M9++uxXkro6o/t2jl4wY5edIpF2ec
JBuBFQKHDmBUPANmkOgPxZdsWCbGA4rVao9THEYOZqPpS5FlHIcdmPsWW/Bpap2ug24y3q+Z0fKx
G9warM2QZpjneXwvcaDN4WNqwdZoDd1JMU66jcaRq7WiuC1T7sGcqPeOLjV2pRq0FJaBvTfKqIJu
k/kPtDNIESazZsT3wguyBErvTppyO69giPseravRV4w8jicCd6IEiB0diMDOWdTq2dTnvZZ4qCfo
Dh5V0Lwvk0OcDxlz6Ay0nfVdmIE/t/tdz5tXeM01b//dD9zya58E5JUpSzdhLpUWzOTpxB+6U26q
ctBQ+ri7OiTKXiibzmYNR4fbMGxlblNzRrMQzHvy3Fk8/OBDUA2JlBk+++DDePTxczDfRm9PMG82
Y8c6ODhA+hVsNodE5ucZ64k52Ou/+3I873kXI6kmyUaQOCrNgDlFoR1QUZQywd05pKrSNXmzOcTc
DSaVdGMopAClR2VUBfBC5oYs4g64oc+APlEx7XXuPubwc4q+FYh0CHqocOjjZX05DboaVrED8qG2
0E9mXkp1TVKitUxIMW5zsk3dsdiOM2bgRj2le4uiY0HYRVODQOcwBxktxbihpGrbRKDAx0+fvuZ3
v2BgMVrwL4ri7zLd9mBSJgiK0ViVnaDKnclDuuSwkG5wEDk5XVTrzvNMXCnyttxQxRUPfPZB/K8/
/TM4OjqAONkBLmRCFrB6atZ34BAZT2lHR5UVrM3j6Z0qn+j9/eM4ffp0JNE+MCEDue81UPe2nekQ
4zKqV2gg77KoewQAfIJ1hUiou7tBZIYIK2uL3qmZoDpQvOLwwQqfgelYQbeC7SMF632O2S3zDO9A
mVZMwoWb2jRxINYmXG/giz+rB4+rWJwL6igeol3nTJ+8T+KpMVhyquJlGJioO8qO05BFMCwbh8DI
wY78TKGdkdFFztutnjawZJKfR8eP8PtESAUavFulceI8Rv5EjhurmR7jTxAeptiBJnpSRVywXq9j
p1kDcBwdHaKsCnQbSWUHRCrQGyvRUuAVIS5tRNin9XiyRQS63guAk8YY03qFy77t21A1uwIcbCSu
kOI7SfYCB6j3cfz1HeGHOxNcEUNDw74qZy0DqBM5X+IKwwxFB3RFAiWABh6Lm89W2FRQXCHagf14
MPt24VF57CgxNEFRUApCcV2Q5oFmM+VygVdR0MGHtSh57JbQAVhASaYmjiBdOqACN3Kv3J4y0XY5
ngZ2aG0LmTjqWOBeSnvvlwysM2fe8fsfuPXXft3Fr+TQw8VNbuRLugBo+fO07k4OT+ZZNGorSI11
KmRoXi+xG7Fsfcm3vhj/zV//fjz++BNYrVYQrXB0PPjQI8xruqOsCmxumNb7S9KvyWSkLnB2moOY
IMh5wbR0h/WOqew2UjPhLVHploBWqOSGOzlf4Sk/Hgw1OLhDqRZsW4+xdqkGB2jDw14cvGFaFcIg
CD/VfYUJK2T6y88BehogDu8GLQUOgUZ1NmjjReFhIdX6FnU1AcYeLudNBybVaStQlKuZVX2LRn/R
dG8EEJ0G7QCmaO15R/eUnPHerFYrjjsxQFB+/fIrrnn4SwYWo1R/Du5XNk+raEYuFc2g6QZfOBDZ
xKIA8LwOgrug0gMzymbSi7OCLEhmoseXf/4LLsEll1xCfSAij9OKg4MDNHBmTgFZpANVz5ZQdu6F
0vM5DFhRALdCSZkZ+VU72z6i5DYLb7XISRscq1Kwt5rYNQDzOlGHlArEA0OlNmm/PBoLqOiZoZMi
mIAQ7ajHBdoayl6BrLLFAnhpqBq3VIlXyeB/OaREcAeUkTnzVJQN9s6uw6QVM9rSwwOYz0V1lwVR
QjwaR6OJcA6RcIj72rNfvBMYwkzLPIeMCtz7zz1dDOnT/fDEiXO/KO6f4Y6Qpy0jl+/PL7g7lWrY
rLnkfVxgCAfSUjGrPncS87IvmWrp1DR29zEdI8FRiYqGXPTl/XunEnq7bdg2sjx75+5kZkz43TH3
DhNDXYVHVNJBBoblVCELdw8PWCUX201Ha0oDHdcyBcRB/AsWmFu0Vsbw7iAANmnA2iHaQgvZ0ZsB
LVTVnRQl5pcYwZVGdkTzA5gO6kwNynSRnIGdD0ob0E8P/hvXw8f4GQPReTG68tHFOXbMuL9VF7KU
OoL5qwDwQF2f+MWni6Gn3bHe8IbrDz9w840/5e4/yih1pNOoSDQgI5q7BNOR1huIDYLcIiC841nC
A41WQsJAK0JWpqgCnWyG//jZz+CRhz6H7XaL7XaLZh2f+exDOHfuHFoEDQlsfcdpjz/fbhfP0rl3
iHesVnt4y+k34/nf/ELuuJq7pmPuC/DKu5ZgYuQyg0u2cKIknlSSAAz0hOXfwIGh4Zneo3dpG4Kw
aiHFKqQmZ68UPA32EhIRMjV6d+5gzHzgTaAFmMqahnFxXI/8EtHdiJ04HMuRrjrLLOdw4lEBvCFW
KwqTNnZD5s2C7rQsd3DgZrbzHAI4fvINb3jD4ZcdWACw6f6/71X5myblIgBB1wiJk4TvJ5hcm3sU
jdHhN4+bl3ydoLj0jt48RBlMONV5VIg47rr7bvz8//leMiC0YrYN/7stlZ/GawFywcwMq+Joof5F
+KLOblDr2Gw2+OSnfg/Pf9ELANCBzwzYNqqDjp04gRx0wIllFHi21tAgWDthCHcuRGs8+kRXg0Wp
SudOmMOUWgAzoKvRjMSpoUzaCUMSLHxyRk4jHcdTtazKZnvhYIcGDfKjB99q5udHgk7vroqNNQCG
6nTcoXCDvvaKBhcyRvhdBAiop5mhSAlKFkFdNx6Hy9Q1PphgwfNYQ/2ZLxQ/XzCw3vGOdzx6+y03
/SzgPxzcQpQ443bP+DwWE+rvFrq+KNshHqAdiWD0pKKXOEl7ibADaA37e6uo0BTSwzxtFZgSBOpU
pIgIJimokwLdsF5P6D2tARwoilVRnDhxIb7jO76DMvHsWwYKb27YHh3w8wuXu7vtWF/vcs74PXvv
qIU+UOlu4wCN9LXCrcPd0Awo3HIwWm35tEfbSgFoTV0i4H1GmdZIc35HgXmB9RkkZmRqwu+zgM0A
VElx1qXfahZTKxwh1TfAelSHAP1jYwSwWXQO6IKDYEFU1rfRi/XxHczlJ06fPv3YMw4sADCdf1JE
f8BM9nljOnEUSGApBYH1Id0uR3sDnNWiFk9nUfiWC5MjyLKMr6Ds7LLLXoG/9n3/JVqjyiWHDD34
0CM4PDxEWU0ktjWauZoK1iX8qjJplphGJVmHgk+4NybasdAKHknZY9QoHnJ6e+8zq0gFDo62JBIW
UoiIvBPn0lrh8ww3JsNsrFvkRsTxfKuoa86ssfCrx3DBCSp2owFbc0TL31G10uedwBgPIFd0mceR
qapQk7Eb+siN2BiW7uFLEV0RowUS2bqsUBNkNY8AiqQ/3Q4lnfckxy7roWH68S8WO180sK655ns/
c9stN/6sw36wCFW99FuPGnCwTZWDjBIwdQsQlLsVz+ok8wkHajrnImuwINQZAN/yom/iwnpKygwH
hzPW6/0RKDVK765gOwJYnnKXzABYIJSClj5R1oAIHA194QJ/JOLM142mNAJv8xj5NvhdHLSdRiQG
3vQadA5u1o5aKqxotEMMzR3Fa7ByETDNxLzKFCghZxOEaCHEq1oJJZjBtWBlBYYGc0GN3aQJcmoD
0wuwaoQZqlBIkTysI+tYQQYATsqTQpVOiVyr8y/agzoE+Nkvtlt9ycACgGbyD6aifxXwk2NAtbA8
LYHkkb7qYVDbRsBlE7kPV2LDZt5CC2AaQkcPFoMya7POJne+3sxweHiIg4MDyFTRjjZwEVhr2Mwz
U213TkEVgW03mLujzzPzKDO8/BWXYe/YmrtUCCTyOK+1EiAcrAgyTmutMNDBZW9VMZWKHma5cOXQ
zKDnSME4tkU1EnumuHPnAKVGncKw3aRuJfJF5wZmvoVhbxiD9HTOAwBrQO+wquxgZLXunHpbgvc/
obIyDeVSDY4aoZekfveh8aRQhOJaFdo7AWuM4fGBm1nAAYDCWAAAGVxJREFUTc3sScjq73+puPmS
gXXdddc9fOutv/YP1eRHU0qfc/0gEs1JPiViWXYvjMScw1PBAFSEGf60wnpa8biJ/OyRRz6P/+M9
/xznzh0GLNFxNG+BbihlwmaeY1UMvTGvKzph08JFBtwtVeugKZsZjo6O8Lrvft1woMtWkexMg+2g
FrFI7AzAOF6Ojo4AD7MTpEseLfi1FmgP52A1oHeUaSJWVguB2m7EsxA+VegwC58JkCE71YpSNHxF
K3WFQQHOarxUQZsdupKo0xsV2FHFTkGvgXlIzjQYnwvrI4mMADiyxmn0ZmHIlvAGhh4xL65tEf2R
K06ffuRZBxYA9F7+iYr9FxD/NvYaFJAOMw3uVO5OhB3Yw8MQshKHZpJPNYqiuiDpn1IK3GZ89KO/
jc89/AgOZ0MRmvW7MeFVZUUj7uRxA5hkhW3fUviqE1rbRt6TO5CgrFe45PnPH41uOGJCqQLhlUUi
Ygkby6hg5yAPSh7ZGqPu+LeudKJ3hHcU5Sxr9ODxQzFNtBSXznwJ2qFgc5itE6Ls3Sg0yQnz1Smu
8O0WJYsb4XQN2kTZuAcGQLyNvKrCYYWtKnTuQOz3AlP4SqSkrKqgNYMWg7lgr+y0xUqmLfx//hwQ
kbseeOjRn/pyYubLCqzrrrtuc/stN/63LrhZAzoAosICwis0goSkKhrPejJOM/fyMQ1iSTaFVBc4
/syf+pN44MHPYrMlga1UwbQ6FsxIjvtQGPb2VjAjzaWuK4+t2XDsxAlADOs6wVCx3iuATDi+v8d8
z535YQ9EXglZULThkKIwmQnmKmk+CYuYGVrkcKKOLRTHdQ3oDEOlVH8SSFV4m6HTGrbp0D3qAKUW
qDHPUpmgxVHqChJKZ1nv49Sx4zBhEF9wbJ/ft5aRRLsA62kF6x114ujh1cRiptaKSSTYa7E+iXFp
5Xg/W1o3dSDu2MkvLYQYi2YBMDJIVYFuP3T99dcvhK1nG1gAcOZtb7/l1ltv+FUHvpd+aQL0FDem
siMb1EFvlTS0Z/vdGrddwCCr9RjgzadB8aKXvAh/5d3vHrTb4o6tGT51333o2w4vHLdbtQzlrjl7
Y6WStwUgdjhK2FUqK0jfxr6p7EMWLtaxvT3mUNOE1WrFY9FIqHveqVMcgnR4yF0aJPm94HnPw8kL
/yzK4ROQySHTCR6ZxTHZPvqexjwhRZE99MngYO8TpcH7Gr0yr0yeuaHgRVqWGx4YVxENJ+dk6ya+
FEd1Tkj1RfmXdp9wCfflcA9zPkiT1miHRKoS+eWYjAYgBy6VPHHcfvVNp8/c8uXGy5cdWACg6j/g
Jm+D+NoteVrBGQry2ZgbA4KEIn3sWA0edBR+7Hp/b/CpLTuN4gOMJcFUcMkFp1idFx3OwVom+hkI
HWNElubz8MfyRY0iEhTp3vHxkycx2wz0hlOnTuGl3/piKAQXnDwVIHDFyZMn8aIXPB8PPPQgPvnJ
T46WVO8dF526EOt6ETzPPzGYFEzMcjFJJMWRP6o4e4JB8ZFVHDLCnqIlvRfL7uGBmmfFnQlFBhOy
cwF2N6ChCoq/e/HUeOoaLgBt3OJxyfDEWijngMNdNib9bzyTWHlGgXX11d/zBx+87aYfN7Mftlg0
3pDwWI9kmXmXBK0C4w8BgN4d8zZ2EuzgLwEtEIS0EQi9Ofb29rA5mtl7c8HRdoPNwTkUnbBtM86d
O0e3lN7QtjM2mw3Onj07Kr8r3vgGnDx5kk9j4UKTjlxwdHQEhWIqUSG6QkvH0XaDDsNv/pvfwkc/
8hEILDxJqd3qMkUaoIFJs6XDkcJhohY7uT/lYclcphunfOQ+lURKdQmbSaLcT70cNiaI8IOoRdjt
Fyv48yoxFCFB7FiLJGBDPPzpBejE4M6nfCtM/MeuvPKt9z2TWHlGgQUAn3vs7I9ceMGx05OU1+Uf
SS52PGmS6DfJbh2LDpFyJao+MgglGt3uwKf+w3/Av/iF92G73Q7iRBMHug2WZ8qWctD2StbYWicb
orEV1D254Qzuk8dP4PQVb4xkl5Ml0A0CWgAl0YHsUkISrdkATbONgug1brYz6mqCR1D46PNJ7Lgy
Fo8/y3vDz8md1CP8WFiw+VwCw5qgaAiCnVn8Mol27EWGU8wudyqqvtzJaBQUFOT4PQ1yQKqgAAzz
j7Gre4eickA88JHjxy/6B880Tp5xYF1//fXbm2+++Z1V/XccuBDCpC+dYDz2qO5JeVnsIgd5HwBg
ZBFE/0scuPPOO/Hk2ccp81biKw2CYnG8CpuoHc6RJ27o1hIlQ62VYzqE4gtxwgGvvOxPAGBX3h2D
6OfK3/EY+ZIBC4TJBwynTp3Cxc+7BEUnrNdrHDt2DOs1yYXpaZ8MAmKvujwwETA5MWLnEOJD4xh4
UqLehGg8QMvzPfEpywvyX7RuUgmVD2+eIrQ6ihaMxw6VLRnx8IuNz0ZOpiXIG+gyxP2x2dv1b3rt
a+fnPLAASsU+dNvNf3WG/SuIoYTZvYjGFu2jo0UHFLorm/lw3i1SB//cjYj8d33Xd2EqFZttwzRN
OHZ8D6tpj/P91mucPHU8GBGCY3vHUYtgtVoNkFNVsR+LXsoK66JY76+hdSJgK0ALMzcGQlBJpIdO
UJFj1Np2A4HizVdcjrdc8SZ4BB79HJZkehwrHuPf3MeghLDoQikhpeosownqckfEU3qYEND8bifX
oZayRHssieLjMEOR1Bbwv2vgjUl4ymAHEBQhgrv5MJXsdMTLEZ0EuPyV029eJF3P5PqKAgsArrrm
2l+57ZYbfwIiP2hK/wbXdFDmti1Bs0gHm9Ya6JneoWUKGkrQZhV41WV/Ape9/OWjSUxzEIV1R6kL
RJFHA7V1PgYPpPEYF7jAQ0vnUdmkZL+Ugu4tdkLK+6n0SQ9ODIg8G+qjcsKSIw2qtghyLBXdAW10
Hko5vzGSyhbFIoljVt557KtGoh5Thjy/L2GdEkciB0ol/zZBzXDcG3BBBKct98c0P5vfQ6KfS6ZK
qC4ACPQnLn/zmV/9SuPjaYl+X+712BPn/iZEP4EY4p0VCKdhcIrnMsMwGIudT715G5WWxz/FaJKW
jexoIQSCzO2beYMO04+52zAlmzuwNf7zcDvjaNuxbX7+l9Zl7Ek2lAFWW7XWkcCfO3cuxANsFHsE
WxE/L7kV4+5hRkZDHjcu5MFnQA5nPDCOutEkNj87Je488hCvtSUQHVAkaq5s/kcvw7A0jkfeBBp+
ZP6Y75O9zPyZx3fO9zdxaJGP7J+88L//SuMCeBY7FsB865Zb/q93QspvieBY/pwtH0NaTYsH7DWz
4evGgUijoRsavc1mi8efOIvNZoPWt7AOHBwdcvoXBE888QQA4HBzAO/A0XbG0cEhDjcH2Gw2SPmX
uGJuhjYf4iUv/VZc/xf+PPZWU+yC9DYlomyYpoLNPOPO3/hN/NuPfHRQbyi7T7k8/67uoMX1zuOY
Il7mgAiacnCMfVk82wkSSujZHM8q0YCo7pB7VegBFjQ6WaMQYk5uNGtTIyZG9oZHlToqBR69knZK
jqwfPR5tqumHJ+lj2769/o1fQV61ez2rwAKAt73tP/vE7bfe+E6I/Iq4Vxq0BaMBwFD3ANhu57gx
wXsK8aYbg+Sf/PhP4omzT0JEsG08BmmnFDBGDDxcaYhGnQMJcs5P0kXYOnFAHYd3HzFZD38FhaBW
ApMwBI2542O/+3E8+rlHQLqJYG9v7zxavEh4r+OpSmIOMJHYbWqt3OkyYZFAzZWU5yiC0SUZF3F/
dhThDh57gsXHAgC6UGkUd5h/D5Wlo2hSYBynyIfASCmWIPFJEPwMgYEtBvytSPnLV1519b3PNi6e
dWABwJm3vv2G22678d3F5T2iHK2Upa9ARnB5THtwsWiVREMYgnNPPrFI372hBktSqkBMMU05j5AJ
/6pOkKJDbl8L+2qsDAtWEzVz3/6n/wyOHdsf3zV9nXII0/CEsBbgKoNyezTTtz0uPukL22DkeYX6
R0QfMuEXlQndOEYOirFbMC9bcCTCDgRAW/pe5f88h3sCCU6oBMaVKDxs8KUyoc9pbb7sW4Bw8JaA
Y4+zI+JJt4C2bv1dV54+c9NXIya+KoEFANdc8/Zf+OBtN17gjp/O5LFKQg+8oXMn7XYlE2pWZsZJ
CxdddAH+/F/4c3jsscegUa3sH2dpv7/ewzRNqCuKL1QL9vbW6N2wN63Qd/pZiR0ZsNMFQFQ7nIYR
0w9IlxGKBV75ipfj8MUvohnuNOHSSy+NnSR2gWTD7kAmnPARxhhD3ZNpeaLczMna3INRKtnQZcKo
pF5zfSMwhO2wnkg9AAl6M4AwQVt2TcZuHtkJa6QohcQ+M461sTAdCTghd1oDyruuPH3maYURX8n1
VQssAHjLNW//mQ/eevOFKPKjPSsyd2RSYubkHUXyLCLokaRImfAnX/UqVlujvRGDCaLfRVYqCWkW
bEb21ObYSZbkJ9HspJwkGDmCTTzMfBkA33vdO+J1wdXPqaaCGAQp0aLygIcWxBwIlALGiQ0OhD5q
9OxGwj8wKh8PVgYE/zv/MTAngKAwCjnv7IRCgeH/Stp3JN/xJupE0REnhkcg58lBNZVCXSDAf/XG
q05/1YIKeJZV4dNdb3nrtT/msH/kJrRGxIL5zPN8nt8Vjx0MXGhXgIrc0UAAFeAxk+858p8hYypY
3F74E/FUBi/fIZ9ilRrjSCSmksWkMyR1RAZ/KyFzBjc9O3d3rvzchD/GawM2cXfUshuGy/fJr2zn
VdDMFDOdSNIggFBqLw3pXQdE8npJr9aSGNVO7pV/RwBnpN/gb73xqrf80y+6qF/B9VUPLAA4c+a6
/6GK/o8sY/lU9G5LaS/ZKF4WMkE6JvayvO6pO5E40l4awMB3uAg2jlFgsbjM6VjEEH38TMHjuYO2
1sQ3ZeQ2fB8ueD4QkEjVZeehGYKRMAHRBWbIxdT4PAzd5E5wBWSRDX2+72LQsXRaMb7DIO2N+7KD
ridFZsAfidzvvAV38b/7hivf8mNf4TJ/0es5CSwAOH31tX8fIn9dOFKU+Yctfks8khDDiSLRdw+P
VfYOPSaAJlrvIQa1OA5amtXGodTg6IFttbmjGWdAzb3h3OERzh0e4ezhFgcHB4G4J6UkqiPr5/Xz
csfMoVOihh0IiwCnnQ+YPvXqoAVQh2GORWcQ+3m/5zvBo4Fb8UPO50yVqBQHUAsdA5lYYIzDcOyA
uyJhAQDx7vDvu+Kqa/6nZ7vOX+j6quZYT72uvvq6f3rH7Tc+YMAvw2VNpxmg9Y65U1SKWQFsAVe0
eebsv9nQQpA6zzPm3mBzw9Fmg974z4ODA2zmhnNPngVA2fzZg3PL72wodp07efebzYai1mbYzkfM
Ubrj6OhoqV6FHHePeUBAHiEARILKUmDSIZ3Koqx6AQQzAdmOw3Ja7yBHkQ+VUtCboday4EqRV3ES
hkWexAeswTFJMiUY8Hx9Bifi+8r4XMBjcCjG+wtwUFz+4ndfdebm52LN83pOAwsATp95+w23337L
tYD/q9a3F7bWUFHwxNkn8VP/28+idXLa3R1Hjb4OivOZDLNR6FoDVN20DSYtFF+aQXwGrADaYaKo
UYl1o8uLhtZxoat0QCdMQFh76xgJx4SdnlnDOyGHLykhgbTCVC/nAajcFUD4ChKvUQ430BJmKgub
k1Xi0rMbYSrZB3a4hAW2pP1juN6IDDDBs5UExHvxn2pE5IuwoS4ij3vvZ7779DUffa7X/TkPLAA4
c+Ztd3zgAzdesd1ubxTgJQpB3xzhwQePUCdAO3242OqRmCCmQfVwzMPXvKPPEo1cQW8zx97F1FV2
T+nQAgSo6Y5SQomDBjiwN60wlRUAwwUXnESXBvEKYKd8FwbJU483dxvwQOYtntjYgClDGRiNeQBI
SVbyx/leBHwVCJUzlm0uLMHD6R4ALZaKy2gFpa+8RY9wSFk7tYD5ehBiux9N3vamN1/ziedijZ96
/adJwXN4/e2//YPfdPsH7/z51uWazKuSCdAgqNgZdWach1OVmrtpImO0FtKKiyiOH9tDmSr218eg
U8WJfeJdJ06cwnpdUVcrHNvbwzStsF6vMU0VtU5YrSaIKNbrFVZlQt0rKEZmg0LIg0KKTyW8tbLh
HEeZOKyz+mreUKUyMQf/hEUdLug+EyLQ9GsIUNSBtJXuO9XxoB5jAOcDhhm0Y9joSCQ9WeE8ysEK
dTaqgAx226rJu7/rzJkHv1Zr/TUNrPzM7//+v/ZDbZ5/7HkvuGQ6vn8MpRSs9/cwlYr948fIP5eC
srciLUaDH+XANNXBd5rK4i53XiKciazQSpxj3lKyVYZhHDElHa0OLzpYAEjAMxKmtEfMyxFUFs+h
oDvTGnQXTlh2k0I2JtQLtNCFWovsHHlxgwixxymZB10fopXdibb/SfUpQtsorTDvsyj+zhsvP/OP
JTGbr9H19QgsAMCtt97wmgr5RQguzd1LXcZEkJr0GCVACiQ2lDsJQUILBfaiLOGTvJhLZBsmaXYc
9p3TZAE+6W0H71l2Gwz7gKKV+Y8DUuhUI7Jj3zQCIABRYRdxDGQKwWpXG0MQMnAAHueIFCAhiYQO
+L0WBkOCw+dhaSKDyB5zwz5lpu+8/M1v/u2v+uJ9GddzBjd8qeutb33Hb+vq2LcDeA8AaEGAenkU
NuQ8n8F9An3XjWdN4EkLxTbtHEerQ/J3abHU0cdxY9FREaHoQ+Nm7JbmDonKj67RHug6mZb8O3Zh
glH+I/t0uyBnbJI7eL0n4wGZ+C/HoIMcocEDG/meDXgh70si+C4ciimQ92y9fPvXK6iAr+OOtXvd
dtsN7wLsp4vhBJRs1BrHW3dQgwcOxBZZ5lJnTw2gnY8UChEyD3LMUCdSnoMA6CPhQaBc8DENY0/D
zoJhh0gIxG55Pl61++9JTMydSKFw6aPRLeMolDHoSOAYpmnI49Hp/S4xUm48BIl3BRVcSaVOE3+F
n4Xrf/3G02fe87Vauy90fd12rN3rmmve8Z7W6ouh8j8DaGWnZVIEY9sPsVPMQNxpd/TkekfbJwKh
ylL07s7zUWBxHhYev5xTzXxNsRy5+Xp2CSKJ39nVhteqs8nb0UfVxpEwOva0/F4SAKntIPZp77TL
uMDO7wG7O5wi9YBh+90A/1/KQXvxN0JQAd8gO9budfvtN32bdv8piL45E5PMKRJTBugxgPBC776M
VdtFtAEg6bfi5DMVkOFQRnW1oNiVo1yH6lgkUG9bjhznpISdHh+RclEb/DApy4PgQXsZifkOQu9O
wl8OOsr38nB4Bs7PrfJvyd8lDVv/bxP8jSuuOPPvntOFeYbXN1xg5XX7rTf9ZYH/Yy36Qk4lXRak
IIdIYRxt3C1slOeaixCLbtGPAyKHMTBll4UHsbtTMFfqMC3IaRAA2bCpbMnqLT+DVwyUEyBZmQZg
EkU3VoH5fQnGZq8wgzm48OioHsLb+FrJy4rve5+b/tAVb776Xz5ni/Asrm+Io/DprjNvve69DfXl
s/l/J14+i3Dq7c2HvyYQye5Ogpw4EZALG0dJNraVZhp9LBAv21lUKpB3jq5IogeeNKrTXRsDpv8M
POw0wxczM1JcaCwC2enrKYb+j+mZI+0zG3wUMewTyn3e8QMHG7zqGzWogG/gHWv3uuOOO/YwH3xf
9/7DKtNLhkeEL5RbCdDAEGas4uEBgfPK+t0KkvlOTEWVhQeWuwJ3EE7EkLAYqpBh8mbBKM1xeDBW
ku4cx8dYNsCj9aS7BYCP32NfcWYrKWAUN6CoYPbwU/D++y7lH+0fv/CfvfZZ8tG/FtcfisDK66Mf
/eh07rHPvdu9/S1zvbQj/CLKUsHlRUiReU5WZy1ghSIhqI0qMSsuG/BGUHcDMoDHLCDxBf8yR5OO
6gwsF4tEfUHHBzwgZZjRLsl5+HjtBDNH8IVPqcV7AHdB5UcfePDR9365Ti/fCNcfqsDK633ve1+5
+OITf0ms/B2BvSqFCOcl7UC0WHwnR4nAABXWIky22ailggdABFbF7D6Ictl2odMzMBBPIEmiSHEF
IjdicEWBYDbMUHLXSvNcl6V9w4DucCsfd/g/vOLX//Uvy9/7e08hZH3jX38oA2v3uvOGGy7arvUv
FtV3dffLi4hky8dFITHyQzLJjyqyiNHDfOcOLAIJJuQLlh4ytuzhhT+pYMcOKBTUY0CoARI+WzlH
MS0pRYjcT0WjN+lQwFX0Trf+Xlkd/4U3velNT3797uqzv/7QB9bu9eFbb31JL/0/d8e7BPanXSqG
x2kAiYng0wmPHuq74tDzgqC3AB87R5yAu1ICoblTDdpz5HZANo35ng0y5g8R6W8QmTIH/H9E8V6D
//Nn6ujyjXz9kQqs3euOO276FpvlcityuZi9qbj9KReVxL0UC2LNnSyM3CwoOQKUaOOIRxIfzevZ
GqYYiKmaBYGykS1L5ejeUaSiBe6mDi+u/6+J/4YDv2Fiv3769HX3f73v1XNx/ZENrKdeH/jABy6o
Ypc7+uvM8Yoi8nJALnW3C7PEX/y+stGbTIPAujLK4mpmmApHieTOlt0AhTwG8U85yqfg9kmH/FZz
vfPqq69+/Gv9t389rv/fBNYXuu6441cuNNt/BbpfqqJ/HJif100uRpGLCuQid79YRC4SkW8OJt0D
EDwq8Eeb4/MF9qh7+bxWecSt/X6HfUr1xN1fygf9j/r1/wEsCArW17OyPAAAAABJRU5ErkJggg==

READY FOR QUERY
EXECUTE
DocTable
CREATE TABLE myDoc3 (
    `ID` int(11) NOT NULL PRIMARY KEY AUTO_INCREMENT,
    `docType` int(11) NOT NULL,
    `expDate` text DEFAULT NULL,
    `titolare` text NOT NULL,
    `remember` int(11) DEFAULT NULL
  )ENGINE=InnoDB DEFAULT CHARSET=utf8mb4
DOC created
PIC created
************** END Log For Day : '2020-06-11 02:07:02pm'**********
************** Start Log For Day : '2020-06-11 02:08:05pm'**********
DB CONNECT
POSTED DATA:
User
test
iVBORw0KGgoAAAANSUhEUgAAAJYAAACWCAYAAAA8AXHiAAAABHNCSVQICAgIfAhkiAAAIABJREFU
eJzkvWmwZNdx3/nLPLeq3uvtdWNrbBRAgCJBgpBkmZJIiuAmU5TkRaQpUpREWdY4vMZ4Rl884Vls
0xEz88UzY48dE+OY8SKPREu2ZErigoUAukGsJEFJEAFwhShiIUBARKMbDfR7r+qezPmQec6tB9Jj
gLs8FYHoRnUtt+7Jk/nPf/4zj/D/48cfXH/9/mc2hyuryMsHmb+82vKlRcrhKrI5uG2MyiaumwIb
7n7QxcD1tIrsqLMtItuVuqPONuInQT7lLvfici/DcM+rX/3q7W/3b/x2PeTbfQHfqsdtt912sNbl
1aryKnH/Uwgvd+eSgmAC6orZiAwzzB3BABAR1MHdMS24O0PeNnfHJF43qOAGIoXRR0QEET5vyD3F
uKcKd0K59TWvec3pb9tN+BY+/rM1rBtuuGFrsZA3qOprq/nrlPK96lZcBXfvrxOJW6CuiDg1b4mI
99epx+sqgsj0fpH4syBU4vWDDIy+QkRRnNGVAU/jpbrI3YLfYmYfXuzWm1/xpjed+lbel2/V4z8b
w7rjjuvOGsfhjai+Fud14lzlguiad3EXSgnDMBzxdcOKv5voVxiOOlgRvNqaYWl4JauoKiZOvE0B
A+JzShHUnJVbfI6EIZpXXMRBP4HbLQYfHobl8Ve/+sdOfMtv3jfh8SfesG699dYjldXPiMm7VOxV
7rGwRcAQYqGhLTYaBmWk8TgMopiQRjN5JGf9BkXIQwVxwAdcrIfFFhJBEXOKKEtfMYjiLv3fzcI4
C8LocU0ijoZR3in4r4xSfv3qq69+8pt2074Fjz+RhnXfff9+/tgTR/78YPoupfyESZ27hJG0Rzgi
wTzCl2AgpWMnw1HCiFSb8TlQ8u9pKFLAK+pQ8e7hzOMzVbV7sXhN/H2GYtQeQsG6l2xhdz0kNwOr
OEVkKeLXuPuvHDry5Q9ceeU7lt+0m/lNevyJMqzjx49viIy/KCp/x50XKgUzA00jEWihr3skkTWD
UwYBk1z0BOUBtKeQaAKKU91BNTycRWhseKqDepXpPU4Ppc1w2r+1RzynmERodAzP9wyijG4Med3m
APJ5o/6jjX1b//IVr3jF6lt1r7/ex58Iw7rhhhu25gN/U51fMpWjzds0HBPhTTsmMiIUhTcSvBtQ
AQzVAfdK83KBlcJYXAVxgwyJzehG8R42x3xvsXh9cSKTlMIoNb3SurGRoW66jkqdvJxO16EOgodR
FQVrXo+Hi8n/cnpn+S/e/OY3P/PtWovn+viONqw77rjurLqa/Z1q9jdFZKstgudKqUOtI1IUZaDg
HUSrajeM9mgLFx7EcREU6WGueaOGuXx0VOP1YcqWnxfoKz4rvw+HDLuVKcSF55sMqyoMPr0mwuFe
NBf4MDaBuPXnJTbSE6j/Mymrf/adDPS/Iw3r3e9+t77xdVf/LRf/Hwuy1UJPdYuQoYVq9DS+GURw
Uo4BRZS2YA0DiQiOUtxwBRdBPAxj3QCbMQBr7w3sVfAMhQX3EZHAZ+7x/ZCG6I7iKMrKIUwlrrMZ
8t5QqrjXbvwVD0xoK/ASoVUzXJvjcMqU/+41r7nln4u8e7K+75DHd5xh3XLLTd9v7v83Jt+vCmYV
ELQ45hne+mVHBrhuOHRsFYala95BVTGXbpAAnn9GKALN+DhagPqSYNwks82OscKjmMFMBTPL56Gg
03fiGIJ3zzPRH80QK4bIgJjHZ0pc1+CSRiqox+erRtbpWoCKO7/n+F997Wt/5Pe+aYvyNTy+Ywzr
mo9cc2j/7ux/ci9/CzEVV8wdFZs8S/7ZLjsArqASHBXUnuFFwuVBVKZHUDeCIBUGzQUXEG/cE51l
byGte5kMrS3zC6OHZmzAHlC//t4wfEPTUL7yEddJZQL1Kv27Gh0xunWAv55suLuh8n8M853/4ZWv
/Imnvnmr9Nwf3xGGdfyWG9+J849xO19Ee7ZmLhQNQ3IByUDUaAIAVCimUUYpCuaQIaO446IMCFUU
8RFDKJTklRrOSlDv4R1cA/c044zMsDHrJb3RFELDq8kal0V6lXhexBGbvGT8ffKiYlPmuJ5Jtg3R
qQ/iuSqB99omABoP96g4v/Sa173x33+Tluo5P76thnX8+PEDwur/FNF3OQpinTbwWkEG8NoNBRpX
5WjW7QxDvHmwEgFIbA/NkOQjotZjX8NBrmFYsuaxKo6LIy4UMQylZFAL0tX3ZIzugfMic8zwbL6W
7RXE6p4scTJMuidr5Gl7eF6r6hot4tZD6yCFlY0UBlwFszEJWf/VlevffMMb3vD0N2/1/r8f3zbD
uu3YsSvHwX6H6pdD4CcRQWUiE3FFxTuZ2UlNSVDuPCvc+Fcxwr3AHKJg3MC54QgljNGncCkimFWU
yMZAQWrLzMJDmHRjFaV/JgDVoGiWklpiMXmrZpANg8Hk5VrS4d74tZr/H56ySIAwV8HHiucmE4mE
AcBE/lBVfvI1r3njfd/otXsuD/1Pv+Qb//jwsRv/2qjcJcblcRV5A8Uw6p7XulsH650fd8A1dq/Z
BMBFgopIhnv6jIksBaWmp2ifrclRude+sO6B7dqir4eqZqiNN5uMyikUSmaiLbQWprKAaNIe/eKk
G99kVBM9oT6VivLluNGL3uE1gxYBqJ7ErnO5Vb/r5ptv+KvPa3G+QY9vqce69dYPHKnj4l+58JZG
CHYv4wqNtKTgjEgnKZnUAvlZmrmXpScr3SslUNYZRmW25mFaGBKZSsXrdATQw1sLOcVh7KWceNeU
6Tkla4yGUGtlpoXRs1ZZvXvhlTcZTmaEEl4zvPCUbAD93/ZycAV1Y4XlJhBErGeg4bnjO3wNBrgb
gvx29fLz38rQ+C3zWMePH7+4jvNb1XlLPJO7NO+dylSSKQ7iJXZnqgjMY/E0Q6D75NkG0pOk6gCd
6nTuiXXWFqmFkvVH8zKwxl0FXxTXl1zU5EmSFD1xgvrwF5HUYI3Nw1hTS4RheuKqwPeh3Wq0axGh
pLGLKJbXEqWdKcy1a5tKUNP1QvykNK21/wSEtwirjxw/fvzir2nxvobHt8Swjh07diW+vFNdrgRa
ng7kTfEgB3HF8AhJ7hHWJMKdyhQyIJYkVisWQj1xR2Zm4vGfdQIzni/E66xxVrC2UPTvaP/fvA+s
secOuDM8fRr9rQ+iv3U9qy/cT3HvTLmjeyQ42HTtYhPt0DyYiyCEV96LCa1fl3nN5GAiZc2se2SM
tYw5MZy3pECvHGR1523Hjl35NS/k83h80w3r5ptv+nERvx24uCYx6SJ9UfHIBl3Ca0nDDYXAPtLI
ziZ7Cc+GJCeVP8OEjlHWCdTAbNNiVbx7FZGSIN06ZoFcaAs8VIRp4RJ0F4Syu43+zrXI7hmQkfk1
N1Mf/Fyw7T5hspKlH+mGFHSG+Jjg3QITtYc3zgs8f0d8huLJybXPKQgU7TxaIWuePm2SJlx0d6rL
xVXr7bfc8qHXfWNW9z/++KYa1oePXf9f4LzffNxynzKkickOZz7RArHgFSdL+/0mwV5vss5lRVhM
w7DYofEIcF5MOle0NwJaz6IgFmvIxetSGNUO4Ns1yLiD3HAT9tQJwJCI3fgHb8Y//7n8QdYphv4+
axgveLMiDStNCcI6sG/svcCah4vPbuUfMWf02j1le50x3YOCxsZ1RV22xOT6W2++9u3PdR2/lsc3
zbCO3XzjP3TRf+lei67hFwBxD0/SqYGJ6RbRniU2shCasUxhrl1+M64G3qew5msGNv3MpoeKb029
ujwrvEiUWdYVDp5gnrpD+fAtrB58GDPDasXqLlqdOSN+/XHK5z6LuCFMG2lA8v8N95FaJ5pBmTZN
84om4S0LQpUJU8Zv8v5j9mSYUvdsFPW17BIJRUX85kX14d/ddNN1v/R81vT5PL4phnX8puvfTa1/
v4Fvl9hpXV1AlFHiZiYIT9ogvM50c2ztMzS1UdAAqyHaCtSTYfSUPXPwdUYcSGadwFq0UszEYLvn
LteJNhBRhnGX2V2/i33mcxT35Nzi2s3CTAYEu+Fm6mc+hadAkNRmScnbLYaUWb+edSC+Lv6rHsav
eDeyIHSnR8NY1bOs5RLG1Tz+szLe9h3qKgX+8Ydvuv7dz2lRn+fjG25Yx49/6G+4lH8gIh2wNu3U
5JX23sSml1rHRnuUnTIB2IaxJiaaxGHNYxUacI3wk88r9J1OLEJdUz/Ee5uHiu9t+AqyPPTpe1je
dXeE75Z0mGbyERlk8zqLm+5A7rt3+o1CLjo0qq4lEqyFw/j/8lUBfGqip8+0dXpkul+NRoG9bH5U
Kto1BlUjKv/gluMfetdzXuDn+PiG8ljHj1//50T0d8xEBVsT0pXMfNZaqqpQ1RB3SoLvJs+NUsaU
XTk1jCcQfnxG53K8G2GTt0TxOhZBmzQ5ScymoRLRTm+0mlz77lYaQQLE4yPDH34au/b2YNoRVAXz
kXEV5Z9SIoMVwhMNVVgWGF/5/cz/1Pcz+lfu4XWDXq8/DkiqOiw+M72PGVPGPK7iNWNFNhbMFgep
0jgwx6zJcqDVNEMa3XizilEoYuBlRHjb6974o+/7RtnCN8ywjh+/4fXF9VqwjZEgBY1KcccouFhX
SQYb7YwSiyTuWegNRcNMJonv+vuAbgyNA2sF614yWSMygV5wboqB+NUVN13b7SPorKsJGqiv7hQ3
hgcfwD74oT2JRPP1q90lPihi4YZUNWqPDqZxi+U1r2L58ivj/bFDaAHNMTQ3Xk2gvfrCA/Chmyli
rKziNjA0vFZhpSMLc1ZaqbbB6nu+m8NXvzqinwR10Xi9UMoODBJEalPKjqwIpiwVIGY74K977Y/8
2Me+EfbwDQmFtx277kpc3lepGxVpTjjre4mvfA0/SONxkvAUnTAB7En94+Uh0OuV/MQVuoadPEPk
3iKudQkwZC0u+bEGbCMSFVy8G7KnNFkxOPFl6gc+BObYOAaIr0sYbeK7qqWXLeBR2wxyJDRhftud
DJ/4A6p4cPYijA2MA5Z/16w5YivG3TMst3fw3V18+2nq7jaMS3aXT+O7u9RaYTQYdym1hjdqNcT0
SnHvQqBYcXyM7/Gu8QhsF6FRN1C95vjx61/+9VvEN8Cwbrjhhq2lyzVgByfysmGmDDnrPA3Jsj+L
RoAJyAdYt26QweiE7mlPhumxcLL2edFEYenFktKQvTooEe01u8gSJWiK3giRO/7UKcp7rwlNWI3f
YmMNTskdr4HRFKGUITI2V6xGz4NZRY0wyFvvYvaxOzPRaPfJmlRxrf2sMmjp2d0gA8NMMTOWdRn0
h0GtzjiOoGDjbmCndTLVknBY47REYwNa85ctodIIxdX9bJz3Hz9+/PDXYxPwdRqWv/vdOhd/D/Bd
7bmW4rcb+OwanOHZeDCRkS0r6pgDSzc+3ah18pLMEs0MTSNaZ8tbmGycUaMt1hl2Y2LlYRL4aYbm
Yfsphve+LzyGSUQwjSzUxDCpVFumNy3YqokSQWUILFMyTJcBLSC//0lmd34MLCuefXNNv5UUNLcE
ZmUVq41jGzCDQYhGC4L783GF2GQ8PCsL1tycLjpp6LvBrd3r6rj7pVp3f/nd737312UbX9ebb/7h
V/39KvJnJ+cTBtO0Tc9+RD0uX+l7ua1GTJa1Gte6IZTW6pUPcRhUu6sPl9NCbYEszJqNe7TokAaZ
CYJ7MPGWlIg6lN0z+G9fj515Jrp8qN0TWitRiiA6sGuF4xedxyiL+F11qn8Gmvbkl7Ij+u5PILff
vmdDdBZNHJVCmRdgImq7Ktase/WCMysFdaXUcS9Yzvay0qiG1vDhTMa81tfoeZ8bBh3xn7z6h3/o
73/VRXyOj6/ZsG666frXiujfC5AYz7WFb3RAEfmK90UZyyhM7VQQ2GMKV+khGvZoT5d8bQuZptTu
qSZwG55syrim7w5vt15khsZ3OcWB1Tbzm26DkycS16Wn09DBD8Ms6QVhKXD3dx3loXMu5IPf+2Jq
ZoSNZnEqKkNcR2qzijpy7+cYbrsVkdWal9YJHw2FIhXJTiTzEfPwckXic1fjLlajlonVECZmlCjN
UHxNtSqFtkWiYL5WBbHpHgbVIjj8vZtvvO4NX4Np7F2z5/O4/frrzxuQ3wiJmUz1qxLeo4PsVFvG
c9kMwHoDaVxCycWeHu392j9nPRSKrmuwnlUrE6foV+K6eO9XymPUQx2hAOMOmzffxe4DDyDVUDRA
spQIhxSqV6obO27cc955fObIYaQoz5SB37jqSpY6IEWpKVCsNX51a1OjjhQ36j2fhJvvAJ96UAXH
GRkVvKaa1kba5h3HEa+kEiKuv0ilrqaqhJIUDyU3XcEN1MZ+zzq00Om+9/vilrwg6s6v3XjjjUef
m1XsfTxvw/r4xz8+2xnKb1TlvGgJr13m22+QMy121rOe/Wi6KLMxMhabyimtrtY8nycL3gd3uKZH
auFEUt7bwuiUefVQKRMoh72ebOWGjMb8Yx9nef+9aFMMWJSdIpxMoctFeOCsc7j3nPMZyj6KBz0x
Dht88KorOeMDMpTJW2UR3d0oqZ8fZIBPfhq/8TiDjVmTzN+CYF769bmtN89WxjE2lvmIjeHV1mua
URdMGFHHCHtFU6ojqMZ19Qjj3gllgNKaNaQeHWT8ta8Fbz3vN5w+ffIfqfDaZ789MqwpC2v/PoWq
NWC9ZoSNGGUNzLfnxQPKdrgtgUfihmjvKdzTbEBLCBTVMnUgS0yGKUSLuzPRBcWhfOYeln9wX7KJ
zbDCGBpFgRhO4YtbZ/F7F10Cqswy++1NG8OCa696Cc+YpD6q/d7guuI3CXhlUQrD577AzrHjuIXn
qg61DJ3wbdehZYb7CjPt12MA6szd8BreppV3egFbQ1UqzWgkS0WmfV16Bp+bphElIgVD3nD11a/8
n5+vnTwvwzp27NqXuPnfIFWMBZ/4n7XMCxJ0usVu7Z5krYwjWTNsWIDYdYNoL6lMxlj7a3Bh0IkA
DY9mnRfLKt+EoeKOh8FlWu0qE4h1Y/j8Z/APfzRKOK0ElJgIi3AmRalmPHL4AMcuvpiVhzfu1QQK
1UdMYDUsuPZ7rmBb93XPp+Ig8RrXqC1WW6FeWXz28wzXXAOMqEZ1ocoulp5M1LNDe6AMA6oDwphZ
NqxWayMderiPezCytpllr+y7r9OekLiWrBJRpcAvHT9+/RXPx1ael2ENDP+7iCyyiJmuuRWZZQpX
5rhNYLwZUOOcukMzp2eSoonDbM9l7WlQ6LnPhI+ASKMz5EkHcAFU+0f5FErX8drsiw+wuv72ID7H
GiC5CjbWng1GWB05tbmf4xdeiMkcLXH91WIWBJ3wdERmSNnHB7/3MrZnQ68UiITRWIXCkL2JBl6x
P/oivO9DzHxkEOlcGTYiHsYTBfmKZIZsPkZW2EJlevFnsQ2olszWhy4mJO95U0sYUEqC/tzYa/d+
4dX/yfOxledsWMePX/+WirwZWr3NGB3ENaXBmQo3LNOfm0JhE/d1gLnmitdxzNRAsN5ilZhnLWSa
rOuU1rZZYq6SXJARnmoq+URY9ScfZXnNDYjtZm0xPM9oNUhUSn43nBkWfOCyy5DZZvQnmqEllK1H
NhdsbBZmJdvkbcUoQpWBD7z8Kk4NBadQbYWtpBfSbSWUYYGQ9MjDDyH/4QNBueQPM4tu67kKdbnC
amIrohAo6ngdGW3VN0xkub23iEbFTjVJYA0KKK2WqD38jxYgvtYkWoU333jj9W95rvbynAzrtttu
O4iXf9rCTxRsZVok0oWuF4/XQl6EqCn13aOYZPIiaiXZ8glfNNygqp2+8DXyVF0RE9Y18LpmZMZa
KMi/q8Pw5Enm772WYVzFMBEzvFpijCkcmBlnhjnXXnYZNt/ABeazVB+4cnCx4LwDB7hs6whHFhuo
OFVqGJgoxsBN33sVX5rvz82Wn+tjSn7a3anx5+OPM/6H38HrDnWVxmJLbDUG4WojkryYuOPLkark
BJ29iYlbhOvowdxLXlt6LnHrGMw9BILrBke/ZsF9+U+vueaaxXOxmedkWHX3zH8PvKA1FExDw2Lw
WAPoIrEzpl3RGh+sZ4rr43wmIZp3NWVdy+raDdLkmDxrYSLNG1nIl7VJQxr14L280X+oa1ILQnn6
NLz3GsbtZ7BK9OYl7xT1wMBV5iPbZcbNF7+Abd2HjUEDiFW0VvbNF5yzdRAsjOKcw4c4NNtAa9AE
jG3sEdz+sss4Md+IhRtXkdabs1ruICNodahCXY3400+xGAqFIe5bCUNeWkWHoDyiqTfl2XWMWqYQ
nBbhbSa9fxhwq8GOFsX/MLK9HqzRGHEPVoisVSVkeMHmTP7bb4hhHTt27Usq8kttsTXF/A30NW8C
ZNNBu+A2naWFwal8463EkKwwmd7Tb0j8mADHWQpqGdKaIK9kyJVOaWQGt8baF5GeOYqCbD+DvO9a
7OmTgXMKnXGOho5VXJ85yzJw5yWXcOLQQcqgKDU2j8DmfMb5hw6wGCZaoLhx4dlncWT/Pha9Rmqo
FpYIN730pZzYd2BPsVxEGG1F56E0JEXmwmwenUpWA1uV5AnFWwZumAusvDP5ZINc02E1VBHhDpDa
v7s2g/GotY7juLZ+gq9RNeEEBBP+7vHr/9NA/jl4LP2HwIK4rYFrMj2N0kgyyuQ46hAwpaqg/VhS
7rtOTuqem9te0zzZCssfHi69ZX1TSFvTx8NUVO41oykc9LLG7jZy/MPYk49Hzc+iDCRFY/EkGhYM
Y1Tl1gvO55F9h4gW+0rJa56rcMHZR9gsMzDBB8VNKMlbHdk6yDn7D0SxncrOahlcFIUbX/piHjp0
FqNqDGkrCqXRNZEwAJRB0AEWs1nUGWXqd+zIKe/XONaIGhaE6KpmZcIrTQZW04CEEiG4DdtFez/i
MAxBPne+bnpvfJ7j7guK/d2vy7Bu+9CHLhTkbUUCmJt7LKU7ZmMH7E1FUGk6oyzJyHpYZCIbmcB3
NG3KhG2Sg+nNEkpvTQf2KBZknbH3BvAtMVaEoB5Ox5GNWz+C/dEX4uXkoI/MqFTC8wbRWLjzgqM8
dPYFeBZ7lzWY64UIF59zLvMy9IwxCMohu5SjIePsg1scPhB0wzBE8bhoqEw/8sJLeHz/WZiWBMvC
6ATLbzXDW2aLPjIfBkrReI4B0SF//yyihewiXtHsUxu08VAyRYP1e29rM8MSC4YbrRSEQQKTKbqn
LBddSwIuP3fTTe+/6Gs2rJXaf+PuQ1twySJL0ZTCuXduqC12azdS6JTEBMSnENloiYnfyovPYvRU
YggX3qitaeyiIBKaotFs7d/bT5rGC0mtzD9xLzuf/CQ0BaYDJcNFbUy2szLh01tn88mzDjPWSpG2
iZx9g3LR2WcxU+n68wYRGhE608IMRbxy7v4DnHfoMIPHGPAxjV6Ggdsuv4TP7z/MiICEUVIU9SFq
kRbhbpAZeGWOBrlZK6Kt73KMf6st4WmeKkWKQmw4idf2kC/TRm4VAQCxzJ4zI9T+9zZuPDZfxQe8
/J2vybBuvfUDR1zkrwUG8LUKewtDzeqTB1mruheyfVymjhJlmhfVaIT1R9v5rTm0Af24Za2ZKYy5
t7Dngg9SOqgPPDbdNDVHPn0vux/9aKg8zfERJEPOypY9pFSEB7aOcNfF57MxbDAblIHKTGD/5oIL
t7ZYlIGZlj4ALcZzN88ZpGcDyIpzeP8+zjl0GHXFUJoOobpy54su5bNbR3LhEzCvcWfBrgexWnRg
Ph+YF4VVdv5IlIHMwhDX1R+duVciwUlKI6ieqfAsUtjd3e3JztRMmxJn1ko+EpvDpeLOX7v1Ax84
8rwNa7mc/dciZbMtetMJ1by4mAkVF6DZ7dI6UkTazCjvBBxkSxWR0nsr0fik5pzA5nRTILLF8IDh
hdpnIxOXNWWZhokR1XwY7r8fueUj6BigttYagF3a56YqoBYeOXiY2y+8EB3mSW8EXSDmnH/oMJvz
xZQxpqaqrsZQkFbbo6pQVWJ2l3Fkc4NzD+3HXRi8YDX+XUa46wUXcc8FW8H0Z2gXLIrXDZ+aYRJd
QSWrHvMy9CyOEptYdWBsYN2n5MXds41fJqwlAm5YlcBWEgLAMCSLCkA3knQEjXmN7t3NnYX/9f+Y
/chXe/KOO+7Y3N45/UVFjkCErCoxUqhN8YUINpoFy/URPQMBVGtKXESmQRd0XBJF4/5nfncbhtGG
XsBeXNV+qmgOx0C6m26vQ7Ib+NEH0ffdQFmdoXrppZmOu8wxGXHZ4MR8H79z2cXM5/tY+Rj8Txrw
hYcPcXhjg9bC5hW+9KVHuO8T9/HFRx4KVakqw2zBi1/yIr7/FT9ImQ2hQtChz059enfFo0+eYunR
KBFqi8pChJc+8iAve+Ik1BzpbkGAToLGWNhY4MJyN1QWJjBuzNn867+AyhzRgkkYUssMW5OIiyY1
oj3CkPe/Gd36fW4G2Qrv0xrF86OPX9y/f/u7X/3qd3zFYVTDVzOs7e2nf0HgSBOfkbsoMGAD1Yok
SA8Qn+ksgjPhrhbaJKwgzWKvXbeLtxim3j9LAc0JejHVpXXarLeDpdECniHbbYTHHkWuuQFb7uRn
dmYSx0OApwMuhZOLDd532YXMh314Xg/mmBoXHdziyIFNqJHmf/mPH+fmY8d44oknsDEMdT4UdnZ2
8O1d7v693+fuu+/mohdcwk/8xE/Q5NUqysZsxjlbBzjx9NPs1BGVWczYEuNTF72A00X5wceeQGql
9Yi1Ol4rvKsW8BXDTPFVJEtVJLxmCSDe7mfcC9aqFY0WTWdQQ+U6NGpELASVeW9bQb+xXh7xENGW
8AwXbT996BeAf/5sG/qqoVCFdzZJb/UGmJs2qjG3BGZZ64tbx0Fh9WszQU3To0jP4DpZavG5RfZm
IW34RjOiXoXXZlQROr2VBCXB5lOnKNccg+3doBVaaWgALWnIJlRbsT3b4MYXXYLONxiSBVeEQY1z
N/dz1v6N3tly//2f57ff+5t8+fHHojQ4LPD5AXYPno9tXQSLg6zSoz3K08bXAAAgAElEQVT00Be5
6/f/IAB1LsRchUMbm5x38BDFYrOVIe+xwxcuvJiPXHAxXgrIpHCo7uiQ/18tQqwoi9mcxVCQMYbG
tUMT2iaKtWvKenrxr6aB9PuqCfYpa6C+qSDW6SDLyYG2rpt/51ezoa8Ihddff/15s4EviRRpk3ob
Mepek6AM0F7Qno1VZ8I+0C9AVaHaWldyFqkVtI2ZbkRp9nPFbihUGxmGoRdDi0wv8+hb6PXAkpig
nn6KxW/+DuMzp8I75cAEsaleBmBqbJcFN7/4uzm1uUn1kA5DDJA9OJ9xdGuLIqG4eOSPH+UD7/1t
lssljrJ7zqWcvuy11NmCfTJgMlJF2Xz6Cfbff4zdwy9j+aIr+Fsv2eTgvAF2w6UgvmK7Oo98+cvs
1hWLsmBZR6oqM69sPXmSN33hQYSK1RWS+qmOqVSQMbBV9cqyCOWv/ALM51F7EGmRNDe5rmV4Tm11
1FZ+ywZE8ZrXF41o6SZSntOqKA4yRvYaRuqi4wV/5s/85GPrdvQVHmtz8J8Vc3Gv3WXGY+98zEG1
X3g89pZRxDwBsqElu0CwDvDNAn+1MkMUOr3vGM9MsDHHbUqorykFmiQnwDvomdMsrrmJ1dMnoYYx
qc96a7vnzCzDWZWBWy+/jNPzfRQNvCUSmdbGYsZ5Bw7mr3Z26oobrr0uFAY64/RL3sTp734TurHJ
fJixKoWVKzCwe+gof/x9f5Hty65kx5V/8ZkVO2OMvlRVsMBQg8A5hw4xoOyYMQwDM4kxbE8ePpfj
l13KqIIOpRfnY65FKhJmyVkVYWFgD/xRRDzNefhEk8S6CqTRPTGWfKImpKPTSYfV3hfrEkSymSFa
+7/3VMxnP/NsO/oKwxrhLwdfNhGb1joI2gwC856KVve++O01kvIFbe7Sc7CYTzWoEOp57xppr3Nv
dXlSdzVlm952jAvt3MEWHn33DHrdjawee6RrzluJx7IFr9EAVefccfElPLX/IKogVTq/tm82cNGB
w70+J2588aGHeeb0U2GQ51zC7tYFwYxjzEtlkBUHD22y2BwoixJeNptET47w/kfHvDUNG0a/9P6N
Bd917jnMyeEiKTVyrzx+1hFueOHlrDwJTXWqG9UtjSsqG2iU1soNt/PMfffgdcyEqWFK65ls05h1
NYNYtpNNC9i4ME1HEIRoeLOAEKXfR7NIoKqPf/nZdrQnFB4//qHvM/ffn2aqrzHXeZ19HKFPZYam
NmjuteiAZ0mmdSD3s2oa3eAKtItNg2ToXcvd8kWwTkJG6IscYaIcZLVidvxO/LOfCj1VkDcwpgGH
zVKksKPC7110lAfOu5Cu6kw6ZTEUzt86gFbnxg9dh4iw2l1y4uSTbD/zNNUUP3AQc2FcbbNvfggB
nhjmbL7mbWzKgm13NoqyPTo7OztgwsIrf/t7BjZLSHLGcex1vyLwzGrF4ydPcmZVp3lXYozjyObK
+Qv33RfpkINLpUgcaSdVcLXMmhRjBj/8CuyqK0IWvTb0dhoF3rBVzRGTiatqRBzV8Fhm1rO/DlFE
MPM8kiX5sLy3uL/0zW/+85/u67ZuWFbtnbFsZa0d3noHcRzTITRyNC6wZX+Z4ekQGWED9LIeLqN8
I9a8kD3raJG9CsfRGxyl+eSenfR+43HF4q67WH7uU6xWqyiLlBqiPXSPDGZX4JNHz+WRcy+aBqKp
Yz6yUOe8Q/vZpzNKKTzy8EM88Eef5+GHH+bM06djk1AYtncoO08h45LlmScYt0+xb/c0G66srE6S
HRUWmxvMB1g5fPr0stMO8/l8+o3mDKVw/pEjbBSNYjJx/UVnnNmY8VtXXs6KYQ8UkbxnnewDxJfo
7Xfid3ycPecuptdeu5GIa88A18PfumRJoW/6lrU37rnIVHUIuTV7QPweukGK/hiuSONOfFqYqAOC
q+LB8OWX59EfGcDMa6+/xFS6KQPp35OUAl5ycafnLdKQWEjVTqKGZt0xDbpAATVj4+57WX78D1Bv
+KxE17J7dLynQRrwh2dt8dmjRwO9uSK+RAwWw4zztg4xb6SgOj/wQ69kd3eX+cYGH7vjTlajMZ57
Ic9c/KfRQwfBBBs22B00NlMpmMd92qmRursO6HwGBo+fqbAVoWccxz33QmsclHDROWfz0Jef6FWL
6tEmNy7288ErL+dH7/k0GzrBAbMVcZ6i08ZAYSB33wvLHfT1Vwf/qEO0tllNgxt76Bf33LzRvWL5
bzHYNyymR630WJ7jwdv7NdbrLcC72+/q5n7DDTd8l1b/HiB02UIH430KXS/RhJU2q+zpLTYpHNaU
De3Ru0KITmLFO7m5fjljTkoRc6y2LNT7zkFLtEd99rPsfOSjmC/7LpM2ebkU4pCjyMbuP3uLT1z8
AkoZGBRqXaEyUEQ55+AWi2GWGobYmd9z1ffxAz/0Kq542UszhK9Yzvex7+iFlH1bbOzbQhYzbD7D
B2W3VuIQTKH6SJGBUiugzIc4qClUyCNNk+9egz5IcD5T4fKjR9k3n+FSKNqwmbIz2+B9L3sZS11E
SCpBlAZTT65J1AWLOHzqc6GOzUPUI2Ga4EvT0Vlrgt3bkxe/OffZqoW8WvcOwvOkpATE/arrrrvu
rPb+7rFUxzfiKrEbNENEeKnp4MZw1DGAv11IGFsgpmbdyR0lZzUZExSXPcguKuuW0piJ1ScBu6JJ
W+TMK4IWKA8+gB2/DcbwkE7FPQfKjjVoBlcoyiNb+7j3oksYpUCd5M545YIjZ7N/NuuE4mgV1YFb
b76Fp06fYHc3w6s5+qXPsTj1JcQLg+0gpXDAlZUMLH/4ndTFgJqxSWG31qlsosY581kehxe9iiJx
piIS8KBmRubuHD3rEP7EKc6M8RtCVz+nbs74D1dewU/e9xk2bIlKTvXx2ns6LeujRQV94CF473sZ
3/rnYs96A+qSBh7XQ5aJzNfCR7oV6bqudppsrLOvzc2QiC4qdfxR4Nf3eCwRfX3M6Mw20zVpha1N
YGkeShpxx8TQtqM7Gqm2HuM7UdopiRabpy6f9rlijqzJbUQ1yhepJOWRRxmvPZbDMBJt1awAFJ1G
Qarx2P5D3PGCy1mhXW0RrxXO3neQzdnQd+eujRRRtDpffPhBvvjgQzz26COMYyKR5Q7LZ07BmRPU
7dMMT59hZ/cZxp0dsJHBc6a7taGMwaBvFuXy/cJINEaU9fOCsuw1pNjO3ZHROP/IYTbLHCcUG2ah
PC0645orXszp2SJqnB6lITPLbJv4XouEyh7/Y/zX3wvLnSmrFwnv5c0xJLnaSlbWQmRNjxmwojPy
fRpji0C1YfAf+wqPhfvrG55qZ7dE00S6xCTd+glWuRsb4dasNOTC2jOKZlxjH1OkuROytJItYg1b
NjIu4Ln0UpCLRAfxiS9R3nctrJbEeLfYiSIh2KtjTCMWd05sDtx5+cW4ziJ7qo0dKxw9eICz9h+M
ND6nJs+0QGK7l1/1vewut5nP52yf2eXjd32UWSn42Rdy4sWvYWOYU3URBxQMipYF85rYSeOI4Kgy
GEcXwv55eGtLrDpKzAhrA0dGi3b7UiJxQpwLjpzNY08+wVO7wX1FHyXYbM77X/LdvPmzn+OsnV1m
MundvRrVLCYzS4mBcKdOYf/2N+Hn3gFlnnyUZ5NUJGjaW+qygSQ5P1nDUjXxmGTdUFWTPUhMLfX1
3RkAHD9+7aVu+kdxcdNku0Jc3CiVYo15T5tKD4WkAdjEuP/HHk0fFAoJR33ANQ56bJyJdfPzNFaf
BDenTjL7zfczbp9GTHFdO6vQSqQQDqbw1GLgxu9+GXVWMM0CtAgzN44ePMzBAxsZ4vNGWGsgkD2c
Tyinjd/4tX/Lk6dO4u489fIfZ3HB5SxFWYgw5u3fKDN2fEmpYawyFDYUfuoC55zNbJNvXkEMrZKb
OGqTozgz6BWL1tn82OmneGp7N46TswC3ZkYxeOXn/4hLdp7ptImbUduoy9SM1VrRQajDPvjZt8Ji
P5UQ9UUlY9LNVU8RgU8K0oAnI24DVWGWtUtPpr5FrPCV/sIf//G3fkEBzMrrw6BClNJFds3jWBPp
rWUC3qb2rTVI6ERDdJGdZAmiQ6eJjBulpiHLnkEW0T3S3Bfh1U6fht+6jnHnTMeZEU7C/a+yJjea
sSNz7rjsMnYHYVWDHCymDAZHDuzn4MY+plO+gj8uJX73qo7xxTYN50eFn3z725nNZqjCWZ+8EfnE
McB6x9Lgwk7dYbW7C5+8iYO3/zo6LnnlYeXo5jBVrDJNLzaRkSbA2r2DNsYybsKFh49wzr79zImJ
g6Nls6oXPvKiF/Lg/v0pG2/bMabp1EyAikZvY1ntoO/5LWR5pospny0/Di9kz07kIykhDkIPdbSC
toDXNoICvD7WH/jFd/38L7nY90lQVEibxwloH3OcTLmEy/KwEmhlgxLPtZZ4ofUWOiRoD1I1fnwL
jEUa4TnJMcLYPY1RKbs7yLU34KdOINUT5qZlZTmnZY67ZcYtV7yQ0xuHMAn5sgrMVNmazTj74CE0
yxqrOjKkjMZrMvhIjjl1oFDFKAwMZcYLL7uMT953D1RDzpxg8fm7kcfuR54+werpJzjwyTtY3H8H
s6f+GLUlG498ktf/6Zczn+UOLxoGJaFKKHlvfbRMdJyhRNkmkIYjKmDGvvkCFWFnHNPoSlYmlAe2
DqGrbc5besag7M1MTRgCXsIrmlfk7k/Diy7BF5tIW2/SC06ouxuVpGG4GEhem1h/jTd+UQwYTr3n
Pb/22+Gxil+6XhOEiWnvYE/20geRHTzLszF5ta5IlGcP+2+gb00MuAbc40WxuC4gOzvIdddjjz3S
Zx+Yj7TstZUYwBh94LYXvYBT8834nmox3UWcg5sbnHf4MPNh1q9jMczQGlhyLgX3ONa3qoZMBvI7
QgJ8aOsIv/hX/iobB/YxV6fYyPD0Y2w+fA8HP3cbnHkUtRVFKltbB/npt7+VfYvALjpIV5zGXFT6
+UBSFLSBaku+KWiVWJFgz4/s38/Rw1uogFoFiSEjRWd85rsu5xNnbWUtNQeneKN4LIbgijATQVmh
v/EBxjNP5323fqBUdemYudlCH7fpOX0HmyopMpXKQhPnl0ID7+5XeBqTyWSsqdzpu6AZWbDmoTGa
6DXpWUqLuZKfF1KXKaMM4jRfo3SW3o14nWdhebWDHruT5cOPoVLBB0QM8YKTJQYPJDKWgY+/4EKe
3LcV1yFR6HWUzTJw9v6DMenYRrwoUp1aYC6xCK1LeqwgTQmgcRCmkNycKDrM+Nm/9POcevIktx6/
mZMnTzKOSwYdkFnh6NGj/OAPvoKzzzuXocyp1YkJCm0EQOI4XwWXVGNTuIfnFS2M44iUoF80s8jw
acbWYoEcOczjJ07RtblecRE+ffR8VOdc8cjDlEHBoycxkrdx2vwYtrXF5v4DKZXOQ0KToYlWMsnT
aCLJcqJBtqimMDOnUyOYhHwqBqfUSwHk+PHfOmx1/5PteNl2urvWJCTXeI31mQDr462j/jcBxojG
zeVMXqgpRpHQAGl8WQfzISJLg6sj81vvYOfeT0YGQoLa1gpvYTwgrES477vO53OHz6MMG6zqEisF
zNk/K7zgnLOn3kKPTTATGDNJCHUlkeHWNjs1UnJjaqZFRqoMvfwU4LclO/E5IS+xBP+Z1abSo+LR
aCGFFYaudXlbzoAwsz7ZphXRiwyQMiSvIzoUTm/v8OipU7QTZkspcRgtlYu/fJI/9aUHmOWahKAv
Ma85trWf+s63o2XRjU3xOJM6zsOjmuAlLS3vfQn5BEYIBMzGOAjBYogwrihjHX3jLGW1/9I2MaWH
NmcyiPa13sYJpZ2sGZnLWiOER3azrrESK8GR9JBH3sD4s2eUTKWOcve97H7qU3RElsf6th/aqJFR
lfvPPYc/PHwuIoWa5RJhZH8Rzt86xOBTqz42YmMNd58hx/Lv0jRnFtyMWZCIngpL8ywrpZqzj7vM
5opSIpTGSnjPbKUMUAZi2kxKaFp0yNe6O7vjKhYoZSrd6IgEpHpOhqnG4X37eMHZZ7MxGyhlRnVj
Jc6I88A5B3nkNa+iSpCeg4Za1AFbHMDe8Q68TMCb7qEavo2up9YNZWbMpi6XNK3wvk2bH9Ibw83K
4LuXaVW/ogu48p1B3E1yYUlPU9us8I7HJmKzFyrX4m8rQreMR0SS2I3GyRQQ9XCoOsSNBcarXgzz
GUFNJwGqMWFFLHgWK8Jnz97ingvOpxbBS7SjqQgzlPOPHGJfKalfD8DrMs3MEimRapMeCaIU0wxY
W+9d4hS0CxfbXHljkqg0qDBlfzG7PlsF+uaI8Y5Z8bQGMZxhaHKh0mU78bnRLFuGtXmk7uwbBi48
fASvMaGmiOfYo4HVORcw/tRfQIYh7rcUlosN9F1v7Ua1B/dKgPDA/M3oohOptLWVtd+Y1FST4Hhm
2aYFV71Cxbmipfzrhzy6CyX79qjNPSVvxNQt2+cDdP2ErRU4yVp97RYeN76pJEgCVKZd7ho1r2Ef
/MLPo2efT2R80FouamKnJ886h3vOv5iVxO5f1rEv0tFD+9nUASPqgm2TREUjPXQ2iLaOG68r4iC6
Vt1PxUWNzdGSEJ0NUat0C/wz1vDGmdkOWhitseoek2CoaA1ekBqhMo7Ny85kCIlxesTAqnEQepR+
xuhAwvv4IzNjo8y49Oh5DBK6uVEct5Dc6KGzsJ/7i/jGPupiwH/2razKIhpzvRnJNCLALOoYTVNS
fWLjTejRoj06/SQtg4+KzWjjFYOIXErW91SzboemY1uxnnZ6suQt0RR32mAzVw2CIdlcpOJeop7F
1DcXIwdsT4mnUQKe5Qntx48M2Dv+HOXGY9TPfgGzFRoHGcJLLmX35d+H//59LLefYXt7O7KhukKs
8tQw8Mz2GWp1lssdzGC5XPLMM6cZlyvGxs3FUgXXVQqruuTgwS3e+c53JnlJgv7mcWZRKvE2L0HR
EnPX6dKTNh2HYLeLMiM0aFaDM6s4jCuEEvvWQIeYdUWSxSQu7N05DlYNK0nnSHRzLwpccva5PPTk
kzyz2kU1N40M1OEAvPOtjCJoKZiGbCnDRPdMGEEZ5RrgQgxVGHAf8TYPrVeFE+y74T5E8T/LgMJw
6WDY+c0te5YZTCrFjTFdZSFDWOqoKrGDqdk61Kk8oQlpet0rCa/p5HkHkZxQE6FANd2waAxs8ygi
Rwduof7IG5gfvYd6611UNbj0cvzVr+axzz/I7TdcR5dx6RSmrdZWIugcPsAw8xywFoPP1nFjZNLO
Uyef5Jf/1b/m537+XQzzOdWMkrUydaPmWYHqGpmiO2RTQ1PFFh1Aw2PNy8DOatkZbGwIMhntWvLe
zlQNK8Jgkk0O2VnjsYgR1pWVOaqRGdcxNup5W1s8euLLrCrs7OQMehWqLCgama2ZQQ5YawrQdDtY
DclSa+KITM9BlEFhVY0SqXbgPcgDCUJSIxI6LXM7fxDnsArp/lrZMUi8FqJGVgw2y9qfpTfLtVRN
y22LutbPRlxUEwhGGI0sqZSoJ7JGQ1iWaCyP8aVhNwrLl18F5x5Bf/de6ht/GOYbbGzOKSXSXtOY
SBdxXyiLEoV7MYYyZzaLELDYHBBX5hublFJYLBbR7bK5gQ4DH739NnZ2ltTVyHv+za/wtp9+OwcO
H6EkybpyomaEU3Q2hc1xGXPYM3sS2cFWhvoKtcrG6mmWhy/Bwr3tCUF7eMAhPHaEaGfEmJfQU7WN
PhrdM5olW+7CTIxLzzqHz594kpZRirQKSbLs3hj/3MhCkrP5mdIywFYn9v5d65UBUcNswqDhBIMz
MefwgLBBl7LErpY4CiF3CLhr73ZpmuySByq17CbUhq1vLQlSJ3FEuLuVGYNOnJV5dMSssJxWM1X9
XaBgwcATA/Xt6Auwn7gofKLD5uZmZmXwoz/6Ji699NLeWNkwEhmZrQbRF6ORCqJhvK24Wii4Or/3
sY+y3N3F3VmNu/z6r/0Kb/upd3Lk7LM56/57OPfRBymWNb/s6oGBUVbMGCjqVPPcL3Ft46pisxl/
+MoLYj4DEl7QszM7DUMSILfkB4FZqnkNCDFfa/Btxui98lDyQIGLzz6LWYFqI6VkCNaWfTvucfSe
OqlEUVzGnrBNzasC1KhgtBEA1ULHRszpQiUZNlD3NhhmQ83ZCGOaUnmRdq7gROqFZiinyMnUKYN5
P24jxkdO3T2NlaWGfrqfPwiduzJfxQ9uPJpHBhOJYmRVzVtbZjdt9+3bt8mBw0c457xzOZRdNZ0a
WTPQvnPb55ix3B0Zx5HlchlGmzt1GCIrlCxbeYX3/eZ7efjBB4ElsjtGkbqOMV0PD7a9GlKj3V7X
JSxjpWjM1vJxhQyBEdXp3hoiTK1LYFY1pDeNt/Ps0fQMVXHqRvs9SQG4UuuKmRn7Fhudi2vfF54x
1w7tlNLohmW4RaPK0klr9+nMR5kaWMZxfFY1Jj47MnbfGET0cOR5TSGaQ2k9ltJF0SZxSVAqRmfc
fY2VN5M+3L6OFsythqw4NP+NpU+5MUY7aZVczNFrYBaYjIPgY37/D+7m6afPcPr0Kc6cOcOZ7d0k
6owbj93AandMOW9lrJGVLXd2+4ih5uLHJgC3mAJzxcuu5Oqrr44QOZ8js3mk766MqxWjLzn15Ans
yAyPqbZk32gar6BSQlZt6cHztIsmAcKgSMz2XB9C1zk9bzMkQj4zGU+cpzbaNIZgMDLTjp6BohrD
REaY68Do0bDRT13LEZiRlSdFlKGyDenVhB4hPc7an5EJzSSBEvNoAdNCK6KHwDMgjqhQ4PCA+4Zp
egX3BN7eGeSaxeD8qpQKp41qFIubsE81OSeZ4HLHWyprN7MVqFvm473Dt5WLcEntVLpgnI9+7OP8
4f33AzWnucRBjrsW/XXBDHhqoTTAO1Hrs5Z9pEcoCKWEUX7qnvt4/EuP8ta3/RRv+Ytvi6EfeR/e
829+GVvGMW5W5iHzsezGZsQ8aIggdOhhp5QsA6Wov1ZnWXdQDvQFiXsT/Jh4eJDWvYM5WpRlrZE4
BJiKUkpddSWdYFkhiIRhtIppCc7OBdFIkARNIJ4RyRP4dPpFpjXLZC3GLoW39JQhD6UwzZqNVw9Z
KkMjwVCdbQzuvhFF4Jjd1MYUBW6WpPFbNtjREwXNWZZknK3xY4gSQhlamUKD9dWmNK15E7W7Y/e0
pfRcgXmkG2+sg7Nv34HYGVrYOngQoWA+cmCYx/QVYL6xYD7fYBgG9m1sokNh38Ymi80NxGHfvn24
wMbGnCefOMHxY8ewCk+eOMG//dX38LM/9/MZcmIrtvBx5swOZThI2dzbSeSZMVUNT+0mDHPHl8Yw
hMGYGos6sKkac0RVqStjNheqtfTfE9dOJOtU5vE1nZsx4qjFSV6SHkqkUGuOdLKY6VWkRHacTsIa
/mwhLSFFjPceISsMolPW7tbGUjVi1Na63teTkGZoCvjGMGhqm8Vx0xTjt0l8imSLVnPD2YsTLjmH
TliqPPOPzBS9C/ZVkpBII/Is/cTpE2FV6zMD4uaGvEAyZAIcORLjmM4//3z+q//yb6OqPPDwozyz
vT1dj3sWVo2ZSxP693GMbtMvkNJ06ME3PfXUSf7Fv/y/+MVf/AXm8w1GRlS8H7I5zhdYqWDCTIWl
G4MWTCqeRxFrmeEoOoOR9PYuMNRe/oiDAQbGcRVMta0oZQaJXXQ2xCkX+fljHRnKwOhjkKOj9WyY
RumkIcTsCcelsKqr7gFdwslZGla4gNTLI4yeUxjbOouE4laIE8k6n9dOFaupUs3hxqQ3ld465ifD
NXdomwsZGc+YgDoGg8Qit47mxtSKR7Mp0D+4geYA9bWXfEZLRt4rEyynD/eIBgpozZZ9oIcIL3nx
i7j6da/lB3/glVEobtNlJDzGaJb7JlLVkWloXB0nkjZmmGdiUsLM3CulzLC6y6/+m/+HWivDMDAM
c8Sc3d1dlrKPVtYx0Wy+mOarRzKTHc2+rtpP5qREojAmfsWjPCQijOMS8hDM6DSPzbRKQrVXBzwl
2E1vZWMXSUZArL3S0F7f/qxuGTla8d079mqvMejGs64Wdm3uJDeoFNrgGMhyWX5ehZMDrjsQwrAq
E8YRd0aZvBDe+sciMwxpSignY8JeHCgwiFLVA8i2i6Bipj2ENqAuLjHCUBRtpyTkaozm7K4qy50z
GM5qteLQ1hZXXXUV48r41Gc+y/b2NidPPcOXHn+U7d0V2888Ez9stcv29i6KsKojXkdWq5qFXOOn
f+Zn2LcozIeBrSOHUYRhULZ3lzz15InIFscxtkqy6cud3dhsNYjLXkNNUV6ZtbKTN1I6+yIBqWCK
LB2fxeC3OAalhEf0KNtYlTTaIDJnufVqpqeiQ5C4xHC5gcJo5JC02CzVHBlKB+/NXUni1ggQlk0z
yQF6E1haDAwRSQ1W2xXB4jeDgzyZrAkCvM3eIAWavjO4lp2SfEwhQ4dIVBKYNFpxbp5l2TGFXxbZ
Wm/2SjbXpY0KIgCjKqOPDMzytbN4R9a+JEsjtBBFHKH2v/2v/4SnnnoatzEaHmrtnqw0wqLSsxsp
MK5ybLgO8T6aamHyfL/6y/+an3rHT3P48GHe+ra3Ix6456GHHuKa97+P2Xze63ylSHbpWLD+BPc0
qGMiwS2pRi9mBS1DtkrFpjE09Xo+nWGd/Z6BgaUfSh6zXR3q1FmuCFZHpDH0Glm6pbqilBnicQzK
qtbk8dr5OAWRKLW09rmpaJz9hWk91dtxdbEWrU2s1QqFIGjNI5QO2owoPHM/0N2hiO4MYn6yeZZK
YqQAXf1LNfqBUniW787dWZmwTbjPLFAj/cLMnEGHwGFoYoy4iW2EtSXN0U4BLaUwW2wwLp/EiOnB
KkMyenl9KGhL7ZWixsZigRRlUGE2m4EK8/mcxeZ+/vixRzn91EkAfvPf/zt+5E0/yqWXvaiD7vl8
jmjSquZQlMViwTDAzu4ZRId+zEluT8owBKJLY6q1MpstQquUodgN/a4AACAASURBVMIqlKLo7oju
D/lNm1jonhAjmvOSloj7gQT5OCsShy1l2IzR22Fkkem1ORvOIBJbtQ/6mJQMFU+JeJxssV7PamqM
mqR4lKvidlcHIQ/YJIR+1snhNqy4dcY7buPJoQonhWm8UHBHoQosjT7wAPVuqdiUqQSgHnyGe8Wt
dZZkrPbKoErPGxp+SrZYJBhozdKPEim6i+K1cmDffh5X5wf+9A/xlp/8s92AVPN4tNE49cwZHv3y
40niBdFnZsx0xugRZufqoAO/e9dd/O7v3oWO8fyxG2/gVT+8zUuvuBJKYBaR0olazzb3imdoGcCH
OCuHqbm26aZqw3xeEaJRYyjzCHuqaD0TcuRk180cU50Y66y5uDuzYU718NSWm77ERN8W3SKMkqg4
T2DVBOJdTElX8tNGb4qULO1491SSczLEK2GreYBmEYaWdPkaYSva5UQRHTMrE8Gdk6r4judiTCM4
wg1Wp3exmDkDmnG67ZKaGCEyyNBDJ9lpzeUmiZa7rO2siRisE0OfN0nSePfv20BU2d5+hpkIc1Vm
BQYC3wwpPcHjQCV0yPNponIwK4ldMnWXUnpLlOXErttu+TDHjt8YmW8JEDoaCZaNQwcOYjh1jGyz
XWcpJfRTLUGxANmqsc2jZBUEJ2LUujZAo3nZHFArUuI4PaffgybxKZkktFatViCOk+7D+F0jWZoP
A45iLqxqVlJSRBlzTJm6n/I+jePYX0MrJZWJCor3JhuQCtn1M40audugQxruSRX4kqQrjMaCNvOS
bjCt3BLv2luMrF776Q+tFNO8XyNIM/2k5Unrk1Ai1584GtYyogMHD2JmbG9vTw2V1ua054/QoZc2
2o8dNBYvKvDWSzRbB/cHaB1ioozKwFAKJ088mV5iEd8hrV9xaiAVT0mllgmP2xoBTOiyrClMc5xj
cM2x4L5cTr16DlLjIPSWxRqVnIOSGywzsnaMb/7u2byNGbJeZyypFEFCvl2QJHonjNRI6CAyYwPP
teCdk8r1MUmSOynq5L1CgdGmQ3tv9zMUV2Gkvce/NJj4pzX145EyVppWu2ngQ92ZbjryT2QtQIsU
QlbcBky0f8nUvOYOwXHPBozmPtNbmbcMKz9fhK1DhxARdnd3g9ORqMhrFh1cYyDZkBRyCOKiyDta
kIUrXyE+ICpcetmL+EuXvDDTc+fGG2/kgS98PqUk6RmyhLFcLtm32MdsMUdEWNVlQISaIsWZZBUi
5iSM/295Xx/s21mV96z17v37nZubBG8ClcvHMGOoTh07Q4ttnbHUsTOFyQ0hXIknQq4BRUGnFaS1
Vsap2o4WnGor8IeiHUhpwtcgH9avwU5LBUdHigMKTqwDk0iqtjCQkJBzzm+/71r941nrffe5SSAJ
NyHonoGbe+45v7M/1l4fz3rWs2AsboyM1bYB9ESDH05oi8HNsdccd1rFRrcwqSjOyjoNUUzHixjV
eO/PRcafDXYzj0KGRVERR0UD+QOlR5LODwuIYHiV0VbyeNkHgQwxKV261gbhVCPvTJlXUseLoVxA
T0ciAm5V9enWNIJRPvOGpQfoYcqIWVUzLDY8FSK+k3LLJHB4EVKPG1jqL8EJSvfJ1s36dwlzGQAn
LroIoo7drvZ8INGU/JmscsSBXa2hwR7eC6yIlsZB1CreNc0rCjabPSRvG8sSoCOHQT22f202e10f
TFVRNmwip7egIVpva5k3+FQx/40d5PIj7D35btj2EKUoChbSr22BYEZu95AAOUs02RESkc2tj8TN
Ogd+xPExIKu4lY5r3nGlwk5W6QB6FOgsXh95JOK5E+6YUCSGfGVEFoVwjzWwMtjxPPKzXQSiuFXR
2i0sFfmwq6/eiP4TtNbsxvPkKFuUtON0rayW8nfmBY9f7qukN91qNl07Tz6M+eTJkygyBQM0cxQd
8dyoJuzGB23O0OLR3mBPsJALDmJuCSaaGeY5xfzRjYTYU+3shPw3zhYWHBztxjWjwrwdC4fFFdgq
ZCYvy9Cwd3IGjL0pBcNrC4mjErqieW9aWzrdmZQXpiO7yvlIq1QsnAtVn4sIkmqdlXm1JT5yxVDI
P52dADJDPZ5R6M73tEoxhWqzjFSrGyOAPkxjAUoz0sVjLdMt06fuvPNPLzv1mCbwkl3vjmnBA3qg
Z0k6DL/kkFjQtE7cKgwTRnKHKGNLjECpj/AHYIx7icT+PUcOXU7TRFCzpeA+q6ClGg4ODuHu+Pzh
Ef7fp/4Su90Ou90hliOGrHsOD9CWioOjQxwd3IOjhdqcT3va38UTnvQkbAswTVTWa7V2D8Q8zvoN
3NvbgwkLkyaKaQpV4QboJD1sNQJqgBf45xzTZQbZa2hHjvZZVrMbo44XE3mNhQurBFEEJYRJmBJo
YIK5JpP/Tl4Zad9WG2oUKtwIy+HbxRrMqK3gCWRHzT5ebMTYnnXDJpDtgfZbVLgloktU40CQMRMA
pzECDtXS7rzz4E+n/f399t9+6723A3gKQF19CtaSTsyPTRyEu3IkcRSJpqPztMbJ0qRzAqZrILh1
bIcXVzq8kN7N+0CqYbs3QwqwWw5J3SiOg6MjvOrVP4vdbhcddXqfCVPs/ctnlHwMVnutEiz8UPsg
Tj/xiVAR7O3tQZwKe8XZ8GU/jzuYVTX4WYE9qUAkeOsocDfE7DQUCg0hEbcN7vnYDNs4pBVMM1BO
GGo7YHIdIGNzwRS6pBMijEA7dFAiTMuUzS/Oa05AZ2+WKfqweW8RoEvMP8YkAjpTBIKjgx32TsxB
jyYlW8QAYSJftARdZywWcCGTJMmcoqnzRYgCPWz67fv7+41dC7RbAX1KIuoeXkXjMqq1MWjq0VXU
pMhGIr52l/lnnHW+IQqBNEedGpVm0nfGRAo5PaNrvt2cYGVlgmVZsNlscGK7xdOf/nfwf/7iL7E3
k9FwtHD+7+QlF2OeZ5QiOHnyEigE81wwbeb4+oyLLr6Y1aqTlpzsDZhj8YYybVCPuEF+WZaALggW
e4z2TyH1s6sVcykwcAiiuof2gUEmwVR5jWVTACyYmsYwqo/cpzk09InGWhigVoMX4TR34FukHzFs
MmcLJ1CJuNMdUZVrQupFlB6qEWnAtIl8zShmy7wtZhnEu1R3PjU6hRZ8foVIhfjcMTsTYKL9wYvd
AgQsK2a3QPAtEHopwYjtFuPb1ixgkRgH6o1MdEqFxltGdJhj7NyUHuxHUh1XcMMIOZG+k98UbZs5
qDfN2OIhpUPxnKueiaw4d7Xhtj+7HYfVAx/zADqJ0WzLFONijSBqnIeBeRSVg0n+Iw+fHm452kFV
ceLECT5IJ8osJQsTjpvzxXJUE8iUnkExbebIARU+2b2qaNKBYnysKIBKJmgkwJtN5mFAJj/uFWIG
Li53qNCDbecZR8sS2GGBWIX5rv8+Fc5wJjGxiPaBkGoDUU+QNOndRoU6TvZEt8HQgtQY9CmdAKtR
Wc+At5Vhif6ei7+UacJgOrTwXmloxGSy/OVsWtI0EBRicaCh9l8OSf0sEP+NSRwIe5vQVe8KYJVo
oXxXtA9/1kqg0VuE0GAzuDBswYHahsddlgW1VnxmWbDYgnq0w263w+nTp3Hi5GNQlF5NgoEqrtGx
Z4GwLAyr8zyD0tUFcMUCQWnsb2oBpFHtUOcZy7Jgnme+cqVBJgHU0BpZngyqDdXQdUpNDLU55YFE
KM7mfEmoarz0DRy1AlpiKLgZ05RC5gaURAJzpRc1788v2v7EJhXBiEBQmpmIj6GJVVKjHhRqfrVm
I9cYYUrKfTtbIVQjKh/uhoUZ72tLvG3O0jy3dDoAt4VJuFGJhSBoAGVKdMUlALjUwjS6ZBiFvNLI
YAyxgPQZDn6ZPpDJPF3wNCtUJiy24ODgAJNcDnPDf/rPb8InPvEJuv06kH+P1kS6b/cGneYwVI6i
XnzRSVx3/Q08RzE0r5hsCwP7bJMW3NPa8JCr8pzV1gZlOoA4KcqiE4pyvVyZJo7rB0yQTI7O9d8d
Eix1jya589/TQFxi4JWRAdYwb2fsKqtLLv4M4FwUO6QOVqMGljegWJRfBJ75bIhCpd5rtF16ePWQ
ArVYd6IBenLntvfuQrYGW4K3VnvE0e6R2/u6YX3rt15562+999duM7OnKEj87/I3/SFF7eA7OGZy
oUR6M5Jjn7GxIJqYXZM08jXPIUkTVI2Q4YB51CtKt0/vZeHGecIGItCZ50ALVIBpT5GirVImwBo2
G46FzfOWIQmGvb2LUErBFVdc0a9nO20hQN/+gHgkLhxuVSUHnsugpLdaSIoEBBMWMaAG/8yM/bwY
KXcBcvy3eQUH/2OwOl6s9Ag5FZMsTUiBCwc+PAZ4ObTC3+OqmLFaDwd0TG6Odk9dDG3rYYyU2nR4
MC8ih+pNlGSNlCD/BcPUmfJY5nlG4maNNb/MQSP0mN925VVnbx0eC4A0eZ87Xpj4lceFWjRHRZh4
S4hUSJxVEs/MPPpk4T75XdHWCCMMhN2FiiocLWvRgormrYyKbp724CC4V3cLDA1zEXzvi25AiyrF
xHDrbbfjnoMjsj7rbrh0j5wKLei1OYzJHt40scfovsB8B5ENptiytSwkyx3sjpgLlTl6ddHu9wJT
sj0CBKchLRXTLHCZUOsO23kPUhzSAG9LXPfIcdwD1RbAvWLyEnBMQ84VKeJ8ywYWWy3G2FhQiBO+
ATsHEwZICktqQOuzB3CyQ7F63tFkWcdCAIngB0TCfTaYMqkPaMoI9L4vf7Ib1gJ/nzpeuLhF7pSm
wSPZnQAxLMprl04zlvRerqhY+G5muSwOE45qI+gYHOpE9haQraTc00fJ52h1iODw8BDFSCLkjWjY
NQPAfGq32+HwcMev73ZQCA53hAyWo0N+T11w8uRJPP4JTxqiG8IQvGsVm+DoS+guGIATeyf5tWqo
bYfWBLNhBUoKvFiMlxP/qa1CBWSkgqCmQmBK0nR1Oz7wGZJLAgSJMKZi8qV3717Z3cmbF67ipZcy
8u7zoWbuVncofgId5fSJEEnkcA3CQViAbTLxgHpo0NWoVCM6wW0Hg8bMY7JT0rDZcppE721YwO59
rNaoS7A+zNb5T/edK84PQ1aLm8DZP6P8Yom/G/kERYA+OwW2JJDQRLAWs30yKbrHO1p2MeuoeMe7
3oMP/cEfBDWaKn+QedB3Jd5yDBbFPLHrP00b7J87B0TOMkOx89GlF6HSYI32ULJOsyMAnWNNyRbW
FnhIBDQTyAy0CmiZIlwKXIi2Nw82ROaXxvZJhsJaDdkEzk5Ec49pcSbfS4utEWLBWY+HOBFTUpBK
UxOYlgS00+uAcI4Qd5pE2eBWASrFeFvzgCcVc7zAjGKp3TAa73mu3cAF9zasK688e+t//ZV33ibu
T7EAwZo4xBfmPMpyMy0UTsydfVgBlCBhgrr8RRTOEC/BcWfCx7VmPKERBsITqUBqQB3Septlt9ux
r+WCaUMMam3UZdrArGJvbw/Ngc00o8yKiy++GOKK7XbGZm+LU6cuxzzPXQSkQQBp8Dqa4AaN/qRg
s+VWeXL5BYs49pQvik4SFbNgmljSWyE4CWFju5RCXteOL+FUBPAKDxB43hR6yykQ8mj0uztxunhR
ixqaTZgmsjmmIBWWUlAm6WBoKVnFCk5uKb3dBOiriCV57oWbwkQJ8SZTVPky1tYIgqJhAvW3OArG
FleqLqfBWfPbnn0186vzPBaAZu8285c7HE3pfRqivxZJI0J5RSLP4l7DzKuYQzV3CnUJvZQZ8ZYi
EjgW+H8FMLRj4Kq695Vxw3D82JKhq6+6CteceXbH2G697XYc7o6wntwWCW56Q9+RU6X1Jd0iCt/O
vFEy4eKLTuKSE3tknQpn5R536qtwcLSJkKl43OWPxXzqG+BHR9hOl8A3VAXcTBfBplB/LlvsiqHN
exAU1FJRcAkm7LAtBU+dTtILNYHpgo3MsO69V/dBSpfZdMNQUISvEHHvYDIsXpTIb1O0gy2i0YDm
+6zdYCGBBnToAOG1B92JRcbg1olrAMsCEaYwk8q716Z0zLAq7MYi8nKec1SFAc51akdefFAoJhEs
TjqMiHU5SFZ2UY+IQKzyIkwDZSc2JYUlblJjczSK38yWSrYVwswi50iekeH06dN9RUvRfMAlGK81
5vgosTitmt2fPzgIBLri9OMfi8dedgrb7RYi3NB1+WWX4rWv+y89RG63W8yXPw0ujhoSQjTYsb6t
CsP7LBHezbkhVbbEASHQwmquKIU1yR8nXCPFUGQmrhRdDEj2ZkGoAB1Q6j09cuOyipcQS5POaqDn
CggkHmJzArdcHO7d+7NvGoCoRd4rI0XJCZusYEUmiNuN92tYZ8/uf/hd73jznwDydZnxqxRaf5TT
TaT/kLkhRe5Jg5FBTsub4tIZDd68K5K4hzpehkAXuMa+Hqvx/rIR7VZweLDrN+iPb/kTvPOd78Sy
tP7Qqy1YqjHUAJHDaP+ZopT+2dvM+Dc/9krItA3Dp2uvMau3t3cRAMINtlR87s47MUU4/vzdn4M8
9hS0Q47orVLmnxqewZF6otBKyEFKTCSRd66qPc9MTCkfrHkDrIQUN58DhMsGJIBlrneJ6BHeOe+x
FoXVhfALDHAqBOaAceZIZE+EoAdvGg1XHYoJS9sRye9GNbHL4t67I4YZxfGRZ1519sP3a1i8Snkr
BD/uBjQxTFDOFYigheJMjW3nCir6lUhUEWomizVssgRPopiHDgkk+NLA4BEFTuN8wy0fTiSd7pzr
s5gH/PAffgS73Q61pZaEACrBtYoxjpBbhAq284bi/1PBE05/NaTMmGKKBh5sirwhU8wptoZ5M+Hy
yy+HKrDdnsDe3l6/TZlzqE5xjjEYoejYXoY0j9ZVVtkGlt1ugy3C/qvATdlhAPNJdPCX0UM66RLY
tcYH6L7yKIRPRAMgVsIMMO0Dxqqp6jNyW7hDSlCWjM+aXQhDjSjjCTWGI2lBCHXRG883o3sZlqm9
SZv/GESFUjWI0S9fNUo5KT2BLpocLpLqFTG1IzWGKzQYEYoaN1jRQot0orsXC/RVAWmkRyP6kapQ
ScyHHuo7rrsWR4cLTTt4R6Vo5HAapTCLAz6wtRZV9DPdUIpGRcVhBPfcH1PYgJ4EP/iDLwOscbyp
SeSWGgJsvP4x4BnzeymfGZ65j1BFy2iQ55yiaVPJl5pMhqCrFCG7o9no1XkaUr8ewjxaWBUz/Ea4
i5QhgddmNFZCDgSUhekevZIBIkmDRuRgsdDFg4stif2XLNTccHjz+Xak53/hec+7/hMG/+3ssnsl
CttCi9PdoUbFv64PEnsMPRJ3NjQzLAywchKClSZADRiAQ6qNmGPgNdmecfe+ioTSh6Gc3AwntjOm
maNRJTaTAiuKDjI8h4xjM9S6xDMZ0IIF+Nsqi4bNZgMVx9HuIIRd+f0p5+2yZmfyHnMCZvTNSJSs
PVl2J3whjtAmHfdlnpNTD2iRTrSbS26JtzAnQhVr0p100djBFM1FADVoQCWq1uy5OmK8S4fx64rU
mc+NH8cIIcGHH5pcGF4W8ttnzux/6nw7uncoBNDgNwrwLe6N8Ro51kSZRQ1yXrpE0lC8exXebfLn
pUuJJLAakjlEV+BwFA91P8GoYMwhmEZi2lq/6f/z/b+DP/zoR3B4sEMzgqPJq0r0I2fwVp1uqAhO
XXYZfugV/6wnvQJgCRbBe37l1/DRj34UcMdUNlDhHkNiaYKI3wByDjDaLwDESnQSPEYSc6sEeqHB
Fy3BYSZnPINY3glBa2BnAtTCkliORVeUCs8+GsRhDH1IA8x1Swh9iEwj5bBMHVqX6qaSTRo6f6/E
C8TlUWAd1T19emGDNYNMmxvvy4bu5bF47L1NHX+OuIjWWQMNUJ54QKYALB669VA1JnzGnyasIiX5
VvlmSI45MWnMIUQq0ixhfvnABNUafvf3fg+f+r+fxh133IGDzx9i2TXsliVutKIox7O0IHqGMyu6
zQZf+3VPjdEr5hzZFK614nN33k0xXp3IbhCPnM+7h8gHlD1DierPOx2oAUXCs9VIdDW8RQ5DDM45
4kVgFZCUYnSPnRWshIpMHuJpZgOolEDD+WnZDQmC02rMrkXephi/I1mkJgaroSvrnPLxXmSMBB4s
vv7irrsO33ZfFnSfHmt/f//gHW+96XXN8aoiIUVkYzBRNYj4q843U/MSb6KjWosbT1cMjT7b2paN
1OYcQkjxr15QRygsqSLjwCSOf/6Kl3euUikKVfKkknoion0qWQsApxHBc6yJxURz9jmnQtG5v/nU
r8HedotSCp74xNNRcBDrIQgYbYxolqcHFkRZH1CDOHuqqgOB5xIrGmXXZc0E3gMN9wIUYJKZbAZH
hLvA2Tu+RzdCXMt6h0Hyb7USBPZQaHYyQB28xx7aUBxpi0cRHRGZqBijmvkY+mLR7LaIsoUjkNfu
7+8fPGDDAoCjJq9XsR+Gyql098UAUyWNJk5QWySIIUxB5g0R3PRoDoMYHyzhKkGLHIR0egMcLMcR
411KzKvulmO5lkOwmRRSWAkmk4IDIRIPwgCfYoiCYTC9adHCG+psqHKyl173m77pH+Cbv4mG3lqD
ChWSNRYWdHwtaMD8kxWh6hx5YN4HCe/RkHShJHerIraAjfvNwdoQSglzRfcwDRqiHNRliJc1Pg8Y
EIKIACEol6mGB62GGJcS8+vsFQeM928uM9xaVLbBLgnN+pRRyLZTcdxxzyK/cH/2cz+hELj++us/
C2+/6C3E8T3L5GSLaU8AR4IeoSLVTzzYDJ54yUjkOQqP7tUAjUFJJqwk37FiqraEcCvL+QzN43ee
//eRaGa4yf4b1fcCwC1sLWnoZLHAdEjofUJDXCSSX2pI9MSGDzTaGp1tEB6+hd4FRWvj3kGjq9DG
DCUAqCPXqrgn+wP0sMZtGYmIGwZ2pwlAJyKf5xQfm0WEghKUFKOO9MWlh0aAjWve15y4njgr3hpH
8GVQxoWDMa85e/bsHfdnP/frsXjB9lrx6WUATrQW3GYgSGAslcsksYk93LSUY+GMtqs56BNehyBb
3DvAh9JcDmp2maAolSl1TWNkIBj65g2Am2MnzBzcgcN2CBFFa4chYnsEgCyJ1hz33HMPDo7uCV0q
D5oMh0LNAeuj5KzFB/4UEthdaSUeaNB+kOYW7SVODMcgpyoVZzxuuwtglcZmZKWaEKvKRQ6S96IA
iNCWAGl2sOPVwVIrSpl5DwIdd0Gc49BroGT4wL0QOVMRRVMjxSeMP0fza82F7w53PzjalZ/7Qqbz
BQ3r+c9/8Z+/+eY3/qJCXq7KNTwNFcFdAKSgOieOrbdleGMBSlaXeFODSBtlLzleJg2WS80Raah5
hJ1NH2jwZnj/Bz6A3/ndD4RQK3rvUMrEJLMtK0+K4I6nCC21DrjHT46HYGmYdArRj+HdigwPyL8D
kILWFoa9KNu7ricVNIY4bXgJTskkj59VGl8uhqqjoyMCrwrAMv+Jilatu5/hkSWYu2QxxFwN86yp
UNqxZEdhDRsAUOd5Oig4Z/H6qwS6zr6pxTJis9pVZ1AQZMgGFPnFs8+5f2/FF+qLHNPsPwXgriIO
JJ8KwSkK8JTUihqibDn/p7G4crzJDQ0HBwewGhsXPDEnA6yFSl3QScBwyQdNBmatFUs1LDUmqc3g
LeSxQaS9xNaFDHtE44nbqCqkcEtXmShzNM8bTNMGF19yEdZN7NEE5zlVSMeIIKmnel7ItSjpAzxU
nZBCsaK8jhz0BJjA06i8e/Ss5qCtt8cyVchKukwUP9Foi6UsUVbcFsMNnfwnTPTzax7wSVa7A32X
tEQ09yhWIm0QAVDR4HeZbX/yi9mNfLFvAIA33/TGH1HxVwHov4ReJ3IKSLQhtJ8IdTCTfxQ8aQkK
iCULNdSDRbuYbd4Ito4afvM3fgt33303oIJLL70Ec9liszfjxHaLzeYETpzY4tJLL+2Qgohgs5mx
2WxJWJxmAEHZkXwQ3Iwh3mi8yooS5nE9JZq3YQVeIl9ycKFkIOid5eH9vuTga3owhpvAhFxA9jR7
rxaicCQnCESH+IeFWLClmrLkHJ+DwiRUbJbAwtI7Zd5Lz6rHcsx8UZpLjPNRHjPzQ/5c5nChpxUj
/AnMmugrzjz77BcMg8AXy7Hi+PRn7vqPX33Zxd/pLl8voSXJ7oCHFBzda4qf0rg0EahhVKYQ4USx
RtILsD3i8aZyYYAhFzVddeUzV16NwN+CStAyMBsphdPX8eYj+FJlihaMJrYZYTZQ7aJRiiP+PYyO
Mor0/5m8pv/iTc/JvfGgJuVknmcIzfJ9RdvOfMnj2hUlpmbGZ5PBRi7YWs9VLBkNPnJa+OplxjoH
gksJoBT8uQRv42VICIXefhQOFrz9EKruB52Z3fL5g/a6B2IzXzQUAsDLXvayo+b2L/rFe4NKg4K8
JYQrrfGWM4w1cMM82yEa+U9iITxbovTZCxyHwbD08bJjpyqR1JcRNnKlW4YTVjUaajTEznKJQFah
w7Nm4WDjoYR3AcAmcq9cAcO08gIMbx0KkXzIDJGzUp8rH1wKmST5L6tZNqvX0SDH0BhCU/dTBD18
IdpI6/vWQzXAvNeYC3sAvbygPMfcO61oGHytOcR+O0PVpYdglPKK/f3943rk93M8IMMCgBd85/f8
pou/pz/4NhBkadx1o9Gc7vkG0B8C/5sXOOVbhwAqTZGo9chtAESc53R04FZxA9hCypwoigGksSR3
/fwwoP2caTiyOj/tDz5/RoQha/3wJJB5ekZBItkenLXerhKG/5Z5ZDeakD+y4WGzNQMLYNnHyydu
UbBo9CgJBmejO/uerMjjHMACIIeHE6rg54Vqsir57as8buRbK7Wg5JXB33PVVd/2mw/UXh6wYQFA
sellMD9KAVsEWyFFX3kBJVD3EeqAVWsnDM8joXYnXNHCUAhJsAQeYTUGMgL17Wh+eEdEeT1wHOs/
A2hvyxQpYRRD14FshiD/Ocv6MSNHo+1KOD1kpMIOwURYqyFNxAAAEulJREFUsi3XXndgfBqqMRK4
VOssBC5LSuyO0uDRCgpDaCPb59c8BNXyydv4vR0gRRYC8YIHdpYvM3jKnJoKOCHVdYhBcng347S7
H+k8/cCDsZUHZVj7N9zwZ3D83PixgBG6tTek2hulCAngJY8qe2s1MK5+ndmLaiuQFegZWlMEs3Rs
BtXoV0LH70Y+6JxNjN+Z/TcO5LJiS6AzPUsCu32dRyDyvsI2WBGOQYJUVy2hx0njQb/u3u/zrK5Y
SSccwESZuVNvivvoAzIZn1bexgDnUoHcIpJX1qW3wdw3n0XkRiwCkFIBfGHY3jrupdfJPnMwh6C8
+lnPeu4nH4ytPCjDAoBy4tIfc/ffH29kyt3ECeUbYoQQFluC9157ZcF2z4reog5JVkQc+eBFZJD2
PXzUsdyC09gamuX9vBxx40OPoVOS6dpzqzuNNEPjyAFT32W9ZcvBNXh2rB0TOUmZISXQ9FTOYbsi
ECtjURAGYS1IeUE5SkAYWPXmJIc7BqzBrbc8m0Gn0f4chtfUDl+4O5vkQvnMmFGPPm3OB2YeGF4W
5NXpPH3wcaf/8qcerJ08aMPa39/fFWvXubc7+EYPEl4Vhp8W7f6kbyD6d+nWNTCV4cZXGE04i/U0
tEgZg6b0YcSHshUUoTUfMnEgPsxkaPY8Agy7ZvxFvbUiSXEePHKGeYyb76vEOgDYpPW450NsYaxl
GGc8azbug9K8KgjS44pEm0kjVMoQtWMjmZ9jGIVA3nsz61pbyQXTuDfMpwIry7aaseGvWS27d3C3
57mGO3SH/W/8xpcOfagHeDxowwKA53/X99+qqt+dF9YiMR1a33Hx0caASR+VB6Zo0GZi6X3xI8NS
Gze5Ly1PY6EhFYs1asAxoxn9s2GMZoZ5leiuO78KifbJSKonjdZNjKEnBMC3Pgl1ZCQM77BCx2WE
LlajwXzoVSYAtaAsB2ia0EtsUuPewda9m6qujHoGIocddQf/g9Petd+3SYYHBbKlFOctHozS8JIB
IMM4x8CZRnvRlWfHSNeDOR6SYQHA88+9+F0u8hrmEKv2hw8kWDHkGlNBRTyVfvmWVLMILRaeZ7BH
OWUjK6A1GZQDUM3PEbdxDpHk+qrNxFk7JjBiwSZANsmT+kPvQ72JEoVXCJ+I9BdAuozPaEcl3pS/
P2GBwRIYUAQpQBZSRhyyTaCTIVO5tAmD2OewYyv9fOWB1pV3MlnzeppbeDiN/x7sWaYD4zzFE3wB
BHjNVc/5tvc8VPt4yIYFANN88Q9D8DERth+aD6+SmEwH3kRhpv0iNDQg2KfK7xl5F89ucNVrJsey
eoDxvzVltnOWfHC/mtdoeYRhqKE2G6AX+HlZnrtp/KT18Nmhh8BqR3IfwxtxrdJDlKNK64MLJBXk
S1AiV6MiYZb0Hn29bMvw3EcFKBqm1guW+3icic1pGvvwql1ue5WgG5IQyOJIAIjbB7/69Kf+5UO3
jC/RsPb393eodp273JMcrBZKNRXe2yJ9c4UIWiDqebNGkpshMcv5TMJXw5X9pAWuvHk5iZMgKELr
dF1uD6+mnSCYyXvmJYnip/fLHLB7g5AcAoCx4SFDOgCMFpc5K9yCEnqjhGCIw0UlJo62cOVL5mU8
hRXWhkykUzBF+r0CwP1COH4fzeP3GLCz1tcqq6PnsR45bmeOxP1d6NHukCoPKa9aH1+SYQHAC170
ko+5lutcrMpqxl9BOSMBw05BoaxRyBB1LpcDKDm9U9CrHAdvoMT0zMpA3Fs0sEfiyt851OfWXDES
9EADXCHJGd6AlMIe4VODAZp5lOYWqAhVguzDMYl3GeW6JhBqg060ToppXFkkDMAy80X+feo/hzC4
7q1FoRGqMw1JSGWFOqAU5nvZGeierxzHyDIfVS1VoNc/1LxqfXzJhgUA5859968CfoOImNjAbbhw
ibG9RdgpWTYHqGgIHnwArh3zkWhHID6rjYQfyonnPCRaHj2v6UBmPkT0/mEmvZnP8AMihwEiDApS
Wjxpv80MjtppOoJsoYwORIuxqmYWBjPggn5k4zh6rbbyOEzpOGgx2l7jut2ici5jEYC34V15nfTS
NLBE4ysgXPGQL083xIBjAFSYn7vy6uf++oWwiQtiWADwgu/83reY13/KB7uSm+zk/oFOd4DxvJjv
sWQgT405V8HxUTJFy5wqgUsfJXtOkijY+CXQaMcoLxnuEufiwRZI925QADmhk0uUwphogpjKgB54
AUH5Kav2zYDbjuWCpCJb90J5pIdKD9fyvq0qumzfJKVnfEAaKQBICN9Zz3fRRg5rwbJUEShn8M6d
ufq59zkY8VCOC2ZYAHDuhu/7BRV/JYDxxoE3NB9Qb6KGllaeQiarx7YstAQqDVYSXa1E3208jVEE
jP3EJAPUMHILWKT7KNaYAsINQPQj43dh/bBHmB0JejadB251fjWYxmbWkBPiEjQLc4rp5qYHfmOG
yci3kMIfK+6Zc/l7viRJT5KESDCKI4sCpnO2mmGeSk8RNDx2azuI4PvOXP28C2ZU/PwLfLzghpe+
Gi4/vW569pC30gdd9/uSqpGtmLz4eS49EfdVGc1tDrHr2J1j8d0TDHZDR7PLgDeysiyIoY3klwPd
o63zocyjOnNCEqFHR+t7k7eXjGQ+cL92VMrqnffEEbPxCPrqETDR17aqLjvEkeCwwwt/x5T55IoU
GR/ZPXMefLHquA8S2mMqrzxzzbW/dEEe/uq44IYFANe/8Ht+xL3+656EY13ZJUPRovMfuJBoD4Nr
I0hyP6KPZi5x32ikaaD0gqyGaoQ/eGwGa2kQEvrnKyR+RLHeq+MXK51qp5ccr9QAdJiBV8iX5PzC
Yf0SiVAEl1G29DzzGBgs3mWcVEpcfzAiwkNlvzQfYNfht2FMLYdgA6Zp5h3jgs4AABP/8auuvvbV
F94CHibDAoDrb3jJT4r4SwDU3kaQRKeHUYzEVEIxJW9OAIsrxkBiLjV4Rikjybxk4hyH2BgBU4Gh
xFawWLXWhyBydEuOnTdB0zFQ25p3AJSKEt5DpTtVl7Pd0uDdYNYPP3rH0aMMWab4wuCUrb4/jT3Q
chdquJKblb1BnkOFxJoYEggTHJYWY2zR+M7mg7tDuADoxWee/W3/9mF49PHcHsbj+ede/EtW5KzD
jqhtzjzAYkqEHdp2zNiAVWc9SnloylRnDjUwpzTC1IMS8T6z19C6p+pApmbvzc8bI2sdvQeiagPH
z9ZwQeY/QIypRY+BHYbIq7CmYkeIzBBrDTWwtvR1WXiIDwxrHY5JKRr3NXupOB8qAaeecxgj+7B1
qNZBHPeg1avPXHPtGy7MU77v42E1LIBQRPV6pYjckZs5i86BvyhSatrdoW0AgAbtyb07yYEdhwk+
tidDLstrc7ivgFRnY7iCCHTz1j0EBdiiqgObxobBtTKVjlcBGCv0ZFRnugKPihQopvjvVdch6dPQ
IOzFxMwaBI10IVF6kfCsUYVqGlt0YRMWXYPGQLStWizTjIQ+0fdYTXOnY/qWM2e//Tcu7FO+9/Gw
GxYAvPCFL/0fEPlHgH0SRpr8kkyH8CDSFElIAzQ0M60bTN5EzhVK6Mhbz39ScZCFQiTVmUh7QgkD
nASo/JJVoYehZ4gGhEuJwJ5eJtPZiG5ZJCALhTaqXVt9XlSFGvncmvKTHPuO6UXnIf0mKeDM/e++
+3Pj2iw1IKKKDR6PTClEEobdGEonBdz89ub+zVddc83/evie9DgeEcMCgHPnvuuPXO3vmeO92alX
ePc2ogaRFiNTDFUcmDCgq8cJOfY23vK1MXSNzGiBUETEukfMQsGdLIK+jhjHSA9kFATTdT1GBaCX
8mb3hiRywxZ6URBj7xqbwnwY472rNu1T4+Lc2po8/eaGk5dcyua4O3lfib44eg5pDSFOMjoU1hze
8N6K5Ruf85xrP3aBH+v9HvLFv+XCHu4uN930S6+YZH41zOcBEIZ3wYYa6FDAKvfR+BS6DFENynEQ
MreGoZffFMdgU5U3fa0HxYE5fkbXlULICzkVDDExNJsZp3p6f9M6Ak715yX6fd6LC0ITht3RATbb
k+Picw4g7rpAYzdRBcVH+DJVO8KMDRoaKsZyb7gwsEvprRxe+4BGuJav56qLt/ajZ85++8/ImmL6
CByPuGHlcfPNNz5dW32bwa/I4VJHg8oGhiU8C8f6RbjkcYrah5SSpPgGV8tIksvuv1SDJ1VFxjbT
jkUF6pwbIoAoGjxovBIhTCk0CwzQd4Ch6A+9FxKqXNyUd3aMI0dwXoOnhrlMXauC386cUxvnKl0K
hdE0Xhhb2CtUoC3k6IsPSk5zQ+E8/sfN9Lpnnz37oYf7Wd7X8YiFwvOP669/0YfK3tHTROQmVor5
wLy/cSqCWWdMQqBVyhAi8YAUOjYDAOYs/6uNVkrSd1dUkeYOrt31YyEFiIRXBz4FrEJL4lI5zCqV
hYbtegWYo2gIHlnmQp0iHNBD9jd9dQ7cY0SczST48T6q5MzHOv1Fcr82G/GEPhwV7aYTR+1pXy6j
Ar6MHmt9vO2mN5wz6M8DfrE4AD0fNGwQnzDmpLTz3KHhZbCaponp4qz0+BlrlDrG15MqYxgbNGID
aq014A2WWA2xacsqBJVrQDRZs+FhTdGkQi0mp3PC2x01h0EgOTjDZL0IvEVzO1p/2czmS1S6x/QV
Dyw9eoZB1QnV2t0i8v3Pvubamx6xh3c/x5fNY62P6859900N0xNd/WddpJJrxdKa+RIFzDIs5mEI
DxCgIWIfDztFbIbnKNhaDW8wEYb3cJdjCf1cplGJCvpGd+JS3KqaIGhdZS8dyzKjtwFg7tgQve0G
nthTpxm797xx0hItq2TNj5YR1ZHWzI4CANXc/kPZHD3x0WBUwKPEY62Pm256w9fPWl4H4B+7Ooop
kmVqYphkg9yT6MK5PA0PAKlw3XasyqxSy1xLH16dhTLjS1PMWjo7lOAlegLde9OWstRAbQk9UAYg
6c1AFBVKOUdyAql67G5Y3LAFlfJcENvERu+TEMMYLvXsTDjgELTeCbSeTyWdxw3/XaT9wJnn7v/x
I/yovuDxqDOsPN56843XQ/VnFPb4dT+O3qlyA4VuApbwCIuJRWWCvpCJMGkMCoURFKA5jRLSYpMp
BmkOwkUJ2bMDcapm3itJ1dCT8sHF71z9HC6BozmiaxCDJnSssOKYjT55Um6LTRyOBMCVUUM7/96t
QnQDb/ZJN3/FVWev/eVH9sk8sONRa1gA8KY3venkyS2+z4EfEtfH900T4KZTDiAEYyBVcZXjZ0Vi
H6KQLz/1zab8Nibj1B5VK7HZpY1Qm8YRnRPzBYqJpBpvmHRe4W3H+VBW/V45HkASoah1r0SUfUX1
CcpMskfXmUpWrCLySRH995jvesOznnXD5x+mW/8lH49qw8rjjW98495j9uYXm+JfKeTJQFTxaBCZ
VzhWJOCxGo30GhraLBoLK6VXeEmfhhc+cOPn6MRG8qSjzZOqxcmlT4PJvKu5BwqfhqXo4+2hOgMD
RHLxAK+tt4VAyrO3usLcsqPgKKV8AoafftwTPv3GL5WP/kgcXxGGlcfrX//6+bGnTtwgXl4p4lcw
D1LufnHyqxZRbNZ89/Owo6Hn0ABlCEytKABArHtTBY7pp3fsqUZuRY+4msji97mg2g6TzmHA4ZnK
ENrI6m8MCQVPLfIvc2BKgVrBLaXgVXcf+M0PVOnl0XB8RRlWHm9/+9vLJMt3QORHBfK3Gho0WhtV
FcXBYQMEXyQS/6zYuG0BxzhWxJSSZmzHQpQiZYf4b0ysBS4e3sd6FSsVnViYFO1JZRhgdBBS5K3I
DPMjqCtqNLYpI14+Ard/98E/+Og7fuInfmLQLr5Cjq9Iw1ofv3rzzad2W73Wxc6p6zMMkNR07xWc
O0zH4sa+pEhq4EEs+3tlJhFSbQzXFkE0tw3eJJZEGvUX2q5z5aVVmBaS8yLncnWo0dCbkNuvruMz
rQFQF5H3m7Sbm2/fcs0119z1ZbupF+D4ijes9fHud7/lyd78+ZOXc6b424BBZQbEew5URLG4Yy4r
Fmn3VIPQN2jI6+9L4RJqR6eUooEIeVJ+mzum8z4DQTCsACAL1Dla1nT5I2nl5hnzm5/13Aen6PJo
Pv5KGdb6+PVfvulJVednQP0Zttg/1KLfUHQjDutLtJsDIkBf8IRc9hRzg5pjYECRAkPsnPZguyad
J4h0FoTCkXy33nJSjrm5Tfiom31AvHxAGn77zPOed/sjf3ce/uOvrGGdf7z97W9/zN4kz9Cif9/N
v1aKPBXuV4i0r2qx9zANKzTx6InAhrSGlDiXpnNNbg7oTgFhphCKeAHU7hAvH3fxjwP+JyLl9zeH
9f3/ZH//zi/zrXhEjr82hnV/x7ve9a6vmrB8rUOvgOBrIP7YouUyQz0lhlNapsus1VOq0+lqhiLy
F4B9VlQ+K4bPmOtnS2mfMSufFsgnals+XjH/7y+0teGvw/H/ASSwqwtaByYyAAAAAElFTkSuQmCC

READY FOR QUERY
EXECUTE
DocTable
CREATE TABLE myDoc4 (
    `ID` int(11) NOT NULL PRIMARY KEY AUTO_INCREMENT,
    `docType` int(11) NOT NULL,
    `expDate` text DEFAULT NULL,
    `titolare` text NOT NULL,
    `remember` int(11) DEFAULT NULL
  )ENGINE=InnoDB DEFAULT CHARSET=utf8mb4
DOC created
PIC created
************** END Log For Day : '2020-06-11 02:08:05pm'**********
